#
# A fatal error has been detected by the Java Runtime Environment:
#
#  SIGSEGV (0xb) at pc=0xb3040001, pid=3060, tid=3056864064
#
# JRE version: OpenJDK Runtime Environment (7.0_101) (build 1.7.0_101-b00)
# Java VM: OpenJDK Server VM (24.95-b01 mixed mode linux-x86 )
# Derivative: IcedTea 2.6.6
# Distribution: Custom build (Mon May  2 15:54:55 UTC 2016)
# Problematic frame:
# C  0xb3040001
#
# Core dump written. Default location: /home/castiel/Dev/Java/Project/OpenGl Test/core or core.3060
#
# If you would like to submit a bug report, please include
# instructions on how to reproduce the bug and visit:
#   http://icedtea.classpath.org/bugzilla
# The crash happened outside the Java Virtual Machine in native code.
# See problematic frame for where to report the bug.
#

---------------  T H R E A D  ---------------

Current thread (0xb6106400):  JavaThread "main" [_thread_in_native, id=3064, stack(0xb62f0000,0xb6341000)]

siginfo:si_signo=SIGSEGV: si_errno=0, si_code=1 (SEGV_MAPERR), si_addr=0x00000000

Registers:
EAX=0xb771802f, EBX=0x75422ff4, ECX=0x7540d8d8, EDX=0x00000000
ESP=0xb633de36, EBP=0xb633ffc4, ESI=0x00010001, EDI=0x7541c9ac
EIP=0xb3040001, EFLAGS=0x00010212, CR2=0x00000000

Top of Stack: (sp=0xb633de36)
0xb633de36:   7770b6bb 00006f22 00000000 4f900000
0xb633de46:   0000b70e de780000 93f9b633 0000087f
0xb633de56:   de780000 0000b633 00000000 00000000
0xb633de66:   00000000 00000000 4f900000 01f8b70e
0xb633de76:   00000000 00000000 00000000 41c80000
0xb633de86:   7770b67e 00006f22 00000000 00000000
0xb633de96:   00000000 f8180000 02100883 02180000
0xb633dea6:   4f900000 0000b70e 505c0000 000075fa 

Instructions: (pc=0xb3040001)
0xb303ffe1:   00 00 00 00 00 00 00 00 00 00 00 00 00 00 00 00
0xb303fff1:   00 00 00 00 00 00 00 00 00 00 00 00 00 00 00 00
0xb3040001:   01 02 03 00 01 02 03 04 05 06 07 08 09 00 01 02
0xb3040011:   03 04 05 06 07 08 09 0a 0b 0c 0d 0e 0f 10 11 12 

Register to memory mapping:

EAX=0xb771802f is an unknown value
EBX=0x75422ff4: <offset 0x19ff4> in /home/castiel/Downloads/LWJGL -- Java Open GL/native/libglfw32.so at 0x75409000
ECX=0x7540d8d8: <offset 0x48d8> in /home/castiel/Downloads/LWJGL -- Java Open GL/native/libglfw32.so at 0x75409000
EDX=0x00000000 is an unknown value
ESP=0xb633de36 is pointing into the stack for thread: 0xb6106400
EBP=0xb633ffc4 is pointing into the stack for thread: 0xb6106400
ESI=0x00010001 is an unknown value
EDI=0x7541c9ac: <offset 0x139ac> in /home/castiel/Downloads/LWJGL -- Java Open GL/native/libglfw32.so at 0x75409000


Stack: [0xb62f0000,0xb6341000],  sp=0xb633de36,  free space=311k
Native frames: (J=compiled Java code, j=interpreted, Vv=VM code, C=native code)
C  0xb3040001

Java frames: (J=compiled Java code, j=interpreted, Vv=VM code)
j  org.lwjgl.system.JNI.invokePIIV(JJII)V+0
j  org.lwjgl.glfw.GLFW.glfwSetInputMode(JII)V+24
j  opengl.test.Demo.init()V+8
j  opengl.test.Demo.main([Ljava/lang/String;)V+7
v  ~StubRoutines::call_stub

---------------  P R O C E S S  ---------------

Java Threads: ( => current thread )
  0x72d2d400 JavaThread "Service Thread" daemon [_thread_blocked, id=3073, stack(0x729c4000,0x72a15000)]
  0x72d2b400 JavaThread "C2 CompilerThread1" daemon [_thread_blocked, id=3072, stack(0x72a15000,0x72a96000)]
  0x72d29400 JavaThread "C2 CompilerThread0" daemon [_thread_blocked, id=3071, stack(0x72a96000,0x72b17000)]
  0x72d27c00 JavaThread "Signal Dispatcher" daemon [_thread_blocked, id=3070, stack(0x72b17000,0x72b68000)]
  0x72d15000 JavaThread "Finalizer" daemon [_thread_blocked, id=3069, stack(0x72e26000,0x72e77000)]
  0x72d13800 JavaThread "Reference Handler" daemon [_thread_blocked, id=3068, stack(0x72e77000,0x72ec8000)]
=>0xb6106400 JavaThread "main" [_thread_in_native, id=3064, stack(0xb62f0000,0xb6341000)]

Other Threads:
  0x72d11000 VMThread [stack: 0x75424000,0x754a5000] [id=3067]
  0x72d2f000 WatcherThread [stack: 0x72943000,0x729c4000] [id=3074]

VM state:not at safepoint (normal execution)

VM Mutex/Monitor currently owned by a thread: None

Heap
 PSYoungGen      total 16128K, used 10779K [0xa1380000, 0xa2540000, 0xb3040000)
  eden space 14080K, 76% used [0xa1380000,0xa1e06f90,0xa2140000)
  from space 2048K, 0% used [0xa2340000,0xa2340000,0xa2540000)
  to   space 2048K, 0% used [0xa2140000,0xa2140000,0xa2340000)
 ParOldGen       total 36352K, used 0K [0x7da40000, 0x7fdc0000, 0xa1380000)
  object space 36352K, 0% used [0x7da40000,0x7da40000,0x7fdc0000)
 PSPermGen       total 16384K, used 5527K [0x75a40000, 0x76a40000, 0x7da40000)
  object space 16384K, 33% used [0x75a40000,0x75fa5c08,0x76a40000)

Card table byte_map: [0x75854000,0x75a40000] byte_map_base: 0x754a6e00

Polling page: 0xb772d000

Code Cache  [0xb3100000, 0xb3340000, 0xb6100000)
 total_blobs=415 nmethods=21 adapters=349 free_code_cache=48724Kb largest_free_block=49875904

Compilation events (10 events):
Event: 0.601 Thread 0x72d2b400   16             java.lang.String::equals (81 bytes)
Event: 0.604 Thread 0x72d2b400 nmethod 16 0xb3164bc8 code [0xb3164cc0, 0xb3164f50]
Event: 0.722 Thread 0x72d2b400   17             sun.net.www.ParseUtil::encodePath (336 bytes)
Event: 0.729 Thread 0x72d2b400 nmethod 17 0xb31669c8 code [0xb3166b20, 0xb31670c4]
Event: 0.760 Thread 0x72d29400   18             java.lang.String::length (6 bytes)
Event: 0.760 Thread 0x72d29400 nmethod 18 0xb3167a08 code [0xb3167b00, 0xb3167b50]
Event: 0.804 Thread 0x72d29400   20             java.lang.String::startsWith (72 bytes)
Event: 0.805 Thread 0x72d29400 nmethod 20 0xb31685c8 code [0xb31686c0, 0xb31687f0]
Event: 2.585 Thread 0x72d29400   21             Utils.Matrix4F::nhanMaTran (109 bytes)
Event: 2.602 Thread 0x72d29400 nmethod 21 0xb316b188 code [0xb316b2c0, 0xb316bb30]

GC Heap History (0 events):
No events

Deoptimization events (2 events):
Event: 0.811 Thread 0xb6106400 Uncommon trap: reason=unstable_if action=reinterpret pc=0xb3163c24 method=java.lang.String.replace(CC)Ljava/lang/String; @ 2
Event: 4.072 Thread 0xb6106400 Uncommon trap: reason=unstable_if action=reinterpret pc=0xb315d0d0 method=java.lang.String.indexOf([CII[CIII)I @ 3

Internal exceptions (10 events):
Event: 0.808 Thread 0xb6106400 Threw 0xa1d93b50 at /build/java7-openjdk/src/icedtea-2.6.6/openjdk/hotspot/src/share/vm/prims/jvm.cpp:1322
Event: 0.808 Thread 0xb6106400 Threw 0xa1d96ae8 at /build/java7-openjdk/src/icedtea-2.6.6/openjdk/hotspot/src/share/vm/prims/jvm.cpp:1322
Event: 0.809 Thread 0xb6106400 Threw 0xa1d9c9e8 at /build/java7-openjdk/src/icedtea-2.6.6/openjdk/hotspot/src/share/vm/prims/jvm.cpp:1322
Event: 0.809 Thread 0xb6106400 Threw 0xa1da1860 at /build/java7-openjdk/src/icedtea-2.6.6/openjdk/hotspot/src/share/vm/prims/jvm.cpp:1322
Event: 0.810 Thread 0xb6106400 Threw 0xa1da65d0 at /build/java7-openjdk/src/icedtea-2.6.6/openjdk/hotspot/src/share/vm/prims/jvm.cpp:1322
Event: 0.810 Thread 0xb6106400 Threw 0xa1da9b30 at /build/java7-openjdk/src/icedtea-2.6.6/openjdk/hotspot/src/share/vm/prims/jvm.cpp:1322
Event: 0.811 Thread 0xb6106400 Threw 0xa1dabb88 at /build/java7-openjdk/src/icedtea-2.6.6/openjdk/hotspot/src/share/vm/prims/jvm.cpp:1322
Event: 0.811 Thread 0xb6106400 Threw 0xa1dadcd0 at /build/java7-openjdk/src/icedtea-2.6.6/openjdk/hotspot/src/share/vm/prims/jvm.cpp:1322
Event: 0.811 Thread 0xb6106400 Threw 0xa1dafeb8 at /build/java7-openjdk/src/icedtea-2.6.6/openjdk/hotspot/src/share/vm/prims/jvm.cpp:1322
Event: 0.812 Thread 0xb6106400 Threw 0xa1db4498 at /build/java7-openjdk/src/icedtea-2.6.6/openjdk/hotspot/src/share/vm/prims/jvm.cpp:1322

Events (10 events):
Event: 4.073 loading class 0x754ba4f0
Event: 4.073 loading class 0x754ba4f0 done
Event: 4.073 loading class 0x087f9078
Event: 4.073 loading class 0x087f9078 done
Event: 4.073 loading class 0x087f9748
Event: 4.073 loading class 0x087f8960
Event: 4.074 loading class 0x087f9fe8
Event: 4.074 loading class 0x087f9fe8 done
Event: 4.074 loading class 0x087f8960 done
Event: 4.074 loading class 0x087f9748 done


Dynamic libraries:
08048000-08049000 r-xp 00000000 08:05 662509     /usr/lib/jvm/java-7-openjdk/jre/bin/java
08049000-0804a000 rw-p 00000000 08:05 662509     /usr/lib/jvm/java-7-openjdk/jre/bin/java
087c2000-088bb000 rw-p 00000000 00:00 0          [heap]
6f200000-6f24a000 rw-p 00000000 00:00 0 
6f24a000-6f300000 ---p 00000000 00:00 0 
6f380000-6f400000 rw-s 1b158000 00:06 13400      /dev/nvidiactl
6f400000-6f4fc000 rw-p 00000000 00:00 0 
6f4fc000-6f500000 ---p 00000000 00:00 0 
6f519000-6f599000 rw-s 196bb000 00:06 13400      /dev/nvidiactl
6f599000-6f619000 rw-s 1963b000 00:06 13400      /dev/nvidiactl
6f619000-6f699000 rw-s 16fbb000 00:06 13400      /dev/nvidiactl
6f699000-6f799000 rw-s 15bbb000 00:06 13400      /dev/nvidiactl
6f799000-6f7ac000 rw-s 15ba8000 00:06 13400      /dev/nvidiactl
6f7ac000-6f7cc000 rw-s f00e0000 00:06 13401      /dev/nvidia0
6f7cc000-6f80c000 rw-s 15b63000 00:06 13400      /dev/nvidiactl
6f80c000-6f82c000 rw-s 134e6000 00:06 13400      /dev/nvidiactl
6f82c000-6f86c000 rw-s 134ff000 00:06 13400      /dev/nvidiactl
6f86c000-6f88c000 rw-s 134e5000 00:06 13400      /dev/nvidiactl
6f88c000-6f8cc000 rw-s 134a4000 00:06 13400      /dev/nvidiactl
6f8cc000-6f97f000 rw-p 00000000 00:00 0 
6fabb000-6fbbf000 rw-s 2e6c8000 00:06 13400      /dev/nvidiactl
6fbbf000-6fc00000 rw-p 00000000 00:00 0 
6fc00000-6fcff000 rw-p 00000000 00:00 0 
6fcff000-6fd00000 ---p 00000000 00:00 0 
6fd25000-71916000 r-xp 00000000 08:05 418757     /usr/lib/libnvidia-glcore.so.364.19
71916000-71936000 rwxp 01bf1000 08:05 418757     /usr/lib/libnvidia-glcore.so.364.19
71936000-71fcf000 r-xp 01c11000 08:05 418757     /usr/lib/libnvidia-glcore.so.364.19
71fcf000-7206d000 rw-p 022a9000 08:05 418757     /usr/lib/libnvidia-glcore.so.364.19
7206d000-72080000 rw-p 00000000 00:00 0 
72080000-72140000 r-xp 00000000 08:05 426723     /usr/lib/libGLX_nvidia.so.364.19
72140000-72160000 rwxp 000c0000 08:05 426723     /usr/lib/libGLX_nvidia.so.364.19
72160000-72189000 r-xp 000e0000 08:05 426723     /usr/lib/libGLX_nvidia.so.364.19
72189000-7218e000 rw-p 00108000 08:05 426723     /usr/lib/libGLX_nvidia.so.364.19
7218e000-72192000 rw-p 00000000 00:00 0 
72192000-72226000 r-xp 00000000 08:05 443425     /usr/lib/libGLdispatch.so.0.0.0
72226000-72227000 ---p 00094000 08:05 443425     /usr/lib/libGLdispatch.so.0.0.0
72227000-7222f000 r--p 00094000 08:05 443425     /usr/lib/libGLdispatch.so.0.0.0
7222f000-72230000 rw-p 0009c000 08:05 443425     /usr/lib/libGLdispatch.so.0.0.0
72230000-72240000 rw-p 00000000 00:00 0 
72240000-722ae000 r-xp 00000000 08:05 443440     /usr/lib/nvidia/libGL.so.1.0.0
722ae000-722af000 r--p 0006d000 08:05 443440     /usr/lib/nvidia/libGL.so.1.0.0
722af000-722b0000 rw-p 0006e000 08:05 443440     /usr/lib/nvidia/libGL.so.1.0.0
722b0000-723fb000 r-xp 00000000 08:05 417030     /usr/lib/libX11.so.6.3.0
723fb000-723fd000 r--p 0014b000 08:05 417030     /usr/lib/libX11.so.6.3.0
723fd000-72400000 rw-p 0014d000 08:05 417030     /usr/lib/libX11.so.6.3.0
72400000-72800000 rw-p 00000000 00:00 0 
72806000-7280a000 rw-s 15b3f000 00:06 13400      /dev/nvidiactl
7280a000-7280e000 r-xp 00000000 08:05 443826     /usr/lib/tls/libnvidia-tls.so.364.19
7280e000-7280f000 rw-p 00003000 08:05 443826     /usr/lib/tls/libnvidia-tls.so.364.19
7280f000-72820000 r-xp 00000000 08:05 443376     /usr/lib/libGLX.so.0.0.0
72820000-72821000 r--p 00010000 08:05 443376     /usr/lib/libGLX.so.0.0.0
72821000-72822000 rw-p 00011000 08:05 443376     /usr/lib/libGLX.so.0.0.0
72822000-72832000 rw-p 00000000 00:00 0 
72832000-72837000 r-xp 00000000 08:05 414447     /usr/lib/libXdmcp.so.6.0.0
72837000-72838000 r--p 00004000 08:05 414447     /usr/lib/libXdmcp.so.6.0.0
72838000-72839000 rw-p 00005000 08:05 414447     /usr/lib/libXdmcp.so.6.0.0
72839000-7283b000 r-xp 00000000 08:05 414580     /usr/lib/libXau.so.6.0.0
7283b000-7283c000 r--p 00001000 08:05 414580     /usr/lib/libXau.so.6.0.0
7283c000-7283d000 rw-p 00002000 08:05 414580     /usr/lib/libXau.so.6.0.0
7283d000-72841000 r-xp 00000000 08:05 418466     /usr/lib/libXfixes.so.3.1.0
72841000-72842000 r--p 00003000 08:05 418466     /usr/lib/libXfixes.so.3.1.0
72842000-72843000 rw-p 00004000 08:05 418466     /usr/lib/libXfixes.so.3.1.0
72843000-7284d000 r-xp 00000000 08:05 419232     /usr/lib/libXrender.so.1.3.0
7284d000-7284e000 r--p 00009000 08:05 419232     /usr/lib/libXrender.so.1.3.0
7284e000-7284f000 rw-p 0000a000 08:05 419232     /usr/lib/libXrender.so.1.3.0
7284f000-72862000 r-xp 00000000 08:05 418425     /usr/lib/libXext.so.6.4.0
72862000-72863000 r--p 00012000 08:05 418425     /usr/lib/libXext.so.6.4.0
72863000-72864000 rw-p 00013000 08:05 418425     /usr/lib/libXext.so.6.4.0
72864000-72888000 r-xp 00000000 08:05 416949     /usr/lib/libxcb.so.1.1.0
72888000-72889000 ---p 00024000 08:05 416949     /usr/lib/libxcb.so.1.1.0
72889000-7288a000 r--p 00024000 08:05 416949     /usr/lib/libxcb.so.1.1.0
7288a000-7288b000 rw-p 00025000 08:05 416949     /usr/lib/libxcb.so.1.1.0
7288b000-72895000 r-xp 00000000 08:05 419326     /usr/lib/libXcursor.so.1.0.2
72895000-72896000 r--p 00009000 08:05 419326     /usr/lib/libXcursor.so.1.0.2
72896000-72897000 rw-p 0000a000 08:05 419326     /usr/lib/libXcursor.so.1.0.2
72897000-72898000 r-xp 00000000 08:06 169981     /home/castiel/Downloads/LWJGL -- Java Open GL/native/libjemalloc32.so
72898000-728d5000 r-xp 00000000 00:00 0 
728d5000-728d6000 ---p 0003e000 08:06 169981     /home/castiel/Downloads/LWJGL -- Java Open GL/native/libjemalloc32.so
728d6000-728d7000 r--p 00019000 08:06 169981     /home/castiel/Downloads/LWJGL -- Java Open GL/native/libjemalloc32.so
728d7000-728d8000 rw-p 0001a000 08:06 169981     /home/castiel/Downloads/LWJGL -- Java Open GL/native/libjemalloc32.so
728d8000-728e3000 r-xp 00000000 08:06 169984     /home/castiel/Downloads/LWJGL -- Java Open GL/native/liblwjgl32.so
728e3000-72940000 r-xp 00000000 00:00 0 
72940000-72941000 r--p 00031000 08:06 169984     /home/castiel/Downloads/LWJGL -- Java Open GL/native/liblwjgl32.so
72941000-72942000 rw-p 00032000 08:06 169984     /home/castiel/Downloads/LWJGL -- Java Open GL/native/liblwjgl32.so
72942000-72943000 rw-p 00000000 00:00 0 
72943000-72944000 ---p 00000000 00:00 0 
72944000-729c4000 rw-p 00000000 00:00 0          [stack:3074]
729c4000-729c7000 ---p 00000000 00:00 0 
729c7000-72a15000 rw-p 00000000 00:00 0          [stack:3073]
72a15000-72a18000 ---p 00000000 00:00 0 
72a18000-72a96000 rw-p 00000000 00:00 0          [stack:3072]
72a96000-72a99000 ---p 00000000 00:00 0 
72a99000-72b17000 rw-p 00000000 00:00 0          [stack:3071]
72b17000-72b1a000 ---p 00000000 00:00 0 
72b1a000-72b68000 rw-p 00000000 00:00 0          [stack:3070]
72b68000-72d00000 r--p 00000000 08:05 436420     /usr/lib/locale/locale-archive
72d00000-72dff000 rw-p 00000000 00:00 0 
72dff000-72e00000 ---p 00000000 00:00 0 
72e03000-72e26000 rw-p 00000000 00:00 0 
72e26000-72e29000 ---p 00000000 00:00 0 
72e29000-72e77000 rw-p 00000000 00:00 0          [stack:3069]
72e77000-72e7a000 ---p 00000000 00:00 0 
72e7a000-72ec8000 rw-p 00000000 00:00 0          [stack:3068]
72ec8000-7307a000 r--s 01d32000 08:05 662492     /usr/lib/jvm/java-7-openjdk/jre/lib/rt.jar
7307a000-75300000 rw-p 00000000 00:00 0 
75300000-7533f000 rw-p 00000000 00:00 0 
7533f000-75400000 ---p 00000000 00:00 0 
75402000-75407000 r-xp 00000000 08:05 418458     /usr/lib/libXxf86vm.so.1.0.0
75407000-75408000 r--p 00004000 08:05 418458     /usr/lib/libXxf86vm.so.1.0.0
75408000-75409000 rw-p 00005000 08:05 418458     /usr/lib/libXxf86vm.so.1.0.0
75409000-7540b000 r-xp 00000000 08:06 169978     /home/castiel/Downloads/LWJGL -- Java Open GL/native/libglfw32.so
7540b000-75422000 r-xp 00000000 00:00 0 
75422000-75423000 r--p 0000b000 08:06 169978     /home/castiel/Downloads/LWJGL -- Java Open GL/native/libglfw32.so
75423000-75424000 rw-p 0000c000 08:06 169978     /home/castiel/Downloads/LWJGL -- Java Open GL/native/libglfw32.so
75424000-75425000 ---p 00000000 00:00 0 
75425000-75500000 rw-p 00000000 00:00 0          [stack:3067]
75500000-75521000 rw-p 00000000 00:00 0 
75521000-75600000 ---p 00000000 00:00 0 
75602000-75603000 rw-s 15ba7000 00:06 13400      /dev/nvidiactl
75603000-75614000 r-xp 00000000 08:05 419224     /usr/lib/libXi.so.6.1.0
75614000-75615000 r--p 00010000 08:05 419224     /usr/lib/libXi.so.6.1.0
75615000-75616000 rw-p 00011000 08:05 419224     /usr/lib/libXi.so.6.1.0
75616000-75618000 r-xp 00000000 08:05 419264     /usr/lib/libXinerama.so.1.0.0
75618000-75619000 r--p 00001000 08:05 419264     /usr/lib/libXinerama.so.1.0.0
75619000-7561a000 rw-p 00002000 08:05 419264     /usr/lib/libXinerama.so.1.0.0
7561a000-75635000 r--s 001e6000 08:06 170001     /home/castiel/Downloads/LWJGL -- Java Open GL/jar/lwjgl.jar
75635000-75636000 ---p 00000000 00:00 0 
75636000-756b6000 rw-p 00000000 00:00 0          [stack:3066]
756b6000-756b7000 ---p 00000000 00:00 0 
756b7000-75749000 rw-p 00000000 00:00 0          [stack:3065]
75749000-75854000 rw-p 00000000 00:00 0 
75854000-7585c000 rw-p 00000000 00:00 0 
7585c000-75894000 rw-p 00000000 00:00 0 
75894000-758a6000 rw-p 00000000 00:00 0 
758a6000-759b0000 rw-p 00000000 00:00 0 
759b0000-759ba000 rw-p 00000000 00:00 0 
759ba000-75a3f000 rw-p 00000000 00:00 0 
75a3f000-76a40000 rw-p 00000000 00:00 0 
76a40000-7da40000 rw-p 00000000 00:00 0 
7da40000-7fdc0000 rw-p 00000000 00:00 0 
7fdc0000-a1380000 rw-p 00000000 00:00 0 
a1380000-a2540000 rw-p 00000000 00:00 0 
a2540000-b3040000 rw-p 00000000 00:00 0 
b3040000-b3049000 rw-p 00000000 00:00 0 
b3049000-b3100000 rw-p 00000000 00:00 0 
b3100000-b3340000 rwxp 00000000 00:00 0 
b3340000-b61fb000 rw-p 00000000 00:00 0 
b61fb000-b6200000 ---p 00000000 00:00 0 
b6200000-b6201000 rw-s f7f65000 00:06 13401      /dev/nvidia0
b6201000-b6202000 rw-s f7f64000 00:06 13401      /dev/nvidia0
b6202000-b620d000 r-xp 00000000 08:05 419256     /usr/lib/libXrandr.so.2.2.0
b620d000-b620e000 r--p 0000a000 08:05 419256     /usr/lib/libXrandr.so.2.2.0
b620e000-b620f000 rw-p 0000b000 08:05 419256     /usr/lib/libXrandr.so.2.2.0
b620f000-b6278000 rw-p 00000000 00:00 0 
b6278000-b62b0000 rw-p 00000000 00:00 0 
b62b0000-b62b8000 r-xp 00000000 08:05 130515     /usr/lib/jvm/java-7-openjdk/jre/lib/i386/libzip.so
b62b8000-b62b9000 rw-p 00007000 08:05 130515     /usr/lib/jvm/java-7-openjdk/jre/lib/i386/libzip.so
b62b9000-b62c1000 rw-s 00000000 00:22 41516      /tmp/hsperfdata_castiel/3060
b62c1000-b62e6000 r-xp 00000000 08:05 130514     /usr/lib/jvm/java-7-openjdk/jre/lib/i386/libjava.so
b62e6000-b62e7000 rw-p 00025000 08:05 130514     /usr/lib/jvm/java-7-openjdk/jre/lib/i386/libjava.so
b62e7000-b62ee000 r-xp 00000000 08:05 393451     /usr/lib/librt-2.23.so
b62ee000-b62ef000 r--p 00006000 08:05 393451     /usr/lib/librt-2.23.so
b62ef000-b62f0000 rw-p 00007000 08:05 393451     /usr/lib/librt-2.23.so
b62f0000-b62f3000 ---p 00000000 00:00 0 
b62f3000-b6341000 rw-p 00000000 00:00 0          [stack:3064]
b6341000-b635d000 r-xp 00000000 08:05 393668     /usr/lib/libgcc_s.so.1
b635d000-b635e000 rw-p 0001b000 08:05 393668     /usr/lib/libgcc_s.so.1
b635e000-b63b1000 r-xp 00000000 08:05 393448     /usr/lib/libm-2.23.so
b63b1000-b63b2000 r--p 00052000 08:05 393448     /usr/lib/libm-2.23.so
b63b2000-b63b3000 rw-p 00053000 08:05 393448     /usr/lib/libm-2.23.so
b63b3000-b6528000 r-xp 00000000 08:05 393707     /usr/lib/libstdc++.so.6.0.22
b6528000-b652e000 r--p 00174000 08:05 393707     /usr/lib/libstdc++.so.6.0.22
b652e000-b652f000 rw-p 0017a000 08:05 393707     /usr/lib/libstdc++.so.6.0.22
b652f000-b6532000 rw-p 00000000 00:00 0 
b6532000-b709a000 r-xp 00000000 08:05 130550     /usr/lib/jvm/java-7-openjdk/jre/lib/i386/server/libjvm.so
b709a000-b70f9000 rw-p 00b67000 08:05 130550     /usr/lib/jvm/java-7-openjdk/jre/lib/i386/server/libjvm.so
b70f9000-b7518000 rw-p 00000000 00:00 0 
b7518000-b752e000 r-xp 00000000 08:05 396574     /usr/lib/libz.so.1.2.8
b752e000-b752f000 r--p 00015000 08:05 396574     /usr/lib/libz.so.1.2.8
b752f000-b7530000 rw-p 00016000 08:05 396574     /usr/lib/libz.so.1.2.8
b7530000-b76de000 r-xp 00000000 08:05 393369     /usr/lib/libc-2.23.so
b76de000-b76df000 ---p 001ae000 08:05 393369     /usr/lib/libc-2.23.so
b76df000-b76e1000 r--p 001ae000 08:05 393369     /usr/lib/libc-2.23.so
b76e1000-b76e2000 rw-p 001b0000 08:05 393369     /usr/lib/libc-2.23.so
b76e2000-b76e5000 rw-p 00000000 00:00 0 
b76e5000-b76e8000 r-xp 00000000 08:05 393447     /usr/lib/libdl-2.23.so
b76e8000-b76e9000 r--p 00002000 08:05 393447     /usr/lib/libdl-2.23.so
b76e9000-b76ea000 rw-p 00003000 08:05 393447     /usr/lib/libdl-2.23.so
b76ea000-b76eb000 rw-p 00000000 00:00 0 
b76eb000-b76f7000 r-xp 00000000 08:05 130543     /usr/lib/jvm/java-7-openjdk/jre/lib/i386/jli/libjli.so
b76f7000-b76f8000 rw-p 0000b000 08:05 130543     /usr/lib/jvm/java-7-openjdk/jre/lib/i386/jli/libjli.so
b76f8000-b7711000 r-xp 00000000 08:05 393343     /usr/lib/libpthread-2.23.so
b7711000-b7712000 r--p 00018000 08:05 393343     /usr/lib/libpthread-2.23.so
b7712000-b7713000 rw-p 00019000 08:05 393343     /usr/lib/libpthread-2.23.so
b7713000-b7715000 rw-p 00000000 00:00 0 
b7715000-b7716000 rw-s f7f63000 00:06 13401      /dev/nvidia0
b7716000-b7717000 rw-s 130a0000 00:06 13400      /dev/nvidiactl
b7717000-b7718000 rw-s fd060000 00:06 13401      /dev/nvidia0
b7718000-b7719000 rwxp 00000000 00:00 0 
b7719000-b7724000 r-xp 00000000 08:05 393443     /usr/lib/libnss_files-2.23.so
b7724000-b7725000 r--p 0000a000 08:05 393443     /usr/lib/libnss_files-2.23.so
b7725000-b7726000 rw-p 0000b000 08:05 393443     /usr/lib/libnss_files-2.23.so
b7726000-b772d000 rw-p 00000000 00:00 0 
b772d000-b772e000 r--p 00000000 00:00 0 
b772e000-b7739000 r-xp 00000000 08:05 130513     /usr/lib/jvm/java-7-openjdk/jre/lib/i386/libverify.so
b7739000-b773a000 rw-p 0000a000 08:05 130513     /usr/lib/jvm/java-7-openjdk/jre/lib/i386/libverify.so
b773a000-b773b000 rw-p 00000000 00:00 0 
b773b000-b773d000 r--p 00000000 00:00 0          [vvar]
b773d000-b773e000 r-xp 00000000 00:00 0          [vdso]
b773e000-b7760000 r-xp 00000000 08:05 393368     /usr/lib/ld-2.23.so
b7760000-b7761000 r--p 00021000 08:05 393368     /usr/lib/ld-2.23.so
b7761000-b7762000 rw-p 00022000 08:05 393368     /usr/lib/ld-2.23.so
bff35000-bff36000 rwxp 00000000 00:00 0 
bff68000-bff89000 rw-p 00000000 00:00 0          [stack]

VM Arguments:
jvm_args: -Dfile.encoding=UTF-8 -Djava.library.path=/home/castiel/Downloads/LWJGL -- Java Open GL/native/ 
java_command: opengl.test.Demo
Launcher Type: SUN_STANDARD

Environment Variables:
PATH=/usr/local/sbin:/usr/local/bin:/usr/bin:/usr/lib/jvm/default/bin:/usr/bin/site_perl:/usr/bin/vendor_perl:/usr/bin/core_perl
LD_LIBRARY_PATH=/usr/lib/jvm/default/bin/../jre/lib/amd64:/usr/lib/jvm/default/bin/../jre/lib/i386:
SHELL=/bin/bash
DISPLAY=:0.0

Signal Handlers:
SIGSEGV: [libjvm.so+0x812cd0], sa_mask[0]=0x7ffbfeff, sa_flags=0x10000004
SIGBUS: [libjvm.so+0x812cd0], sa_mask[0]=0x7ffbfeff, sa_flags=0x10000004
SIGFPE: [libjvm.so+0x68b580], sa_mask[0]=0x7ffbfeff, sa_flags=0x10000004
SIGPIPE: [libjvm.so+0x68b580], sa_mask[0]=0x7ffbfeff, sa_flags=0x10000004
SIGXFSZ: [libjvm.so+0x68b580], sa_mask[0]=0x7ffbfeff, sa_flags=0x10000004
SIGILL: [libjvm.so+0x68b580], sa_mask[0]=0x7ffbfeff, sa_flags=0x10000004
SIGUSR1: SIG_DFL, sa_mask[0]=0x00000000, sa_flags=0x00000000
SIGUSR2: [libjvm.so+0x68b3d0], sa_mask[0]=0x00000004, sa_flags=0x10000004
SIGHUP: [libjvm.so+0x68b5b0], sa_mask[0]=0x7ffbfeff, sa_flags=0x10000004
SIGINT: SIG_IGN, sa_mask[0]=0x00000000, sa_flags=0x00000000
SIGTERM: [libjvm.so+0x68b5b0], sa_mask[0]=0x7ffbfeff, sa_flags=0x10000004
SIGQUIT: [libjvm.so+0x68b5b0], sa_mask[0]=0x7ffbfeff, sa_flags=0x10000004
SIGTRAP: SIG_DFL, sa_mask[0]=0x00000000, sa_flags=0x00000000


---------------  S Y S T E M  ---------------

OS:Linux
uname:Linux 4.4.10-1-lts #1 SMP Wed May 11 21:32:48 CEST 2016 i686
libc:glibc 2.23 NPTL 2.23 
rlimit: STACK 8192k, CORE infinity, NPROC 27267, NOFILE 4096, AS infinity
load average:1.49 0.99 0.86

/proc/meminfo:
MemTotal:        3494600 kB
MemFree:          364352 kB
MemAvailable:    1882656 kB
Buffers:          202564 kB
Cached:          1543588 kB
SwapCached:            0 kB
Active:          1710328 kB
Inactive:        1270652 kB
Active(anon):    1284680 kB
Inactive(anon):    31792 kB
Active(file):     425648 kB
Inactive(file):  1238860 kB
Unevictable:          32 kB
Mlocked:              32 kB
HighTotal:       2629320 kB
HighFree:         227696 kB
LowTotal:         865280 kB
LowFree:          136656 kB
SwapTotal:             0 kB
SwapFree:              0 kB
Dirty:               788 kB
Writeback:             0 kB
AnonPages:       1234948 kB
Mapped:           313428 kB
Shmem:             81556 kB
Slab:              70180 kB
SReclaimable:      54568 kB
SUnreclaim:        15612 kB
KernelStack:        3248 kB
PageTables:         5468 kB
NFS_Unstable:          0 kB
Bounce:                0 kB
WritebackTmp:          0 kB
CommitLimit:     1747300 kB
Committed_AS:    3902444 kB
VmallocTotal:     122880 kB
VmallocUsed:           0 kB
VmallocChunk:          0 kB
HardwareCorrupted:     0 kB
AnonHugePages:    544768 kB
HugePages_Total:       0
HugePages_Free:        0
HugePages_Rsvd:        0
HugePages_Surp:        0
Hugepagesize:       4096 kB
DirectMap4k:      274424 kB
DirectMap4M:      634880 kB


CPU:total 2 (2 cores per cpu, 1 threads per core) family 6 model 23 stepping 10, cmov, cx8, fxsr, mmx, sse, sse2, sse3, ssse3, sse4.1, tsc

/proc/cpuinfo:
processor	: 0
vendor_id	: GenuineIntel
cpu family	: 6
model		: 23
model name	: Intel(R) Core(TM)2 Duo CPU     E8400  @ 3.00GHz
stepping	: 10
microcode	: 0xa07
cpu MHz		: 3003.000
cache size	: 6144 KB
physical id	: 0
siblings	: 2
core id		: 0
cpu cores	: 2
apicid		: 0
initial apicid	: 0
fdiv_bug	: no
f00f_bug	: no
coma_bug	: no
fpu		: yes
fpu_exception	: yes
cpuid level	: 13
wp		: yes
flags		: fpu vme de pse tsc msr pae mce cx8 apic sep mtrr pge mca cmov pat pse36 clflush dts acpi mmx fxsr sse sse2 ss ht tm pbe lm constant_tsc arch_perfmon pebs bts aperfmperf pni dtes64 monitor ds_cpl vmx smx est tm2 ssse3 cx16 xtpr pdcm sse4_1 xsave lahf_lm dtherm tpr_shadow vnmi flexpriority
bugs		:
bogomips	: 5986.73
clflush size	: 64
cache_alignment	: 64
address sizes	: 36 bits physical, 48 bits virtual
power management:

processor	: 1
vendor_id	: GenuineIntel
cpu family	: 6
model		: 23
model name	: Intel(R) Core(TM)2 Duo CPU     E8400  @ 3.00GHz
stepping	: 10
microcode	: 0xa07
cpu MHz		: 2670.000
cache size	: 6144 KB
physical id	: 0
siblings	: 2
core id		: 1
cpu cores	: 2
apicid		: 1
initial apicid	: 1
fdiv_bug	: no
f00f_bug	: no
coma_bug	: no
fpu		: yes
fpu_exception	: yes
cpuid level	: 13
wp		: yes
flags		: fpu vme de pse tsc msr pae mce cx8 apic sep mtrr pge mca cmov pat pse36 clflush dts acpi mmx fxsr sse sse2 ss ht tm pbe lm constant_tsc arch_perfmon pebs bts aperfmperf pni dtes64 monitor ds_cpl vmx smx est tm2 ssse3 cx16 xtpr pdcm sse4_1 xsave lahf_lm dtherm tpr_shadow vnmi flexpriority
bugs		:
bogomips	: 5986.73
clflush size	: 64
cache_alignment	: 64
address sizes	: 36 bits physical, 48 bits virtual
power management:



Memory: 4k page, physical 3494600k(364352k free), swap 0k(0k free)

vm_info: OpenJDK Server VM (24.95-b01) for linux-x86 JRE (1.7.0_101-b00), built on May  2 2016 15:59:33 by "builduser" with gcc 5.3.0

time: Mon May 16 17:32:43 2016
elapsed time: 4 seconds

