#
# A fatal error has been detected by the Java Runtime Environment:
#
#  SIGSEGV (0xb) at pc=0xb77b500d, pid=2479, tid=3057507136
#
# JRE version: OpenJDK Runtime Environment (7.0_101) (build 1.7.0_101-b00)
# Java VM: OpenJDK Server VM (24.95-b01 mixed mode linux-x86 )
# Derivative: IcedTea 2.6.6
# Distribution: Custom build (Mon May  2 15:54:55 UTC 2016)
# Problematic frame:
# C  0xb77b500d
#
# Core dump written. Default location: /home/castiel/Dev/Java/Project/OpenGl Test/core or core.2479
#
# If you would like to submit a bug report, please include
# instructions on how to reproduce the bug and visit:
#   http://icedtea.classpath.org/bugzilla
# The crash happened outside the Java Virtual Machine in native code.
# See problematic frame for where to report the bug.
#

---------------  T H R E A D  ---------------

Current thread (0xb6206400):  JavaThread "main" [_thread_in_native, id=2483, stack(0xb638d000,0xb63de000)]

siginfo:si_signo=SIGSEGV: si_errno=0, si_code=128 (), si_addr=0x00000000

Registers:
EAX=0xb77b021f, EBX=0x72985ff4, ECX=0x729708d8, EDX=0x00000000
ESP=0xb63daecc, EBP=0xb63dcfc4, ESI=0x00010001, EDI=0x7297f9ac
EIP=0xb77b500d, EFLAGS=0x00010202, CR2=0xb76e2100

Top of Stack: (sp=0xb63daecc)
0xb63daecc:   729707cb 00010001 7297f9ac 7606251c
0xb63daedc:   00000000 00000000 00000000 00000000
0xb63daeec:   00000000 00000000 00000000 00000000
0xb63daefc:   00000000 00000000 b6206400 00000000
0xb63daf0c:   b719f1d4 b6e0fc7c 00000000 00000000
0xb63daf1c:   00000000 00000000 00000000 00000000
0xb63daf2c:   00000000 b6a42929 b7181f90 760affb0
0xb63daf3c:   b6c51116 b7181f90 00000000 00000000 

Instructions: (pc=0xb77b500d)
0xb77b4fed:   00 00 00 00 00 00 00 00 00 00 00 00 00 00 00 00
0xb77b4ffd:   00 00 00 00 00 00 00 21 00 00 00 04 17 9f 72 04
0xb77b500d:   17 9f 72 22 bb 00 00 00 50 41 72 60 b3 9d 72 08
0xb77b501d:   60 41 72 20 00 00 00 22 00 00 00 b8 28 50 7b b7 

Register to memory mapping:

EAX=0xb77b021f: <offset 0x1b21f> in /usr/lib/libpthread.so.0 at 0xb7795000
EBX=0x72985ff4: <offset 0x19ff4> in /home/castiel/Downloads/LWJGL -- Java Open GL/native/libglfw32.so at 0x7296c000
ECX=0x729708d8: <offset 0x48d8> in /home/castiel/Downloads/LWJGL -- Java Open GL/native/libglfw32.so at 0x7296c000
EDX=0x00000000 is an unknown value
ESP=0xb63daecc is pointing into the stack for thread: 0xb6206400
EBP=0xb63dcfc4 is pointing into the stack for thread: 0xb6206400
ESI=0x00010001 is an unknown value
EDI=0x7297f9ac: <offset 0x139ac> in /home/castiel/Downloads/LWJGL -- Java Open GL/native/libglfw32.so at 0x7296c000


Stack: [0xb638d000,0xb63de000],  sp=0xb63daecc,  free space=311k
Native frames: (J=compiled Java code, j=interpreted, Vv=VM code, C=native code)
C  0xb77b500d
j  org.lwjgl.glfw.GLFW.glfwSetInputMode(JII)V+24
j  opengl.test.Demo.init()V+8
j  opengl.test.Demo.main([Ljava/lang/String;)V+7
v  ~StubRoutines::call_stub
V  [libjvm.so+0x4abf87]

Java frames: (J=compiled Java code, j=interpreted, Vv=VM code)
j  org.lwjgl.system.JNI.invokePIIV(JJII)V+0
j  org.lwjgl.glfw.GLFW.glfwSetInputMode(JII)V+24
j  opengl.test.Demo.init()V+8
j  opengl.test.Demo.main([Ljava/lang/String;)V+7
v  ~StubRoutines::call_stub

---------------  P R O C E S S  ---------------

Java Threads: ( => current thread )
  0x72e2d400 JavaThread "Service Thread" daemon [_thread_blocked, id=2493, stack(0x72a73000,0x72ac4000)]
  0x72e2b400 JavaThread "C2 CompilerThread1" daemon [_thread_blocked, id=2492, stack(0x72ac4000,0x72b45000)]
  0x72e29400 JavaThread "C2 CompilerThread0" daemon [_thread_blocked, id=2491, stack(0x72b45000,0x72bc6000)]
  0x72e27c00 JavaThread "Signal Dispatcher" daemon [_thread_blocked, id=2490, stack(0x72bc6000,0x72c17000)]
  0x72e15000 JavaThread "Finalizer" daemon [_thread_blocked, id=2489, stack(0x72daf000,0x72e00000)]
  0x72e13800 JavaThread "Reference Handler" daemon [_thread_blocked, id=2488, stack(0x7550b000,0x7555c000)]
=>0xb6206400 JavaThread "main" [_thread_in_native, id=2483, stack(0xb638d000,0xb63de000)]

Other Threads:
  0x72e11000 VMThread [stack: 0x72f47000,0x72fc8000] [id=2487]
  0x72e2f000 WatcherThread [stack: 0x729f2000,0x72a73000] [id=2494]

VM state:not at safepoint (normal execution)

VM Mutex/Monitor currently owned by a thread: None

Heap
 PSYoungGen      total 16128K, used 10779K [0xa1480000, 0xa2640000, 0xb3140000)
  eden space 14080K, 76% used [0xa1480000,0xa1f06fa8,0xa2240000)
  from space 2048K, 0% used [0xa2440000,0xa2440000,0xa2640000)
  to   space 2048K, 0% used [0xa2240000,0xa2240000,0xa2440000)
 ParOldGen       total 36352K, used 0K [0x7db40000, 0x7fec0000, 0xa1480000)
  object space 36352K, 0% used [0x7db40000,0x7db40000,0x7fec0000)
 PSPermGen       total 16384K, used 5571K [0x75b40000, 0x76b40000, 0x7db40000)
  object space 16384K, 34% used [0x75b40000,0x760b0c70,0x76b40000)

Card table byte_map: [0x75954000,0x75b40000] byte_map_base: 0x755a6600

Polling page: 0xb77ca000

Code Cache  [0xb3200000, 0xb3440000, 0xb6200000)
 total_blobs=416 nmethods=22 adapters=349 free_code_cache=48724Kb largest_free_block=49876864

Compilation events (10 events):
Event: 1.243 Thread 0x72e29400   17             sun.net.www.ParseUtil::encodePath (336 bytes)
Event: 1.249 Thread 0x72e29400 nmethod 17 0xb3265408 code [0xb3265560, 0xb3265b04]
Event: 1.260 Thread 0x72e2b400   18             java.lang.String::length (6 bytes)
Event: 1.261 Thread 0x72e2b400 nmethod 18 0xb3268b08 code [0xb3268c00, 0xb3268c50]
Event: 1.304 Thread 0x72e2b400   20             java.lang.String::startsWith (72 bytes)
Event: 1.306 Thread 0x72e2b400 nmethod 20 0xb3269148 code [0xb3269240, 0xb3269370]
Event: 3.086 Thread 0x72e29400   21             Utils.Matrix4F::nhanMaTran (109 bytes)
Event: 3.120 Thread 0x72e29400 nmethod 21 0xb326c288 code [0xb326c3c0, 0xb326cc30]
Event: 4.021 Thread 0x72e2b400   22             java.lang.Math::min (11 bytes)
Event: 4.021 Thread 0x72e2b400 nmethod 22 0xb326d848 code [0xb326d920, 0xb326d950]

GC Heap History (0 events):
No events

Deoptimization events (2 events):
Event: 1.312 Thread 0xb6206400 Uncommon trap: reason=unstable_if action=reinterpret pc=0xb32668a4 method=java.lang.String.replace(CC)Ljava/lang/String; @ 2
Event: 4.339 Thread 0xb6206400 Uncommon trap: reason=unstable_if action=reinterpret pc=0xb325d090 method=java.lang.String.indexOf([CII[CIII)I @ 3

Internal exceptions (10 events):
Event: 1.309 Thread 0xb6206400 Threw 0xa1e93b70 at /build/java7-openjdk/src/icedtea-2.6.6/openjdk/hotspot/src/share/vm/prims/jvm.cpp:1322
Event: 1.309 Thread 0xb6206400 Threw 0xa1e96b08 at /build/java7-openjdk/src/icedtea-2.6.6/openjdk/hotspot/src/share/vm/prims/jvm.cpp:1322
Event: 1.310 Thread 0xb6206400 Threw 0xa1e9ca08 at /build/java7-openjdk/src/icedtea-2.6.6/openjdk/hotspot/src/share/vm/prims/jvm.cpp:1322
Event: 1.310 Thread 0xb6206400 Threw 0xa1ea1880 at /build/java7-openjdk/src/icedtea-2.6.6/openjdk/hotspot/src/share/vm/prims/jvm.cpp:1322
Event: 1.310 Thread 0xb6206400 Threw 0xa1ea65f0 at /build/java7-openjdk/src/icedtea-2.6.6/openjdk/hotspot/src/share/vm/prims/jvm.cpp:1322
Event: 1.311 Thread 0xb6206400 Threw 0xa1ea9b50 at /build/java7-openjdk/src/icedtea-2.6.6/openjdk/hotspot/src/share/vm/prims/jvm.cpp:1322
Event: 1.311 Thread 0xb6206400 Threw 0xa1eabba8 at /build/java7-openjdk/src/icedtea-2.6.6/openjdk/hotspot/src/share/vm/prims/jvm.cpp:1322
Event: 1.311 Thread 0xb6206400 Threw 0xa1eadcf0 at /build/java7-openjdk/src/icedtea-2.6.6/openjdk/hotspot/src/share/vm/prims/jvm.cpp:1322
Event: 1.312 Thread 0xb6206400 Threw 0xa1eafed8 at /build/java7-openjdk/src/icedtea-2.6.6/openjdk/hotspot/src/share/vm/prims/jvm.cpp:1322
Event: 1.327 Thread 0xb6206400 Threw 0xa1eb4bf8 at /build/java7-openjdk/src/icedtea-2.6.6/openjdk/hotspot/src/share/vm/prims/jvm.cpp:1322

Events (10 events):
Event: 4.341 loading class 0x755ba4f0
Event: 4.342 loading class 0x755ba4f0 done
Event: 4.342 loading class 0x72e5fb20
Event: 4.342 loading class 0x72e5fb20 done
Event: 4.342 loading class 0x72e601f0
Event: 4.342 loading class 0x72e5f408
Event: 4.342 loading class 0x72e60a90
Event: 4.342 loading class 0x72e60a90 done
Event: 4.342 loading class 0x72e5f408 done
Event: 4.342 loading class 0x72e601f0 done


Dynamic libraries:
08048000-08049000 r-xp 00000000 08:05 662509     /usr/lib/jvm/java-7-openjdk/jre/bin/java
08049000-0804a000 rw-p 00000000 08:05 662509     /usr/lib/jvm/java-7-openjdk/jre/bin/java
08669000-08732000 rw-p 00000000 00:00 0          [heap]
6f300000-6f3bb000 rw-p 00000000 00:00 0 
6f3bb000-6f400000 ---p 00000000 00:00 0 
6f420000-6f4a0000 rw-s 18fb4000 00:06 13400      /dev/nvidiactl
6f4a0000-6f520000 rw-s 2eb3a000 00:06 13400      /dev/nvidiactl
6f520000-6f5a0000 rw-s 133ae000 00:06 13400      /dev/nvidiactl
6f5a0000-6f620000 rw-s 0b4b6000 00:06 13400      /dev/nvidiactl
6f620000-6f720000 rw-s 1809a000 00:06 13400      /dev/nvidiactl
6f720000-6f740000 rw-s f00e0000 00:06 13401      /dev/nvidia0
6f740000-6f780000 rw-s 2a2ff000 00:06 13400      /dev/nvidiactl
6f780000-6f7a0000 rw-s 1e5e6000 00:06 13400      /dev/nvidiactl
6f7a0000-6f7e0000 rw-s 0f7a7000 00:06 13400      /dev/nvidiactl
6f7e0000-6f800000 rw-s 1cc4e000 00:06 13400      /dev/nvidiactl
6f800000-6f8f4000 rw-p 00000000 00:00 0 
6f8f4000-6f900000 ---p 00000000 00:00 0 
6f90d000-6f9c0000 rw-p 00000000 00:00 0 
6fafc000-6fc00000 rw-s 2e6c8000 00:06 13400      /dev/nvidiactl
6fc00000-6fceb000 rw-p 00000000 00:00 0 
6fceb000-6fd00000 ---p 00000000 00:00 0 
6fd14000-6fd54000 rw-s 180fb000 00:06 13400      /dev/nvidiactl
6fd54000-6fd95000 rw-p 00000000 00:00 0 
6fd95000-71986000 r-xp 00000000 08:05 418757     /usr/lib/libnvidia-glcore.so.364.19
71986000-719a6000 rwxp 01bf1000 08:05 418757     /usr/lib/libnvidia-glcore.so.364.19
719a6000-7203f000 r-xp 01c11000 08:05 418757     /usr/lib/libnvidia-glcore.so.364.19
7203f000-720dd000 rw-p 022a9000 08:05 418757     /usr/lib/libnvidia-glcore.so.364.19
720dd000-720f0000 rw-p 00000000 00:00 0 
720f0000-721b0000 r-xp 00000000 08:05 426723     /usr/lib/libGLX_nvidia.so.364.19
721b0000-721d0000 rwxp 000c0000 08:05 426723     /usr/lib/libGLX_nvidia.so.364.19
721d0000-721f9000 r-xp 000e0000 08:05 426723     /usr/lib/libGLX_nvidia.so.364.19
721f9000-721fe000 rw-p 00108000 08:05 426723     /usr/lib/libGLX_nvidia.so.364.19
721fe000-72202000 rw-p 00000000 00:00 0 
72202000-72296000 r-xp 00000000 08:05 443425     /usr/lib/libGLdispatch.so.0.0.0
72296000-72297000 ---p 00094000 08:05 443425     /usr/lib/libGLdispatch.so.0.0.0
72297000-7229f000 r--p 00094000 08:05 443425     /usr/lib/libGLdispatch.so.0.0.0
7229f000-722a0000 rw-p 0009c000 08:05 443425     /usr/lib/libGLdispatch.so.0.0.0
722a0000-722b0000 rw-p 00000000 00:00 0 
722b0000-723fb000 r-xp 00000000 08:05 417030     /usr/lib/libX11.so.6.3.0
723fb000-723fd000 r--p 0014b000 08:05 417030     /usr/lib/libX11.so.6.3.0
723fd000-72400000 rw-p 0014d000 08:05 417030     /usr/lib/libX11.so.6.3.0
72400000-72800000 rw-p 00000000 00:00 0 
72806000-72819000 rw-s 1f977000 00:06 13400      /dev/nvidiactl
72819000-7281d000 rw-s 1835f000 00:06 13400      /dev/nvidiactl
7283d000-72841000 r-xp 00000000 08:05 443826     /usr/lib/tls/libnvidia-tls.so.364.19
72841000-72842000 rw-p 00003000 08:05 443826     /usr/lib/tls/libnvidia-tls.so.364.19
72842000-72853000 r-xp 00000000 08:05 443376     /usr/lib/libGLX.so.0.0.0
72853000-72854000 r--p 00010000 08:05 443376     /usr/lib/libGLX.so.0.0.0
72854000-72855000 rw-p 00011000 08:05 443376     /usr/lib/libGLX.so.0.0.0
72855000-72865000 rw-p 00000000 00:00 0 
72865000-728d3000 r-xp 00000000 08:05 443440     /usr/lib/nvidia/libGL.so.1.0.0
728d3000-728d4000 r--p 0006d000 08:05 443440     /usr/lib/nvidia/libGL.so.1.0.0
728d4000-728d5000 rw-p 0006e000 08:05 443440     /usr/lib/nvidia/libGL.so.1.0.0
728d5000-728da000 r-xp 00000000 08:05 414447     /usr/lib/libXdmcp.so.6.0.0
728da000-728db000 r--p 00004000 08:05 414447     /usr/lib/libXdmcp.so.6.0.0
728db000-728dc000 rw-p 00005000 08:05 414447     /usr/lib/libXdmcp.so.6.0.0
728dc000-728de000 r-xp 00000000 08:05 414580     /usr/lib/libXau.so.6.0.0
728de000-728df000 r--p 00001000 08:05 414580     /usr/lib/libXau.so.6.0.0
728df000-728e0000 rw-p 00002000 08:05 414580     /usr/lib/libXau.so.6.0.0
728e0000-728ea000 r-xp 00000000 08:05 419232     /usr/lib/libXrender.so.1.3.0
728ea000-728eb000 r--p 00009000 08:05 419232     /usr/lib/libXrender.so.1.3.0
728eb000-728ec000 rw-p 0000a000 08:05 419232     /usr/lib/libXrender.so.1.3.0
728ec000-728ff000 r-xp 00000000 08:05 418425     /usr/lib/libXext.so.6.4.0
728ff000-72900000 r--p 00012000 08:05 418425     /usr/lib/libXext.so.6.4.0
72900000-72901000 rw-p 00013000 08:05 418425     /usr/lib/libXext.so.6.4.0
72901000-72925000 r-xp 00000000 08:05 416949     /usr/lib/libxcb.so.1.1.0
72925000-72926000 ---p 00024000 08:05 416949     /usr/lib/libxcb.so.1.1.0
72926000-72927000 r--p 00024000 08:05 416949     /usr/lib/libxcb.so.1.1.0
72927000-72928000 rw-p 00025000 08:05 416949     /usr/lib/libxcb.so.1.1.0
72928000-72932000 r-xp 00000000 08:05 419326     /usr/lib/libXcursor.so.1.0.2
72932000-72933000 r--p 00009000 08:05 419326     /usr/lib/libXcursor.so.1.0.2
72933000-72934000 rw-p 0000a000 08:05 419326     /usr/lib/libXcursor.so.1.0.2
72934000-72945000 r-xp 00000000 08:05 419224     /usr/lib/libXi.so.6.1.0
72945000-72946000 r--p 00010000 08:05 419224     /usr/lib/libXi.so.6.1.0
72946000-72947000 rw-p 00011000 08:05 419224     /usr/lib/libXi.so.6.1.0
72948000-72949000 rw-s 1f976000 00:06 13400      /dev/nvidiactl
72949000-7296c000 rw-p 00000000 00:00 0 
7296c000-7296e000 r-xp 00000000 08:06 169978     /home/castiel/Downloads/LWJGL -- Java Open GL/native/libglfw32.so
7296e000-72985000 r-xp 00000000 00:00 0 
72985000-72986000 r--p 0000b000 08:06 169978     /home/castiel/Downloads/LWJGL -- Java Open GL/native/libglfw32.so
72986000-72987000 rw-p 0000c000 08:06 169978     /home/castiel/Downloads/LWJGL -- Java Open GL/native/libglfw32.so
72987000-72992000 r-xp 00000000 08:06 169984     /home/castiel/Downloads/LWJGL -- Java Open GL/native/liblwjgl32.so
72992000-729ef000 r-xp 00000000 00:00 0 
729ef000-729f0000 r--p 00031000 08:06 169984     /home/castiel/Downloads/LWJGL -- Java Open GL/native/liblwjgl32.so
729f0000-729f1000 rw-p 00032000 08:06 169984     /home/castiel/Downloads/LWJGL -- Java Open GL/native/liblwjgl32.so
729f1000-729f2000 rw-p 00000000 00:00 0 
729f2000-729f3000 ---p 00000000 00:00 0 
729f3000-72a73000 rw-p 00000000 00:00 0          [stack:2494]
72a73000-72a76000 ---p 00000000 00:00 0 
72a76000-72ac4000 rw-p 00000000 00:00 0          [stack:2493]
72ac4000-72ac7000 ---p 00000000 00:00 0 
72ac7000-72b45000 rw-p 00000000 00:00 0          [stack:2492]
72b45000-72b48000 ---p 00000000 00:00 0 
72b48000-72bc6000 rw-p 00000000 00:00 0          [stack:2491]
72bc6000-72bc9000 ---p 00000000 00:00 0 
72bc9000-72c17000 rw-p 00000000 00:00 0          [stack:2490]
72c17000-72daf000 r--p 00000000 08:05 436420     /usr/lib/locale/locale-archive
72daf000-72db2000 ---p 00000000 00:00 0 
72db2000-72e00000 rw-p 00000000 00:00 0          [stack:2489]
72e00000-72efd000 rw-p 00000000 00:00 0 
72efd000-72f00000 ---p 00000000 00:00 0 
72f00000-72f04000 r-xp 00000000 08:05 418466     /usr/lib/libXfixes.so.3.1.0
72f04000-72f05000 r--p 00003000 08:05 418466     /usr/lib/libXfixes.so.3.1.0
72f05000-72f06000 rw-p 00004000 08:05 418466     /usr/lib/libXfixes.so.3.1.0
72f06000-72f07000 r-xp 00000000 08:06 169981     /home/castiel/Downloads/LWJGL -- Java Open GL/native/libjemalloc32.so
72f07000-72f44000 r-xp 00000000 00:00 0 
72f44000-72f45000 ---p 0003e000 08:06 169981     /home/castiel/Downloads/LWJGL -- Java Open GL/native/libjemalloc32.so
72f45000-72f46000 r--p 00019000 08:06 169981     /home/castiel/Downloads/LWJGL -- Java Open GL/native/libjemalloc32.so
72f46000-72f47000 rw-p 0001a000 08:06 169981     /home/castiel/Downloads/LWJGL -- Java Open GL/native/libjemalloc32.so
72f47000-72f48000 ---p 00000000 00:00 0 
72f48000-72fc8000 rw-p 00000000 00:00 0          [stack:2487]
72fc8000-7317a000 r--s 01d32000 08:05 662492     /usr/lib/jvm/java-7-openjdk/jre/lib/rt.jar
7317a000-75400000 rw-p 00000000 00:00 0 
75400000-75421000 rw-p 00000000 00:00 0 
75421000-75500000 ---p 00000000 00:00 0 
75500000-75505000 r-xp 00000000 08:05 418458     /usr/lib/libXxf86vm.so.1.0.0
75505000-75506000 r--p 00004000 08:05 418458     /usr/lib/libXxf86vm.so.1.0.0
75506000-75507000 rw-p 00005000 08:05 418458     /usr/lib/libXxf86vm.so.1.0.0
75507000-75509000 r-xp 00000000 08:05 419264     /usr/lib/libXinerama.so.1.0.0
75509000-7550a000 r--p 00001000 08:05 419264     /usr/lib/libXinerama.so.1.0.0
7550a000-7550b000 rw-p 00002000 08:05 419264     /usr/lib/libXinerama.so.1.0.0
7550b000-7550e000 ---p 00000000 00:00 0 
7550e000-75600000 rw-p 00000000 00:00 0          [stack:2488]
75600000-75621000 rw-p 00000000 00:00 0 
75621000-75700000 ---p 00000000 00:00 0 
75700000-75701000 rw-s f7f65000 00:06 13401      /dev/nvidia0
75701000-75702000 rw-s f7f64000 00:06 13401      /dev/nvidia0
75702000-7571d000 r--s 001e6000 08:06 170001     /home/castiel/Downloads/LWJGL -- Java Open GL/jar/lwjgl.jar
7571d000-75735000 rw-p 00000000 00:00 0 
75735000-75736000 ---p 00000000 00:00 0 
75736000-757b6000 rw-p 00000000 00:00 0          [stack:2486]
757b6000-757b7000 ---p 00000000 00:00 0 
757b7000-75849000 rw-p 00000000 00:00 0          [stack:2485]
75849000-75954000 rw-p 00000000 00:00 0 
75954000-7595c000 rw-p 00000000 00:00 0 
7595c000-75994000 rw-p 00000000 00:00 0 
75994000-759a6000 rw-p 00000000 00:00 0 
759a6000-75ab0000 rw-p 00000000 00:00 0 
75ab0000-75aba000 rw-p 00000000 00:00 0 
75aba000-75b3f000 rw-p 00000000 00:00 0 
75b3f000-76b40000 rw-p 00000000 00:00 0 
76b40000-7db40000 rw-p 00000000 00:00 0 
7db40000-7fec0000 rw-p 00000000 00:00 0 
7fec0000-a1480000 rw-p 00000000 00:00 0 
a1480000-a2640000 rw-p 00000000 00:00 0 
a2640000-b3140000 rw-p 00000000 00:00 0 
b3140000-b3149000 rw-p 00000000 00:00 0 
b3149000-b3200000 rw-p 00000000 00:00 0 
b3200000-b3440000 rwxp 00000000 00:00 0 
b3440000-b62fb000 rw-p 00000000 00:00 0 
b62fb000-b6300000 ---p 00000000 00:00 0 
b6300000-b630b000 r-xp 00000000 08:05 419256     /usr/lib/libXrandr.so.2.2.0
b630b000-b630c000 r--p 0000a000 08:05 419256     /usr/lib/libXrandr.so.2.2.0
b630c000-b630d000 rw-p 0000b000 08:05 419256     /usr/lib/libXrandr.so.2.2.0
b630d000-b6315000 rw-p 00000000 00:00 0 
b6315000-b634d000 rw-p 00000000 00:00 0 
b634d000-b6355000 r-xp 00000000 08:05 130515     /usr/lib/jvm/java-7-openjdk/jre/lib/i386/libzip.so
b6355000-b6356000 rw-p 00007000 08:05 130515     /usr/lib/jvm/java-7-openjdk/jre/lib/i386/libzip.so
b6356000-b635e000 rw-s 00000000 00:22 24534      /tmp/hsperfdata_castiel/2479
b635e000-b6383000 r-xp 00000000 08:05 130514     /usr/lib/jvm/java-7-openjdk/jre/lib/i386/libjava.so
b6383000-b6384000 rw-p 00025000 08:05 130514     /usr/lib/jvm/java-7-openjdk/jre/lib/i386/libjava.so
b6384000-b638b000 r-xp 00000000 08:05 393451     /usr/lib/librt-2.23.so
b638b000-b638c000 r--p 00006000 08:05 393451     /usr/lib/librt-2.23.so
b638c000-b638d000 rw-p 00007000 08:05 393451     /usr/lib/librt-2.23.so
b638d000-b6390000 ---p 00000000 00:00 0 
b6390000-b63de000 rw-p 00000000 00:00 0          [stack:2483]
b63de000-b63fa000 r-xp 00000000 08:05 393668     /usr/lib/libgcc_s.so.1
b63fa000-b63fb000 rw-p 0001b000 08:05 393668     /usr/lib/libgcc_s.so.1
b63fb000-b644e000 r-xp 00000000 08:05 393448     /usr/lib/libm-2.23.so
b644e000-b644f000 r--p 00052000 08:05 393448     /usr/lib/libm-2.23.so
b644f000-b6450000 rw-p 00053000 08:05 393448     /usr/lib/libm-2.23.so
b6450000-b65c5000 r-xp 00000000 08:05 393707     /usr/lib/libstdc++.so.6.0.22
b65c5000-b65cb000 r--p 00174000 08:05 393707     /usr/lib/libstdc++.so.6.0.22
b65cb000-b65cc000 rw-p 0017a000 08:05 393707     /usr/lib/libstdc++.so.6.0.22
b65cc000-b65cf000 rw-p 00000000 00:00 0 
b65cf000-b7137000 r-xp 00000000 08:05 130550     /usr/lib/jvm/java-7-openjdk/jre/lib/i386/server/libjvm.so
b7137000-b7196000 rw-p 00b67000 08:05 130550     /usr/lib/jvm/java-7-openjdk/jre/lib/i386/server/libjvm.so
b7196000-b75b5000 rw-p 00000000 00:00 0 
b75b5000-b75cb000 r-xp 00000000 08:05 396574     /usr/lib/libz.so.1.2.8
b75cb000-b75cc000 r--p 00015000 08:05 396574     /usr/lib/libz.so.1.2.8
b75cc000-b75cd000 rw-p 00016000 08:05 396574     /usr/lib/libz.so.1.2.8
b75cd000-b777b000 r-xp 00000000 08:05 393369     /usr/lib/libc-2.23.so
b777b000-b777c000 ---p 001ae000 08:05 393369     /usr/lib/libc-2.23.so
b777c000-b777e000 r--p 001ae000 08:05 393369     /usr/lib/libc-2.23.so
b777e000-b777f000 rw-p 001b0000 08:05 393369     /usr/lib/libc-2.23.so
b777f000-b7782000 rw-p 00000000 00:00 0 
b7782000-b7785000 r-xp 00000000 08:05 393447     /usr/lib/libdl-2.23.so
b7785000-b7786000 r--p 00002000 08:05 393447     /usr/lib/libdl-2.23.so
b7786000-b7787000 rw-p 00003000 08:05 393447     /usr/lib/libdl-2.23.so
b7787000-b7788000 rw-p 00000000 00:00 0 
b7788000-b7794000 r-xp 00000000 08:05 130543     /usr/lib/jvm/java-7-openjdk/jre/lib/i386/jli/libjli.so
b7794000-b7795000 rw-p 0000b000 08:05 130543     /usr/lib/jvm/java-7-openjdk/jre/lib/i386/jli/libjli.so
b7795000-b77ae000 r-xp 00000000 08:05 393343     /usr/lib/libpthread-2.23.so
b77ae000-b77af000 r--p 00018000 08:05 393343     /usr/lib/libpthread-2.23.so
b77af000-b77b0000 rw-p 00019000 08:05 393343     /usr/lib/libpthread-2.23.so
b77b0000-b77b2000 rw-p 00000000 00:00 0 
b77b2000-b77b3000 rw-s f7f63000 00:06 13401      /dev/nvidia0
b77b3000-b77b4000 rw-s 1e598000 00:06 13400      /dev/nvidiactl
b77b4000-b77b5000 rw-s fd060000 00:06 13401      /dev/nvidia0
b77b5000-b77b6000 rwxp 00000000 00:00 0 
b77b6000-b77c1000 r-xp 00000000 08:05 393443     /usr/lib/libnss_files-2.23.so
b77c1000-b77c2000 r--p 0000a000 08:05 393443     /usr/lib/libnss_files-2.23.so
b77c2000-b77c3000 rw-p 0000b000 08:05 393443     /usr/lib/libnss_files-2.23.so
b77c3000-b77ca000 rw-p 00000000 00:00 0 
b77ca000-b77cb000 r--p 00000000 00:00 0 
b77cb000-b77d6000 r-xp 00000000 08:05 130513     /usr/lib/jvm/java-7-openjdk/jre/lib/i386/libverify.so
b77d6000-b77d7000 rw-p 0000a000 08:05 130513     /usr/lib/jvm/java-7-openjdk/jre/lib/i386/libverify.so
b77d7000-b77d8000 rw-p 00000000 00:00 0 
b77d8000-b77da000 r--p 00000000 00:00 0          [vvar]
b77da000-b77db000 r-xp 00000000 00:00 0          [vdso]
b77db000-b77fd000 r-xp 00000000 08:05 393368     /usr/lib/ld-2.23.so
b77fd000-b77fe000 r--p 00021000 08:05 393368     /usr/lib/ld-2.23.so
b77fe000-b77ff000 rw-p 00022000 08:05 393368     /usr/lib/ld-2.23.so
bfdd9000-bfdda000 rwxp 00000000 00:00 0 
bfe0c000-bfe2d000 rw-p 00000000 00:00 0          [stack]

VM Arguments:
jvm_args: -Dfile.encoding=UTF-8 -Djava.library.path=/home/castiel/Downloads/LWJGL -- Java Open GL/native/ 
java_command: opengl.test.Demo
Launcher Type: SUN_STANDARD

Environment Variables:
PATH=/usr/local/sbin:/usr/local/bin:/usr/bin:/usr/lib/jvm/default/bin:/usr/bin/site_perl:/usr/bin/vendor_perl:/usr/bin/core_perl
LD_LIBRARY_PATH=/usr/lib/jvm/default/bin/../jre/lib/amd64:/usr/lib/jvm/default/bin/../jre/lib/i386:
SHELL=/bin/bash
DISPLAY=:0.0

Signal Handlers:
SIGSEGV: [libjvm.so+0x812cd0], sa_mask[0]=0x7ffbfeff, sa_flags=0x10000004
SIGBUS: [libjvm.so+0x812cd0], sa_mask[0]=0x7ffbfeff, sa_flags=0x10000004
SIGFPE: [libjvm.so+0x68b580], sa_mask[0]=0x7ffbfeff, sa_flags=0x10000004
SIGPIPE: [libjvm.so+0x68b580], sa_mask[0]=0x7ffbfeff, sa_flags=0x10000004
SIGXFSZ: [libjvm.so+0x68b580], sa_mask[0]=0x7ffbfeff, sa_flags=0x10000004
SIGILL: [libjvm.so+0x68b580], sa_mask[0]=0x7ffbfeff, sa_flags=0x10000004
SIGUSR1: SIG_DFL, sa_mask[0]=0x00000000, sa_flags=0x00000000
SIGUSR2: [libjvm.so+0x68b3d0], sa_mask[0]=0x00000004, sa_flags=0x10000004
SIGHUP: [libjvm.so+0x68b5b0], sa_mask[0]=0x7ffbfeff, sa_flags=0x10000004
SIGINT: SIG_IGN, sa_mask[0]=0x00000000, sa_flags=0x00000000
SIGTERM: [libjvm.so+0x68b5b0], sa_mask[0]=0x7ffbfeff, sa_flags=0x10000004
SIGQUIT: [libjvm.so+0x68b5b0], sa_mask[0]=0x7ffbfeff, sa_flags=0x10000004
SIGTRAP: SIG_DFL, sa_mask[0]=0x00000000, sa_flags=0x00000000


---------------  S Y S T E M  ---------------

OS:Linux
uname:Linux 4.4.10-1-lts #1 SMP Wed May 11 21:32:48 CEST 2016 i686
libc:glibc 2.23 NPTL 2.23 
rlimit: STACK 8192k, CORE infinity, NPROC 27267, NOFILE 4096, AS infinity
load average:1.44 1.48 0.90

/proc/meminfo:
MemTotal:        3494600 kB
MemFree:         1133360 kB
MemAvailable:    2212932 kB
Buffers:           99608 kB
Cached:          1155344 kB
SwapCached:            0 kB
Active:          1275596 kB
Inactive:         946916 kB
Active(anon):     968108 kB
Inactive(anon):    24300 kB
Active(file):     307488 kB
Inactive(file):   922616 kB
Unevictable:          32 kB
Mlocked:              32 kB
HighTotal:       2629320 kB
HighFree:         826704 kB
LowTotal:         865280 kB
LowFree:          306656 kB
SwapTotal:             0 kB
SwapFree:              0 kB
Dirty:               396 kB
Writeback:             0 kB
AnonPages:        967608 kB
Mapped:           279408 kB
Shmem:             24840 kB
Slab:              61132 kB
SReclaimable:      45912 kB
SUnreclaim:        15220 kB
KernelStack:        3032 kB
PageTables:         4708 kB
NFS_Unstable:          0 kB
Bounce:                0 kB
WritebackTmp:          0 kB
CommitLimit:     1747300 kB
Committed_AS:    3393764 kB
VmallocTotal:     122880 kB
VmallocUsed:           0 kB
VmallocChunk:          0 kB
HardwareCorrupted:     0 kB
AnonHugePages:    323584 kB
HugePages_Total:       0
HugePages_Free:        0
HugePages_Rsvd:        0
HugePages_Surp:        0
Hugepagesize:       4096 kB
DirectMap4k:      274424 kB
DirectMap4M:      634880 kB


CPU:total 2 (2 cores per cpu, 1 threads per core) family 6 model 23 stepping 10, cmov, cx8, fxsr, mmx, sse, sse2, sse3, ssse3, sse4.1, tsc

/proc/cpuinfo:
processor	: 0
vendor_id	: GenuineIntel
cpu family	: 6
model		: 23
model name	: Intel(R) Core(TM)2 Duo CPU     E8400  @ 3.00GHz
stepping	: 10
microcode	: 0xa07
cpu MHz		: 3003.000
cache size	: 6144 KB
physical id	: 0
siblings	: 2
core id		: 0
cpu cores	: 2
apicid		: 0
initial apicid	: 0
fdiv_bug	: no
f00f_bug	: no
coma_bug	: no
fpu		: yes
fpu_exception	: yes
cpuid level	: 13
wp		: yes
flags		: fpu vme de pse tsc msr pae mce cx8 apic sep mtrr pge mca cmov pat pse36 clflush dts acpi mmx fxsr sse sse2 ss ht tm pbe lm constant_tsc arch_perfmon pebs bts aperfmperf pni dtes64 monitor ds_cpl vmx smx est tm2 ssse3 cx16 xtpr pdcm sse4_1 xsave lahf_lm dtherm tpr_shadow vnmi flexpriority
bugs		:
bogomips	: 5986.73
clflush size	: 64
cache_alignment	: 64
address sizes	: 36 bits physical, 48 bits virtual
power management:

processor	: 1
vendor_id	: GenuineIntel
cpu family	: 6
model		: 23
model name	: Intel(R) Core(TM)2 Duo CPU     E8400  @ 3.00GHz
stepping	: 10
microcode	: 0xa07
cpu MHz		: 3003.000
cache size	: 6144 KB
physical id	: 0
siblings	: 2
core id		: 1
cpu cores	: 2
apicid		: 1
initial apicid	: 1
fdiv_bug	: no
f00f_bug	: no
coma_bug	: no
fpu		: yes
fpu_exception	: yes
cpuid level	: 13
wp		: yes
flags		: fpu vme de pse tsc msr pae mce cx8 apic sep mtrr pge mca cmov pat pse36 clflush dts acpi mmx fxsr sse sse2 ss ht tm pbe lm constant_tsc arch_perfmon pebs bts aperfmperf pni dtes64 monitor ds_cpl vmx smx est tm2 ssse3 cx16 xtpr pdcm sse4_1 xsave lahf_lm dtherm tpr_shadow vnmi flexpriority
bugs		:
bogomips	: 5986.73
clflush size	: 64
cache_alignment	: 64
address sizes	: 36 bits physical, 48 bits virtual
power management:



Memory: 4k page, physical 3494600k(1129140k free), swap 0k(0k free)

vm_info: OpenJDK Server VM (24.95-b01) for linux-x86 JRE (1.7.0_101-b00), built on May  2 2016 15:59:33 by "builduser" with gcc 5.3.0

time: Mon May 16 17:24:16 2016
elapsed time: 4 seconds

