#
# A fatal error has been detected by the Java Runtime Environment:
#
#  SIGSEGV (0xb) at pc=0x72801e47, pid=3651, tid=3057556288
#
# JRE version: OpenJDK Runtime Environment (7.0_95) (build 1.7.0_95-b00)
# Java VM: OpenJDK Server VM (24.95-b01 mixed mode linux-x86 )
# Derivative: IcedTea 2.6.4
# Distribution: Custom build (Thu Jan 21 12:40:31 UTC 2016)
# Problematic frame:
# C  0x72801e47
#
# Core dump written. Default location: /home/castiel/Dev/Java/Project/OpenGl Test/core or core.3651
#
# If you would like to submit a bug report, please include
# instructions on how to reproduce the bug and visit:
#   http://icedtea.classpath.org/bugzilla
# The crash happened outside the Java Virtual Machine in native code.
# See problematic frame for where to report the bug.
#

---------------  T H R E A D  ---------------

Current thread (0xb6206400):  JavaThread "main" [_thread_in_native, id=3655, stack(0xb6399000,0xb63ea000)]

siginfo:si_signo=SIGSEGV: si_errno=0, si_code=1 (SEGV_MAPERR), si_addr=0x00000000

Registers:
EAX=0x6f7735b8, EBX=0x6fb89000, ECX=0x00000000, EDX=0x6f4af844
ESP=0xb63e89b8, EBP=0x6f4af858, ESI=0x00000000, EDI=0x00000000
EIP=0x72801e47, EFLAGS=0x00010246, CR2=0x00000000

Top of Stack: (sp=0xb63e89b8)
0xb63e89b8:   6f4af858 000000c0 00000000 6fb89000
0xb63e89c8:   00000000 717d28bc 6fb89000 6f7735b8
0xb63e89d8:   6f4af840 00000006 00000000 00000000
0xb63e89e8:   00000000 00000000 00000020 00000000
0xb63e89f8:   6faa2ab0 6f4a60c0 6fa0d008 72801e00
0xb63e8a08:   00000000 00000000 00000006 00000000
0xb63e8a18:   00000000 00000000 00000000 00000006
0xb63e8a28:   6f4af840 6f4af840 00000029 6f4a60c0 

Instructions: (pc=0x72801e47)
0x72801e27:   2c 24 8b 0a 03 0d a8 61 bd 6f 83 c2 04 8b 35 54
0x72801e37:   79 bb 6f 8b b6 84 02 00 00 8b f9 c1 e7 05 03 f7
0x72801e47:   8b 3e 8b 6e 04 89 38 89 68 04 8b 7e 08 89 78 08
0x72801e57:   8b 35 54 79 bb 6f 8b b6 ac 02 00 00 8b f9 c1 e7 

Register to memory mapping:

EAX=0x6f7735b8 is an unknown value
EBX=0x6fb89000 is an unknown value
ECX=0x00000000 is an unknown value
EDX=0x6f4af844 is an unknown value
ESP=0xb63e89b8 is pointing into the stack for thread: 0xb6206400
EBP=0x6f4af858 is an unknown value
ESI=0x00000000 is an unknown value
EDI=0x00000000 is an unknown value


Stack: [0xb6399000,0xb63ea000],  sp=0xb63e89b8,  free space=318k
Native frames: (J=compiled Java code, j=interpreted, Vv=VM code, C=native code)
C  0x72801e47

Java frames: (J=compiled Java code, j=interpreted, Vv=VM code)
j  org.lwjgl.system.JNI.callIIIPV(JIIIJ)V+0
j  org.lwjgl.opengl.GL11.nglDrawElements(IIIJ)V+14
j  org.lwjgl.opengl.GL11.glDrawElements(IIIJ)V+17
j  opengl.test.object.tugiac.render()V+32
j  opengl.test.Demo.render()V+111
j  opengl.test.OpenGL.loop()V+29
j  opengl.test.OpenGL.<init>()V+200
j  opengl.test.Demo.<init>()V+1
j  opengl.test.Demo.main([Ljava/lang/String;)V+4
v  ~StubRoutines::call_stub

---------------  P R O C E S S  ---------------

Java Threads: ( => current thread )
  0x72e2d400 JavaThread "Service Thread" daemon [_thread_blocked, id=3665, stack(0x72a73000,0x72ac4000)]
  0x72e2b400 JavaThread "C2 CompilerThread1" daemon [_thread_blocked, id=3664, stack(0x72ac4000,0x72b45000)]
  0x72e29400 JavaThread "C2 CompilerThread0" daemon [_thread_blocked, id=3663, stack(0x72b45000,0x72bc6000)]
  0x72e27c00 JavaThread "Signal Dispatcher" daemon [_thread_blocked, id=3662, stack(0x72bc6000,0x72c17000)]
  0x72e15000 JavaThread "Finalizer" daemon [_thread_blocked, id=3661, stack(0x72daf000,0x72e00000)]
  0x72e13800 JavaThread "Reference Handler" daemon [_thread_blocked, id=3660, stack(0x7550b000,0x7555c000)]
=>0xb6206400 JavaThread "main" [_thread_in_native, id=3655, stack(0xb6399000,0xb63ea000)]

Other Threads:
  0x72e11000 VMThread [stack: 0x72f47000,0x72fc8000] [id=3659]
  0x72e2f000 WatcherThread [stack: 0x729f2000,0x72a73000] [id=3666]

VM state:not at safepoint (normal execution)

VM Mutex/Monitor currently owned by a thread: None

Heap
 PSYoungGen      total 16128K, used 11022K [0xa1480000, 0xa2640000, 0xb3140000)
  eden space 14080K, 78% used [0xa1480000,0xa1f43838,0xa2240000)
  from space 2048K, 0% used [0xa2440000,0xa2440000,0xa2640000)
  to   space 2048K, 0% used [0xa2240000,0xa2240000,0xa2440000)
 ParOldGen       total 36352K, used 0K [0x7db40000, 0x7fec0000, 0xa1480000)
  object space 36352K, 0% used [0x7db40000,0x7db40000,0x7fec0000)
 PSPermGen       total 16384K, used 5668K [0x75b40000, 0x76b40000, 0x7db40000)
  object space 16384K, 34% used [0x75b40000,0x760c9280,0x76b40000)

Card table byte_map: [0x75954000,0x75b40000] byte_map_base: 0x755a6600

Polling page: 0xb77c9000

Code Cache  [0xb3200000, 0xb3440000, 0xb6200000)
 total_blobs=416 nmethods=21 adapters=350 free_code_cache=48727Kb largest_free_block=49885888

Compilation events (10 events):
Event: 1.480 Thread 0x72e29400   16             java.lang.String::equals (81 bytes)
Event: 1.483 Thread 0x72e29400 nmethod 16 0xb3262b08 code [0xb3262c00, 0xb3262e90]
Event: 1.539 Thread 0x72e29400   17             sun.net.www.ParseUtil::encodePath (336 bytes)
Event: 1.545 Thread 0x72e29400 nmethod 17 0xb3267588 code [0xb32676e0, 0xb3267c84]
Event: 1.557 Thread 0x72e29400   18             java.lang.String::length (6 bytes)
Event: 1.558 Thread 0x72e29400 nmethod 18 0xb3267208 code [0xb3267300, 0xb3267350]
Event: 1.600 Thread 0x72e2b400   20             java.lang.String::startsWith (72 bytes)
Event: 1.602 Thread 0x72e2b400 nmethod 20 0xb3268388 code [0xb3268480, 0xb32685b0]
Event: 1.729 Thread 0x72e2b400   21             java.lang.Math::min (11 bytes)
Event: 1.729 Thread 0x72e2b400 nmethod 21 0xb326a048 code [0xb326a120, 0xb326a150]

GC Heap History (0 events):
No events

Deoptimization events (4 events):
Event: 1.604 Thread 0xb6206400 Uncommon trap: reason=unstable_if action=reinterpret pc=0xb32640e4 method=java.lang.String.replace(CC)Ljava/lang/String; @ 2
Event: 1.695 Thread 0xb6206400 Uncommon trap: reason=unstable_if action=reinterpret pc=0xb3266ae8 method=java.lang.String.indexOf([CII[CIII)I @ 123
Event: 1.696 Thread 0xb6206400 Uncommon trap: reason=predicate action=maybe_recompile pc=0xb3267bdc method=sun.net.www.ParseUtil.encodePath(Ljava/lang/String;Z)Ljava/lang/String; @ 36
Event: 1.726 Thread 0xb6206400 Uncommon trap: reason=unstable_if action=reinterpret pc=0xb3262de0 method=java.lang.String.equals(Ljava/lang/Object;)Z @ 66

Internal exceptions (10 events):
Event: 1.720 Thread 0xb6206400 Threw 0xa1eccb60 at /build/java7-openjdk/src/icedtea-2.6.4/openjdk/hotspot/src/share/vm/prims/jvm.cpp:1322
Event: 1.720 Thread 0xb6206400 Threw 0xa1eccc78 at /build/java7-openjdk/src/icedtea-2.6.4/openjdk/hotspot/src/share/vm/prims/jvm.cpp:1322
Event: 1.721 Thread 0xb6206400 Threw 0xa1ecd490 at /build/java7-openjdk/src/icedtea-2.6.4/openjdk/hotspot/src/share/vm/prims/jvm.cpp:1322
Event: 1.721 Thread 0xb6206400 Threw 0xa1ecd5a8 at /build/java7-openjdk/src/icedtea-2.6.4/openjdk/hotspot/src/share/vm/prims/jvm.cpp:1322
Event: 1.741 Thread 0xb6206400 Threw 0xa1eebf40 at /build/java7-openjdk/src/icedtea-2.6.4/openjdk/hotspot/src/share/vm/prims/jvm.cpp:1322
Event: 1.742 Thread 0xb6206400 Threw 0xa1eee9d0 at /build/java7-openjdk/src/icedtea-2.6.4/openjdk/hotspot/src/share/vm/prims/jvm.cpp:1322
Event: 1.742 Thread 0xb6206400 Threw 0xa1ef0a38 at /build/java7-openjdk/src/icedtea-2.6.4/openjdk/hotspot/src/share/vm/prims/jvm.cpp:1322
Event: 1.880 Thread 0xb6206400 Threw 0xa1effd38 at /build/java7-openjdk/src/icedtea-2.6.4/openjdk/hotspot/src/share/vm/prims/jvm.cpp:1322
Event: 1.881 Thread 0xb6206400 Threw 0xa1f03348 at /build/java7-openjdk/src/icedtea-2.6.4/openjdk/hotspot/src/share/vm/prims/jvm.cpp:1322
Event: 1.975 Thread 0xb6206400 Threw 0xa1f0e080 at /build/java7-openjdk/src/icedtea-2.6.4/openjdk/hotspot/src/share/vm/prims/jvm.cpp:1322

Events (10 events):
Event: 1.742 loading class 0x6f49a580
Event: 1.742 loading class 0x6f49a580 done
Event: 1.742 loading class 0x6f49a5c0
Event: 1.742 loading class 0x6f49a5c0 done
Event: 1.880 loading class 0x6f97fce0
Event: 1.880 loading class 0x6f97fce0 done
Event: 1.881 loading class 0x6f49e2e8
Event: 1.881 loading class 0x6f49e2e8 done
Event: 1.975 loading class 0x72e641b0
Event: 1.975 loading class 0x72e641b0 done


Dynamic libraries:
08048000-08049000 r-xp 00000000 08:05 662509     /usr/lib/jvm/java-7-openjdk/jre/bin/java
08049000-0804a000 rw-p 00000000 08:05 662509     /usr/lib/jvm/java-7-openjdk/jre/bin/java
09f33000-09ff1000 rw-p 00000000 00:00 0          [heap]
6f200000-6f263000 rw-p 00000000 00:00 0 
6f263000-6f300000 ---p 00000000 00:00 0 
6f400000-6f4fb000 rw-p 00000000 00:00 0 
6f4fb000-6f500000 ---p 00000000 00:00 0 
6f58d000-6f60d000 rw-s 11899000 00:06 12735      /dev/nvidiactl
6f60d000-6f68d000 rw-s 101ae000 00:06 12735      /dev/nvidiactl
6f68d000-6f70d000 rw-s 109fd000 00:06 12735      /dev/nvidiactl
6f70d000-6f80d000 rw-s 046a1000 00:06 12735      /dev/nvidiactl
6f80d000-6f820000 rw-s 11bee000 00:06 12735      /dev/nvidiactl
6f820000-6f840000 rw-s f0100000 00:06 12736      /dev/nvidia0
6f840000-6f880000 rw-s 345f8000 00:06 12735      /dev/nvidiactl
6f880000-6f8a0000 rw-s 211d4000 00:06 12735      /dev/nvidiactl
6f8a0000-6f8e0000 rw-s 28bde000 00:06 12735      /dev/nvidiactl
6f8e0000-6f900000 rw-s 211d6000 00:06 12735      /dev/nvidiactl
6f900000-6f9fc000 rw-p 00000000 00:00 0 
6f9fc000-6fa00000 ---p 00000000 00:00 0 
6fa0d000-6fbfc000 rw-p 00000000 00:00 0 
6fbfc000-6fd00000 rw-s 30d93000 00:06 12735      /dev/nvidiactl
6fd00000-6fdee000 rw-p 00000000 00:00 0 
6fdee000-6fe00000 ---p 00000000 00:00 0 
6fe0d000-6fe0f000 rw-s 00000000 00:20 43472      /tmp/.glqc3bvN (deleted)
6fe0f000-6fe4f000 rw-s 22b73000 00:06 12735      /dev/nvidiactl
6fe4f000-6fe6f000 rw-s 211d7000 00:06 12735      /dev/nvidiactl
6fe6f000-719ac000 r-xp 00000000 08:05 426727     /usr/lib/libnvidia-glcore.so.361.28
719ac000-719cc000 rwxp 01b3d000 08:05 426727     /usr/lib/libnvidia-glcore.so.361.28
719cc000-72048000 r-xp 01b5d000 08:05 426727     /usr/lib/libnvidia-glcore.so.361.28
72048000-720e5000 rw-p 021d8000 08:05 426727     /usr/lib/libnvidia-glcore.so.361.28
720e5000-720f4000 rw-p 00000000 00:00 0 
720f4000-721b2000 r-xp 00000000 08:05 393610     /usr/lib/libGLX_nvidia.so.361.28
721b2000-721d2000 rwxp 000be000 08:05 393610     /usr/lib/libGLX_nvidia.so.361.28
721d2000-721fa000 r-xp 000de000 08:05 393610     /usr/lib/libGLX_nvidia.so.361.28
721fa000-72200000 rw-p 00105000 08:05 393610     /usr/lib/libGLX_nvidia.so.361.28
72200000-72203000 rw-p 00000000 00:00 0 
72203000-72297000 r-xp 00000000 08:05 443850     /usr/lib/libGLdispatch.so.0.0.0
72297000-7229f000 r--p 00093000 08:05 443850     /usr/lib/libGLdispatch.so.0.0.0
7229f000-722a0000 rw-p 0009b000 08:05 443850     /usr/lib/libGLdispatch.so.0.0.0
722a0000-722b0000 rw-p 00000000 00:00 0 
722b0000-723fb000 r-xp 00000000 08:05 417030     /usr/lib/libX11.so.6.3.0
723fb000-723fd000 r--p 0014b000 08:05 417030     /usr/lib/libX11.so.6.3.0
723fd000-72400000 rw-p 0014d000 08:05 417030     /usr/lib/libX11.so.6.3.0
72400000-72800000 rw-p 00000000 00:00 0 
72800000-72802000 r-xs 00000000 00:20 43472      /tmp/.glqc3bvN (deleted)
72802000-72806000 rw-s 211d3000 00:06 12735      /dev/nvidiactl
72806000-72847000 rw-p 00000000 00:00 0 
72847000-72858000 r-xp 00000000 08:05 443851     /usr/lib/libGLX.so.0.0.0
72858000-72859000 r--p 00010000 08:05 443851     /usr/lib/libGLX.so.0.0.0
72859000-7285a000 rw-p 00011000 08:05 443851     /usr/lib/libGLX.so.0.0.0
7285a000-7286a000 rw-p 00000000 00:00 0 
7286a000-728d8000 r-xp 00000000 08:05 443890     /usr/lib/nvidia/libGL.so.1.0.0
728d8000-728d9000 r--p 0006d000 08:05 443890     /usr/lib/nvidia/libGL.so.1.0.0
728d9000-728da000 rw-p 0006e000 08:05 443890     /usr/lib/nvidia/libGL.so.1.0.0
728da000-728df000 r-xp 00000000 08:05 414447     /usr/lib/libXdmcp.so.6.0.0
728df000-728e0000 r--p 00004000 08:05 414447     /usr/lib/libXdmcp.so.6.0.0
728e0000-728e1000 rw-p 00005000 08:05 414447     /usr/lib/libXdmcp.so.6.0.0
728e1000-728eb000 r-xp 00000000 08:05 419232     /usr/lib/libXrender.so.1.3.0
728eb000-728ec000 r--p 00009000 08:05 419232     /usr/lib/libXrender.so.1.3.0
728ec000-728ed000 rw-p 0000a000 08:05 419232     /usr/lib/libXrender.so.1.3.0
728ed000-72900000 r-xp 00000000 08:05 418425     /usr/lib/libXext.so.6.4.0
72900000-72901000 r--p 00012000 08:05 418425     /usr/lib/libXext.so.6.4.0
72901000-72902000 rw-p 00013000 08:05 418425     /usr/lib/libXext.so.6.4.0
72902000-72926000 r-xp 00000000 08:05 416949     /usr/lib/libxcb.so.1.1.0
72926000-72927000 ---p 00024000 08:05 416949     /usr/lib/libxcb.so.1.1.0
72927000-72928000 r--p 00024000 08:05 416949     /usr/lib/libxcb.so.1.1.0
72928000-72929000 rw-p 00025000 08:05 416949     /usr/lib/libxcb.so.1.1.0
72929000-72933000 r-xp 00000000 08:05 419326     /usr/lib/libXcursor.so.1.0.2
72933000-72934000 r--p 00009000 08:05 419326     /usr/lib/libXcursor.so.1.0.2
72934000-72935000 rw-p 0000a000 08:05 419326     /usr/lib/libXcursor.so.1.0.2
72935000-72946000 r-xp 00000000 08:05 419224     /usr/lib/libXi.so.6.1.0
72946000-72947000 r--p 00010000 08:05 419224     /usr/lib/libXi.so.6.1.0
72947000-72948000 rw-p 00011000 08:05 419224     /usr/lib/libXi.so.6.1.0
72949000-7296c000 rw-p 00000000 00:00 0 
7296c000-7296e000 r-xp 00000000 08:06 169978     /home/castiel/Downloads/LWJGL -- Java Open GL/native/libglfw32.so
7296e000-72985000 r-xp 00000000 00:00 0 
72985000-72986000 r--p 0000b000 08:06 169978     /home/castiel/Downloads/LWJGL -- Java Open GL/native/libglfw32.so
72986000-72987000 rw-p 0000c000 08:06 169978     /home/castiel/Downloads/LWJGL -- Java Open GL/native/libglfw32.so
72987000-72992000 r-xp 00000000 08:06 169984     /home/castiel/Downloads/LWJGL -- Java Open GL/native/liblwjgl32.so
72992000-729ef000 r-xp 00000000 00:00 0 
729ef000-729f0000 r--p 00031000 08:06 169984     /home/castiel/Downloads/LWJGL -- Java Open GL/native/liblwjgl32.so
729f0000-729f1000 rw-p 00032000 08:06 169984     /home/castiel/Downloads/LWJGL -- Java Open GL/native/liblwjgl32.so
729f1000-729f2000 rw-p 00000000 00:00 0 
729f2000-729f3000 ---p 00000000 00:00 0 
729f3000-72a73000 rw-p 00000000 00:00 0          [stack:3666]
72a73000-72a76000 ---p 00000000 00:00 0 
72a76000-72ac4000 rw-p 00000000 00:00 0          [stack:3665]
72ac4000-72ac7000 ---p 00000000 00:00 0 
72ac7000-72b45000 rw-p 00000000 00:00 0          [stack:3664]
72b45000-72b48000 ---p 00000000 00:00 0 
72b48000-72bc6000 rw-p 00000000 00:00 0          [stack:3663]
72bc6000-72bc9000 ---p 00000000 00:00 0 
72bc9000-72c17000 rw-p 00000000 00:00 0          [stack:3662]
72c17000-72daf000 r--p 00000000 08:05 453414     /usr/lib/locale/locale-archive
72daf000-72db2000 ---p 00000000 00:00 0 
72db2000-72e00000 rw-p 00000000 00:00 0          [stack:3661]
72e00000-72ef5000 rw-p 00000000 00:00 0 
72ef5000-72f00000 ---p 00000000 00:00 0 
72f01000-72f05000 r-xp 00000000 08:05 443891     /usr/lib/tls/libnvidia-tls.so.361.28
72f05000-72f06000 rw-p 00003000 08:05 443891     /usr/lib/tls/libnvidia-tls.so.361.28
72f06000-72f07000 r-xp 00000000 08:06 169981     /home/castiel/Downloads/LWJGL -- Java Open GL/native/libjemalloc32.so
72f07000-72f44000 r-xp 00000000 00:00 0 
72f44000-72f45000 ---p 0003e000 08:06 169981     /home/castiel/Downloads/LWJGL -- Java Open GL/native/libjemalloc32.so
72f45000-72f46000 r--p 00019000 08:06 169981     /home/castiel/Downloads/LWJGL -- Java Open GL/native/libjemalloc32.so
72f46000-72f47000 rw-p 0001a000 08:06 169981     /home/castiel/Downloads/LWJGL -- Java Open GL/native/libjemalloc32.so
72f47000-72f48000 ---p 00000000 00:00 0 
72f48000-72fc8000 rw-p 00000000 00:00 0          [stack:3659]
72fc8000-7317a000 r--s 01d2f000 08:05 662492     /usr/lib/jvm/java-7-openjdk/jre/lib/rt.jar
7317a000-75400000 rw-p 00000000 00:00 0 
75400000-75428000 rw-p 00000000 00:00 0 
75428000-75500000 ---p 00000000 00:00 0 
75500000-75501000 rw-s 11beb000 00:06 12735      /dev/nvidiactl
75501000-75503000 r-xp 00000000 08:05 414580     /usr/lib/libXau.so.6.0.0
75503000-75504000 r--p 00001000 08:05 414580     /usr/lib/libXau.so.6.0.0
75504000-75505000 rw-p 00002000 08:05 414580     /usr/lib/libXau.so.6.0.0
75505000-75509000 r-xp 00000000 08:05 418466     /usr/lib/libXfixes.so.3.1.0
75509000-7550a000 r--p 00003000 08:05 418466     /usr/lib/libXfixes.so.3.1.0
7550a000-7550b000 rw-p 00004000 08:05 418466     /usr/lib/libXfixes.so.3.1.0
7550b000-7550e000 ---p 00000000 00:00 0 
7550e000-75600000 rw-p 00000000 00:00 0          [stack:3660]
75600000-75621000 rw-p 00000000 00:00 0 
75621000-75700000 ---p 00000000 00:00 0 
75700000-75701000 rw-s f7f65000 00:06 12736      /dev/nvidia0
75701000-75702000 rw-s f7f64000 00:06 12736      /dev/nvidia0
75702000-75707000 r-xp 00000000 08:05 418458     /usr/lib/libXxf86vm.so.1.0.0
75707000-75708000 r--p 00004000 08:05 418458     /usr/lib/libXxf86vm.so.1.0.0
75708000-75709000 rw-p 00005000 08:05 418458     /usr/lib/libXxf86vm.so.1.0.0
75709000-7570b000 r-xp 00000000 08:05 419264     /usr/lib/libXinerama.so.1.0.0
7570b000-7570c000 r--p 00001000 08:05 419264     /usr/lib/libXinerama.so.1.0.0
7570c000-7570d000 rw-p 00002000 08:05 419264     /usr/lib/libXinerama.so.1.0.0
7570d000-75718000 r-xp 00000000 08:05 419256     /usr/lib/libXrandr.so.2.2.0
75718000-75719000 r--p 0000a000 08:05 419256     /usr/lib/libXrandr.so.2.2.0
75719000-7571a000 rw-p 0000b000 08:05 419256     /usr/lib/libXrandr.so.2.2.0
7571a000-75735000 r--s 001e6000 08:06 170001     /home/castiel/Downloads/LWJGL -- Java Open GL/jar/lwjgl.jar
75735000-75736000 ---p 00000000 00:00 0 
75736000-757b6000 rw-p 00000000 00:00 0          [stack:3658]
757b6000-757b7000 ---p 00000000 00:00 0 
757b7000-75849000 rw-p 00000000 00:00 0          [stack:3657]
75849000-75954000 rw-p 00000000 00:00 0 
75954000-7595c000 rw-p 00000000 00:00 0 
7595c000-75994000 rw-p 00000000 00:00 0 
75994000-759a6000 rw-p 00000000 00:00 0 
759a6000-75ab0000 rw-p 00000000 00:00 0 
75ab0000-75aba000 rw-p 00000000 00:00 0 
75aba000-75b3f000 rw-p 00000000 00:00 0 
75b3f000-76b40000 rw-p 00000000 00:00 0 
76b40000-7db40000 rw-p 00000000 00:00 0 
7db40000-7fec0000 rw-p 00000000 00:00 0 
7fec0000-a1480000 rw-p 00000000 00:00 0 
a1480000-a2640000 rw-p 00000000 00:00 0 
a2640000-b3140000 rw-p 00000000 00:00 0 
b3140000-b3149000 rw-p 00000000 00:00 0 
b3149000-b3200000 rw-p 00000000 00:00 0 
b3200000-b3440000 rwxp 00000000 00:00 0 
b3440000-b62fb000 rw-p 00000000 00:00 0 
b62fb000-b6300000 ---p 00000000 00:00 0 
b6300000-b6301000 rw-s f7f63000 00:06 12736      /dev/nvidia0
b6301000-b6321000 rw-p 00000000 00:00 0 
b6321000-b6359000 rw-p 00000000 00:00 0 
b6359000-b6361000 r-xp 00000000 08:05 130517     /usr/lib/jvm/java-7-openjdk/jre/lib/i386/libzip.so
b6361000-b6362000 rw-p 00007000 08:05 130517     /usr/lib/jvm/java-7-openjdk/jre/lib/i386/libzip.so
b6362000-b636a000 rw-s 00000000 00:20 44480      /tmp/hsperfdata_castiel/3651
b636a000-b638f000 r-xp 00000000 08:05 130516     /usr/lib/jvm/java-7-openjdk/jre/lib/i386/libjava.so
b638f000-b6390000 rw-p 00025000 08:05 130516     /usr/lib/jvm/java-7-openjdk/jre/lib/i386/libjava.so
b6390000-b6397000 r-xp 00000000 08:05 393438     /usr/lib/librt-2.23.so
b6397000-b6398000 r--p 00006000 08:05 393438     /usr/lib/librt-2.23.so
b6398000-b6399000 rw-p 00007000 08:05 393438     /usr/lib/librt-2.23.so
b6399000-b639c000 ---p 00000000 00:00 0 
b639c000-b63ea000 rw-p 00000000 00:00 0          [stack:3655]
b63ea000-b6406000 r-xp 00000000 08:05 393667     /usr/lib/libgcc_s.so.1
b6406000-b6407000 rw-p 0001b000 08:05 393667     /usr/lib/libgcc_s.so.1
b6407000-b645a000 r-xp 00000000 08:05 393435     /usr/lib/libm-2.23.so
b645a000-b645b000 r--p 00052000 08:05 393435     /usr/lib/libm-2.23.so
b645b000-b645c000 rw-p 00053000 08:05 393435     /usr/lib/libm-2.23.so
b645c000-b65c9000 r-xp 00000000 08:05 420147     /usr/lib/libstdc++.so.6.0.21
b65c9000-b65ca000 ---p 0016d000 08:05 420147     /usr/lib/libstdc++.so.6.0.21
b65ca000-b65cf000 r--p 0016d000 08:05 420147     /usr/lib/libstdc++.so.6.0.21
b65cf000-b65d0000 rw-p 00172000 08:05 420147     /usr/lib/libstdc++.so.6.0.21
b65d0000-b65d3000 rw-p 00000000 00:00 0 
b65d3000-b7138000 r-xp 00000000 08:05 145403     /usr/lib/jvm/java-7-openjdk/jre/lib/i386/server/libjvm.so
b7138000-b7197000 rw-p 00b65000 08:05 145403     /usr/lib/jvm/java-7-openjdk/jre/lib/i386/server/libjvm.so
b7197000-b75b5000 rw-p 00000000 00:00 0 
b75b5000-b75cb000 r-xp 00000000 08:05 396574     /usr/lib/libz.so.1.2.8
b75cb000-b75cc000 r--p 00015000 08:05 396574     /usr/lib/libz.so.1.2.8
b75cc000-b75cd000 rw-p 00016000 08:05 396574     /usr/lib/libz.so.1.2.8
b75cd000-b777b000 r-xp 00000000 08:05 393366     /usr/lib/libc-2.23.so
b777b000-b777c000 ---p 001ae000 08:05 393366     /usr/lib/libc-2.23.so
b777c000-b777e000 r--p 001ae000 08:05 393366     /usr/lib/libc-2.23.so
b777e000-b777f000 rw-p 001b0000 08:05 393366     /usr/lib/libc-2.23.so
b777f000-b7782000 rw-p 00000000 00:00 0 
b7782000-b7785000 r-xp 00000000 08:05 393434     /usr/lib/libdl-2.23.so
b7785000-b7786000 r--p 00002000 08:05 393434     /usr/lib/libdl-2.23.so
b7786000-b7787000 rw-p 00003000 08:05 393434     /usr/lib/libdl-2.23.so
b7787000-b7788000 rw-p 00000000 00:00 0 
b7788000-b7794000 r-xp 00000000 08:05 130545     /usr/lib/jvm/java-7-openjdk/jre/lib/i386/jli/libjli.so
b7794000-b7795000 rw-p 0000b000 08:05 130545     /usr/lib/jvm/java-7-openjdk/jre/lib/i386/jli/libjli.so
b7795000-b77ae000 r-xp 00000000 08:05 393342     /usr/lib/libpthread-2.23.so
b77ae000-b77af000 r--p 00018000 08:05 393342     /usr/lib/libpthread-2.23.so
b77af000-b77b0000 rw-p 00019000 08:05 393342     /usr/lib/libpthread-2.23.so
b77b0000-b77b2000 rw-p 00000000 00:00 0 
b77b2000-b77b3000 rw-s 211d5000 00:06 12735      /dev/nvidiactl
b77b3000-b77b4000 rw-s fd060000 00:06 12736      /dev/nvidia0
b77b4000-b77b5000 rwxp 00000000 00:00 0 
b77b5000-b77c0000 r-xp 00000000 08:05 393430     /usr/lib/libnss_files-2.23.so
b77c0000-b77c1000 r--p 0000a000 08:05 393430     /usr/lib/libnss_files-2.23.so
b77c1000-b77c2000 rw-p 0000b000 08:05 393430     /usr/lib/libnss_files-2.23.so
b77c2000-b77c9000 rw-p 00000000 00:00 0 
b77c9000-b77ca000 r--p 00000000 00:00 0 
b77ca000-b77d5000 r-xp 00000000 08:05 130515     /usr/lib/jvm/java-7-openjdk/jre/lib/i386/libverify.so
b77d5000-b77d6000 rw-p 0000a000 08:05 130515     /usr/lib/jvm/java-7-openjdk/jre/lib/i386/libverify.so
b77d6000-b77d7000 rw-p 00000000 00:00 0 
b77d7000-b77d9000 r--p 00000000 00:00 0          [vvar]
b77d9000-b77da000 r-xp 00000000 00:00 0          [vdso]
b77da000-b77fc000 r-xp 00000000 08:05 393363     /usr/lib/ld-2.23.so
b77fc000-b77fd000 r--p 00021000 08:05 393363     /usr/lib/ld-2.23.so
b77fd000-b77fe000 rw-p 00022000 08:05 393363     /usr/lib/ld-2.23.so
bf886000-bf887000 rwxp 00000000 00:00 0 
bf8b9000-bf8da000 rw-p 00000000 00:00 0          [stack]

VM Arguments:
jvm_args: -Dfile.encoding=UTF-8 -Djava.library.path=/home/castiel/Downloads/LWJGL -- Java Open GL/native/ 
java_command: opengl.test.Demo
Launcher Type: SUN_STANDARD

Environment Variables:
PATH=/usr/local/sbin:/usr/local/bin:/usr/bin:/usr/lib/jvm/default/bin:/usr/bin/site_perl:/usr/bin/vendor_perl:/usr/bin/core_perl
LD_LIBRARY_PATH=/usr/lib/jvm/default/bin/../jre/lib/amd64:/usr/lib/jvm/default/bin/../jre/lib/i386:
SHELL=/bin/bash
DISPLAY=:0.0

Signal Handlers:
SIGSEGV: [libjvm.so+0x8114e0], sa_mask[0]=0x7ffbfeff, sa_flags=0x10000004
SIGBUS: [libjvm.so+0x8114e0], sa_mask[0]=0x7ffbfeff, sa_flags=0x10000004
SIGFPE: [libjvm.so+0x68a640], sa_mask[0]=0x7ffbfeff, sa_flags=0x10000004
SIGPIPE: [libjvm.so+0x68a640], sa_mask[0]=0x7ffbfeff, sa_flags=0x10000004
SIGXFSZ: [libjvm.so+0x68a640], sa_mask[0]=0x7ffbfeff, sa_flags=0x10000004
SIGILL: [libjvm.so+0x68a640], sa_mask[0]=0x7ffbfeff, sa_flags=0x10000004
SIGUSR1: SIG_DFL, sa_mask[0]=0x00000000, sa_flags=0x00000000
SIGUSR2: [libjvm.so+0x68a490], sa_mask[0]=0x00000004, sa_flags=0x10000004
SIGHUP: [libjvm.so+0x68a670], sa_mask[0]=0x7ffbfeff, sa_flags=0x10000004
SIGINT: SIG_IGN, sa_mask[0]=0x00000000, sa_flags=0x00000000
SIGTERM: [libjvm.so+0x68a670], sa_mask[0]=0x7ffbfeff, sa_flags=0x10000004
SIGQUIT: [libjvm.so+0x68a670], sa_mask[0]=0x7ffbfeff, sa_flags=0x10000004
SIGTRAP: SIG_DFL, sa_mask[0]=0x00000000, sa_flags=0x00000000


---------------  S Y S T E M  ---------------

OS:Linux
uname:Linux 4.1.20-1-lts #1 SMP Fri Mar 18 17:47:36 CET 2016 i686
libc:glibc 2.23 NPTL 2.23 
rlimit: STACK 8192k, CORE infinity, NPROC 27270, NOFILE 4096, AS infinity
load average:0.64 0.55 0.75

/proc/meminfo:
MemTotal:        3494900 kB
MemFree:          940292 kB
MemAvailable:    2332488 kB
Buffers:          111260 kB
Cached:          1286508 kB
SwapCached:            0 kB
Active:          1721332 kB
Inactive:         693036 kB
Active(anon):    1019144 kB
Inactive(anon):    25112 kB
Active(file):     702188 kB
Inactive(file):   667924 kB
Unevictable:          32 kB
Mlocked:              32 kB
HighTotal:       2629320 kB
HighFree:         647720 kB
LowTotal:         865580 kB
LowFree:          292572 kB
SwapTotal:             0 kB
SwapFree:              0 kB
Dirty:               332 kB
Writeback:             0 kB
AnonPages:       1016704 kB
Mapped:           277068 kB
Shmem:             27628 kB
Slab:              63872 kB
SReclaimable:      45544 kB
SUnreclaim:        18328 kB
KernelStack:        3008 kB
PageTables:         4864 kB
NFS_Unstable:          0 kB
Bounce:                0 kB
WritebackTmp:          0 kB
CommitLimit:     1747448 kB
Committed_AS:    3439220 kB
VmallocTotal:     122880 kB
VmallocUsed:       76144 kB
VmallocChunk:      40660 kB
HardwareCorrupted:     0 kB
AnonHugePages:    483328 kB
HugePages_Total:       0
HugePages_Free:        0
HugePages_Rsvd:        0
HugePages_Surp:        0
Hugepagesize:       4096 kB
DirectMap4k:      315384 kB
DirectMap4M:      593920 kB


CPU:total 2 (2 cores per cpu, 1 threads per core) family 6 model 23 stepping 10, cmov, cx8, fxsr, mmx, sse, sse2, sse3, ssse3, sse4.1, tsc

/proc/cpuinfo:
processor	: 0
vendor_id	: GenuineIntel
cpu family	: 6
model		: 23
model name	: Intel(R) Core(TM)2 Duo CPU     E8400  @ 3.00GHz
stepping	: 10
microcode	: 0xa07
cpu MHz		: 3003.000
cache size	: 6144 KB
physical id	: 0
siblings	: 2
core id		: 0
cpu cores	: 2
apicid		: 0
initial apicid	: 0
fdiv_bug	: no
f00f_bug	: no
coma_bug	: no
fpu		: yes
fpu_exception	: yes
cpuid level	: 13
wp		: yes
flags		: fpu vme de pse tsc msr pae mce cx8 apic sep mtrr pge mca cmov pat pse36 clflush dts acpi mmx fxsr sse sse2 ss ht tm pbe lm constant_tsc arch_perfmon pebs bts aperfmperf pni dtes64 monitor ds_cpl vmx smx est tm2 ssse3 cx16 xtpr pdcm sse4_1 xsave lahf_lm dtherm tpr_shadow vnmi flexpriority
bugs		:
bogomips	: 5987.33
clflush size	: 64
cache_alignment	: 64
address sizes	: 36 bits physical, 48 bits virtual
power management:

processor	: 1
vendor_id	: GenuineIntel
cpu family	: 6
model		: 23
model name	: Intel(R) Core(TM)2 Duo CPU     E8400  @ 3.00GHz
stepping	: 10
microcode	: 0xa07
cpu MHz		: 3003.000
cache size	: 6144 KB
physical id	: 0
siblings	: 2
core id		: 1
cpu cores	: 2
apicid		: 1
initial apicid	: 1
fdiv_bug	: no
f00f_bug	: no
coma_bug	: no
fpu		: yes
fpu_exception	: yes
cpuid level	: 13
wp		: yes
flags		: fpu vme de pse tsc msr pae mce cx8 apic sep mtrr pge mca cmov pat pse36 clflush dts acpi mmx fxsr sse sse2 ss ht tm pbe lm constant_tsc arch_perfmon pebs bts aperfmperf pni dtes64 monitor ds_cpl vmx smx est tm2 ssse3 cx16 xtpr pdcm sse4_1 xsave lahf_lm dtherm tpr_shadow vnmi flexpriority
bugs		:
bogomips	: 5987.33
clflush size	: 64
cache_alignment	: 64
address sizes	: 36 bits physical, 48 bits virtual
power management:



Memory: 4k page, physical 3494900k(940292k free), swap 0k(0k free)

vm_info: OpenJDK Server VM (24.95-b01) for linux-x86 JRE (1.7.0_95-b00), built on Jan 21 2016 12:43:41 by "builduser" with gcc 5.3.0

time: Sun Apr 24 21:29:49 2016
elapsed time: 2 seconds

