#
# A fatal error has been detected by the Java Runtime Environment:
#
#  SIGSEGV (0xb) at pc=0xb777800a, pid=2550, tid=3057257280
#
# JRE version: OpenJDK Runtime Environment (7.0_101) (build 1.7.0_101-b00)
# Java VM: OpenJDK Server VM (24.95-b01 mixed mode linux-x86 )
# Derivative: IcedTea 2.6.6
# Distribution: Custom build (Mon May  2 15:54:55 UTC 2016)
# Problematic frame:
# C  0xb777800a
#
# Core dump written. Default location: /home/castiel/Dev/Java/Project/OpenGl Test/core or core.2550
#
# If you would like to submit a bug report, please include
# instructions on how to reproduce the bug and visit:
#   http://icedtea.classpath.org/bugzilla
# The crash happened outside the Java Virtual Machine in native code.
# See problematic frame for where to report the bug.
#

---------------  T H R E A D  ---------------

Current thread (0xb6206400):  JavaThread "main" [_thread_in_native, id=2552, stack(0xb6350000,0xb63a1000)]

siginfo:si_signo=SIGSEGV: si_errno=0, si_code=128 (), si_addr=0x00000000

Registers:
EAX=0xb777800f, EBX=0x75519ff4, ECX=0x755048d8, EDX=0x00000000
ESP=0xb639decc, EBP=0xb639ffc4, ESI=0x00010001, EDI=0x755139ac
EIP=0xb777800a, EFLAGS=0x00010206, CR2=0xb76e2100

Top of Stack: (sp=0xb639decc)
0xb639decc:   755047cb 00010001 755139ac 760624f4
0xb639dedc:   00000000 00000000 00000000 00000000
0xb639deec:   00000000 00000000 00000000 00000000
0xb639defc:   00000000 00000000 75ddb80c 00000000
0xb639df0c:   b71621d4 b6dd2c7c 00000000 00000000
0xb639df1c:   00000000 00000000 00000000 00000000
0xb639df2c:   00000000 b6a05929 b7144f90 760a4f48
0xb639df3c:   b6c14116 b7144f90 00000000 00000000 

Instructions: (pc=0xb777800a)
0xb7777fea:   00 00 00 00 00 00 00 00 00 00 00 00 00 00 00 00
0xb7777ffa:   00 00 00 00 00 00 00 00 00 00 21 00 00 00 04 07
0xb777800a:   9a 72 04 07 9a 72 21 bb 00 00 00 50 41 72 60 a3
0xb777801a:   98 72 08 60 41 72 20 00 00 00 22 00 00 00 b8 28 

Register to memory mapping:

EAX=0xb777800f is an unknown value
EBX=0x75519ff4: <offset 0x19ff4> in /home/castiel/Downloads/LWJGL -- Java Open GL/native/libglfw32.so at 0x75500000
ECX=0x755048d8: <offset 0x48d8> in /home/castiel/Downloads/LWJGL -- Java Open GL/native/libglfw32.so at 0x75500000
EDX=0x00000000 is an unknown value
ESP=0xb639decc is pointing into the stack for thread: 0xb6206400
EBP=0xb639ffc4 is pointing into the stack for thread: 0xb6206400
ESI=0x00010001 is an unknown value
EDI=0x755139ac: <offset 0x139ac> in /home/castiel/Downloads/LWJGL -- Java Open GL/native/libglfw32.so at 0x75500000


Stack: [0xb6350000,0xb63a1000],  sp=0xb639decc,  free space=311k
Native frames: (J=compiled Java code, j=interpreted, Vv=VM code, C=native code)
C  0xb777800a
j  org.lwjgl.glfw.GLFW.glfwSetInputMode(JII)V+24
j  opengl.test.Demo.init()V+8
j  opengl.test.Demo.main([Ljava/lang/String;)V+7
v  ~StubRoutines::call_stub
V  [libjvm.so+0x4abf87]

Java frames: (J=compiled Java code, j=interpreted, Vv=VM code)
j  org.lwjgl.system.JNI.invokePIIV(JJII)V+0
j  org.lwjgl.glfw.GLFW.glfwSetInputMode(JII)V+24
j  opengl.test.Demo.init()V+8
j  opengl.test.Demo.main([Ljava/lang/String;)V+7
v  ~StubRoutines::call_stub

---------------  P R O C E S S  ---------------

Java Threads: ( => current thread )
  0x72e2d400 JavaThread "Service Thread" daemon [_thread_blocked, id=2563, stack(0x72a22000,0x72a73000)]
  0x72e2b400 JavaThread "C2 CompilerThread1" daemon [_thread_blocked, id=2562, stack(0x72a73000,0x72af4000)]
  0x72e29400 JavaThread "C2 CompilerThread0" daemon [_thread_blocked, id=2561, stack(0x72af4000,0x72b75000)]
  0x72e27c00 JavaThread "Signal Dispatcher" daemon [_thread_blocked, id=2560, stack(0x72b75000,0x72bc6000)]
  0x72e15000 JavaThread "Finalizer" daemon [_thread_blocked, id=2559, stack(0x72d5e000,0x72daf000)]
  0x72e13800 JavaThread "Reference Handler" daemon [_thread_blocked, id=2558, stack(0x72daf000,0x72e00000)]
=>0xb6206400 JavaThread "main" [_thread_in_native, id=2552, stack(0xb6350000,0xb63a1000)]

Other Threads:
  0x72e11000 VMThread [stack: 0x72f47000,0x72fc8000] [id=2557]
  0x72e2f000 WatcherThread [stack: 0x729a1000,0x72a22000] [id=2564]

VM state:not at safepoint (normal execution)

VM Mutex/Monitor currently owned by a thread: None

Heap
 PSYoungGen      total 16128K, used 10779K [0xa1480000, 0xa2640000, 0xb3140000)
  eden space 14080K, 76% used [0xa1480000,0xa1f06fb0,0xa2240000)
  from space 2048K, 0% used [0xa2440000,0xa2440000,0xa2640000)
  to   space 2048K, 0% used [0xa2240000,0xa2240000,0xa2440000)
 ParOldGen       total 36352K, used 0K [0x7db40000, 0x7fec0000, 0xa1480000)
  object space 36352K, 0% used [0x7db40000,0x7db40000,0x7fec0000)
 PSPermGen       total 16384K, used 5527K [0x75b40000, 0x76b40000, 0x7db40000)
  object space 16384K, 33% used [0x75b40000,0x760a5c08,0x76b40000)

Card table byte_map: [0x75954000,0x75b40000] byte_map_base: 0x755a6600

Polling page: 0xb778d000

Code Cache  [0xb3200000, 0xb3440000, 0xb6200000)
 total_blobs=414 nmethods=20 adapters=349 free_code_cache=48727Kb largest_free_block=49883648

Compilation events (10 events):
Event: 0.582 Thread 0x72e2b400   15             org.lwjgl.system.MemoryAccess$MemoryAccessorUnsafe$1::encodeASCII (68 bytes)
Event: 0.586 Thread 0x72e2b400 nmethod 15 0xb3266bc8 code [0xb3266ce0, 0xb3266f70]
Event: 0.593 Thread 0x72e29400   16             java.lang.String::equals (81 bytes)
Event: 0.596 Thread 0x72e29400 nmethod 16 0xb3266548 code [0xb3266640, 0xb32668d0]
Event: 0.644 Thread 0x72e29400   17             sun.net.www.ParseUtil::encodePath (336 bytes)
Event: 0.650 Thread 0x72e29400 nmethod 17 0xb3267fc8 code [0xb3268120, 0xb32686c4]
Event: 0.662 Thread 0x72e2b400   18             java.lang.String::length (6 bytes)
Event: 0.662 Thread 0x72e2b400 nmethod 18 0xb3269008 code [0xb3269100, 0xb3269150]
Event: 0.706 Thread 0x72e2b400   20             java.lang.String::startsWith (72 bytes)
Event: 0.708 Thread 0x72e2b400 nmethod 20 0xb3269ac8 code [0xb3269bc0, 0xb3269cf0]

GC Heap History (0 events):
No events

Deoptimization events (2 events):
Event: 0.715 Thread 0xb6206400 Uncommon trap: reason=unstable_if action=reinterpret pc=0xb3261924 method=java.lang.String.replace(CC)Ljava/lang/String; @ 2
Event: 1.999 Thread 0xb6206400 Uncommon trap: reason=unstable_if action=reinterpret pc=0xb325d090 method=java.lang.String.indexOf([CII[CIII)I @ 3

Internal exceptions (10 events):
Event: 0.712 Thread 0xb6206400 Threw 0xa1e93b50 at /build/java7-openjdk/src/icedtea-2.6.6/openjdk/hotspot/src/share/vm/prims/jvm.cpp:1322
Event: 0.712 Thread 0xb6206400 Threw 0xa1e96ae8 at /build/java7-openjdk/src/icedtea-2.6.6/openjdk/hotspot/src/share/vm/prims/jvm.cpp:1322
Event: 0.713 Thread 0xb6206400 Threw 0xa1e9c9e8 at /build/java7-openjdk/src/icedtea-2.6.6/openjdk/hotspot/src/share/vm/prims/jvm.cpp:1322
Event: 0.713 Thread 0xb6206400 Threw 0xa1ea1860 at /build/java7-openjdk/src/icedtea-2.6.6/openjdk/hotspot/src/share/vm/prims/jvm.cpp:1322
Event: 0.713 Thread 0xb6206400 Threw 0xa1ea65d0 at /build/java7-openjdk/src/icedtea-2.6.6/openjdk/hotspot/src/share/vm/prims/jvm.cpp:1322
Event: 0.714 Thread 0xb6206400 Threw 0xa1ea9b30 at /build/java7-openjdk/src/icedtea-2.6.6/openjdk/hotspot/src/share/vm/prims/jvm.cpp:1322
Event: 0.714 Thread 0xb6206400 Threw 0xa1eabb88 at /build/java7-openjdk/src/icedtea-2.6.6/openjdk/hotspot/src/share/vm/prims/jvm.cpp:1322
Event: 0.715 Thread 0xb6206400 Threw 0xa1eadcd0 at /build/java7-openjdk/src/icedtea-2.6.6/openjdk/hotspot/src/share/vm/prims/jvm.cpp:1322
Event: 0.715 Thread 0xb6206400 Threw 0xa1eafeb8 at /build/java7-openjdk/src/icedtea-2.6.6/openjdk/hotspot/src/share/vm/prims/jvm.cpp:1322
Event: 0.716 Thread 0xb6206400 Threw 0xa1eb4498 at /build/java7-openjdk/src/icedtea-2.6.6/openjdk/hotspot/src/share/vm/prims/jvm.cpp:1322

Events (10 events):
Event: 2.000 loading class 0x757184f0
Event: 2.000 loading class 0x757184f0 done
Event: 2.000 loading class 0x72e8c348
Event: 2.000 loading class 0x72e8c348 done
Event: 2.000 loading class 0x72e8ca18
Event: 2.001 loading class 0x72e8bc30
Event: 2.001 loading class 0x72e8d2b8
Event: 2.001 loading class 0x72e8d2b8 done
Event: 2.001 loading class 0x72e8bc30 done
Event: 2.001 loading class 0x72e8ca18 done


Dynamic libraries:
08048000-08049000 r-xp 00000000 08:05 662509     /usr/lib/jvm/java-7-openjdk/jre/bin/java
08049000-0804a000 rw-p 00000000 08:05 662509     /usr/lib/jvm/java-7-openjdk/jre/bin/java
09028000-09092000 rw-p 00000000 00:00 0          [heap]
6f300000-6f3c3000 rw-p 00000000 00:00 0 
6f3c3000-6f400000 ---p 00000000 00:00 0 
6f460000-6f4e0000 rw-s 18107000 00:06 13400      /dev/nvidiactl
6f4e0000-6f560000 rw-s 2a2c7000 00:06 13400      /dev/nvidiactl
6f560000-6f5e0000 rw-s 2a28b000 00:06 13400      /dev/nvidiactl
6f5e0000-6f6e0000 rw-s 23055000 00:06 13400      /dev/nvidiactl
6f6e0000-6f700000 rw-s f00e0000 00:06 13401      /dev/nvidia0
6f700000-6f740000 rw-s 1be83000 00:06 13400      /dev/nvidiactl
6f740000-6f760000 rw-s 2305b000 00:06 13400      /dev/nvidiactl
6f760000-6f7a0000 rw-s 115f8000 00:06 13400      /dev/nvidiactl
6f7a0000-6f7c0000 rw-s 2305a000 00:06 13400      /dev/nvidiactl
6f7c0000-6f800000 rw-s 18101000 00:06 13400      /dev/nvidiactl
6f800000-6f8fd000 rw-p 00000000 00:00 0 
6f8fd000-6f900000 ---p 00000000 00:00 0 
6f90d000-6f9c0000 rw-p 00000000 00:00 0 
6fafc000-6fc00000 rw-s 2e6c8000 00:06 13400      /dev/nvidiactl
6fc00000-6fcea000 rw-p 00000000 00:00 0 
6fcea000-6fd00000 ---p 00000000 00:00 0 
6fd31000-6fd72000 rw-p 00000000 00:00 0 
6fd72000-71963000 r-xp 00000000 08:05 418757     /usr/lib/libnvidia-glcore.so.364.19
71963000-71983000 rwxp 01bf1000 08:05 418757     /usr/lib/libnvidia-glcore.so.364.19
71983000-7201c000 r-xp 01c11000 08:05 418757     /usr/lib/libnvidia-glcore.so.364.19
7201c000-720ba000 rw-p 022a9000 08:05 418757     /usr/lib/libnvidia-glcore.so.364.19
720ba000-720cd000 rw-p 00000000 00:00 0 
720cd000-7218d000 r-xp 00000000 08:05 426723     /usr/lib/libGLX_nvidia.so.364.19
7218d000-721ad000 rwxp 000c0000 08:05 426723     /usr/lib/libGLX_nvidia.so.364.19
721ad000-721d6000 r-xp 000e0000 08:05 426723     /usr/lib/libGLX_nvidia.so.364.19
721d6000-721db000 rw-p 00108000 08:05 426723     /usr/lib/libGLX_nvidia.so.364.19
721db000-721df000 rw-p 00000000 00:00 0 
721df000-72273000 r-xp 00000000 08:05 443425     /usr/lib/libGLdispatch.so.0.0.0
72273000-72274000 ---p 00094000 08:05 443425     /usr/lib/libGLdispatch.so.0.0.0
72274000-7227c000 r--p 00094000 08:05 443425     /usr/lib/libGLdispatch.so.0.0.0
7227c000-7227d000 rw-p 0009c000 08:05 443425     /usr/lib/libGLdispatch.so.0.0.0
7227d000-7228d000 rw-p 00000000 00:00 0 
7228d000-7229e000 r-xp 00000000 08:05 443376     /usr/lib/libGLX.so.0.0.0
7229e000-7229f000 r--p 00010000 08:05 443376     /usr/lib/libGLX.so.0.0.0
7229f000-722a0000 rw-p 00011000 08:05 443376     /usr/lib/libGLX.so.0.0.0
722a0000-722b0000 rw-p 00000000 00:00 0 
722b0000-723fb000 r-xp 00000000 08:05 417030     /usr/lib/libX11.so.6.3.0
723fb000-723fd000 r--p 0014b000 08:05 417030     /usr/lib/libX11.so.6.3.0
723fd000-72400000 rw-p 0014d000 08:05 417030     /usr/lib/libX11.so.6.3.0
72400000-72800000 rw-p 00000000 00:00 0 
72806000-72819000 rw-s 2a3fb000 00:06 13400      /dev/nvidiactl
72819000-7281d000 rw-s 1147c000 00:06 13400      /dev/nvidiactl
7281d000-72821000 r-xp 00000000 08:05 443826     /usr/lib/tls/libnvidia-tls.so.364.19
72821000-72822000 rw-p 00003000 08:05 443826     /usr/lib/tls/libnvidia-tls.so.364.19
72822000-72890000 r-xp 00000000 08:05 443440     /usr/lib/nvidia/libGL.so.1.0.0
72890000-72891000 r--p 0006d000 08:05 443440     /usr/lib/nvidia/libGL.so.1.0.0
72891000-72892000 rw-p 0006e000 08:05 443440     /usr/lib/nvidia/libGL.so.1.0.0
72892000-72897000 r-xp 00000000 08:05 414447     /usr/lib/libXdmcp.so.6.0.0
72897000-72898000 r--p 00004000 08:05 414447     /usr/lib/libXdmcp.so.6.0.0
72898000-72899000 rw-p 00005000 08:05 414447     /usr/lib/libXdmcp.so.6.0.0
72899000-7289b000 r-xp 00000000 08:05 414580     /usr/lib/libXau.so.6.0.0
7289b000-7289c000 r--p 00001000 08:05 414580     /usr/lib/libXau.so.6.0.0
7289c000-7289d000 rw-p 00002000 08:05 414580     /usr/lib/libXau.so.6.0.0
7289d000-728a1000 r-xp 00000000 08:05 418466     /usr/lib/libXfixes.so.3.1.0
728a1000-728a2000 r--p 00003000 08:05 418466     /usr/lib/libXfixes.so.3.1.0
728a2000-728a3000 rw-p 00004000 08:05 418466     /usr/lib/libXfixes.so.3.1.0
728a3000-728ad000 r-xp 00000000 08:05 419232     /usr/lib/libXrender.so.1.3.0
728ad000-728ae000 r--p 00009000 08:05 419232     /usr/lib/libXrender.so.1.3.0
728ae000-728af000 rw-p 0000a000 08:05 419232     /usr/lib/libXrender.so.1.3.0
728af000-728c2000 r-xp 00000000 08:05 418425     /usr/lib/libXext.so.6.4.0
728c2000-728c3000 r--p 00012000 08:05 418425     /usr/lib/libXext.so.6.4.0
728c3000-728c4000 rw-p 00013000 08:05 418425     /usr/lib/libXext.so.6.4.0
728c4000-728e8000 r-xp 00000000 08:05 416949     /usr/lib/libxcb.so.1.1.0
728e8000-728e9000 ---p 00024000 08:05 416949     /usr/lib/libxcb.so.1.1.0
728e9000-728ea000 r--p 00024000 08:05 416949     /usr/lib/libxcb.so.1.1.0
728ea000-728eb000 rw-p 00025000 08:05 416949     /usr/lib/libxcb.so.1.1.0
728eb000-728f5000 r-xp 00000000 08:05 419326     /usr/lib/libXcursor.so.1.0.2
728f5000-728f6000 r--p 00009000 08:05 419326     /usr/lib/libXcursor.so.1.0.2
728f6000-728f7000 rw-p 0000a000 08:05 419326     /usr/lib/libXcursor.so.1.0.2
728f7000-728fc000 r-xp 00000000 08:05 418458     /usr/lib/libXxf86vm.so.1.0.0
728fc000-728fd000 r--p 00004000 08:05 418458     /usr/lib/libXxf86vm.so.1.0.0
728fd000-728fe000 rw-p 00005000 08:05 418458     /usr/lib/libXxf86vm.so.1.0.0
728fe000-7290f000 r-xp 00000000 08:05 419224     /usr/lib/libXi.so.6.1.0
7290f000-72910000 r--p 00010000 08:05 419224     /usr/lib/libXi.so.6.1.0
72910000-72911000 rw-p 00011000 08:05 419224     /usr/lib/libXi.so.6.1.0
72913000-72936000 rw-p 00000000 00:00 0 
72936000-72941000 r-xp 00000000 08:06 169984     /home/castiel/Downloads/LWJGL -- Java Open GL/native/liblwjgl32.so
72941000-7299e000 r-xp 00000000 00:00 0 
7299e000-7299f000 r--p 00031000 08:06 169984     /home/castiel/Downloads/LWJGL -- Java Open GL/native/liblwjgl32.so
7299f000-729a0000 rw-p 00032000 08:06 169984     /home/castiel/Downloads/LWJGL -- Java Open GL/native/liblwjgl32.so
729a0000-729a1000 rw-p 00000000 00:00 0 
729a1000-729a2000 ---p 00000000 00:00 0 
729a2000-72a22000 rw-p 00000000 00:00 0          [stack:2564]
72a22000-72a25000 ---p 00000000 00:00 0 
72a25000-72a73000 rw-p 00000000 00:00 0          [stack:2563]
72a73000-72a76000 ---p 00000000 00:00 0 
72a76000-72af4000 rw-p 00000000 00:00 0          [stack:2562]
72af4000-72af7000 ---p 00000000 00:00 0 
72af7000-72b75000 rw-p 00000000 00:00 0          [stack:2561]
72b75000-72b78000 ---p 00000000 00:00 0 
72b78000-72bc6000 rw-p 00000000 00:00 0          [stack:2560]
72bc6000-72d5e000 r--p 00000000 08:05 436420     /usr/lib/locale/locale-archive
72d5e000-72d61000 ---p 00000000 00:00 0 
72d61000-72daf000 rw-p 00000000 00:00 0          [stack:2559]
72daf000-72db2000 ---p 00000000 00:00 0 
72db2000-72e00000 rw-p 00000000 00:00 0          [stack:2558]
72e00000-72efd000 rw-p 00000000 00:00 0 
72efd000-72f00000 ---p 00000000 00:00 0 
72f02000-72f04000 r-xp 00000000 08:05 419264     /usr/lib/libXinerama.so.1.0.0
72f04000-72f05000 r--p 00001000 08:05 419264     /usr/lib/libXinerama.so.1.0.0
72f05000-72f06000 rw-p 00002000 08:05 419264     /usr/lib/libXinerama.so.1.0.0
72f06000-72f07000 r-xp 00000000 08:06 169981     /home/castiel/Downloads/LWJGL -- Java Open GL/native/libjemalloc32.so
72f07000-72f44000 r-xp 00000000 00:00 0 
72f44000-72f45000 ---p 0003e000 08:06 169981     /home/castiel/Downloads/LWJGL -- Java Open GL/native/libjemalloc32.so
72f45000-72f46000 r--p 00019000 08:06 169981     /home/castiel/Downloads/LWJGL -- Java Open GL/native/libjemalloc32.so
72f46000-72f47000 rw-p 0001a000 08:06 169981     /home/castiel/Downloads/LWJGL -- Java Open GL/native/libjemalloc32.so
72f47000-72f48000 ---p 00000000 00:00 0 
72f48000-72fc8000 rw-p 00000000 00:00 0          [stack:2557]
72fc8000-7317a000 r--s 01d32000 08:05 662492     /usr/lib/jvm/java-7-openjdk/jre/lib/rt.jar
7317a000-75400000 rw-p 00000000 00:00 0 
75400000-75421000 rw-p 00000000 00:00 0 
75421000-75500000 ---p 00000000 00:00 0 
75500000-75502000 r-xp 00000000 08:06 169978     /home/castiel/Downloads/LWJGL -- Java Open GL/native/libglfw32.so
75502000-75519000 r-xp 00000000 00:00 0 
75519000-7551a000 r--p 0000b000 08:06 169978     /home/castiel/Downloads/LWJGL -- Java Open GL/native/libglfw32.so
7551a000-7551b000 rw-p 0000c000 08:06 169978     /home/castiel/Downloads/LWJGL -- Java Open GL/native/libglfw32.so
7551b000-75536000 r--s 001e6000 08:06 170001     /home/castiel/Downloads/LWJGL -- Java Open GL/jar/lwjgl.jar
75536000-7557f000 rw-p 00000000 00:00 0 
7557f000-75580000 ---p 00000000 00:00 0 
75580000-75600000 rw-p 00000000 00:00 0          [stack:2556]
75600000-75621000 rw-p 00000000 00:00 0 
75621000-75700000 ---p 00000000 00:00 0 
75703000-75776000 rw-p 00000000 00:00 0 
75776000-75777000 ---p 00000000 00:00 0 
75777000-757ff000 rw-p 00000000 00:00 0          [stack:2554]
757ff000-75837000 rw-p 00000000 00:00 0 
75837000-75849000 rw-p 00000000 00:00 0 
75849000-75954000 rw-p 00000000 00:00 0 
75954000-7595c000 rw-p 00000000 00:00 0 
7595c000-75994000 rw-p 00000000 00:00 0 
75994000-759a6000 rw-p 00000000 00:00 0 
759a6000-75ab0000 rw-p 00000000 00:00 0 
75ab0000-75aba000 rw-p 00000000 00:00 0 
75aba000-75b3f000 rw-p 00000000 00:00 0 
75b3f000-76b40000 rw-p 00000000 00:00 0 
76b40000-7db40000 rw-p 00000000 00:00 0 
7db40000-7fec0000 rw-p 00000000 00:00 0 
7fec0000-a1480000 rw-p 00000000 00:00 0 
a1480000-a2640000 rw-p 00000000 00:00 0 
a2640000-b3140000 rw-p 00000000 00:00 0 
b3140000-b3149000 rw-p 00000000 00:00 0 
b3149000-b3200000 rw-p 00000000 00:00 0 
b3200000-b3440000 rwxp 00000000 00:00 0 
b3440000-b62fb000 rw-p 00000000 00:00 0 
b62fb000-b6300000 ---p 00000000 00:00 0 
b6300000-b6301000 rw-s 2a3fa000 00:06 13400      /dev/nvidiactl
b6301000-b6302000 rw-s f7f65000 00:06 13401      /dev/nvidia0
b6302000-b6303000 rw-s f7f64000 00:06 13401      /dev/nvidia0
b6303000-b630e000 r-xp 00000000 08:05 419256     /usr/lib/libXrandr.so.2.2.0
b630e000-b630f000 r--p 0000a000 08:05 419256     /usr/lib/libXrandr.so.2.2.0
b630f000-b6310000 rw-p 0000b000 08:05 419256     /usr/lib/libXrandr.so.2.2.0
b6310000-b6318000 r-xp 00000000 08:05 130515     /usr/lib/jvm/java-7-openjdk/jre/lib/i386/libzip.so
b6318000-b6319000 rw-p 00007000 08:05 130515     /usr/lib/jvm/java-7-openjdk/jre/lib/i386/libzip.so
b6319000-b6321000 rw-s 00000000 00:22 25851      /tmp/hsperfdata_castiel/2550
b6321000-b6346000 r-xp 00000000 08:05 130514     /usr/lib/jvm/java-7-openjdk/jre/lib/i386/libjava.so
b6346000-b6347000 rw-p 00025000 08:05 130514     /usr/lib/jvm/java-7-openjdk/jre/lib/i386/libjava.so
b6347000-b634e000 r-xp 00000000 08:05 393451     /usr/lib/librt-2.23.so
b634e000-b634f000 r--p 00006000 08:05 393451     /usr/lib/librt-2.23.so
b634f000-b6350000 rw-p 00007000 08:05 393451     /usr/lib/librt-2.23.so
b6350000-b6353000 ---p 00000000 00:00 0 
b6353000-b63a1000 rw-p 00000000 00:00 0          [stack:2552]
b63a1000-b63bd000 r-xp 00000000 08:05 393668     /usr/lib/libgcc_s.so.1
b63bd000-b63be000 rw-p 0001b000 08:05 393668     /usr/lib/libgcc_s.so.1
b63be000-b6411000 r-xp 00000000 08:05 393448     /usr/lib/libm-2.23.so
b6411000-b6412000 r--p 00052000 08:05 393448     /usr/lib/libm-2.23.so
b6412000-b6413000 rw-p 00053000 08:05 393448     /usr/lib/libm-2.23.so
b6413000-b6588000 r-xp 00000000 08:05 393707     /usr/lib/libstdc++.so.6.0.22
b6588000-b658e000 r--p 00174000 08:05 393707     /usr/lib/libstdc++.so.6.0.22
b658e000-b658f000 rw-p 0017a000 08:05 393707     /usr/lib/libstdc++.so.6.0.22
b658f000-b6592000 rw-p 00000000 00:00 0 
b6592000-b70fa000 r-xp 00000000 08:05 130550     /usr/lib/jvm/java-7-openjdk/jre/lib/i386/server/libjvm.so
b70fa000-b7159000 rw-p 00b67000 08:05 130550     /usr/lib/jvm/java-7-openjdk/jre/lib/i386/server/libjvm.so
b7159000-b7578000 rw-p 00000000 00:00 0 
b7578000-b758e000 r-xp 00000000 08:05 396574     /usr/lib/libz.so.1.2.8
b758e000-b758f000 r--p 00015000 08:05 396574     /usr/lib/libz.so.1.2.8
b758f000-b7590000 rw-p 00016000 08:05 396574     /usr/lib/libz.so.1.2.8
b7590000-b773e000 r-xp 00000000 08:05 393369     /usr/lib/libc-2.23.so
b773e000-b773f000 ---p 001ae000 08:05 393369     /usr/lib/libc-2.23.so
b773f000-b7741000 r--p 001ae000 08:05 393369     /usr/lib/libc-2.23.so
b7741000-b7742000 rw-p 001b0000 08:05 393369     /usr/lib/libc-2.23.so
b7742000-b7745000 rw-p 00000000 00:00 0 
b7745000-b7748000 r-xp 00000000 08:05 393447     /usr/lib/libdl-2.23.so
b7748000-b7749000 r--p 00002000 08:05 393447     /usr/lib/libdl-2.23.so
b7749000-b774a000 rw-p 00003000 08:05 393447     /usr/lib/libdl-2.23.so
b774a000-b774b000 rw-p 00000000 00:00 0 
b774b000-b7757000 r-xp 00000000 08:05 130543     /usr/lib/jvm/java-7-openjdk/jre/lib/i386/jli/libjli.so
b7757000-b7758000 rw-p 0000b000 08:05 130543     /usr/lib/jvm/java-7-openjdk/jre/lib/i386/jli/libjli.so
b7758000-b7771000 r-xp 00000000 08:05 393343     /usr/lib/libpthread-2.23.so
b7771000-b7772000 r--p 00018000 08:05 393343     /usr/lib/libpthread-2.23.so
b7772000-b7773000 rw-p 00019000 08:05 393343     /usr/lib/libpthread-2.23.so
b7773000-b7775000 rw-p 00000000 00:00 0 
b7775000-b7776000 rw-s f7f63000 00:06 13401      /dev/nvidia0
b7776000-b7777000 rw-s 1e5ef000 00:06 13400      /dev/nvidiactl
b7777000-b7778000 rw-s fd060000 00:06 13401      /dev/nvidia0
b7778000-b7779000 rwxp 00000000 00:00 0 
b7779000-b7784000 r-xp 00000000 08:05 393443     /usr/lib/libnss_files-2.23.so
b7784000-b7785000 r--p 0000a000 08:05 393443     /usr/lib/libnss_files-2.23.so
b7785000-b7786000 rw-p 0000b000 08:05 393443     /usr/lib/libnss_files-2.23.so
b7786000-b778d000 rw-p 00000000 00:00 0 
b778d000-b778e000 r--p 00000000 00:00 0 
b778e000-b7799000 r-xp 00000000 08:05 130513     /usr/lib/jvm/java-7-openjdk/jre/lib/i386/libverify.so
b7799000-b779a000 rw-p 0000a000 08:05 130513     /usr/lib/jvm/java-7-openjdk/jre/lib/i386/libverify.so
b779a000-b779b000 rw-p 00000000 00:00 0 
b779b000-b779d000 r--p 00000000 00:00 0          [vvar]
b779d000-b779e000 r-xp 00000000 00:00 0          [vdso]
b779e000-b77c0000 r-xp 00000000 08:05 393368     /usr/lib/ld-2.23.so
b77c0000-b77c1000 r--p 00021000 08:05 393368     /usr/lib/ld-2.23.so
b77c1000-b77c2000 rw-p 00022000 08:05 393368     /usr/lib/ld-2.23.so
bff21000-bff22000 rwxp 00000000 00:00 0 
bff54000-bff75000 rw-p 00000000 00:00 0          [stack]

VM Arguments:
jvm_args: -Dfile.encoding=UTF-8 -Djava.library.path=/home/castiel/Downloads/LWJGL -- Java Open GL/native/ 
java_command: opengl.test.Demo
Launcher Type: SUN_STANDARD

Environment Variables:
PATH=/usr/local/sbin:/usr/local/bin:/usr/bin:/usr/lib/jvm/default/bin:/usr/bin/site_perl:/usr/bin/vendor_perl:/usr/bin/core_perl
LD_LIBRARY_PATH=/usr/lib/jvm/default/bin/../jre/lib/amd64:/usr/lib/jvm/default/bin/../jre/lib/i386:
SHELL=/bin/bash
DISPLAY=:0.0

Signal Handlers:
SIGSEGV: [libjvm.so+0x812cd0], sa_mask[0]=0x7ffbfeff, sa_flags=0x10000004
SIGBUS: [libjvm.so+0x812cd0], sa_mask[0]=0x7ffbfeff, sa_flags=0x10000004
SIGFPE: [libjvm.so+0x68b580], sa_mask[0]=0x7ffbfeff, sa_flags=0x10000004
SIGPIPE: [libjvm.so+0x68b580], sa_mask[0]=0x7ffbfeff, sa_flags=0x10000004
SIGXFSZ: [libjvm.so+0x68b580], sa_mask[0]=0x7ffbfeff, sa_flags=0x10000004
SIGILL: [libjvm.so+0x68b580], sa_mask[0]=0x7ffbfeff, sa_flags=0x10000004
SIGUSR1: SIG_DFL, sa_mask[0]=0x00000000, sa_flags=0x00000000
SIGUSR2: [libjvm.so+0x68b3d0], sa_mask[0]=0x00000004, sa_flags=0x10000004
SIGHUP: [libjvm.so+0x68b5b0], sa_mask[0]=0x7ffbfeff, sa_flags=0x10000004
SIGINT: SIG_IGN, sa_mask[0]=0x00000000, sa_flags=0x00000000
SIGTERM: [libjvm.so+0x68b5b0], sa_mask[0]=0x7ffbfeff, sa_flags=0x10000004
SIGQUIT: [libjvm.so+0x68b5b0], sa_mask[0]=0x7ffbfeff, sa_flags=0x10000004
SIGTRAP: SIG_DFL, sa_mask[0]=0x00000000, sa_flags=0x00000000


---------------  S Y S T E M  ---------------

OS:Linux
uname:Linux 4.4.10-1-lts #1 SMP Wed May 11 21:32:48 CEST 2016 i686
libc:glibc 2.23 NPTL 2.23 
rlimit: STACK 8192k, CORE infinity, NPROC 27267, NOFILE 4096, AS infinity
load average:1.90 1.62 0.96

/proc/meminfo:
MemTotal:        3494600 kB
MemFree:         1061020 kB
MemAvailable:    2200676 kB
Buffers:          100672 kB
Cached:          1213816 kB
SwapCached:            0 kB
Active:          1309756 kB
Inactive:         984436 kB
Active(anon):     980260 kB
Inactive(anon):    24300 kB
Active(file):     329496 kB
Inactive(file):   960136 kB
Unevictable:          32 kB
Mlocked:              32 kB
HighTotal:       2629320 kB
HighFree:         760392 kB
LowTotal:         865280 kB
LowFree:          300628 kB
SwapTotal:             0 kB
SwapFree:              0 kB
Dirty:               484 kB
Writeback:             0 kB
AnonPages:        979752 kB
Mapped:           279416 kB
Shmem:             24840 kB
Slab:              62204 kB
SReclaimable:      47024 kB
SUnreclaim:        15180 kB
KernelStack:        3056 kB
PageTables:         4720 kB
NFS_Unstable:          0 kB
Bounce:                0 kB
WritebackTmp:          0 kB
CommitLimit:     1747300 kB
Committed_AS:    3395112 kB
VmallocTotal:     122880 kB
VmallocUsed:           0 kB
VmallocChunk:          0 kB
HardwareCorrupted:     0 kB
AnonHugePages:    335872 kB
HugePages_Total:       0
HugePages_Free:        0
HugePages_Rsvd:        0
HugePages_Surp:        0
Hugepagesize:       4096 kB
DirectMap4k:      274424 kB
DirectMap4M:      634880 kB


CPU:total 2 (2 cores per cpu, 1 threads per core) family 6 model 23 stepping 10, cmov, cx8, fxsr, mmx, sse, sse2, sse3, ssse3, sse4.1, tsc

/proc/cpuinfo:
processor	: 0
vendor_id	: GenuineIntel
cpu family	: 6
model		: 23
model name	: Intel(R) Core(TM)2 Duo CPU     E8400  @ 3.00GHz
stepping	: 10
microcode	: 0xa07
cpu MHz		: 3003.000
cache size	: 6144 KB
physical id	: 0
siblings	: 2
core id		: 0
cpu cores	: 2
apicid		: 0
initial apicid	: 0
fdiv_bug	: no
f00f_bug	: no
coma_bug	: no
fpu		: yes
fpu_exception	: yes
cpuid level	: 13
wp		: yes
flags		: fpu vme de pse tsc msr pae mce cx8 apic sep mtrr pge mca cmov pat pse36 clflush dts acpi mmx fxsr sse sse2 ss ht tm pbe lm constant_tsc arch_perfmon pebs bts aperfmperf pni dtes64 monitor ds_cpl vmx smx est tm2 ssse3 cx16 xtpr pdcm sse4_1 xsave lahf_lm dtherm tpr_shadow vnmi flexpriority
bugs		:
bogomips	: 5986.73
clflush size	: 64
cache_alignment	: 64
address sizes	: 36 bits physical, 48 bits virtual
power management:

processor	: 1
vendor_id	: GenuineIntel
cpu family	: 6
model		: 23
model name	: Intel(R) Core(TM)2 Duo CPU     E8400  @ 3.00GHz
stepping	: 10
microcode	: 0xa07
cpu MHz		: 3003.000
cache size	: 6144 KB
physical id	: 0
siblings	: 2
core id		: 1
cpu cores	: 2
apicid		: 1
initial apicid	: 1
fdiv_bug	: no
f00f_bug	: no
coma_bug	: no
fpu		: yes
fpu_exception	: yes
cpuid level	: 13
wp		: yes
flags		: fpu vme de pse tsc msr pae mce cx8 apic sep mtrr pge mca cmov pat pse36 clflush dts acpi mmx fxsr sse sse2 ss ht tm pbe lm constant_tsc arch_perfmon pebs bts aperfmperf pni dtes64 monitor ds_cpl vmx smx est tm2 ssse3 cx16 xtpr pdcm sse4_1 xsave lahf_lm dtherm tpr_shadow vnmi flexpriority
bugs		:
bogomips	: 5986.73
clflush size	: 64
cache_alignment	: 64
address sizes	: 36 bits physical, 48 bits virtual
power management:



Memory: 4k page, physical 3494600k(1061020k free), swap 0k(0k free)

vm_info: OpenJDK Server VM (24.95-b01) for linux-x86 JRE (1.7.0_101-b00), built on May  2 2016 15:59:33 by "builduser" with gcc 5.3.0

time: Mon May 16 17:24:45 2016
elapsed time: 2 seconds

