#
# A fatal error has been detected by the Java Runtime Environment:
#
#  SIGSEGV (0xb) at pc=0x7280be47, pid=4048, tid=3057322816
#
# JRE version: OpenJDK Runtime Environment (7.0_95) (build 1.7.0_95-b00)
# Java VM: OpenJDK Server VM (24.95-b01 mixed mode linux-x86 )
# Derivative: IcedTea 2.6.4
# Distribution: Custom build (Thu Jan 21 12:40:31 UTC 2016)
# Problematic frame:
# C  0x7280be47
#
# Core dump written. Default location: /home/castiel/Dev/Java/Project/OpenGl Test/core or core.4048
#
# If you would like to submit a bug report, please include
# instructions on how to reproduce the bug and visit:
#   http://icedtea.classpath.org/bugzilla
# The crash happened outside the Java Virtual Machine in native code.
# See problematic frame for where to report the bug.
#

---------------  T H R E A D  ---------------

Current thread (0xb6206400):  JavaThread "main" [_thread_in_native, id=4050, stack(0xb6360000,0xb63b1000)]

siginfo:si_signo=SIGSEGV: si_errno=0, si_code=1 (SEGV_MAPERR), si_addr=0x00000000

Registers:
EAX=0x6f8406d8, EBX=0x6fb89000, ECX=0x00000000, EDX=0x6f393c04
ESP=0xb63af9b8, EBP=0x6f393c18, ESI=0x00000000, EDI=0x00000000
EIP=0x7280be47, EFLAGS=0x00010246, CR2=0x00000000

Top of Stack: (sp=0xb63af9b8)
0xb63af9b8:   6f393c18 000000c0 00000000 6fb89000
0xb63af9c8:   00000000 717d28bc 6fb89000 6f8406d8
0xb63af9d8:   6f393c00 00000006 00000000 00000000
0xb63af9e8:   00000000 00000000 00000020 00000000
0xb63af9f8:   6faa2ab0 6f37fa68 6fa0d008 7280be00
0xb63afa08:   00000000 00000000 00000006 00000000
0xb63afa18:   00000000 00000000 00000000 00000006
0xb63afa28:   6f393c00 6f393c00 00000029 6f37fa68 

Instructions: (pc=0x7280be47)
0x7280be27:   2c 24 8b 0a 03 0d a8 61 bd 6f 83 c2 04 8b 35 54
0x7280be37:   79 bb 6f 8b b6 84 02 00 00 8b f9 c1 e7 05 03 f7
0x7280be47:   8b 3e 8b 6e 04 89 38 89 68 04 8b 7e 08 89 78 08
0x7280be57:   8b 35 54 79 bb 6f 8b b6 ac 02 00 00 8b f9 c1 e7 

Register to memory mapping:

EAX=0x6f8406d8 is an unknown value
EBX=0x6fb89000 is an unknown value
ECX=0x00000000 is an unknown value
EDX=0x6f393c04 is an unknown value
ESP=0xb63af9b8 is pointing into the stack for thread: 0xb6206400
EBP=0x6f393c18 is an unknown value
ESI=0x00000000 is an unknown value
EDI=0x00000000 is an unknown value


Stack: [0xb6360000,0xb63b1000],  sp=0xb63af9b8,  free space=318k
Native frames: (J=compiled Java code, j=interpreted, Vv=VM code, C=native code)
C  0x7280be47

Java frames: (J=compiled Java code, j=interpreted, Vv=VM code)
j  org.lwjgl.system.JNI.callIIIPV(JIIIJ)V+0
j  org.lwjgl.opengl.GL11.nglDrawElements(IIIJ)V+14
j  org.lwjgl.opengl.GL11.glDrawElements(IIIJ)V+17
j  opengl.test.object.tugiac.render()V+25
j  opengl.test.Demo.render()V+107
j  opengl.test.OpenGL.loop()V+29
j  opengl.test.OpenGL.<init>()V+200
j  opengl.test.Demo.<init>()V+1
j  opengl.test.Demo.main([Ljava/lang/String;)V+4
v  ~StubRoutines::call_stub

---------------  P R O C E S S  ---------------

Java Threads: ( => current thread )
  0x72e2e400 JavaThread "Service Thread" daemon [_thread_blocked, id=4061, stack(0x72a22000,0x72a73000)]
  0x72e2c400 JavaThread "C2 CompilerThread1" daemon [_thread_blocked, id=4060, stack(0x72a73000,0x72af4000)]
  0x72e2a400 JavaThread "C2 CompilerThread0" daemon [_thread_blocked, id=4059, stack(0x72af4000,0x72b75000)]
  0x72e28c00 JavaThread "Signal Dispatcher" daemon [_thread_blocked, id=4058, stack(0x72b75000,0x72bc6000)]
  0x72e15000 JavaThread "Finalizer" daemon [_thread_blocked, id=4057, stack(0x72d5e000,0x72daf000)]
  0x72e13800 JavaThread "Reference Handler" daemon [_thread_blocked, id=4056, stack(0x72daf000,0x72e00000)]
=>0xb6206400 JavaThread "main" [_thread_in_native, id=4050, stack(0xb6360000,0xb63b1000)]

Other Threads:
  0x72e11000 VMThread [stack: 0x72f47000,0x72fc8000] [id=4055]
  0x72e30400 WatcherThread [stack: 0x729a1000,0x72a22000] [id=4062]

VM state:not at safepoint (normal execution)

VM Mutex/Monitor currently owned by a thread: None

Heap
 PSYoungGen      total 16128K, used 10740K [0xa1480000, 0xa2640000, 0xb3140000)
  eden space 14080K, 76% used [0xa1480000,0xa1efd3a0,0xa2240000)
  from space 2048K, 0% used [0xa2440000,0xa2440000,0xa2640000)
  to   space 2048K, 0% used [0xa2240000,0xa2240000,0xa2440000)
 ParOldGen       total 36352K, used 0K [0x7db40000, 0x7fec0000, 0xa1480000)
  object space 36352K, 0% used [0x7db40000,0x7db40000,0x7fec0000)
 PSPermGen       total 16384K, used 5668K [0x75b40000, 0x76b40000, 0x7db40000)
  object space 16384K, 34% used [0x75b40000,0x760c92c0,0x76b40000)

Card table byte_map: [0x75954000,0x75b40000] byte_map_base: 0x755a6600

Polling page: 0xb7790000

Code Cache  [0xb3200000, 0xb3440000, 0xb6200000)
 total_blobs=416 nmethods=21 adapters=350 free_code_cache=48727Kb largest_free_block=49886016

Compilation events (10 events):
Event: 0.602 Thread 0x72e2a400   16             java.lang.String::equals (81 bytes)
Event: 0.605 Thread 0x72e2a400 nmethod 16 0xb3267e08 code [0xb3267f00, 0xb3268190]
Event: 0.660 Thread 0x72e2c400   17             sun.net.www.ParseUtil::encodePath (336 bytes)
Event: 0.666 Thread 0x72e2c400 nmethod 17 0xb3264b48 code [0xb3264ca0, 0xb3265244]
Event: 0.680 Thread 0x72e2a400   18             java.lang.String::length (6 bytes)
Event: 0.681 Thread 0x72e2a400 nmethod 18 0xb3264988 code [0xb3264a80, 0xb3264ad0]
Event: 0.726 Thread 0x72e2a400   20             java.lang.String::startsWith (72 bytes)
Event: 0.727 Thread 0x72e2a400 nmethod 20 0xb3268308 code [0xb3268400, 0xb3268530]
Event: 0.744 Thread 0x72e2a400   21             java.lang.Math::min (11 bytes)
Event: 0.745 Thread 0x72e2a400 nmethod 21 0xb3269fc8 code [0xb326a0a0, 0xb326a0d0]

GC Heap History (0 events):
No events

Deoptimization events (4 events):
Event: 0.729 Thread 0xb6206400 Uncommon trap: reason=unstable_if action=reinterpret pc=0xb325fb24 method=java.lang.String.replace(CC)Ljava/lang/String; @ 2
Event: 0.736 Thread 0xb6206400 Uncommon trap: reason=unstable_if action=reinterpret pc=0xb3264128 method=java.lang.String.indexOf([CII[CIII)I @ 123
Event: 0.737 Thread 0xb6206400 Uncommon trap: reason=predicate action=maybe_recompile pc=0xb326519c method=sun.net.www.ParseUtil.encodePath(Ljava/lang/String;Z)Ljava/lang/String; @ 36
Event: 0.744 Thread 0xb6206400 Uncommon trap: reason=unstable_if action=reinterpret pc=0xb32680e0 method=java.lang.String.equals(Ljava/lang/Object;)Z @ 66

Internal exceptions (10 events):
Event: 0.738 Thread 0xb6206400 Threw 0xa1e866c8 at /build/java7-openjdk/src/icedtea-2.6.4/openjdk/hotspot/src/share/vm/prims/jvm.cpp:1322
Event: 0.738 Thread 0xb6206400 Threw 0xa1e867e0 at /build/java7-openjdk/src/icedtea-2.6.4/openjdk/hotspot/src/share/vm/prims/jvm.cpp:1322
Event: 0.738 Thread 0xb6206400 Threw 0xa1e86ff8 at /build/java7-openjdk/src/icedtea-2.6.4/openjdk/hotspot/src/share/vm/prims/jvm.cpp:1322
Event: 0.738 Thread 0xb6206400 Threw 0xa1e87110 at /build/java7-openjdk/src/icedtea-2.6.4/openjdk/hotspot/src/share/vm/prims/jvm.cpp:1322
Event: 0.750 Thread 0xb6206400 Threw 0xa1ea5aa8 at /build/java7-openjdk/src/icedtea-2.6.4/openjdk/hotspot/src/share/vm/prims/jvm.cpp:1322
Event: 0.750 Thread 0xb6206400 Threw 0xa1ea8538 at /build/java7-openjdk/src/icedtea-2.6.4/openjdk/hotspot/src/share/vm/prims/jvm.cpp:1322
Event: 0.750 Thread 0xb6206400 Threw 0xa1eaa5a0 at /build/java7-openjdk/src/icedtea-2.6.4/openjdk/hotspot/src/share/vm/prims/jvm.cpp:1322
Event: 0.752 Thread 0xb6206400 Threw 0xa1eb98a0 at /build/java7-openjdk/src/icedtea-2.6.4/openjdk/hotspot/src/share/vm/prims/jvm.cpp:1322
Event: 0.753 Thread 0xb6206400 Threw 0xa1ebceb0 at /build/java7-openjdk/src/icedtea-2.6.4/openjdk/hotspot/src/share/vm/prims/jvm.cpp:1322
Event: 0.757 Thread 0xb6206400 Threw 0xa1ec7be8 at /build/java7-openjdk/src/icedtea-2.6.4/openjdk/hotspot/src/share/vm/prims/jvm.cpp:1322

Events (10 events):
Event: 0.750 loading class 0x6f37e578
Event: 0.750 loading class 0x6f37e578 done
Event: 0.750 loading class 0x6f37e5b8
Event: 0.750 loading class 0x6f37e5b8 done
Event: 0.752 loading class 0x6f557dd0
Event: 0.752 loading class 0x6f557dd0 done
Event: 0.753 loading class 0x6f382b30
Event: 0.753 loading class 0x6f382b30 done
Event: 0.757 loading class 0x72e65208
Event: 0.757 loading class 0x72e65208 done


Dynamic libraries:
08048000-08049000 r-xp 00000000 08:05 662509     /usr/lib/jvm/java-7-openjdk/jre/bin/java
08049000-0804a000 rw-p 00000000 08:05 662509     /usr/lib/jvm/java-7-openjdk/jre/bin/java
09997000-099da000 rw-p 00000000 00:00 0          [heap]
6f300000-6f3df000 rw-p 00000000 00:00 0 
6f3df000-6f400000 ---p 00000000 00:00 0 
6f400000-6f463000 rw-p 00000000 00:00 0 
6f463000-6f500000 ---p 00000000 00:00 0 
6f500000-6f600000 rw-p 00000000 00:00 0 
6f65a000-6f6da000 rw-s 179d5000 00:06 12735      /dev/nvidiactl
6f6da000-6f75a000 rw-s 211b5000 00:06 12735      /dev/nvidiactl
6f75a000-6f7da000 rw-s 048b2000 00:06 12735      /dev/nvidiactl
6f7da000-6f8da000 rw-s 1c9ce000 00:06 12735      /dev/nvidiactl
6f8da000-6f8ed000 rw-s 046c7000 00:06 12735      /dev/nvidiactl
6f8ed000-6f90d000 rw-s f0100000 00:06 12736      /dev/nvidia0
6f90d000-6f94d000 rw-s 20194000 00:06 12735      /dev/nvidiactl
6f94d000-6f96d000 rw-s 10183000 00:06 12735      /dev/nvidiactl
6f96d000-6f9ad000 rw-s 1a559000 00:06 12735      /dev/nvidiactl
6f9ad000-6f9cd000 rw-s 03ce1000 00:06 12735      /dev/nvidiactl
6f9cd000-6fa0d000 rw-s 2eb4e000 00:06 12735      /dev/nvidiactl
6fa0d000-6fbfc000 rw-p 00000000 00:00 0 
6fbfc000-6fd00000 rw-s 30d93000 00:06 12735      /dev/nvidiactl
6fd00000-6fe00000 rw-p 00000000 00:00 0 
6fe0e000-6fe2e000 rw-s 03fe9000 00:06 12735      /dev/nvidiactl
6fe2e000-6fe6f000 rw-p 00000000 00:00 0 
6fe6f000-719ac000 r-xp 00000000 08:05 426727     /usr/lib/libnvidia-glcore.so.361.28
719ac000-719cc000 rwxp 01b3d000 08:05 426727     /usr/lib/libnvidia-glcore.so.361.28
719cc000-72048000 r-xp 01b5d000 08:05 426727     /usr/lib/libnvidia-glcore.so.361.28
72048000-720e5000 rw-p 021d8000 08:05 426727     /usr/lib/libnvidia-glcore.so.361.28
720e5000-720f4000 rw-p 00000000 00:00 0 
720f4000-721b2000 r-xp 00000000 08:05 393610     /usr/lib/libGLX_nvidia.so.361.28
721b2000-721d2000 rwxp 000be000 08:05 393610     /usr/lib/libGLX_nvidia.so.361.28
721d2000-721fa000 r-xp 000de000 08:05 393610     /usr/lib/libGLX_nvidia.so.361.28
721fa000-72200000 rw-p 00105000 08:05 393610     /usr/lib/libGLX_nvidia.so.361.28
72200000-72203000 rw-p 00000000 00:00 0 
72203000-72297000 r-xp 00000000 08:05 443850     /usr/lib/libGLdispatch.so.0.0.0
72297000-7229f000 r--p 00093000 08:05 443850     /usr/lib/libGLdispatch.so.0.0.0
7229f000-722a0000 rw-p 0009b000 08:05 443850     /usr/lib/libGLdispatch.so.0.0.0
722a0000-722b0000 rw-p 00000000 00:00 0 
722b0000-723fb000 r-xp 00000000 08:05 417030     /usr/lib/libX11.so.6.3.0
723fb000-723fd000 r--p 0014b000 08:05 417030     /usr/lib/libX11.so.6.3.0
723fd000-72400000 rw-p 0014d000 08:05 417030     /usr/lib/libX11.so.6.3.0
72400000-72800000 rw-p 00000000 00:00 0 
72808000-7280a000 rw-s 00000000 00:20 57878      /tmp/.glXcfEuj (deleted)
7280a000-7280c000 r-xs 00000000 00:20 57878      /tmp/.glXcfEuj (deleted)
7280c000-7280d000 rw-s 046c6000 00:06 12735      /dev/nvidiactl
7280d000-72811000 rw-s 040ca000 00:06 12735      /dev/nvidiactl
72811000-72822000 r-xp 00000000 08:05 443851     /usr/lib/libGLX.so.0.0.0
72822000-72823000 r--p 00010000 08:05 443851     /usr/lib/libGLX.so.0.0.0
72823000-72824000 rw-p 00011000 08:05 443851     /usr/lib/libGLX.so.0.0.0
72824000-72834000 rw-p 00000000 00:00 0 
72834000-728a2000 r-xp 00000000 08:05 443890     /usr/lib/nvidia/libGL.so.1.0.0
728a2000-728a3000 r--p 0006d000 08:05 443890     /usr/lib/nvidia/libGL.so.1.0.0
728a3000-728a4000 rw-p 0006e000 08:05 443890     /usr/lib/nvidia/libGL.so.1.0.0
728a4000-728a9000 r-xp 00000000 08:05 414447     /usr/lib/libXdmcp.so.6.0.0
728a9000-728aa000 r--p 00004000 08:05 414447     /usr/lib/libXdmcp.so.6.0.0
728aa000-728ab000 rw-p 00005000 08:05 414447     /usr/lib/libXdmcp.so.6.0.0
728ab000-728b5000 r-xp 00000000 08:05 419232     /usr/lib/libXrender.so.1.3.0
728b5000-728b6000 r--p 00009000 08:05 419232     /usr/lib/libXrender.so.1.3.0
728b6000-728b7000 rw-p 0000a000 08:05 419232     /usr/lib/libXrender.so.1.3.0
728b7000-728ca000 r-xp 00000000 08:05 418425     /usr/lib/libXext.so.6.4.0
728ca000-728cb000 r--p 00012000 08:05 418425     /usr/lib/libXext.so.6.4.0
728cb000-728cc000 rw-p 00013000 08:05 418425     /usr/lib/libXext.so.6.4.0
728cc000-728f0000 r-xp 00000000 08:05 416949     /usr/lib/libxcb.so.1.1.0
728f0000-728f1000 ---p 00024000 08:05 416949     /usr/lib/libxcb.so.1.1.0
728f1000-728f2000 r--p 00024000 08:05 416949     /usr/lib/libxcb.so.1.1.0
728f2000-728f3000 rw-p 00025000 08:05 416949     /usr/lib/libxcb.so.1.1.0
728f3000-728fd000 r-xp 00000000 08:05 419326     /usr/lib/libXcursor.so.1.0.2
728fd000-728fe000 r--p 00009000 08:05 419326     /usr/lib/libXcursor.so.1.0.2
728fe000-728ff000 rw-p 0000a000 08:05 419326     /usr/lib/libXcursor.so.1.0.2
728ff000-72910000 r-xp 00000000 08:05 419224     /usr/lib/libXi.so.6.1.0
72910000-72911000 r--p 00010000 08:05 419224     /usr/lib/libXi.so.6.1.0
72911000-72912000 rw-p 00011000 08:05 419224     /usr/lib/libXi.so.6.1.0
72912000-72913000 rw-s f7f65000 00:06 12736      /dev/nvidia0
72913000-72936000 rw-p 00000000 00:00 0 
72936000-72941000 r-xp 00000000 08:06 169984     /home/castiel/Downloads/LWJGL -- Java Open GL/native/liblwjgl32.so
72941000-7299e000 r-xp 00000000 00:00 0 
7299e000-7299f000 r--p 00031000 08:06 169984     /home/castiel/Downloads/LWJGL -- Java Open GL/native/liblwjgl32.so
7299f000-729a0000 rw-p 00032000 08:06 169984     /home/castiel/Downloads/LWJGL -- Java Open GL/native/liblwjgl32.so
729a0000-729a1000 rw-p 00000000 00:00 0 
729a1000-729a2000 ---p 00000000 00:00 0 
729a2000-72a22000 rw-p 00000000 00:00 0          [stack:4062]
72a22000-72a25000 ---p 00000000 00:00 0 
72a25000-72a73000 rw-p 00000000 00:00 0          [stack:4061]
72a73000-72a76000 ---p 00000000 00:00 0 
72a76000-72af4000 rw-p 00000000 00:00 0          [stack:4060]
72af4000-72af7000 ---p 00000000 00:00 0 
72af7000-72b75000 rw-p 00000000 00:00 0          [stack:4059]
72b75000-72b78000 ---p 00000000 00:00 0 
72b78000-72bc6000 rw-p 00000000 00:00 0          [stack:4058]
72bc6000-72d5e000 r--p 00000000 08:05 453414     /usr/lib/locale/locale-archive
72d5e000-72d61000 ---p 00000000 00:00 0 
72d61000-72daf000 rw-p 00000000 00:00 0          [stack:4057]
72daf000-72db2000 ---p 00000000 00:00 0 
72db2000-72e00000 rw-p 00000000 00:00 0          [stack:4056]
72e00000-72ef8000 rw-p 00000000 00:00 0 
72ef8000-72f00000 ---p 00000000 00:00 0 
72f00000-72f01000 rw-s f7f64000 00:06 12736      /dev/nvidia0
72f01000-72f05000 r-xp 00000000 08:05 443891     /usr/lib/tls/libnvidia-tls.so.361.28
72f05000-72f06000 rw-p 00003000 08:05 443891     /usr/lib/tls/libnvidia-tls.so.361.28
72f06000-72f07000 r-xp 00000000 08:06 169981     /home/castiel/Downloads/LWJGL -- Java Open GL/native/libjemalloc32.so
72f07000-72f44000 r-xp 00000000 00:00 0 
72f44000-72f45000 ---p 0003e000 08:06 169981     /home/castiel/Downloads/LWJGL -- Java Open GL/native/libjemalloc32.so
72f45000-72f46000 r--p 00019000 08:06 169981     /home/castiel/Downloads/LWJGL -- Java Open GL/native/libjemalloc32.so
72f46000-72f47000 rw-p 0001a000 08:06 169981     /home/castiel/Downloads/LWJGL -- Java Open GL/native/libjemalloc32.so
72f47000-72f48000 ---p 00000000 00:00 0 
72f48000-72fc8000 rw-p 00000000 00:00 0          [stack:4055]
72fc8000-7317a000 r--s 01d2f000 08:05 662492     /usr/lib/jvm/java-7-openjdk/jre/lib/rt.jar
7317a000-75400000 rw-p 00000000 00:00 0 
75400000-75494000 rw-p 00000000 00:00 0 
75494000-75500000 ---p 00000000 00:00 0 
75500000-75501000 rw-s f7f63000 00:06 12736      /dev/nvidia0
75501000-75505000 r-xp 00000000 08:05 418466     /usr/lib/libXfixes.so.3.1.0
75505000-75506000 r--p 00003000 08:05 418466     /usr/lib/libXfixes.so.3.1.0
75506000-75507000 rw-p 00004000 08:05 418466     /usr/lib/libXfixes.so.3.1.0
75507000-7550c000 r-xp 00000000 08:05 418458     /usr/lib/libXxf86vm.so.1.0.0
7550c000-7550d000 r--p 00004000 08:05 418458     /usr/lib/libXxf86vm.so.1.0.0
7550d000-7550e000 rw-p 00005000 08:05 418458     /usr/lib/libXxf86vm.so.1.0.0
7550e000-75519000 r-xp 00000000 08:05 419256     /usr/lib/libXrandr.so.2.2.0
75519000-7551a000 r--p 0000a000 08:05 419256     /usr/lib/libXrandr.so.2.2.0
7551a000-7551b000 rw-p 0000b000 08:05 419256     /usr/lib/libXrandr.so.2.2.0
7551b000-7551d000 r-xp 00000000 08:06 169978     /home/castiel/Downloads/LWJGL -- Java Open GL/native/libglfw32.so
7551d000-75534000 r-xp 00000000 00:00 0 
75534000-75535000 r--p 0000b000 08:06 169978     /home/castiel/Downloads/LWJGL -- Java Open GL/native/libglfw32.so
75535000-75536000 rw-p 0000c000 08:06 169978     /home/castiel/Downloads/LWJGL -- Java Open GL/native/libglfw32.so
75536000-7557f000 rw-p 00000000 00:00 0 
7557f000-75580000 ---p 00000000 00:00 0 
75580000-75600000 rw-p 00000000 00:00 0          [stack:4054]
75600000-75621000 rw-p 00000000 00:00 0 
75621000-75700000 ---p 00000000 00:00 0 
75700000-7571b000 r--s 001e6000 08:06 170001     /home/castiel/Downloads/LWJGL -- Java Open GL/jar/lwjgl.jar
7571b000-75776000 rw-p 00000000 00:00 0 
75776000-75777000 ---p 00000000 00:00 0 
75777000-757ff000 rw-p 00000000 00:00 0          [stack:4053]
757ff000-75837000 rw-p 00000000 00:00 0 
75837000-75849000 rw-p 00000000 00:00 0 
75849000-75954000 rw-p 00000000 00:00 0 
75954000-7595c000 rw-p 00000000 00:00 0 
7595c000-75994000 rw-p 00000000 00:00 0 
75994000-759a6000 rw-p 00000000 00:00 0 
759a6000-75ab0000 rw-p 00000000 00:00 0 
75ab0000-75aba000 rw-p 00000000 00:00 0 
75aba000-75b3f000 rw-p 00000000 00:00 0 
75b3f000-76b40000 rw-p 00000000 00:00 0 
76b40000-7db40000 rw-p 00000000 00:00 0 
7db40000-7fec0000 rw-p 00000000 00:00 0 
7fec0000-a1480000 rw-p 00000000 00:00 0 
a1480000-a2640000 rw-p 00000000 00:00 0 
a2640000-b3140000 rw-p 00000000 00:00 0 
b3140000-b3149000 rw-p 00000000 00:00 0 
b3149000-b3200000 rw-p 00000000 00:00 0 
b3200000-b3440000 rwxp 00000000 00:00 0 
b3440000-b62fb000 rw-p 00000000 00:00 0 
b62fb000-b6300000 ---p 00000000 00:00 0 
b6300000-b6302000 r-xp 00000000 08:05 414580     /usr/lib/libXau.so.6.0.0
b6302000-b6303000 r--p 00001000 08:05 414580     /usr/lib/libXau.so.6.0.0
b6303000-b6304000 rw-p 00002000 08:05 414580     /usr/lib/libXau.so.6.0.0
b6304000-b6306000 r-xp 00000000 08:05 419264     /usr/lib/libXinerama.so.1.0.0
b6306000-b6307000 r--p 00001000 08:05 419264     /usr/lib/libXinerama.so.1.0.0
b6307000-b6308000 rw-p 00002000 08:05 419264     /usr/lib/libXinerama.so.1.0.0
b6308000-b6320000 rw-p 00000000 00:00 0 
b6320000-b6328000 r-xp 00000000 08:05 130517     /usr/lib/jvm/java-7-openjdk/jre/lib/i386/libzip.so
b6328000-b6329000 rw-p 00007000 08:05 130517     /usr/lib/jvm/java-7-openjdk/jre/lib/i386/libzip.so
b6329000-b6331000 rw-s 00000000 00:20 57864      /tmp/hsperfdata_castiel/4048
b6331000-b6356000 r-xp 00000000 08:05 130516     /usr/lib/jvm/java-7-openjdk/jre/lib/i386/libjava.so
b6356000-b6357000 rw-p 00025000 08:05 130516     /usr/lib/jvm/java-7-openjdk/jre/lib/i386/libjava.so
b6357000-b635e000 r-xp 00000000 08:05 393438     /usr/lib/librt-2.23.so
b635e000-b635f000 r--p 00006000 08:05 393438     /usr/lib/librt-2.23.so
b635f000-b6360000 rw-p 00007000 08:05 393438     /usr/lib/librt-2.23.so
b6360000-b6363000 ---p 00000000 00:00 0 
b6363000-b63b1000 rw-p 00000000 00:00 0          [stack:4050]
b63b1000-b63cd000 r-xp 00000000 08:05 393667     /usr/lib/libgcc_s.so.1
b63cd000-b63ce000 rw-p 0001b000 08:05 393667     /usr/lib/libgcc_s.so.1
b63ce000-b6421000 r-xp 00000000 08:05 393435     /usr/lib/libm-2.23.so
b6421000-b6422000 r--p 00052000 08:05 393435     /usr/lib/libm-2.23.so
b6422000-b6423000 rw-p 00053000 08:05 393435     /usr/lib/libm-2.23.so
b6423000-b6590000 r-xp 00000000 08:05 420147     /usr/lib/libstdc++.so.6.0.21
b6590000-b6591000 ---p 0016d000 08:05 420147     /usr/lib/libstdc++.so.6.0.21
b6591000-b6596000 r--p 0016d000 08:05 420147     /usr/lib/libstdc++.so.6.0.21
b6596000-b6597000 rw-p 00172000 08:05 420147     /usr/lib/libstdc++.so.6.0.21
b6597000-b659a000 rw-p 00000000 00:00 0 
b659a000-b70ff000 r-xp 00000000 08:05 145403     /usr/lib/jvm/java-7-openjdk/jre/lib/i386/server/libjvm.so
b70ff000-b715e000 rw-p 00b65000 08:05 145403     /usr/lib/jvm/java-7-openjdk/jre/lib/i386/server/libjvm.so
b715e000-b757c000 rw-p 00000000 00:00 0 
b757c000-b7592000 r-xp 00000000 08:05 396574     /usr/lib/libz.so.1.2.8
b7592000-b7593000 r--p 00015000 08:05 396574     /usr/lib/libz.so.1.2.8
b7593000-b7594000 rw-p 00016000 08:05 396574     /usr/lib/libz.so.1.2.8
b7594000-b7742000 r-xp 00000000 08:05 393366     /usr/lib/libc-2.23.so
b7742000-b7743000 ---p 001ae000 08:05 393366     /usr/lib/libc-2.23.so
b7743000-b7745000 r--p 001ae000 08:05 393366     /usr/lib/libc-2.23.so
b7745000-b7746000 rw-p 001b0000 08:05 393366     /usr/lib/libc-2.23.so
b7746000-b7749000 rw-p 00000000 00:00 0 
b7749000-b774c000 r-xp 00000000 08:05 393434     /usr/lib/libdl-2.23.so
b774c000-b774d000 r--p 00002000 08:05 393434     /usr/lib/libdl-2.23.so
b774d000-b774e000 rw-p 00003000 08:05 393434     /usr/lib/libdl-2.23.so
b774e000-b774f000 rw-p 00000000 00:00 0 
b774f000-b775b000 r-xp 00000000 08:05 130545     /usr/lib/jvm/java-7-openjdk/jre/lib/i386/jli/libjli.so
b775b000-b775c000 rw-p 0000b000 08:05 130545     /usr/lib/jvm/java-7-openjdk/jre/lib/i386/jli/libjli.so
b775c000-b7775000 r-xp 00000000 08:05 393342     /usr/lib/libpthread-2.23.so
b7775000-b7776000 r--p 00018000 08:05 393342     /usr/lib/libpthread-2.23.so
b7776000-b7777000 rw-p 00019000 08:05 393342     /usr/lib/libpthread-2.23.so
b7777000-b7779000 rw-p 00000000 00:00 0 
b7779000-b777a000 rw-s 10f89000 00:06 12735      /dev/nvidiactl
b777a000-b777b000 rw-s fd060000 00:06 12736      /dev/nvidia0
b777b000-b777c000 rwxp 00000000 00:00 0 
b777c000-b7787000 r-xp 00000000 08:05 393430     /usr/lib/libnss_files-2.23.so
b7787000-b7788000 r--p 0000a000 08:05 393430     /usr/lib/libnss_files-2.23.so
b7788000-b7789000 rw-p 0000b000 08:05 393430     /usr/lib/libnss_files-2.23.so
b7789000-b7790000 rw-p 00000000 00:00 0 
b7790000-b7791000 r--p 00000000 00:00 0 
b7791000-b779c000 r-xp 00000000 08:05 130515     /usr/lib/jvm/java-7-openjdk/jre/lib/i386/libverify.so
b779c000-b779d000 rw-p 0000a000 08:05 130515     /usr/lib/jvm/java-7-openjdk/jre/lib/i386/libverify.so
b779d000-b779e000 rw-p 00000000 00:00 0 
b779e000-b77a0000 r--p 00000000 00:00 0          [vvar]
b77a0000-b77a1000 r-xp 00000000 00:00 0          [vdso]
b77a1000-b77c3000 r-xp 00000000 08:05 393363     /usr/lib/ld-2.23.so
b77c3000-b77c4000 r--p 00021000 08:05 393363     /usr/lib/ld-2.23.so
b77c4000-b77c5000 rw-p 00022000 08:05 393363     /usr/lib/ld-2.23.so
bfaca000-bfacb000 rwxp 00000000 00:00 0 
bfafd000-bfb1e000 rw-p 00000000 00:00 0          [stack]

VM Arguments:
jvm_args: -Dfile.encoding=UTF-8 -Djava.library.path=/home/castiel/Downloads/LWJGL -- Java Open GL/native/ 
java_command: opengl.test.Demo
Launcher Type: SUN_STANDARD

Environment Variables:
PATH=/usr/local/sbin:/usr/local/bin:/usr/bin:/usr/lib/jvm/default/bin:/usr/bin/site_perl:/usr/bin/vendor_perl:/usr/bin/core_perl
LD_LIBRARY_PATH=/usr/lib/jvm/default/bin/../jre/lib/amd64:/usr/lib/jvm/default/bin/../jre/lib/i386:
SHELL=/bin/bash
DISPLAY=:0.0

Signal Handlers:
SIGSEGV: [libjvm.so+0x8114e0], sa_mask[0]=0x7ffbfeff, sa_flags=0x10000004
SIGBUS: [libjvm.so+0x8114e0], sa_mask[0]=0x7ffbfeff, sa_flags=0x10000004
SIGFPE: [libjvm.so+0x68a640], sa_mask[0]=0x7ffbfeff, sa_flags=0x10000004
SIGPIPE: [libjvm.so+0x68a640], sa_mask[0]=0x7ffbfeff, sa_flags=0x10000004
SIGXFSZ: [libjvm.so+0x68a640], sa_mask[0]=0x7ffbfeff, sa_flags=0x10000004
SIGILL: [libjvm.so+0x68a640], sa_mask[0]=0x7ffbfeff, sa_flags=0x10000004
SIGUSR1: SIG_DFL, sa_mask[0]=0x00000000, sa_flags=0x00000000
SIGUSR2: [libjvm.so+0x68a490], sa_mask[0]=0x00000004, sa_flags=0x10000004
SIGHUP: [libjvm.so+0x68a670], sa_mask[0]=0x7ffbfeff, sa_flags=0x10000004
SIGINT: SIG_IGN, sa_mask[0]=0x00000000, sa_flags=0x00000000
SIGTERM: [libjvm.so+0x68a670], sa_mask[0]=0x7ffbfeff, sa_flags=0x10000004
SIGQUIT: [libjvm.so+0x68a670], sa_mask[0]=0x7ffbfeff, sa_flags=0x10000004
SIGTRAP: SIG_DFL, sa_mask[0]=0x00000000, sa_flags=0x00000000


---------------  S Y S T E M  ---------------

OS:Linux
uname:Linux 4.1.20-1-lts #1 SMP Fri Mar 18 17:47:36 CET 2016 i686
libc:glibc 2.23 NPTL 2.23 
rlimit: STACK 8192k, CORE infinity, NPROC 27270, NOFILE 4096, AS infinity
load average:1.81 1.11 0.97

/proc/meminfo:
MemTotal:        3494900 kB
MemFree:          547936 kB
MemAvailable:    2256880 kB
Buffers:          122020 kB
Cached:          1588820 kB
SwapCached:            0 kB
Active:          1837968 kB
Inactive:         963448 kB
Active(anon):    1094184 kB
Inactive(anon):    25548 kB
Active(file):     743784 kB
Inactive(file):   937900 kB
Unevictable:          32 kB
Mlocked:              32 kB
HighTotal:       2629320 kB
HighFree:         330456 kB
LowTotal:         865580 kB
LowFree:          217480 kB
SwapTotal:             0 kB
SwapFree:              0 kB
Dirty:               752 kB
Writeback:             0 kB
AnonPages:       1090672 kB
Mapped:           278040 kB
Shmem:             29164 kB
Slab:              69152 kB
SReclaimable:      50720 kB
SUnreclaim:        18432 kB
KernelStack:        3048 kB
PageTables:         4852 kB
NFS_Unstable:          0 kB
Bounce:                0 kB
WritebackTmp:          0 kB
CommitLimit:     1747448 kB
Committed_AS:    3476648 kB
VmallocTotal:     122880 kB
VmallocUsed:       76144 kB
VmallocChunk:      40660 kB
HardwareCorrupted:     0 kB
AnonHugePages:    663552 kB
HugePages_Total:       0
HugePages_Free:        0
HugePages_Rsvd:        0
HugePages_Surp:        0
Hugepagesize:       4096 kB
DirectMap4k:      315384 kB
DirectMap4M:      593920 kB


CPU:total 2 (2 cores per cpu, 1 threads per core) family 6 model 23 stepping 10, cmov, cx8, fxsr, mmx, sse, sse2, sse3, ssse3, sse4.1, tsc

/proc/cpuinfo:
processor	: 0
vendor_id	: GenuineIntel
cpu family	: 6
model		: 23
model name	: Intel(R) Core(TM)2 Duo CPU     E8400  @ 3.00GHz
stepping	: 10
microcode	: 0xa07
cpu MHz		: 3003.000
cache size	: 6144 KB
physical id	: 0
siblings	: 2
core id		: 0
cpu cores	: 2
apicid		: 0
initial apicid	: 0
fdiv_bug	: no
f00f_bug	: no
coma_bug	: no
fpu		: yes
fpu_exception	: yes
cpuid level	: 13
wp		: yes
flags		: fpu vme de pse tsc msr pae mce cx8 apic sep mtrr pge mca cmov pat pse36 clflush dts acpi mmx fxsr sse sse2 ss ht tm pbe lm constant_tsc arch_perfmon pebs bts aperfmperf pni dtes64 monitor ds_cpl vmx smx est tm2 ssse3 cx16 xtpr pdcm sse4_1 xsave lahf_lm dtherm tpr_shadow vnmi flexpriority
bugs		:
bogomips	: 5987.33
clflush size	: 64
cache_alignment	: 64
address sizes	: 36 bits physical, 48 bits virtual
power management:

processor	: 1
vendor_id	: GenuineIntel
cpu family	: 6
model		: 23
model name	: Intel(R) Core(TM)2 Duo CPU     E8400  @ 3.00GHz
stepping	: 10
microcode	: 0xa07
cpu MHz		: 3003.000
cache size	: 6144 KB
physical id	: 0
siblings	: 2
core id		: 1
cpu cores	: 2
apicid		: 1
initial apicid	: 1
fdiv_bug	: no
f00f_bug	: no
coma_bug	: no
fpu		: yes
fpu_exception	: yes
cpuid level	: 13
wp		: yes
flags		: fpu vme de pse tsc msr pae mce cx8 apic sep mtrr pge mca cmov pat pse36 clflush dts acpi mmx fxsr sse sse2 ss ht tm pbe lm constant_tsc arch_perfmon pebs bts aperfmperf pni dtes64 monitor ds_cpl vmx smx est tm2 ssse3 cx16 xtpr pdcm sse4_1 xsave lahf_lm dtherm tpr_shadow vnmi flexpriority
bugs		:
bogomips	: 5987.33
clflush size	: 64
cache_alignment	: 64
address sizes	: 36 bits physical, 48 bits virtual
power management:



Memory: 4k page, physical 3494900k(547936k free), swap 0k(0k free)

vm_info: OpenJDK Server VM (24.95-b01) for linux-x86 JRE (1.7.0_95-b00), built on Jan 21 2016 12:43:41 by "builduser" with gcc 5.3.0

time: Sun Apr 24 21:40:46 2016
elapsed time: 0 seconds

