#
# A fatal error has been detected by the Java Runtime Environment:
#
#  SIGSEGV (0xb) at pc=0x6fe01e47, pid=4481, tid=3057093440
#
# JRE version: OpenJDK Runtime Environment (7.0_95) (build 1.7.0_95-b00)
# Java VM: OpenJDK Server VM (24.95-b01 mixed mode linux-x86 )
# Derivative: IcedTea 2.6.4
# Distribution: Custom build (Thu Jan 21 12:40:31 UTC 2016)
# Problematic frame:
# C  0x6fe01e47
#
# Core dump written. Default location: /home/castiel/Dev/Java/Project/OpenGl Test/core or core.4481
#
# If you would like to submit a bug report, please include
# instructions on how to reproduce the bug and visit:
#   http://icedtea.classpath.org/bugzilla
# The crash happened outside the Java Virtual Machine in native code.
# See problematic frame for where to report the bug.
#

---------------  T H R E A D  ---------------

Current thread (0xb6206400):  JavaThread "main" [_thread_in_native, id=4484, stack(0xb6328000,0xb6379000)]

siginfo:si_signo=SIGSEGV: si_errno=0, si_code=1 (SEGV_MAPERR), si_addr=0x00000000

Registers:
EAX=0x6f7ed608, EBX=0x6fb89000, ECX=0x00000000, EDX=0x6f39d004
ESP=0xb63779b8, EBP=0x6f39d018, ESI=0x00000000, EDI=0x00000000
EIP=0x6fe01e47, EFLAGS=0x00010246, CR2=0x00000000

Top of Stack: (sp=0xb63779b8)
0xb63779b8:   6f39d018 000000c0 00000000 6fb89000
0xb63779c8:   00000000 717aa8bc 6fb89000 6f7ed608
0xb63779d8:   6f39d000 00000006 00000000 00000000
0xb63779e8:   00000000 00000000 00000020 00000000
0xb63779f8:   6faa2ab0 6f39ab20 6fa0d008 6fe01e00
0xb6377a08:   00000000 00000000 00000006 00000000
0xb6377a18:   00000000 00000000 00000000 00000006
0xb6377a28:   6f39d000 6f39d000 00000029 6f39ab20 

Instructions: (pc=0x6fe01e47)
0x6fe01e27:   2c 24 8b 0a 03 0d a8 61 bd 6f 83 c2 04 8b 35 54
0x6fe01e37:   79 bb 6f 8b b6 84 02 00 00 8b f9 c1 e7 05 03 f7
0x6fe01e47:   8b 3e 8b 6e 04 89 38 89 68 04 8b 7e 08 89 78 08
0x6fe01e57:   8b 35 54 79 bb 6f 8b b6 ac 02 00 00 8b f9 c1 e7 

Register to memory mapping:

EAX=0x6f7ed608 is an unknown value
EBX=0x6fb89000 is an unknown value
ECX=0x00000000 is an unknown value
EDX=0x6f39d004 is an unknown value
ESP=0xb63779b8 is pointing into the stack for thread: 0xb6206400
EBP=0x6f39d018 is an unknown value
ESI=0x00000000 is an unknown value
EDI=0x00000000 is an unknown value


Stack: [0xb6328000,0xb6379000],  sp=0xb63779b8,  free space=318k
Native frames: (J=compiled Java code, j=interpreted, Vv=VM code, C=native code)
C  0x6fe01e47

Java frames: (J=compiled Java code, j=interpreted, Vv=VM code)
j  org.lwjgl.system.JNI.callIIIPV(JIIIJ)V+0
j  org.lwjgl.opengl.GL11.nglDrawElements(IIIJ)V+14
j  org.lwjgl.opengl.GL11.glDrawElements(IIIJ)V+17
j  opengl.test.object.tugiac.render()V+32
j  opengl.test.Demo.render()V+111
j  opengl.test.OpenGL.loop()V+29
j  opengl.test.OpenGL.<init>()V+200
j  opengl.test.Demo.<init>()V+1
j  opengl.test.Demo.main([Ljava/lang/String;)V+4
v  ~StubRoutines::call_stub

---------------  P R O C E S S  ---------------

Java Threads: ( => current thread )
  0x72e2e400 JavaThread "Service Thread" daemon [_thread_blocked, id=4494, stack(0x729f2000,0x72a43000)]
  0x72e2c400 JavaThread "C2 CompilerThread1" daemon [_thread_blocked, id=4493, stack(0x72a43000,0x72ac4000)]
  0x72e2a400 JavaThread "C2 CompilerThread0" daemon [_thread_blocked, id=4492, stack(0x72ac4000,0x72b45000)]
  0x72e28c00 JavaThread "Signal Dispatcher" daemon [_thread_blocked, id=4491, stack(0x72b45000,0x72b96000)]
  0x72e15000 JavaThread "Finalizer" daemon [_thread_blocked, id=4490, stack(0x72d2e000,0x72d7f000)]
  0x72e13800 JavaThread "Reference Handler" daemon [_thread_blocked, id=4489, stack(0x72f2e000,0x72f7f000)]
=>0xb6206400 JavaThread "main" [_thread_in_native, id=4484, stack(0xb6328000,0xb6379000)]

Other Threads:
  0x72e11000 VMThread [stack: 0x72d7f000,0x72e00000] [id=4488]
  0x72e30000 WatcherThread [stack: 0x72971000,0x729f2000] [id=4495]

VM state:not at safepoint (normal execution)

VM Mutex/Monitor currently owned by a thread: None

Heap
 PSYoungGen      total 16128K, used 10579K [0xa1440000, 0xa2600000, 0xb3100000)
  eden space 14080K, 75% used [0xa1440000,0xa1e94cc0,0xa2200000)
  from space 2048K, 0% used [0xa2400000,0xa2400000,0xa2600000)
  to   space 2048K, 0% used [0xa2200000,0xa2200000,0xa2400000)
 ParOldGen       total 36352K, used 0K [0x7db00000, 0x7fe80000, 0xa1440000)
  object space 36352K, 0% used [0x7db00000,0x7db00000,0x7fe80000)
 PSPermGen       total 16384K, used 5665K [0x75b00000, 0x76b00000, 0x7db00000)
  object space 16384K, 34% used [0x75b00000,0x76088530,0x76b00000)

Card table byte_map: [0x75914000,0x75b00000] byte_map_base: 0x75566800

Polling page: 0xb7758000

Code Cache  [0xb31da000, 0xb341a000, 0xb61da000)
 total_blobs=416 nmethods=21 adapters=350 free_code_cache=48727Kb largest_free_block=49880128

Compilation events (10 events):
Event: 0.569 Thread 0x72e2c400   16             java.lang.String::equals (81 bytes)
Event: 0.573 Thread 0x72e2c400 nmethod 16 0xb3241e08 code [0xb3241f00, 0xb3242190]
Event: 0.632 Thread 0x72e2a400   17             sun.net.www.ParseUtil::encodePath (336 bytes)
Event: 0.638 Thread 0x72e2a400 nmethod 17 0xb323efc8 code [0xb323f120, 0xb323f6c4]
Event: 0.652 Thread 0x72e2c400   18             java.lang.String::length (6 bytes)
Event: 0.652 Thread 0x72e2c400 nmethod 18 0xb323e988 code [0xb323ea80, 0xb323ead0]
Event: 0.702 Thread 0x72e2c400   20             java.lang.String::startsWith (72 bytes)
Event: 0.703 Thread 0x72e2c400 nmethod 20 0xb3242308 code [0xb3242400, 0xb3242530]
Event: 0.723 Thread 0x72e2c400   21             java.lang.Math::min (11 bytes)
Event: 0.724 Thread 0x72e2c400 nmethod 21 0xb3245448 code [0xb3245520, 0xb3245550]

GC Heap History (0 events):
No events

Deoptimization events (4 events):
Event: 0.705 Thread 0xb6206400 Uncommon trap: reason=unstable_if action=reinterpret pc=0xb3239b24 method=java.lang.String.replace(CC)Ljava/lang/String; @ 2
Event: 0.711 Thread 0xb6206400 Uncommon trap: reason=unstable_if action=reinterpret pc=0xb323e128 method=java.lang.String.indexOf([CII[CIII)I @ 123
Event: 0.711 Thread 0xb6206400 Uncommon trap: reason=predicate action=maybe_recompile pc=0xb323f61c method=sun.net.www.ParseUtil.encodePath(Ljava/lang/String;Z)Ljava/lang/String; @ 36
Event: 0.718 Thread 0xb6206400 Uncommon trap: reason=unstable_if action=reinterpret pc=0xb32420e0 method=java.lang.String.equals(Ljava/lang/Object;)Z @ 66

Internal exceptions (10 events):
Event: 0.712 Thread 0xb6206400 Threw 0xa1e42d98 at /build/java7-openjdk/src/icedtea-2.6.4/openjdk/hotspot/src/share/vm/prims/jvm.cpp:1322
Event: 0.712 Thread 0xb6206400 Threw 0xa1e42eb0 at /build/java7-openjdk/src/icedtea-2.6.4/openjdk/hotspot/src/share/vm/prims/jvm.cpp:1322
Event: 0.712 Thread 0xb6206400 Threw 0xa1e436c8 at /build/java7-openjdk/src/icedtea-2.6.4/openjdk/hotspot/src/share/vm/prims/jvm.cpp:1322
Event: 0.712 Thread 0xb6206400 Threw 0xa1e437e0 at /build/java7-openjdk/src/icedtea-2.6.4/openjdk/hotspot/src/share/vm/prims/jvm.cpp:1322
Event: 0.724 Thread 0xb6206400 Threw 0xa1e62790 at /build/java7-openjdk/src/icedtea-2.6.4/openjdk/hotspot/src/share/vm/prims/jvm.cpp:1322
Event: 0.724 Thread 0xb6206400 Threw 0xa1e65220 at /build/java7-openjdk/src/icedtea-2.6.4/openjdk/hotspot/src/share/vm/prims/jvm.cpp:1322
Event: 0.725 Thread 0xb6206400 Threw 0xa1e67288 at /build/java7-openjdk/src/icedtea-2.6.4/openjdk/hotspot/src/share/vm/prims/jvm.cpp:1322
Event: 0.726 Thread 0xb6206400 Threw 0xa1e763c8 at /build/java7-openjdk/src/icedtea-2.6.4/openjdk/hotspot/src/share/vm/prims/jvm.cpp:1322
Event: 0.727 Thread 0xb6206400 Threw 0xa1e7a0b8 at /build/java7-openjdk/src/icedtea-2.6.4/openjdk/hotspot/src/share/vm/prims/jvm.cpp:1322
Event: 0.728 Thread 0xb6206400 Threw 0xa1e7d738 at /build/java7-openjdk/src/icedtea-2.6.4/openjdk/hotspot/src/share/vm/prims/jvm.cpp:1322

Events (10 events):
Event: 0.725 loading class 0x6f38f490
Event: 0.725 loading class 0x6f38f490 done
Event: 0.726 loading class 0x72e64f40
Event: 0.726 loading class 0x72e64f40 done
Event: 0.727 loading class 0x72e3cf88
Event: 0.727 loading class 0x72e3cf88 done
Event: 0.727 loading class 0x6f557ae8
Event: 0.727 loading class 0x6f557ae8 done
Event: 0.728 loading class 0x6f38f6a0
Event: 0.728 loading class 0x6f38f6a0 done


Dynamic libraries:
08048000-08049000 r-xp 00000000 08:05 662509     /usr/lib/jvm/java-7-openjdk/jre/bin/java
08049000-0804a000 rw-p 00000000 08:05 662509     /usr/lib/jvm/java-7-openjdk/jre/bin/java
08e78000-08f06000 rw-p 00000000 00:00 0          [heap]
6f300000-6f3e3000 rw-p 00000000 00:00 0 
6f3e3000-6f400000 ---p 00000000 00:00 0 
6f400000-6f452000 rw-p 00000000 00:00 0 
6f452000-6f500000 ---p 00000000 00:00 0 
6f500000-6f5fa000 rw-p 00000000 00:00 0 
6f5fa000-6f600000 ---p 00000000 00:00 0 
6f638000-6f6b8000 rw-s 295c4000 00:06 10035      /dev/nvidiactl
6f6b8000-6f6ba000 rw-s 00000000 00:1f 86841      /tmp/.gl0S2wFx (deleted)
6f6ba000-6f73a000 rw-s 220c8000 00:06 10035      /dev/nvidiactl
6f73a000-6f7ba000 rw-s 213cd000 00:06 10035      /dev/nvidiactl
6f7ba000-6f8ba000 rw-s 272c7000 00:06 10035      /dev/nvidiactl
6f8ba000-6f8cd000 rw-s 272b2000 00:06 10035      /dev/nvidiactl
6f8cd000-6f8ed000 rw-s f0100000 00:06 10036      /dev/nvidia0
6f8ed000-6f92d000 rw-s 1fe6e000 00:06 10035      /dev/nvidiactl
6f92d000-6f94d000 rw-s 276cc000 00:06 10035      /dev/nvidiactl
6f94d000-6f98d000 rw-s 1fe10000 00:06 10035      /dev/nvidiactl
6f98d000-6f9ad000 rw-s 276a7000 00:06 10035      /dev/nvidiactl
6f9ad000-6f9ed000 rw-s 203ab000 00:06 10035      /dev/nvidiactl
6f9ed000-6fa0d000 rw-s 276d7000 00:06 10035      /dev/nvidiactl
6fa0d000-6fbfc000 rw-p 00000000 00:00 0 
6fbfc000-6fd00000 rw-s 291ad000 00:06 10035      /dev/nvidiactl
6fd00000-6fe00000 rw-p 00000000 00:00 0 
6fe00000-6fe02000 r-xs 00000000 00:1f 86841      /tmp/.gl0S2wFx (deleted)
6fe02000-6fe06000 rw-s 276cd000 00:06 10035      /dev/nvidiactl
6fe06000-6fe47000 rw-p 00000000 00:00 0 
6fe47000-71984000 r-xp 00000000 08:05 426727     /usr/lib/libnvidia-glcore.so.361.28
71984000-719a4000 rwxp 01b3d000 08:05 426727     /usr/lib/libnvidia-glcore.so.361.28
719a4000-72020000 r-xp 01b5d000 08:05 426727     /usr/lib/libnvidia-glcore.so.361.28
72020000-720bd000 rw-p 021d8000 08:05 426727     /usr/lib/libnvidia-glcore.so.361.28
720bd000-720cc000 rw-p 00000000 00:00 0 
720cc000-720d0000 r-xp 00000000 08:05 443891     /usr/lib/tls/libnvidia-tls.so.361.28
720d0000-720d1000 rw-p 00003000 08:05 443891     /usr/lib/tls/libnvidia-tls.so.361.28
720d1000-7218f000 r-xp 00000000 08:05 393610     /usr/lib/libGLX_nvidia.so.361.28
7218f000-721af000 rwxp 000be000 08:05 393610     /usr/lib/libGLX_nvidia.so.361.28
721af000-721d7000 r-xp 000de000 08:05 393610     /usr/lib/libGLX_nvidia.so.361.28
721d7000-721dd000 rw-p 00105000 08:05 393610     /usr/lib/libGLX_nvidia.so.361.28
721dd000-721e0000 rw-p 00000000 00:00 0 
721e0000-72274000 r-xp 00000000 08:05 443850     /usr/lib/libGLdispatch.so.0.0.0
72274000-7227c000 r--p 00093000 08:05 443850     /usr/lib/libGLdispatch.so.0.0.0
7227c000-7227d000 rw-p 0009b000 08:05 443850     /usr/lib/libGLdispatch.so.0.0.0
7227d000-7228d000 rw-p 00000000 00:00 0 
7228d000-7229e000 r-xp 00000000 08:05 443851     /usr/lib/libGLX.so.0.0.0
7229e000-7229f000 r--p 00010000 08:05 443851     /usr/lib/libGLX.so.0.0.0
7229f000-722a0000 rw-p 00011000 08:05 443851     /usr/lib/libGLX.so.0.0.0
722a0000-722b0000 rw-p 00000000 00:00 0 
722b0000-723fb000 r-xp 00000000 08:05 417030     /usr/lib/libX11.so.6.3.0
723fb000-723fd000 r--p 0014b000 08:05 417030     /usr/lib/libX11.so.6.3.0
723fd000-72400000 rw-p 0014d000 08:05 417030     /usr/lib/libX11.so.6.3.0
72400000-72800000 rw-p 00000000 00:00 0 
72800000-7286e000 r-xp 00000000 08:05 443890     /usr/lib/nvidia/libGL.so.1.0.0
7286e000-7286f000 r--p 0006d000 08:05 443890     /usr/lib/nvidia/libGL.so.1.0.0
7286f000-72870000 rw-p 0006e000 08:05 443890     /usr/lib/nvidia/libGL.so.1.0.0
72870000-72875000 r-xp 00000000 08:05 414447     /usr/lib/libXdmcp.so.6.0.0
72875000-72876000 r--p 00004000 08:05 414447     /usr/lib/libXdmcp.so.6.0.0
72876000-72877000 rw-p 00005000 08:05 414447     /usr/lib/libXdmcp.so.6.0.0
72877000-7287b000 r-xp 00000000 08:05 418466     /usr/lib/libXfixes.so.3.1.0
7287b000-7287c000 r--p 00003000 08:05 418466     /usr/lib/libXfixes.so.3.1.0
7287c000-7287d000 rw-p 00004000 08:05 418466     /usr/lib/libXfixes.so.3.1.0
7287d000-72887000 r-xp 00000000 08:05 419232     /usr/lib/libXrender.so.1.3.0
72887000-72888000 r--p 00009000 08:05 419232     /usr/lib/libXrender.so.1.3.0
72888000-72889000 rw-p 0000a000 08:05 419232     /usr/lib/libXrender.so.1.3.0
72889000-7289c000 r-xp 00000000 08:05 418425     /usr/lib/libXext.so.6.4.0
7289c000-7289d000 r--p 00012000 08:05 418425     /usr/lib/libXext.so.6.4.0
7289d000-7289e000 rw-p 00013000 08:05 418425     /usr/lib/libXext.so.6.4.0
7289e000-728c2000 r-xp 00000000 08:05 416949     /usr/lib/libxcb.so.1.1.0
728c2000-728c3000 ---p 00024000 08:05 416949     /usr/lib/libxcb.so.1.1.0
728c3000-728c4000 r--p 00024000 08:05 416949     /usr/lib/libxcb.so.1.1.0
728c4000-728c5000 rw-p 00025000 08:05 416949     /usr/lib/libxcb.so.1.1.0
728c5000-728c6000 r-xp 00000000 08:06 169981     /home/castiel/Downloads/LWJGL -- Java Open GL/native/libjemalloc32.so
728c6000-72903000 r-xp 00000000 00:00 0 
72903000-72904000 ---p 0003e000 08:06 169981     /home/castiel/Downloads/LWJGL -- Java Open GL/native/libjemalloc32.so
72904000-72905000 r--p 00019000 08:06 169981     /home/castiel/Downloads/LWJGL -- Java Open GL/native/libjemalloc32.so
72905000-72906000 rw-p 0001a000 08:06 169981     /home/castiel/Downloads/LWJGL -- Java Open GL/native/libjemalloc32.so
72906000-72911000 r-xp 00000000 08:06 169984     /home/castiel/Downloads/LWJGL -- Java Open GL/native/liblwjgl32.so
72911000-7296e000 r-xp 00000000 00:00 0 
7296e000-7296f000 r--p 00031000 08:06 169984     /home/castiel/Downloads/LWJGL -- Java Open GL/native/liblwjgl32.so
7296f000-72970000 rw-p 00032000 08:06 169984     /home/castiel/Downloads/LWJGL -- Java Open GL/native/liblwjgl32.so
72970000-72971000 rw-p 00000000 00:00 0 
72971000-72972000 ---p 00000000 00:00 0 
72972000-729f2000 rw-p 00000000 00:00 0          [stack:4495]
729f2000-729f5000 ---p 00000000 00:00 0 
729f5000-72a43000 rw-p 00000000 00:00 0          [stack:4494]
72a43000-72a46000 ---p 00000000 00:00 0 
72a46000-72ac4000 rw-p 00000000 00:00 0          [stack:4493]
72ac4000-72ac7000 ---p 00000000 00:00 0 
72ac7000-72b45000 rw-p 00000000 00:00 0          [stack:4492]
72b45000-72b48000 ---p 00000000 00:00 0 
72b48000-72b96000 rw-p 00000000 00:00 0          [stack:4491]
72b96000-72d2e000 r--p 00000000 08:05 453414     /usr/lib/locale/locale-archive
72d2e000-72d31000 ---p 00000000 00:00 0 
72d31000-72d7f000 rw-p 00000000 00:00 0          [stack:4490]
72d7f000-72d80000 ---p 00000000 00:00 0 
72d80000-72e00000 rw-p 00000000 00:00 0          [stack:4488]
72e00000-72ef8000 rw-p 00000000 00:00 0 
72ef8000-72f00000 ---p 00000000 00:00 0 
72f00000-72f02000 r-xp 00000000 08:05 414580     /usr/lib/libXau.so.6.0.0
72f02000-72f03000 r--p 00001000 08:05 414580     /usr/lib/libXau.so.6.0.0
72f03000-72f04000 rw-p 00002000 08:05 414580     /usr/lib/libXau.so.6.0.0
72f04000-72f0e000 r-xp 00000000 08:05 419326     /usr/lib/libXcursor.so.1.0.2
72f0e000-72f0f000 r--p 00009000 08:05 419326     /usr/lib/libXcursor.so.1.0.2
72f0f000-72f10000 rw-p 0000a000 08:05 419326     /usr/lib/libXcursor.so.1.0.2
72f10000-72f15000 r-xp 00000000 08:05 418458     /usr/lib/libXxf86vm.so.1.0.0
72f15000-72f16000 r--p 00004000 08:05 418458     /usr/lib/libXxf86vm.so.1.0.0
72f16000-72f17000 rw-p 00005000 08:05 418458     /usr/lib/libXxf86vm.so.1.0.0
72f17000-72f28000 r-xp 00000000 08:05 419224     /usr/lib/libXi.so.6.1.0
72f28000-72f29000 r--p 00010000 08:05 419224     /usr/lib/libXi.so.6.1.0
72f29000-72f2a000 rw-p 00011000 08:05 419224     /usr/lib/libXi.so.6.1.0
72f2a000-72f2c000 r-xp 00000000 08:05 419264     /usr/lib/libXinerama.so.1.0.0
72f2c000-72f2d000 r--p 00001000 08:05 419264     /usr/lib/libXinerama.so.1.0.0
72f2d000-72f2e000 rw-p 00002000 08:05 419264     /usr/lib/libXinerama.so.1.0.0
72f2e000-72f31000 ---p 00000000 00:00 0 
72f31000-72fc8000 rw-p 00000000 00:00 0          [stack:4489]
72fc8000-7317a000 r--s 01d2f000 08:05 662492     /usr/lib/jvm/java-7-openjdk/jre/lib/rt.jar
7317a000-75400000 rw-p 00000000 00:00 0 
75400000-7543e000 rw-p 00000000 00:00 0 
7543e000-75500000 ---p 00000000 00:00 0 
75500000-75501000 rw-s 272b1000 00:06 10035      /dev/nvidiactl
75501000-7557f000 rw-p 00000000 00:00 0 
7557f000-75580000 ---p 00000000 00:00 0 
75580000-75600000 rw-p 00000000 00:00 0          [stack:4486]
75600000-75621000 rw-p 00000000 00:00 0 
75621000-75700000 ---p 00000000 00:00 0 
75700000-75702000 r-xp 00000000 08:06 169978     /home/castiel/Downloads/LWJGL -- Java Open GL/native/libglfw32.so
75702000-75719000 r-xp 00000000 00:00 0 
75719000-7571a000 r--p 0000b000 08:06 169978     /home/castiel/Downloads/LWJGL -- Java Open GL/native/libglfw32.so
7571a000-7571b000 rw-p 0000c000 08:06 169978     /home/castiel/Downloads/LWJGL -- Java Open GL/native/libglfw32.so
7571b000-75736000 r--s 001e6000 08:06 170001     /home/castiel/Downloads/LWJGL -- Java Open GL/jar/lwjgl.jar
75736000-75737000 ---p 00000000 00:00 0 
75737000-757bf000 rw-p 00000000 00:00 0          [stack:4485]
757bf000-757f7000 rw-p 00000000 00:00 0 
757f7000-75809000 rw-p 00000000 00:00 0 
75809000-75914000 rw-p 00000000 00:00 0 
75914000-7591c000 rw-p 00000000 00:00 0 
7591c000-75954000 rw-p 00000000 00:00 0 
75954000-75966000 rw-p 00000000 00:00 0 
75966000-75a70000 rw-p 00000000 00:00 0 
75a70000-75a7a000 rw-p 00000000 00:00 0 
75a7a000-75aff000 rw-p 00000000 00:00 0 
75aff000-76b00000 rw-p 00000000 00:00 0 
76b00000-7db00000 rw-p 00000000 00:00 0 
7db00000-7fe80000 rw-p 00000000 00:00 0 
7fe80000-a1440000 rw-p 00000000 00:00 0 
a1440000-a2600000 rw-p 00000000 00:00 0 
a2600000-b3100000 rw-p 00000000 00:00 0 
b3100000-b3101000 rw-s f7f65000 00:06 10036      /dev/nvidia0
b3101000-b3102000 rw-s f7f64000 00:06 10036      /dev/nvidia0
b3102000-b3123000 rw-p 00000000 00:00 0 
b3123000-b31da000 rw-p 00000000 00:00 0 
b31da000-b341a000 rwxp 00000000 00:00 0 
b341a000-b61da000 rw-p 00000000 00:00 0 
b61da000-b61ff000 r-xp 00000000 08:05 130516     /usr/lib/jvm/java-7-openjdk/jre/lib/i386/libjava.so
b61ff000-b6200000 rw-p 00025000 08:05 130516     /usr/lib/jvm/java-7-openjdk/jre/lib/i386/libjava.so
b6200000-b62fb000 rw-p 00000000 00:00 0 
b62fb000-b6300000 ---p 00000000 00:00 0 
b6300000-b6301000 rw-s f7f63000 00:06 10036      /dev/nvidia0
b6301000-b630c000 r-xp 00000000 08:05 419256     /usr/lib/libXrandr.so.2.2.0
b630c000-b630d000 r--p 0000a000 08:05 419256     /usr/lib/libXrandr.so.2.2.0
b630d000-b630e000 rw-p 0000b000 08:05 419256     /usr/lib/libXrandr.so.2.2.0
b630e000-b6316000 r-xp 00000000 08:05 130517     /usr/lib/jvm/java-7-openjdk/jre/lib/i386/libzip.so
b6316000-b6317000 rw-p 00007000 08:05 130517     /usr/lib/jvm/java-7-openjdk/jre/lib/i386/libzip.so
b6317000-b631f000 rw-s 00000000 00:1f 86835      /tmp/hsperfdata_castiel/4481
b631f000-b6326000 r-xp 00000000 08:05 393438     /usr/lib/librt-2.23.so
b6326000-b6327000 r--p 00006000 08:05 393438     /usr/lib/librt-2.23.so
b6327000-b6328000 rw-p 00007000 08:05 393438     /usr/lib/librt-2.23.so
b6328000-b632b000 ---p 00000000 00:00 0 
b632b000-b6379000 rw-p 00000000 00:00 0          [stack:4484]
b6379000-b6395000 r-xp 00000000 08:05 393667     /usr/lib/libgcc_s.so.1
b6395000-b6396000 rw-p 0001b000 08:05 393667     /usr/lib/libgcc_s.so.1
b6396000-b63e9000 r-xp 00000000 08:05 393435     /usr/lib/libm-2.23.so
b63e9000-b63ea000 r--p 00052000 08:05 393435     /usr/lib/libm-2.23.so
b63ea000-b63eb000 rw-p 00053000 08:05 393435     /usr/lib/libm-2.23.so
b63eb000-b6558000 r-xp 00000000 08:05 420147     /usr/lib/libstdc++.so.6.0.21
b6558000-b6559000 ---p 0016d000 08:05 420147     /usr/lib/libstdc++.so.6.0.21
b6559000-b655e000 r--p 0016d000 08:05 420147     /usr/lib/libstdc++.so.6.0.21
b655e000-b655f000 rw-p 00172000 08:05 420147     /usr/lib/libstdc++.so.6.0.21
b655f000-b6562000 rw-p 00000000 00:00 0 
b6562000-b70c7000 r-xp 00000000 08:05 145403     /usr/lib/jvm/java-7-openjdk/jre/lib/i386/server/libjvm.so
b70c7000-b7126000 rw-p 00b65000 08:05 145403     /usr/lib/jvm/java-7-openjdk/jre/lib/i386/server/libjvm.so
b7126000-b7544000 rw-p 00000000 00:00 0 
b7544000-b755a000 r-xp 00000000 08:05 396574     /usr/lib/libz.so.1.2.8
b755a000-b755b000 r--p 00015000 08:05 396574     /usr/lib/libz.so.1.2.8
b755b000-b755c000 rw-p 00016000 08:05 396574     /usr/lib/libz.so.1.2.8
b755c000-b770a000 r-xp 00000000 08:05 393366     /usr/lib/libc-2.23.so
b770a000-b770b000 ---p 001ae000 08:05 393366     /usr/lib/libc-2.23.so
b770b000-b770d000 r--p 001ae000 08:05 393366     /usr/lib/libc-2.23.so
b770d000-b770e000 rw-p 001b0000 08:05 393366     /usr/lib/libc-2.23.so
b770e000-b7711000 rw-p 00000000 00:00 0 
b7711000-b7714000 r-xp 00000000 08:05 393434     /usr/lib/libdl-2.23.so
b7714000-b7715000 r--p 00002000 08:05 393434     /usr/lib/libdl-2.23.so
b7715000-b7716000 rw-p 00003000 08:05 393434     /usr/lib/libdl-2.23.so
b7716000-b7717000 rw-p 00000000 00:00 0 
b7717000-b7723000 r-xp 00000000 08:05 130545     /usr/lib/jvm/java-7-openjdk/jre/lib/i386/jli/libjli.so
b7723000-b7724000 rw-p 0000b000 08:05 130545     /usr/lib/jvm/java-7-openjdk/jre/lib/i386/jli/libjli.so
b7724000-b773d000 r-xp 00000000 08:05 393342     /usr/lib/libpthread-2.23.so
b773d000-b773e000 r--p 00018000 08:05 393342     /usr/lib/libpthread-2.23.so
b773e000-b773f000 rw-p 00019000 08:05 393342     /usr/lib/libpthread-2.23.so
b773f000-b7741000 rw-p 00000000 00:00 0 
b7741000-b7742000 rw-s 276a6000 00:06 10035      /dev/nvidiactl
b7742000-b7743000 rw-s fd060000 00:06 10036      /dev/nvidia0
b7743000-b7744000 rwxp 00000000 00:00 0 
b7744000-b774f000 r-xp 00000000 08:05 393430     /usr/lib/libnss_files-2.23.so
b774f000-b7750000 r--p 0000a000 08:05 393430     /usr/lib/libnss_files-2.23.so
b7750000-b7751000 rw-p 0000b000 08:05 393430     /usr/lib/libnss_files-2.23.so
b7751000-b7758000 rw-p 00000000 00:00 0 
b7758000-b7759000 r--p 00000000 00:00 0 
b7759000-b7764000 r-xp 00000000 08:05 130515     /usr/lib/jvm/java-7-openjdk/jre/lib/i386/libverify.so
b7764000-b7765000 rw-p 0000a000 08:05 130515     /usr/lib/jvm/java-7-openjdk/jre/lib/i386/libverify.so
b7765000-b7766000 rw-p 00000000 00:00 0 
b7766000-b7768000 r--p 00000000 00:00 0          [vvar]
b7768000-b7769000 r-xp 00000000 00:00 0          [vdso]
b7769000-b778b000 r-xp 00000000 08:05 393363     /usr/lib/ld-2.23.so
b778b000-b778c000 r--p 00021000 08:05 393363     /usr/lib/ld-2.23.so
b778c000-b778d000 rw-p 00022000 08:05 393363     /usr/lib/ld-2.23.so
bfb27000-bfb28000 rwxp 00000000 00:00 0 
bfb5a000-bfb7b000 rw-p 00000000 00:00 0          [stack]

VM Arguments:
jvm_args: -Dfile.encoding=UTF-8 -Djava.library.path=/home/castiel/Downloads/LWJGL -- Java Open GL/native/ 
java_command: opengl.test.Demo
Launcher Type: SUN_STANDARD

Environment Variables:
PATH=/usr/local/sbin:/usr/local/bin:/usr/bin:/usr/lib/jvm/default/bin:/usr/bin/site_perl:/usr/bin/vendor_perl:/usr/bin/core_perl
LD_LIBRARY_PATH=/usr/lib/jvm/default/bin/../jre/lib/amd64:/usr/lib/jvm/default/bin/../jre/lib/i386:
SHELL=/bin/bash
DISPLAY=:0.0

Signal Handlers:
SIGSEGV: [libjvm.so+0x8114e0], sa_mask[0]=0x7ffbfeff, sa_flags=0x10000004
SIGBUS: [libjvm.so+0x8114e0], sa_mask[0]=0x7ffbfeff, sa_flags=0x10000004
SIGFPE: [libjvm.so+0x68a640], sa_mask[0]=0x7ffbfeff, sa_flags=0x10000004
SIGPIPE: [libjvm.so+0x68a640], sa_mask[0]=0x7ffbfeff, sa_flags=0x10000004
SIGXFSZ: [libjvm.so+0x68a640], sa_mask[0]=0x7ffbfeff, sa_flags=0x10000004
SIGILL: [libjvm.so+0x68a640], sa_mask[0]=0x7ffbfeff, sa_flags=0x10000004
SIGUSR1: SIG_DFL, sa_mask[0]=0x00000000, sa_flags=0x00000000
SIGUSR2: [libjvm.so+0x68a490], sa_mask[0]=0x00000004, sa_flags=0x10000004
SIGHUP: [libjvm.so+0x68a670], sa_mask[0]=0x7ffbfeff, sa_flags=0x10000004
SIGINT: SIG_IGN, sa_mask[0]=0x00000000, sa_flags=0x00000000
SIGTERM: [libjvm.so+0x68a670], sa_mask[0]=0x7ffbfeff, sa_flags=0x10000004
SIGQUIT: [libjvm.so+0x68a670], sa_mask[0]=0x7ffbfeff, sa_flags=0x10000004
SIGTRAP: SIG_DFL, sa_mask[0]=0x00000000, sa_flags=0x00000000


---------------  S Y S T E M  ---------------

OS:Linux
uname:Linux 4.1.20-1-lts #1 SMP Fri Mar 18 17:47:36 CET 2016 i686
libc:glibc 2.23 NPTL 2.23 
rlimit: STACK 8192k, CORE infinity, NPROC 27270, NOFILE 4096, AS infinity
load average:1.40 0.71 0.63

/proc/meminfo:
MemTotal:        3494900 kB
MemFree:          462564 kB
MemAvailable:    2083344 kB
Buffers:          274872 kB
Cached:          1356204 kB
SwapCached:            0 kB
Active:          1896620 kB
Inactive:        1000244 kB
Active(anon):    1267776 kB
Inactive(anon):    28856 kB
Active(file):     628844 kB
Inactive(file):   971388 kB
Unevictable:          32 kB
Mlocked:              32 kB
HighTotal:       2629320 kB
HighFree:         387464 kB
LowTotal:         865580 kB
LowFree:           75100 kB
SwapTotal:             0 kB
SwapFree:              0 kB
Dirty:               348 kB
Writeback:             0 kB
AnonPages:       1266012 kB
Mapped:           275716 kB
Shmem:             30636 kB
Slab:              62400 kB
SReclaimable:      44008 kB
SUnreclaim:        18392 kB
KernelStack:        2968 kB
PageTables:         5296 kB
NFS_Unstable:          0 kB
Bounce:                0 kB
WritebackTmp:          0 kB
CommitLimit:     1747448 kB
Committed_AS:    3626076 kB
VmallocTotal:     122880 kB
VmallocUsed:       76176 kB
VmallocChunk:      40660 kB
HardwareCorrupted:     0 kB
AnonHugePages:    643072 kB
HugePages_Total:       0
HugePages_Free:        0
HugePages_Rsvd:        0
HugePages_Surp:        0
Hugepagesize:       4096 kB
DirectMap4k:      352248 kB
DirectMap4M:      557056 kB


CPU:total 2 (2 cores per cpu, 1 threads per core) family 6 model 23 stepping 10, cmov, cx8, fxsr, mmx, sse, sse2, sse3, ssse3, sse4.1, tsc

/proc/cpuinfo:
processor	: 0
vendor_id	: GenuineIntel
cpu family	: 6
model		: 23
model name	: Intel(R) Core(TM)2 Duo CPU     E8400  @ 3.00GHz
stepping	: 10
microcode	: 0xa07
cpu MHz		: 3003.000
cache size	: 6144 KB
physical id	: 0
siblings	: 2
core id		: 0
cpu cores	: 2
apicid		: 0
initial apicid	: 0
fdiv_bug	: no
f00f_bug	: no
coma_bug	: no
fpu		: yes
fpu_exception	: yes
cpuid level	: 13
wp		: yes
flags		: fpu vme de pse tsc msr pae mce cx8 apic sep mtrr pge mca cmov pat pse36 clflush dts acpi mmx fxsr sse sse2 ss ht tm pbe lm constant_tsc arch_perfmon pebs bts aperfmperf pni dtes64 monitor ds_cpl vmx smx est tm2 ssse3 cx16 xtpr pdcm sse4_1 xsave lahf_lm dtherm tpr_shadow vnmi flexpriority
bugs		:
bogomips	: 5986.18
clflush size	: 64
cache_alignment	: 64
address sizes	: 36 bits physical, 48 bits virtual
power management:

processor	: 1
vendor_id	: GenuineIntel
cpu family	: 6
model		: 23
model name	: Intel(R) Core(TM)2 Duo CPU     E8400  @ 3.00GHz
stepping	: 10
microcode	: 0xa07
cpu MHz		: 3003.000
cache size	: 6144 KB
physical id	: 0
siblings	: 2
core id		: 1
cpu cores	: 2
apicid		: 1
initial apicid	: 1
fdiv_bug	: no
f00f_bug	: no
coma_bug	: no
fpu		: yes
fpu_exception	: yes
cpuid level	: 13
wp		: yes
flags		: fpu vme de pse tsc msr pae mce cx8 apic sep mtrr pge mca cmov pat pse36 clflush dts acpi mmx fxsr sse sse2 ss ht tm pbe lm constant_tsc arch_perfmon pebs bts aperfmperf pni dtes64 monitor ds_cpl vmx smx est tm2 ssse3 cx16 xtpr pdcm sse4_1 xsave lahf_lm dtherm tpr_shadow vnmi flexpriority
bugs		:
bogomips	: 5986.18
clflush size	: 64
cache_alignment	: 64
address sizes	: 36 bits physical, 48 bits virtual
power management:



Memory: 4k page, physical 3494900k(462564k free), swap 0k(0k free)

vm_info: OpenJDK Server VM (24.95-b01) for linux-x86 JRE (1.7.0_95-b00), built on Jan 21 2016 12:43:41 by "builduser" with gcc 5.3.0

time: Mon Apr 25 21:13:10 2016
elapsed time: 0 seconds

