#
# A fatal error has been detected by the Java Runtime Environment:
#
#  SIGSEGV (0xb) at pc=0xb76ea016, pid=2637, tid=3056687936
#
# JRE version: OpenJDK Runtime Environment (7.0_101) (build 1.7.0_101-b00)
# Java VM: OpenJDK Server VM (24.95-b01 mixed mode linux-x86 )
# Derivative: IcedTea 2.6.6
# Distribution: Custom build (Mon May  2 15:54:55 UTC 2016)
# Problematic frame:
# C  0xb76ea016
#
# Core dump written. Default location: /home/castiel/Dev/Java/Project/OpenGl Test/core or core.2637
#
# If you would like to submit a bug report, please include
# instructions on how to reproduce the bug and visit:
#   http://icedtea.classpath.org/bugzilla
# The crash happened outside the Java Virtual Machine in native code.
# See problematic frame for where to report the bug.
#

---------------  T H R E A D  ---------------

Current thread (0xb6107c00):  JavaThread "main" [_thread_in_native, id=2639, stack(0xb62c5000,0xb6316000)]

siginfo:si_signo=SIGSEGV: si_errno=0, si_code=1 (SEGV_MAPERR), si_addr=0x00000060

Registers:
EAX=0xb76ea0f6, EBX=0x50000000, ECX=0x752048d8, EDX=0x00000000
ESP=0xb6312ec8, EBP=0xb6314fc4, ESI=0x00010001, EDI=0x752139ac
EIP=0xb76ea016, EFLAGS=0x00010a96, CR2=0x00000060

Top of Stack: (sp=0xb6312ec8)
0xb6312ec8:   00000073 752047cb 00010001 752139ac
0xb6312ed8:   00000000 00000000 00000000 00000000
0xb6312ee8:   00000000 00000008 00000008 00000008
0xb6312ef8:   00000000 00000000 00000000 75b28f04
0xb6312f08:   00000000 b70d71d4 b6d47c7c 00000000
0xb6312f18:   00000000 00000000 00000000 00000000
0xb6312f28:   00000000 00000000 b697a929 b70b9f90
0xb6312f38:   75df92f0 b6b89116 b70b9f90 00000000 

Instructions: (pc=0xb76ea016)
0xb76e9ff6:   00 00 00 00 00 00 00 00 00 00 00 00 00 00 21 00
0xb76ea006:   00 00 04 77 7e 72 04 77 7e 72 0e bb 00 00 00 50
0xb76ea016:   21 72 60 13 7d 72 08 60 21 72 20 00 00 00 22 00
0xb76ea026:   00 00 b8 28 a0 6e b7 e9 92 e2 0e bb 00 00 20 50 

Register to memory mapping:

EAX=0xb76ea0f6 is an unknown value
EBX=0x50000000 is an unknown value
ECX=0x752048d8: <offset 0x48d8> in /home/castiel/Downloads/LWJGL -- Java Open GL/native/libglfw32.so at 0x75200000
EDX=0x00000000 is an unknown value
ESP=0xb6312ec8 is pointing into the stack for thread: 0xb6107c00
EBP=0xb6314fc4 is pointing into the stack for thread: 0xb6107c00
ESI=0x00010001 is an unknown value
EDI=0x752139ac: <offset 0x139ac> in /home/castiel/Downloads/LWJGL -- Java Open GL/native/libglfw32.so at 0x75200000


Stack: [0xb62c5000,0xb6316000],  sp=0xb6312ec8,  free space=311k
Native frames: (J=compiled Java code, j=interpreted, Vv=VM code, C=native code)
C  0xb76ea016
j  org.lwjgl.glfw.GLFW.glfwSetInputMode(JII)V+24
j  opengl.test.Demo.init()V+8
j  opengl.test.Demo.main([Ljava/lang/String;)V+7
v  ~StubRoutines::call_stub
V  [libjvm.so+0x4abf87]

Java frames: (J=compiled Java code, j=interpreted, Vv=VM code)
j  org.lwjgl.system.JNI.invokePIIV(JJII)V+0
j  org.lwjgl.glfw.GLFW.glfwSetInputMode(JII)V+24
j  opengl.test.Demo.init()V+8
j  opengl.test.Demo.main([Ljava/lang/String;)V+7
v  ~StubRoutines::call_stub

---------------  P R O C E S S  ---------------

Java Threads: ( => current thread )
  0x72b38000 JavaThread "Service Thread" daemon [_thread_blocked, id=2663, stack(0x72869000,0x728ba000)]
  0x72b36000 JavaThread "C2 CompilerThread1" daemon [_thread_blocked, id=2662, stack(0x728ba000,0x7293b000)]
  0x72b33800 JavaThread "C2 CompilerThread0" daemon [_thread_blocked, id=2661, stack(0x7293b000,0x729bc000)]
  0x097d6400 JavaThread "JDWP Command Reader" daemon [_thread_in_native, id=2655, stack(0x729bc000,0x72a0d000)]
  0x72b31c00 JavaThread "JDWP Event Helper Thread" daemon [_thread_blocked, id=2654, stack(0x72a0d000,0x72a5e000)]
  0x72b2f400 JavaThread "JDWP Transport Listener: dt_socket" daemon [_thread_blocked, id=2653, stack(0x72a5e000,0x72aaf000)]
  0x72b26c00 JavaThread "Signal Dispatcher" daemon [_thread_blocked, id=2647, stack(0x72aaf000,0x72b00000)]
  0x72b14800 JavaThread "Finalizer" daemon [_thread_blocked, id=2646, stack(0x72c26000,0x72c77000)]
  0x72b13000 JavaThread "Reference Handler" daemon [_thread_blocked, id=2645, stack(0x72c77000,0x72cc8000)]
=>0xb6107c00 JavaThread "main" [_thread_in_native, id=2639, stack(0xb62c5000,0xb6316000)]

Other Threads:
  0x72b10400 VMThread [stack: 0x75236000,0x752b7000] [id=2644]
  0x72b3a400 WatcherThread [stack: 0x727e8000,0x72869000] [id=2664]

VM state:not at safepoint (normal execution)

VM Mutex/Monitor currently owned by a thread: None

Heap
 PSYoungGen      total 16128K, used 10890K [0xa11c0000, 0xa2380000, 0xb2e80000)
  eden space 14080K, 77% used [0xa11c0000,0xa1c62b10,0xa1f80000)
  from space 2048K, 0% used [0xa2180000,0xa2180000,0xa2380000)
  to   space 2048K, 0% used [0xa1f80000,0xa1f80000,0xa2180000)
 ParOldGen       total 36352K, used 0K [0x7d880000, 0x7fc00000, 0xa11c0000)
  object space 36352K, 0% used [0x7d880000,0x7d880000,0x7fc00000)
 PSPermGen       total 16384K, used 5608K [0x75880000, 0x76880000, 0x7d880000)
  object space 16384K, 34% used [0x75880000,0x75dfa058,0x76880000)

Card table byte_map: [0x75694000,0x75880000] byte_map_base: 0x752e7c00

Polling page: 0xb7702000

Code Cache  [0xb2f68000, 0xb31a8000, 0xb5f68000)
 total_blobs=408 nmethods=22 adapters=349 free_code_cache=48720Kb largest_free_block=49873920

Compilation events (10 events):
Event: 4.685 Thread 0x72b33800   17             sun.net.www.ParseUtil::encodePath (336 bytes)
Event: 4.692 Thread 0x72b33800 nmethod 17 0xb2fce2c8 code [0xb2fce440, 0xb2fceb64]
Event: 4.714 Thread 0x72b36000   18             java.lang.String::length (6 bytes)
Event: 4.715 Thread 0x72b36000 nmethod 18 0xb2fd0e88 code [0xb2fd0f80, 0xb2fd1010]
Event: 4.759 Thread 0x72b36000   20             java.lang.String::startsWith (72 bytes)
Event: 4.762 Thread 0x72b36000 nmethod 20 0xb2fd13c8 code [0xb2fd14e0, 0xb2fd1730]
Event: 77.254 Thread 0x72b36000   21             Utils.Matrix4F::nhanMaTran (109 bytes)
Event: 77.269 Thread 0x72b36000 nmethod 21 0xb2fd3008 code [0xb2fd3180, 0xb2fd3afc]
Event: 78.335 Thread 0x72b33800   22             Utils.Matrix4F::<init> (67 bytes)
Event: 78.344 Thread 0x72b33800 nmethod 22 0xb2fd7288 code [0xb2fd73c0, 0xb2fd7970]

GC Heap History (0 events):
No events

Deoptimization events (0 events):
No events

Internal exceptions (10 events):
Event: 4.770 Thread 0xb6107c00 Threw 0xa1c1a0b8 at /build/java7-openjdk/src/icedtea-2.6.6/openjdk/hotspot/src/share/vm/prims/jvm.cpp:1322
Event: 4.770 Thread 0xb6107c00 Threw 0xa1c1d888 at /build/java7-openjdk/src/icedtea-2.6.6/openjdk/hotspot/src/share/vm/prims/jvm.cpp:1322
Event: 4.771 Thread 0xb6107c00 Threw 0xa1c23788 at /build/java7-openjdk/src/icedtea-2.6.6/openjdk/hotspot/src/share/vm/prims/jvm.cpp:1322
Event: 4.771 Thread 0xb6107c00 Threw 0xa1c28600 at /build/java7-openjdk/src/icedtea-2.6.6/openjdk/hotspot/src/share/vm/prims/jvm.cpp:1322
Event: 4.772 Thread 0xb6107c00 Threw 0xa1c2d370 at /build/java7-openjdk/src/icedtea-2.6.6/openjdk/hotspot/src/share/vm/prims/jvm.cpp:1322
Event: 4.772 Thread 0xb6107c00 Threw 0xa1c308d0 at /build/java7-openjdk/src/icedtea-2.6.6/openjdk/hotspot/src/share/vm/prims/jvm.cpp:1322
Event: 4.773 Thread 0xb6107c00 Threw 0xa1c32928 at /build/java7-openjdk/src/icedtea-2.6.6/openjdk/hotspot/src/share/vm/prims/jvm.cpp:1322
Event: 4.773 Thread 0xb6107c00 Threw 0xa1c34a70 at /build/java7-openjdk/src/icedtea-2.6.6/openjdk/hotspot/src/share/vm/prims/jvm.cpp:1322
Event: 57.852 Thread 0xb6107c00 Threw 0xa1c36dc8 at /build/java7-openjdk/src/icedtea-2.6.6/openjdk/hotspot/src/share/vm/prims/jvm.cpp:1322
Event: 70.000 Thread 0xb6107c00 Threw 0xa1c3b3a8 at /build/java7-openjdk/src/icedtea-2.6.6/openjdk/hotspot/src/share/vm/prims/jvm.cpp:1322

Events (10 events):
Event: 107.598 Executing VM operation: ChangeSingleStep
Event: 107.598 Executing VM operation: ChangeSingleStep done
Event: 108.878 Executing VM operation: EnterInterpOnlyMode
Event: 108.878 Executing VM operation: EnterInterpOnlyMode done
Event: 108.878 Executing VM operation: GetCurrentLocation
Event: 108.878 Executing VM operation: GetCurrentLocation done
Event: 108.878 Executing VM operation: ChangeSingleStep
Event: 108.878 Executing VM operation: ChangeSingleStep done
Event: 108.880 Executing VM operation: ChangeSingleStep
Event: 108.880 Executing VM operation: ChangeSingleStep done


Dynamic libraries:
08048000-08049000 r-xp 00000000 08:05 662509     /usr/lib/jvm/java-7-openjdk/jre/bin/java
08049000-0804a000 rw-p 00000000 08:05 662509     /usr/lib/jvm/java-7-openjdk/jre/bin/java
097cf000-098d5000 rw-p 00000000 00:00 0          [heap]
6f100000-6f191000 rw-p 00000000 00:00 0 
6f191000-6f200000 ---p 00000000 00:00 0 
6f200000-6f280000 rw-s 1e5ff000 00:06 13400      /dev/nvidiactl
6f280000-6f300000 rw-s 1f979000 00:06 13400      /dev/nvidiactl
6f300000-6f400000 rw-p 00000000 00:00 0 
6f42d000-6f4ad000 rw-s 14bf7000 00:06 13400      /dev/nvidiactl
6f4ad000-6f52d000 rw-s 117c4000 00:06 13400      /dev/nvidiactl
6f52d000-6f62d000 rw-s 18108000 00:06 13400      /dev/nvidiactl
6f62d000-6f64d000 rw-s f00e0000 00:06 13401      /dev/nvidia0
6f64d000-6f68d000 rw-s 0b432000 00:06 13400      /dev/nvidiactl
6f68d000-6f6ad000 rw-s 1bea0000 00:06 13400      /dev/nvidiactl
6f6ad000-6f6ed000 rw-s 101c6000 00:06 13400      /dev/nvidiactl
6f6ed000-6f70d000 rw-s 101c3000 00:06 13400      /dev/nvidiactl
6f70d000-6f7c0000 rw-p 00000000 00:00 0 
6f8fc000-6fa00000 rw-s 2e6c8000 00:06 13400      /dev/nvidiactl
6fa00000-6faef000 rw-p 00000000 00:00 0 
6faef000-6fb00000 ---p 00000000 00:00 0 
6fb14000-6fb54000 rw-s 1e542000 00:06 13400      /dev/nvidiactl
6fb54000-6fb95000 rw-p 00000000 00:00 0 
6fb95000-71786000 r-xp 00000000 08:05 418757     /usr/lib/libnvidia-glcore.so.364.19
71786000-717a6000 rwxp 01bf1000 08:05 418757     /usr/lib/libnvidia-glcore.so.364.19
717a6000-71e3f000 r-xp 01c11000 08:05 418757     /usr/lib/libnvidia-glcore.so.364.19
71e3f000-71edd000 rw-p 022a9000 08:05 418757     /usr/lib/libnvidia-glcore.so.364.19
71edd000-71ef0000 rw-p 00000000 00:00 0 
71ef0000-71fb0000 r-xp 00000000 08:05 426723     /usr/lib/libGLX_nvidia.so.364.19
71fb0000-71fd0000 rwxp 000c0000 08:05 426723     /usr/lib/libGLX_nvidia.so.364.19
71fd0000-71ff9000 r-xp 000e0000 08:05 426723     /usr/lib/libGLX_nvidia.so.364.19
71ff9000-71ffe000 rw-p 00108000 08:05 426723     /usr/lib/libGLX_nvidia.so.364.19
71ffe000-72002000 rw-p 00000000 00:00 0 
72002000-72096000 r-xp 00000000 08:05 443425     /usr/lib/libGLdispatch.so.0.0.0
72096000-72097000 ---p 00094000 08:05 443425     /usr/lib/libGLdispatch.so.0.0.0
72097000-7209f000 r--p 00094000 08:05 443425     /usr/lib/libGLdispatch.so.0.0.0
7209f000-720a0000 rw-p 0009c000 08:05 443425     /usr/lib/libGLdispatch.so.0.0.0
720a0000-720b0000 rw-p 00000000 00:00 0 
720b0000-721fb000 r-xp 00000000 08:05 417030     /usr/lib/libX11.so.6.3.0
721fb000-721fd000 r--p 0014b000 08:05 417030     /usr/lib/libX11.so.6.3.0
721fd000-72200000 rw-p 0014d000 08:05 417030     /usr/lib/libX11.so.6.3.0
72200000-72600000 rw-p 00000000 00:00 0 
72601000-72614000 rw-s 1ce2f000 00:06 13400      /dev/nvidiactl
72614000-72618000 rw-s 147da000 00:06 13400      /dev/nvidiactl
72638000-7263c000 r-xp 00000000 08:05 443826     /usr/lib/tls/libnvidia-tls.so.364.19
7263c000-7263d000 rw-p 00003000 08:05 443826     /usr/lib/tls/libnvidia-tls.so.364.19
7263d000-7264e000 r-xp 00000000 08:05 443376     /usr/lib/libGLX.so.0.0.0
7264e000-7264f000 r--p 00010000 08:05 443376     /usr/lib/libGLX.so.0.0.0
7264f000-72650000 rw-p 00011000 08:05 443376     /usr/lib/libGLX.so.0.0.0
72650000-72660000 rw-p 00000000 00:00 0 
72660000-726ce000 r-xp 00000000 08:05 443440     /usr/lib/nvidia/libGL.so.1.0.0
726ce000-726cf000 r--p 0006d000 08:05 443440     /usr/lib/nvidia/libGL.so.1.0.0
726cf000-726d0000 rw-p 0006e000 08:05 443440     /usr/lib/nvidia/libGL.so.1.0.0
726d0000-726d5000 r-xp 00000000 08:05 414447     /usr/lib/libXdmcp.so.6.0.0
726d5000-726d6000 r--p 00004000 08:05 414447     /usr/lib/libXdmcp.so.6.0.0
726d6000-726d7000 rw-p 00005000 08:05 414447     /usr/lib/libXdmcp.so.6.0.0
726d7000-726d9000 r-xp 00000000 08:05 414580     /usr/lib/libXau.so.6.0.0
726d9000-726da000 r--p 00001000 08:05 414580     /usr/lib/libXau.so.6.0.0
726da000-726db000 rw-p 00002000 08:05 414580     /usr/lib/libXau.so.6.0.0
726db000-726df000 r-xp 00000000 08:05 418466     /usr/lib/libXfixes.so.3.1.0
726df000-726e0000 r--p 00003000 08:05 418466     /usr/lib/libXfixes.so.3.1.0
726e0000-726e1000 rw-p 00004000 08:05 418466     /usr/lib/libXfixes.so.3.1.0
726e1000-726eb000 r-xp 00000000 08:05 419232     /usr/lib/libXrender.so.1.3.0
726eb000-726ec000 r--p 00009000 08:05 419232     /usr/lib/libXrender.so.1.3.0
726ec000-726ed000 rw-p 0000a000 08:05 419232     /usr/lib/libXrender.so.1.3.0
726ed000-72700000 r-xp 00000000 08:05 418425     /usr/lib/libXext.so.6.4.0
72700000-72701000 r--p 00012000 08:05 418425     /usr/lib/libXext.so.6.4.0
72701000-72702000 rw-p 00013000 08:05 418425     /usr/lib/libXext.so.6.4.0
72702000-72726000 r-xp 00000000 08:05 416949     /usr/lib/libxcb.so.1.1.0
72726000-72727000 ---p 00024000 08:05 416949     /usr/lib/libxcb.so.1.1.0
72727000-72728000 r--p 00024000 08:05 416949     /usr/lib/libxcb.so.1.1.0
72728000-72729000 rw-p 00025000 08:05 416949     /usr/lib/libxcb.so.1.1.0
72729000-72733000 r-xp 00000000 08:05 419326     /usr/lib/libXcursor.so.1.0.2
72733000-72734000 r--p 00009000 08:05 419326     /usr/lib/libXcursor.so.1.0.2
72734000-72735000 rw-p 0000a000 08:05 419326     /usr/lib/libXcursor.so.1.0.2
72735000-7273a000 r-xp 00000000 08:05 418458     /usr/lib/libXxf86vm.so.1.0.0
7273a000-7273b000 r--p 00004000 08:05 418458     /usr/lib/libXxf86vm.so.1.0.0
7273b000-7273c000 rw-p 00005000 08:05 418458     /usr/lib/libXxf86vm.so.1.0.0
7273c000-7273d000 r-xp 00000000 08:06 169981     /home/castiel/Downloads/LWJGL -- Java Open GL/native/libjemalloc32.so
7273d000-7277a000 r-xp 00000000 00:00 0 
7277a000-7277b000 ---p 0003e000 08:06 169981     /home/castiel/Downloads/LWJGL -- Java Open GL/native/libjemalloc32.so
7277b000-7277c000 r--p 00019000 08:06 169981     /home/castiel/Downloads/LWJGL -- Java Open GL/native/libjemalloc32.so
7277c000-7277d000 rw-p 0001a000 08:06 169981     /home/castiel/Downloads/LWJGL -- Java Open GL/native/libjemalloc32.so
7277d000-72788000 r-xp 00000000 08:06 169984     /home/castiel/Downloads/LWJGL -- Java Open GL/native/liblwjgl32.so
72788000-727e5000 r-xp 00000000 00:00 0 
727e5000-727e6000 r--p 00031000 08:06 169984     /home/castiel/Downloads/LWJGL -- Java Open GL/native/liblwjgl32.so
727e6000-727e7000 rw-p 00032000 08:06 169984     /home/castiel/Downloads/LWJGL -- Java Open GL/native/liblwjgl32.so
727e7000-727e8000 rw-p 00000000 00:00 0 
727e8000-727e9000 ---p 00000000 00:00 0 
727e9000-72869000 rw-p 00000000 00:00 0          [stack:2664]
72869000-7286c000 ---p 00000000 00:00 0 
7286c000-728ba000 rw-p 00000000 00:00 0          [stack:2663]
728ba000-728bd000 ---p 00000000 00:00 0 
728bd000-7293b000 rw-p 00000000 00:00 0          [stack:2662]
7293b000-7293e000 ---p 00000000 00:00 0 
7293e000-729bc000 rw-p 00000000 00:00 0          [stack:2661]
729bc000-729bf000 ---p 00000000 00:00 0 
729bf000-72a0d000 rw-p 00000000 00:00 0          [stack:2655]
72a0d000-72a10000 ---p 00000000 00:00 0 
72a10000-72a5e000 rw-p 00000000 00:00 0          [stack:2654]
72a5e000-72a61000 ---p 00000000 00:00 0 
72a61000-72aaf000 rw-p 00000000 00:00 0          [stack:2653]
72aaf000-72ab2000 ---p 00000000 00:00 0 
72ab2000-72b00000 rw-p 00000000 00:00 0          [stack:2647]
72b00000-72bfc000 rw-p 00000000 00:00 0 
72bfc000-72c00000 ---p 00000000 00:00 0 
72c03000-72c26000 rw-p 00000000 00:00 0 
72c26000-72c29000 ---p 00000000 00:00 0 
72c29000-72c77000 rw-p 00000000 00:00 0          [stack:2646]
72c77000-72c7a000 ---p 00000000 00:00 0 
72c7a000-72cc8000 rw-p 00000000 00:00 0          [stack:2645]
72cc8000-72e7a000 r--s 01d32000 08:05 662492     /usr/lib/jvm/java-7-openjdk/jre/lib/rt.jar
72e7a000-75100000 rw-p 00000000 00:00 0 
75100000-75121000 rw-p 00000000 00:00 0 
75121000-75200000 ---p 00000000 00:00 0 
75200000-75202000 r-xp 00000000 08:06 169978     /home/castiel/Downloads/LWJGL -- Java Open GL/native/libglfw32.so
75202000-75219000 r-xp 00000000 00:00 0 
75219000-7521a000 r--p 0000b000 08:06 169978     /home/castiel/Downloads/LWJGL -- Java Open GL/native/libglfw32.so
7521a000-7521b000 rw-p 0000c000 08:06 169978     /home/castiel/Downloads/LWJGL -- Java Open GL/native/libglfw32.so
7521b000-75236000 r--s 001e6000 08:06 170001     /home/castiel/Downloads/LWJGL -- Java Open GL/jar/lwjgl.jar
75236000-75237000 ---p 00000000 00:00 0 
75237000-75300000 rw-p 00000000 00:00 0          [stack:2644]
75300000-75321000 rw-p 00000000 00:00 0 
75321000-75400000 ---p 00000000 00:00 0 
75403000-75414000 r-xp 00000000 08:05 419224     /usr/lib/libXi.so.6.1.0
75414000-75415000 r--p 00010000 08:05 419224     /usr/lib/libXi.so.6.1.0
75415000-75416000 rw-p 00011000 08:05 419224     /usr/lib/libXi.so.6.1.0
75416000-75418000 r-xp 00000000 08:05 419264     /usr/lib/libXinerama.so.1.0.0
75418000-75419000 r--p 00001000 08:05 419264     /usr/lib/libXinerama.so.1.0.0
75419000-7541a000 rw-p 00002000 08:05 419264     /usr/lib/libXinerama.so.1.0.0
7541a000-75475000 rw-p 00000000 00:00 0 
75475000-75476000 ---p 00000000 00:00 0 
75476000-754f6000 rw-p 00000000 00:00 0          [stack:2643]
754f6000-754f7000 ---p 00000000 00:00 0 
754f7000-75589000 rw-p 00000000 00:00 0          [stack:2642]
75589000-75694000 rw-p 00000000 00:00 0 
75694000-7569c000 rw-p 00000000 00:00 0 
7569c000-756d4000 rw-p 00000000 00:00 0 
756d4000-756e6000 rw-p 00000000 00:00 0 
756e6000-757f0000 rw-p 00000000 00:00 0 
757f0000-757fa000 rw-p 00000000 00:00 0 
757fa000-7587f000 rw-p 00000000 00:00 0 
7587f000-76880000 rw-p 00000000 00:00 0 
76880000-7d880000 rw-p 00000000 00:00 0 
7d880000-7fc00000 rw-p 00000000 00:00 0 
7fc00000-a11c0000 rw-p 00000000 00:00 0 
a11c0000-a2380000 rw-p 00000000 00:00 0 
a2380000-b2e80000 rw-p 00000000 00:00 0 
b2e80000-b2e81000 rw-s 1ce2e000 00:06 13400      /dev/nvidiactl
b2e81000-b2e82000 rw-s f7f65000 00:06 13401      /dev/nvidia0
b2e82000-b2e83000 rw-s f7f64000 00:06 13401      /dev/nvidia0
b2e83000-b2e8e000 r-xp 00000000 08:05 419256     /usr/lib/libXrandr.so.2.2.0
b2e8e000-b2e8f000 r--p 0000a000 08:05 419256     /usr/lib/libXrandr.so.2.2.0
b2e8f000-b2e90000 rw-p 0000b000 08:05 419256     /usr/lib/libXrandr.so.2.2.0
b2e90000-b2eb1000 rw-p 00000000 00:00 0 
b2eb1000-b2f68000 rw-p 00000000 00:00 0 
b2f68000-b31a8000 rwxp 00000000 00:00 0 
b31a8000-b5f68000 rw-p 00000000 00:00 0 
b5f68000-b6100000 r--p 00000000 08:05 436420     /usr/lib/locale/locale-archive
b6100000-b61fd000 rw-p 00000000 00:00 0 
b61fd000-b6200000 ---p 00000000 00:00 0 
b6200000-b6201000 rw-s f7f63000 00:06 13401      /dev/nvidia0
b6201000-b6202000 rw-s 0da00000 00:06 13400      /dev/nvidiactl
b6202000-b6203000 rw-s fd060000 00:06 13401      /dev/nvidia0
b6203000-b6207000 r-xp 00000000 08:05 130541     /usr/lib/jvm/java-7-openjdk/jre/lib/i386/libdt_socket.so
b6207000-b6208000 rw-p 00003000 08:05 130541     /usr/lib/jvm/java-7-openjdk/jre/lib/i386/libdt_socket.so
b6208000-b6210000 rw-p 00000000 00:00 0 
b6210000-b6248000 rw-p 00000000 00:00 0 
b6248000-b6250000 r-xp 00000000 08:05 130515     /usr/lib/jvm/java-7-openjdk/jre/lib/i386/libzip.so
b6250000-b6251000 rw-p 00007000 08:05 130515     /usr/lib/jvm/java-7-openjdk/jre/lib/i386/libzip.so
b6251000-b6259000 rw-s 00000000 00:22 29859      /tmp/hsperfdata_castiel/2637
b6259000-b6295000 r-xp 00000000 08:05 130540     /usr/lib/jvm/java-7-openjdk/jre/lib/i386/libjdwp.so
b6295000-b6296000 rw-p 0003c000 08:05 130540     /usr/lib/jvm/java-7-openjdk/jre/lib/i386/libjdwp.so
b6296000-b62bb000 r-xp 00000000 08:05 130514     /usr/lib/jvm/java-7-openjdk/jre/lib/i386/libjava.so
b62bb000-b62bc000 rw-p 00025000 08:05 130514     /usr/lib/jvm/java-7-openjdk/jre/lib/i386/libjava.so
b62bc000-b62c3000 r-xp 00000000 08:05 393451     /usr/lib/librt-2.23.so
b62c3000-b62c4000 r--p 00006000 08:05 393451     /usr/lib/librt-2.23.so
b62c4000-b62c5000 rw-p 00007000 08:05 393451     /usr/lib/librt-2.23.so
b62c5000-b62c8000 ---p 00000000 00:00 0 
b62c8000-b6316000 rw-p 00000000 00:00 0          [stack:2639]
b6316000-b6332000 r-xp 00000000 08:05 393668     /usr/lib/libgcc_s.so.1
b6332000-b6333000 rw-p 0001b000 08:05 393668     /usr/lib/libgcc_s.so.1
b6333000-b6386000 r-xp 00000000 08:05 393448     /usr/lib/libm-2.23.so
b6386000-b6387000 r--p 00052000 08:05 393448     /usr/lib/libm-2.23.so
b6387000-b6388000 rw-p 00053000 08:05 393448     /usr/lib/libm-2.23.so
b6388000-b64fd000 r-xp 00000000 08:05 393707     /usr/lib/libstdc++.so.6.0.22
b64fd000-b6503000 r--p 00174000 08:05 393707     /usr/lib/libstdc++.so.6.0.22
b6503000-b6504000 rw-p 0017a000 08:05 393707     /usr/lib/libstdc++.so.6.0.22
b6504000-b6507000 rw-p 00000000 00:00 0 
b6507000-b706f000 r-xp 00000000 08:05 130550     /usr/lib/jvm/java-7-openjdk/jre/lib/i386/server/libjvm.so
b706f000-b70ce000 rw-p 00b67000 08:05 130550     /usr/lib/jvm/java-7-openjdk/jre/lib/i386/server/libjvm.so
b70ce000-b74ed000 rw-p 00000000 00:00 0 
b74ed000-b7503000 r-xp 00000000 08:05 396574     /usr/lib/libz.so.1.2.8
b7503000-b7504000 r--p 00015000 08:05 396574     /usr/lib/libz.so.1.2.8
b7504000-b7505000 rw-p 00016000 08:05 396574     /usr/lib/libz.so.1.2.8
b7505000-b76b3000 r-xp 00000000 08:05 393369     /usr/lib/libc-2.23.so
b76b3000-b76b4000 ---p 001ae000 08:05 393369     /usr/lib/libc-2.23.so
b76b4000-b76b6000 r--p 001ae000 08:05 393369     /usr/lib/libc-2.23.so
b76b6000-b76b7000 rw-p 001b0000 08:05 393369     /usr/lib/libc-2.23.so
b76b7000-b76ba000 rw-p 00000000 00:00 0 
b76ba000-b76bd000 r-xp 00000000 08:05 393447     /usr/lib/libdl-2.23.so
b76bd000-b76be000 r--p 00002000 08:05 393447     /usr/lib/libdl-2.23.so
b76be000-b76bf000 rw-p 00003000 08:05 393447     /usr/lib/libdl-2.23.so
b76bf000-b76c0000 rw-p 00000000 00:00 0 
b76c0000-b76cc000 r-xp 00000000 08:05 130543     /usr/lib/jvm/java-7-openjdk/jre/lib/i386/jli/libjli.so
b76cc000-b76cd000 rw-p 0000b000 08:05 130543     /usr/lib/jvm/java-7-openjdk/jre/lib/i386/jli/libjli.so
b76cd000-b76e6000 r-xp 00000000 08:05 393343     /usr/lib/libpthread-2.23.so
b76e6000-b76e7000 r--p 00018000 08:05 393343     /usr/lib/libpthread-2.23.so
b76e7000-b76e8000 rw-p 00019000 08:05 393343     /usr/lib/libpthread-2.23.so
b76e8000-b76ea000 rw-p 00000000 00:00 0 
b76ea000-b76eb000 rwxp 00000000 00:00 0 
b76eb000-b76f6000 r-xp 00000000 08:05 393443     /usr/lib/libnss_files-2.23.so
b76f6000-b76f7000 r--p 0000a000 08:05 393443     /usr/lib/libnss_files-2.23.so
b76f7000-b76f8000 rw-p 0000b000 08:05 393443     /usr/lib/libnss_files-2.23.so
b76f8000-b76fe000 rw-p 00000000 00:00 0 
b76fe000-b7700000 r-xp 00000000 08:05 130519     /usr/lib/jvm/java-7-openjdk/jre/lib/i386/libnpt.so
b7700000-b7701000 rw-p 00001000 08:05 130519     /usr/lib/jvm/java-7-openjdk/jre/lib/i386/libnpt.so
b7701000-b7702000 rw-p 00000000 00:00 0 
b7702000-b7703000 r--p 00000000 00:00 0 
b7703000-b770e000 r-xp 00000000 08:05 130513     /usr/lib/jvm/java-7-openjdk/jre/lib/i386/libverify.so
b770e000-b770f000 rw-p 0000a000 08:05 130513     /usr/lib/jvm/java-7-openjdk/jre/lib/i386/libverify.so
b770f000-b7710000 rw-p 00000000 00:00 0 
b7710000-b7712000 r--p 00000000 00:00 0          [vvar]
b7712000-b7713000 r-xp 00000000 00:00 0          [vdso]
b7713000-b7735000 r-xp 00000000 08:05 393368     /usr/lib/ld-2.23.so
b7735000-b7736000 r--p 00021000 08:05 393368     /usr/lib/ld-2.23.so
b7736000-b7737000 rw-p 00022000 08:05 393368     /usr/lib/ld-2.23.so
bf7f7000-bf7f8000 rwxp 00000000 00:00 0 
bf82a000-bf84b000 rw-p 00000000 00:00 0          [stack]

VM Arguments:
jvm_args: -Xdebug -Xrunjdwp:transport=dt_socket,address=localhost.localdomain:33259 -Dfile.encoding=UTF-8 -Djava.library.path=/home/castiel/Downloads/LWJGL -- Java Open GL/native/ 
java_command: opengl.test.Demo
Launcher Type: SUN_STANDARD

Environment Variables:
PATH=/usr/local/sbin:/usr/local/bin:/usr/bin:/usr/lib/jvm/default/bin:/usr/bin/site_perl:/usr/bin/vendor_perl:/usr/bin/core_perl
LD_LIBRARY_PATH=/usr/lib/jvm/default/bin/../jre/lib/amd64:/usr/lib/jvm/default/bin/../jre/lib/i386:
SHELL=/bin/bash
DISPLAY=:0.0

Signal Handlers:
SIGSEGV: [libjvm.so+0x812cd0], sa_mask[0]=0x7ffbfeff, sa_flags=0x10000004
SIGBUS: [libjvm.so+0x812cd0], sa_mask[0]=0x7ffbfeff, sa_flags=0x10000004
SIGFPE: [libjvm.so+0x68b580], sa_mask[0]=0x7ffbfeff, sa_flags=0x10000004
SIGPIPE: [libjvm.so+0x68b580], sa_mask[0]=0x7ffbfeff, sa_flags=0x10000004
SIGXFSZ: [libjvm.so+0x68b580], sa_mask[0]=0x7ffbfeff, sa_flags=0x10000004
SIGILL: [libjvm.so+0x68b580], sa_mask[0]=0x7ffbfeff, sa_flags=0x10000004
SIGUSR1: SIG_DFL, sa_mask[0]=0x00000000, sa_flags=0x00000000
SIGUSR2: [libjvm.so+0x68b3d0], sa_mask[0]=0x00000004, sa_flags=0x10000004
SIGHUP: [libjvm.so+0x68b5b0], sa_mask[0]=0x7ffbfeff, sa_flags=0x10000004
SIGINT: SIG_IGN, sa_mask[0]=0x00000000, sa_flags=0x00000000
SIGTERM: [libjvm.so+0x68b5b0], sa_mask[0]=0x7ffbfeff, sa_flags=0x10000004
SIGQUIT: [libjvm.so+0x68b5b0], sa_mask[0]=0x7ffbfeff, sa_flags=0x10000004
SIGTRAP: SIG_DFL, sa_mask[0]=0x00000000, sa_flags=0x00000000


---------------  S Y S T E M  ---------------

OS:Linux
uname:Linux 4.4.10-1-lts #1 SMP Wed May 11 21:32:48 CEST 2016 i686
libc:glibc 2.23 NPTL 2.23 
rlimit: STACK 8192k, CORE infinity, NPROC 27267, NOFILE 4096, AS infinity
load average:0.52 1.10 0.88

/proc/meminfo:
MemTotal:        3494600 kB
MemFree:          898212 kB
MemAvailable:    2137956 kB
Buffers:          102768 kB
Cached:          1311056 kB
SwapCached:            0 kB
Active:          1380168 kB
Inactive:        1073920 kB
Active(anon):    1040804 kB
Inactive(anon):    24364 kB
Active(file):     339364 kB
Inactive(file):  1049556 kB
Unevictable:          32 kB
Mlocked:              32 kB
HighTotal:       2629320 kB
HighFree:         619972 kB
LowTotal:         865280 kB
LowFree:          278240 kB
SwapTotal:             0 kB
SwapFree:              0 kB
Dirty:               168 kB
Writeback:             0 kB
AnonPages:       1040268 kB
Mapped:           281136 kB
Shmem:             24912 kB
Slab:              63724 kB
SReclaimable:      48624 kB
SUnreclaim:        15100 kB
KernelStack:        3128 kB
PageTables:         4740 kB
NFS_Unstable:          0 kB
Bounce:                0 kB
WritebackTmp:          0 kB
CommitLimit:     1747300 kB
Committed_AS:    3419436 kB
VmallocTotal:     122880 kB
VmallocUsed:           0 kB
VmallocChunk:          0 kB
HardwareCorrupted:     0 kB
AnonHugePages:    425984 kB
HugePages_Total:       0
HugePages_Free:        0
HugePages_Rsvd:        0
HugePages_Surp:        0
Hugepagesize:       4096 kB
DirectMap4k:      274424 kB
DirectMap4M:      634880 kB


CPU:total 2 (2 cores per cpu, 1 threads per core) family 6 model 23 stepping 10, cmov, cx8, fxsr, mmx, sse, sse2, sse3, ssse3, sse4.1, tsc

/proc/cpuinfo:
processor	: 0
vendor_id	: GenuineIntel
cpu family	: 6
model		: 23
model name	: Intel(R) Core(TM)2 Duo CPU     E8400  @ 3.00GHz
stepping	: 10
microcode	: 0xa07
cpu MHz		: 2003.000
cache size	: 6144 KB
physical id	: 0
siblings	: 2
core id		: 0
cpu cores	: 2
apicid		: 0
initial apicid	: 0
fdiv_bug	: no
f00f_bug	: no
coma_bug	: no
fpu		: yes
fpu_exception	: yes
cpuid level	: 13
wp		: yes
flags		: fpu vme de pse tsc msr pae mce cx8 apic sep mtrr pge mca cmov pat pse36 clflush dts acpi mmx fxsr sse sse2 ss ht tm pbe lm constant_tsc arch_perfmon pebs bts aperfmperf pni dtes64 monitor ds_cpl vmx smx est tm2 ssse3 cx16 xtpr pdcm sse4_1 xsave lahf_lm dtherm tpr_shadow vnmi flexpriority
bugs		:
bogomips	: 5986.73
clflush size	: 64
cache_alignment	: 64
address sizes	: 36 bits physical, 48 bits virtual
power management:

processor	: 1
vendor_id	: GenuineIntel
cpu family	: 6
model		: 23
model name	: Intel(R) Core(TM)2 Duo CPU     E8400  @ 3.00GHz
stepping	: 10
microcode	: 0xa07
cpu MHz		: 2003.000
cache size	: 6144 KB
physical id	: 0
siblings	: 2
core id		: 1
cpu cores	: 2
apicid		: 1
initial apicid	: 1
fdiv_bug	: no
f00f_bug	: no
coma_bug	: no
fpu		: yes
fpu_exception	: yes
cpuid level	: 13
wp		: yes
flags		: fpu vme de pse tsc msr pae mce cx8 apic sep mtrr pge mca cmov pat pse36 clflush dts acpi mmx fxsr sse sse2 ss ht tm pbe lm constant_tsc arch_perfmon pebs bts aperfmperf pni dtes64 monitor ds_cpl vmx smx est tm2 ssse3 cx16 xtpr pdcm sse4_1 xsave lahf_lm dtherm tpr_shadow vnmi flexpriority
bugs		:
bogomips	: 5986.73
clflush size	: 64
cache_alignment	: 64
address sizes	: 36 bits physical, 48 bits virtual
power management:



Memory: 4k page, physical 3494600k(898212k free), swap 0k(0k free)

vm_info: OpenJDK Server VM (24.95-b01) for linux-x86 JRE (1.7.0_101-b00), built on May  2 2016 15:59:33 by "builduser" with gcc 5.3.0

time: Mon May 16 17:27:51 2016
elapsed time: 108 seconds

