#
# A fatal error has been detected by the Java Runtime Environment:
#
#  SIGSEGV (0xb) at pc=0x6fd0ee47, pid=4316, tid=3057519424
#
# JRE version: OpenJDK Runtime Environment (7.0_95) (build 1.7.0_95-b00)
# Java VM: OpenJDK Server VM (24.95-b01 mixed mode linux-x86 )
# Derivative: IcedTea 2.6.4
# Distribution: Custom build (Thu Jan 21 12:40:31 UTC 2016)
# Problematic frame:
# C  0x6fd0ee47
#
# Core dump written. Default location: /home/castiel/Dev/Java/Project/OpenGl Test/core or core.4316
#
# If you would like to submit a bug report, please include
# instructions on how to reproduce the bug and visit:
#   http://icedtea.classpath.org/bugzilla
# The crash happened outside the Java Virtual Machine in native code.
# See problematic frame for where to report the bug.
#

---------------  T H R E A D  ---------------

Current thread (0xb6207c00):  JavaThread "main" [_thread_in_native, id=4319, stack(0xb6390000,0xb63e1000)]

siginfo:si_signo=SIGSEGV: si_errno=0, si_code=1 (SEGV_MAPERR), si_addr=0x00000000

Registers:
EAX=0x6f7405b8, EBX=0x6fa89000, ECX=0x00000000, EDX=0x6f2aa6c4
ESP=0xb63df9b8, EBP=0x6f2aa6d8, ESI=0x00000000, EDI=0x00000000
EIP=0x6fd0ee47, EFLAGS=0x00010246, CR2=0x00000000

Top of Stack: (sp=0xb63df9b8)
0xb63df9b8:   6f2aa6d8 000000c0 00000000 6fa89000
0xb63df9c8:   00000000 716d38bc 6fa89000 6f7405b8
0xb63df9d8:   6f2aa6c0 00000006 00000000 00000000
0xb63df9e8:   00000000 00000000 00000020 00000000
0xb63df9f8:   6f9a2ab0 6f298838 6f90d008 6fd0ee00
0xb63dfa08:   00000000 00000000 00000006 00000000
0xb63dfa18:   00000000 00000000 00000000 00000006
0xb63dfa28:   6f2aa6c0 6f2aa6c0 00000029 6f298838 

Instructions: (pc=0x6fd0ee47)
0x6fd0ee27:   2c 24 8b 0a 03 0d a8 61 ad 6f 83 c2 04 8b 35 54
0x6fd0ee37:   79 ab 6f 8b b6 84 02 00 00 8b f9 c1 e7 05 03 f7
0x6fd0ee47:   8b 3e 8b 6e 04 89 38 89 68 04 8b 7e 08 89 78 08
0x6fd0ee57:   8b 35 54 79 ab 6f 8b b6 ac 02 00 00 8b f9 c1 e7 

Register to memory mapping:

EAX=0x6f7405b8 is an unknown value
EBX=0x6fa89000 is an unknown value
ECX=0x00000000 is an unknown value
EDX=0x6f2aa6c4 is an unknown value
ESP=0xb63df9b8 is pointing into the stack for thread: 0xb6207c00
EBP=0x6f2aa6d8 is an unknown value
ESI=0x00000000 is an unknown value
EDI=0x00000000 is an unknown value


Stack: [0xb6390000,0xb63e1000],  sp=0xb63df9b8,  free space=318k
Native frames: (J=compiled Java code, j=interpreted, Vv=VM code, C=native code)
C  0x6fd0ee47

Java frames: (J=compiled Java code, j=interpreted, Vv=VM code)
j  org.lwjgl.system.JNI.callIIIPV(JIIIJ)V+0
j  org.lwjgl.opengl.GL11.nglDrawElements(IIIJ)V+14
j  org.lwjgl.opengl.GL11.glDrawElements(IIIJ)V+17
j  opengl.test.object.tugiac.render()V+50
j  opengl.test.Demo.render()V+111
j  opengl.test.OpenGL.loop()V+29
j  opengl.test.OpenGL.<init>()V+200
j  opengl.test.Demo.<init>()V+1
j  opengl.test.Demo.main([Ljava/lang/String;)V+4
v  ~StubRoutines::call_stub

---------------  P R O C E S S  ---------------

Java Threads: ( => current thread )
  0x72c37400 JavaThread "Service Thread" daemon [_thread_blocked, id=4341, stack(0x72918000,0x72969000)]
  0x72c35800 JavaThread "C2 CompilerThread1" daemon [_thread_blocked, id=4340, stack(0x72969000,0x729ea000)]
  0x72c33800 JavaThread "C2 CompilerThread0" daemon [_thread_blocked, id=4339, stack(0x729ea000,0x72a6b000)]
  0x086b6400 JavaThread "JDWP Command Reader" daemon [_thread_in_native, id=4333, stack(0x72a6b000,0x72abc000)]
  0x72c31c00 JavaThread "JDWP Event Helper Thread" daemon [_thread_blocked, id=4332, stack(0x72abc000,0x72b0d000)]
  0x72c2f400 JavaThread "JDWP Transport Listener: dt_socket" daemon [_thread_blocked, id=4331, stack(0x72b0d000,0x72b5e000)]
  0x72c26c00 JavaThread "Signal Dispatcher" daemon [_thread_blocked, id=4326, stack(0x72b5e000,0x72baf000)]
  0x72c14800 JavaThread "Finalizer" daemon [_thread_blocked, id=4325, stack(0x72baf000,0x72c00000)]
  0x72c13000 JavaThread "Reference Handler" daemon [_thread_blocked, id=4324, stack(0x7530b000,0x7535c000)]
=>0xb6207c00 JavaThread "main" [_thread_in_native, id=4319, stack(0xb6390000,0xb63e1000)]

Other Threads:
  0x72c10400 VMThread [stack: 0x72d47000,0x72dc8000] [id=4323]
  0x72c39800 WatcherThread [stack: 0x72897000,0x72918000] [id=4342]

VM state:not at safepoint (normal execution)

VM Mutex/Monitor currently owned by a thread: None

Heap
 PSYoungGen      total 16128K, used 11424K [0xa12c0000, 0xa2480000, 0xb2f80000)
  eden space 14080K, 81% used [0xa12c0000,0xa1de8220,0xa2080000)
  from space 2048K, 0% used [0xa2280000,0xa2280000,0xa2480000)
  to   space 2048K, 0% used [0xa2080000,0xa2080000,0xa2280000)
 ParOldGen       total 36352K, used 0K [0x7d980000, 0x7fd00000, 0xa12c0000)
  object space 36352K, 0% used [0x7d980000,0x7d980000,0x7fd00000)
 PSPermGen       total 16384K, used 5749K [0x75980000, 0x76980000, 0x7d980000)
  object space 16384K, 35% used [0x75980000,0x75f1d5a0,0x76980000)

Card table byte_map: [0x75794000,0x75980000] byte_map_base: 0x753e7400

Polling page: 0xb77c0000

Code Cache  [0xb3068000, 0xb32a8000, 0xb6068000)
 total_blobs=408 nmethods=21 adapters=350 free_code_cache=48725Kb largest_free_block=49881088

Compilation events (10 events):
Event: 3.018 Thread 0x72c35800   16             java.lang.String::equals (81 bytes)
Event: 3.022 Thread 0x72c35800 nmethod 16 0xb30cf3c8 code [0xb30cf4e0, 0xb30cf810]
Event: 3.082 Thread 0x72c33800   17             sun.net.www.ParseUtil::encodePath (336 bytes)
Event: 3.090 Thread 0x72c33800 nmethod 17 0xb30d0488 code [0xb30d0600, 0xb30d0d24]
Event: 3.112 Thread 0x72c35800   18             java.lang.String::length (6 bytes)
Event: 3.113 Thread 0x72c35800 nmethod 18 0xb30cfe08 code [0xb30cff00, 0xb30cff90]
Event: 3.169 Thread 0x72c35800   20             java.lang.String::startsWith (72 bytes)
Event: 3.172 Thread 0x72c35800 nmethod 20 0xb30d2248 code [0xb30d2360, 0xb30d25b0]
Event: 3.195 Thread 0x72c33800   21             java.lang.Math::min (11 bytes)
Event: 3.196 Thread 0x72c33800 nmethod 21 0xb30d3308 code [0xb30d33e0, 0xb30d3410]

GC Heap History (0 events):
No events

Deoptimization events (4 events):
Event: 3.177 Thread 0xb6207c00 Uncommon trap: reason=unstable_if action=reinterpret pc=0xb30cb5fc method=java.lang.String.replace(CC)Ljava/lang/String; @ 2
Event: 3.183 Thread 0xb6207c00 Uncommon trap: reason=unstable_if action=reinterpret pc=0xb30cd894 method=java.lang.String.indexOf([CII[CIII)I @ 123
Event: 3.184 Thread 0xb6207c00 Uncommon trap: reason=predicate action=maybe_recompile pc=0xb30d0be8 method=sun.net.www.ParseUtil.encodePath(Ljava/lang/String;Z)Ljava/lang/String; @ 36
Event: 3.192 Thread 0xb6207c00 Uncommon trap: reason=unstable_if action=reinterpret pc=0xb30cf6fc method=java.lang.String.equals(Ljava/lang/Object;)Z @ 66

Internal exceptions (10 events):
Event: 3.185 Thread 0xb6207c00 Threw 0xa1d4f998 at /build/java7-openjdk/src/icedtea-2.6.4/openjdk/hotspot/src/share/vm/prims/jvm.cpp:1322
Event: 3.185 Thread 0xb6207c00 Threw 0xa1d4fab0 at /build/java7-openjdk/src/icedtea-2.6.4/openjdk/hotspot/src/share/vm/prims/jvm.cpp:1322
Event: 3.185 Thread 0xb6207c00 Threw 0xa1d502c8 at /build/java7-openjdk/src/icedtea-2.6.4/openjdk/hotspot/src/share/vm/prims/jvm.cpp:1322
Event: 3.185 Thread 0xb6207c00 Threw 0xa1d503e0 at /build/java7-openjdk/src/icedtea-2.6.4/openjdk/hotspot/src/share/vm/prims/jvm.cpp:1322
Event: 3.200 Thread 0xb6207c00 Threw 0xa1d6eeb0 at /build/java7-openjdk/src/icedtea-2.6.4/openjdk/hotspot/src/share/vm/prims/jvm.cpp:1322
Event: 3.200 Thread 0xb6207c00 Threw 0xa1d71940 at /build/java7-openjdk/src/icedtea-2.6.4/openjdk/hotspot/src/share/vm/prims/jvm.cpp:1322
Event: 3.200 Thread 0xb6207c00 Threw 0xa1d739a8 at /build/java7-openjdk/src/icedtea-2.6.4/openjdk/hotspot/src/share/vm/prims/jvm.cpp:1322
Event: 3.202 Thread 0xb6207c00 Threw 0xa1d82a80 at /build/java7-openjdk/src/icedtea-2.6.4/openjdk/hotspot/src/share/vm/prims/jvm.cpp:1322
Event: 3.204 Thread 0xb6207c00 Threw 0xa1d86770 at /build/java7-openjdk/src/icedtea-2.6.4/openjdk/hotspot/src/share/vm/prims/jvm.cpp:1322
Event: 3.204 Thread 0xb6207c00 Threw 0xa1d89df0 at /build/java7-openjdk/src/icedtea-2.6.4/openjdk/hotspot/src/share/vm/prims/jvm.cpp:1322

Events (10 events):
Event: 3.200 loading class 0x6f297780
Event: 3.200 loading class 0x6f297780 done
Event: 3.202 loading class 0x72c6f330
Event: 3.202 loading class 0x72c6f330 done
Event: 3.203 loading class 0x72c46710
Event: 3.203 loading class 0x72c46710 done
Event: 3.203 loading class 0x6f459350
Event: 3.203 loading class 0x6f459350 done
Event: 3.204 loading class 0x6f29b4c8
Event: 3.204 loading class 0x6f29b4c8 done


Dynamic libraries:
08048000-08049000 r-xp 00000000 08:05 662509     /usr/lib/jvm/java-7-openjdk/jre/bin/java
08049000-0804a000 rw-p 00000000 08:05 662509     /usr/lib/jvm/java-7-openjdk/jre/bin/java
086af000-08769000 rw-p 00000000 00:00 0          [heap]
6f200000-6f2f0000 rw-p 00000000 00:00 0 
6f2f0000-6f300000 ---p 00000000 00:00 0 
6f300000-6f395000 rw-p 00000000 00:00 0 
6f395000-6f400000 ---p 00000000 00:00 0 
6f400000-6f500000 rw-p 00000000 00:00 0 
6f55a000-6f5da000 rw-s 23052000 00:06 10035      /dev/nvidiactl
6f5da000-6f65a000 rw-s 2da57000 00:06 10035      /dev/nvidiactl
6f65a000-6f6da000 rw-s 043d7000 00:06 10035      /dev/nvidiactl
6f6da000-6f7da000 rw-s 2ba51000 00:06 10035      /dev/nvidiactl
6f7da000-6f7ed000 rw-s 2ba3e000 00:06 10035      /dev/nvidiactl
6f7ed000-6f80d000 rw-s f0100000 00:06 10036      /dev/nvidia0
6f80d000-6f84d000 rw-s 04bf9000 00:06 10035      /dev/nvidiactl
6f84d000-6f86d000 rw-s 2237a000 00:06 10035      /dev/nvidiactl
6f86d000-6f8ad000 rw-s 04b99000 00:06 10035      /dev/nvidiactl
6f8ad000-6f8cd000 rw-s 2ae6d000 00:06 10035      /dev/nvidiactl
6f8cd000-6f90d000 rw-s 2232e000 00:06 10035      /dev/nvidiactl
6f90d000-6fafc000 rw-p 00000000 00:00 0 
6fafc000-6fc00000 rw-s 291ad000 00:06 10035      /dev/nvidiactl
6fc00000-6fcff000 rw-p 00000000 00:00 0 
6fcff000-6fd00000 ---p 00000000 00:00 0 
6fd0b000-6fd0d000 rw-s 00000000 00:1f 80952      /tmp/.glq7Kp3N (deleted)
6fd0d000-6fd0f000 r-xs 00000000 00:1f 80952      /tmp/.glq7Kp3N (deleted)
6fd0f000-6fd2f000 rw-s 29bf2000 00:06 10035      /dev/nvidiactl
6fd2f000-6fd70000 rw-p 00000000 00:00 0 
6fd70000-718ad000 r-xp 00000000 08:05 426727     /usr/lib/libnvidia-glcore.so.361.28
718ad000-718cd000 rwxp 01b3d000 08:05 426727     /usr/lib/libnvidia-glcore.so.361.28
718cd000-71f49000 r-xp 01b5d000 08:05 426727     /usr/lib/libnvidia-glcore.so.361.28
71f49000-71fe6000 rw-p 021d8000 08:05 426727     /usr/lib/libnvidia-glcore.so.361.28
71fe6000-71ff5000 rw-p 00000000 00:00 0 
71ff5000-720b3000 r-xp 00000000 08:05 393610     /usr/lib/libGLX_nvidia.so.361.28
720b3000-720d3000 rwxp 000be000 08:05 393610     /usr/lib/libGLX_nvidia.so.361.28
720d3000-720fb000 r-xp 000de000 08:05 393610     /usr/lib/libGLX_nvidia.so.361.28
720fb000-72101000 rw-p 00105000 08:05 393610     /usr/lib/libGLX_nvidia.so.361.28
72101000-72104000 rw-p 00000000 00:00 0 
72104000-72198000 r-xp 00000000 08:05 443850     /usr/lib/libGLdispatch.so.0.0.0
72198000-721a0000 r--p 00093000 08:05 443850     /usr/lib/libGLdispatch.so.0.0.0
721a0000-721a1000 rw-p 0009b000 08:05 443850     /usr/lib/libGLdispatch.so.0.0.0
721a1000-721b1000 rw-p 00000000 00:00 0 
721b1000-721c2000 r-xp 00000000 08:05 443851     /usr/lib/libGLX.so.0.0.0
721c2000-721c3000 r--p 00010000 08:05 443851     /usr/lib/libGLX.so.0.0.0
721c3000-721c4000 rw-p 00011000 08:05 443851     /usr/lib/libGLX.so.0.0.0
721c4000-721d4000 rw-p 00000000 00:00 0 
721d4000-72242000 r-xp 00000000 08:05 443890     /usr/lib/nvidia/libGL.so.1.0.0
72242000-72243000 r--p 0006d000 08:05 443890     /usr/lib/nvidia/libGL.so.1.0.0
72243000-72244000 rw-p 0006e000 08:05 443890     /usr/lib/nvidia/libGL.so.1.0.0
72244000-7224e000 r-xp 00000000 08:05 419232     /usr/lib/libXrender.so.1.3.0
7224e000-7224f000 r--p 00009000 08:05 419232     /usr/lib/libXrender.so.1.3.0
7224f000-72250000 rw-p 0000a000 08:05 419232     /usr/lib/libXrender.so.1.3.0
72250000-72263000 r-xp 00000000 08:05 418425     /usr/lib/libXext.so.6.4.0
72263000-72264000 r--p 00012000 08:05 418425     /usr/lib/libXext.so.6.4.0
72264000-72265000 rw-p 00013000 08:05 418425     /usr/lib/libXext.so.6.4.0
72265000-72289000 r-xp 00000000 08:05 416949     /usr/lib/libxcb.so.1.1.0
72289000-7228a000 ---p 00024000 08:05 416949     /usr/lib/libxcb.so.1.1.0
7228a000-7228b000 r--p 00024000 08:05 416949     /usr/lib/libxcb.so.1.1.0
7228b000-7228c000 rw-p 00025000 08:05 416949     /usr/lib/libxcb.so.1.1.0
7228c000-723d7000 r-xp 00000000 08:05 417030     /usr/lib/libX11.so.6.3.0
723d7000-723d9000 r--p 0014b000 08:05 417030     /usr/lib/libX11.so.6.3.0
723d9000-723dc000 rw-p 0014d000 08:05 417030     /usr/lib/libX11.so.6.3.0
723dd000-72800000 rw-p 00000000 00:00 0 
72801000-72805000 rw-s 04bda000 00:06 10035      /dev/nvidiactl
72805000-7280f000 r-xp 00000000 08:05 419326     /usr/lib/libXcursor.so.1.0.2
7280f000-72810000 r--p 00009000 08:05 419326     /usr/lib/libXcursor.so.1.0.2
72810000-72811000 rw-p 0000a000 08:05 419326     /usr/lib/libXcursor.so.1.0.2
72811000-72813000 r-xp 00000000 08:06 169978     /home/castiel/Downloads/LWJGL -- Java Open GL/native/libglfw32.so
72813000-7282a000 r-xp 00000000 00:00 0 
7282a000-7282b000 r--p 0000b000 08:06 169978     /home/castiel/Downloads/LWJGL -- Java Open GL/native/libglfw32.so
7282b000-7282c000 rw-p 0000c000 08:06 169978     /home/castiel/Downloads/LWJGL -- Java Open GL/native/libglfw32.so
7282c000-72837000 r-xp 00000000 08:06 169984     /home/castiel/Downloads/LWJGL -- Java Open GL/native/liblwjgl32.so
72837000-72894000 r-xp 00000000 00:00 0 
72894000-72895000 r--p 00031000 08:06 169984     /home/castiel/Downloads/LWJGL -- Java Open GL/native/liblwjgl32.so
72895000-72896000 rw-p 00032000 08:06 169984     /home/castiel/Downloads/LWJGL -- Java Open GL/native/liblwjgl32.so
72896000-72897000 rw-p 00000000 00:00 0 
72897000-72898000 ---p 00000000 00:00 0 
72898000-72918000 rw-p 00000000 00:00 0          [stack:4342]
72918000-7291b000 ---p 00000000 00:00 0 
7291b000-72969000 rw-p 00000000 00:00 0          [stack:4341]
72969000-7296c000 ---p 00000000 00:00 0 
7296c000-729ea000 rw-p 00000000 00:00 0          [stack:4340]
729ea000-729ed000 ---p 00000000 00:00 0 
729ed000-72a6b000 rw-p 00000000 00:00 0          [stack:4339]
72a6b000-72a6e000 ---p 00000000 00:00 0 
72a6e000-72abc000 rw-p 00000000 00:00 0          [stack:4333]
72abc000-72abf000 ---p 00000000 00:00 0 
72abf000-72b0d000 rw-p 00000000 00:00 0          [stack:4332]
72b0d000-72b10000 ---p 00000000 00:00 0 
72b10000-72b5e000 rw-p 00000000 00:00 0          [stack:4331]
72b5e000-72b61000 ---p 00000000 00:00 0 
72b61000-72baf000 rw-p 00000000 00:00 0          [stack:4326]
72baf000-72bb2000 ---p 00000000 00:00 0 
72bb2000-72c00000 rw-p 00000000 00:00 0          [stack:4325]
72c00000-72d00000 rw-p 00000000 00:00 0 
72d01000-72d05000 r-xp 00000000 08:05 443891     /usr/lib/tls/libnvidia-tls.so.361.28
72d05000-72d06000 rw-p 00003000 08:05 443891     /usr/lib/tls/libnvidia-tls.so.361.28
72d06000-72d07000 r-xp 00000000 08:06 169981     /home/castiel/Downloads/LWJGL -- Java Open GL/native/libjemalloc32.so
72d07000-72d44000 r-xp 00000000 00:00 0 
72d44000-72d45000 ---p 0003e000 08:06 169981     /home/castiel/Downloads/LWJGL -- Java Open GL/native/libjemalloc32.so
72d45000-72d46000 r--p 00019000 08:06 169981     /home/castiel/Downloads/LWJGL -- Java Open GL/native/libjemalloc32.so
72d46000-72d47000 rw-p 0001a000 08:06 169981     /home/castiel/Downloads/LWJGL -- Java Open GL/native/libjemalloc32.so
72d47000-72d48000 ---p 00000000 00:00 0 
72d48000-72dc8000 rw-p 00000000 00:00 0          [stack:4323]
72dc8000-72f7a000 r--s 01d2f000 08:05 662492     /usr/lib/jvm/java-7-openjdk/jre/lib/rt.jar
72f7a000-75200000 rw-p 00000000 00:00 0 
75200000-75221000 rw-p 00000000 00:00 0 
75221000-75300000 ---p 00000000 00:00 0 
75300000-75301000 rw-s 2ba3c000 00:06 10035      /dev/nvidiactl
75301000-75302000 rw-s f7f65000 00:06 10036      /dev/nvidia0
75302000-75303000 rw-s f7f64000 00:06 10036      /dev/nvidia0
75303000-75304000 rw-s f7f63000 00:06 10036      /dev/nvidia0
75304000-75309000 r-xp 00000000 08:05 414447     /usr/lib/libXdmcp.so.6.0.0
75309000-7530a000 r--p 00004000 08:05 414447     /usr/lib/libXdmcp.so.6.0.0
7530a000-7530b000 rw-p 00005000 08:05 414447     /usr/lib/libXdmcp.so.6.0.0
7530b000-7530e000 ---p 00000000 00:00 0 
7530e000-75400000 rw-p 00000000 00:00 0          [stack:4324]
75400000-75421000 rw-p 00000000 00:00 0 
75421000-75500000 ---p 00000000 00:00 0 
75500000-75501000 rw-s 29bf3000 00:06 10035      /dev/nvidiactl
75501000-75505000 r-xp 00000000 08:05 418466     /usr/lib/libXfixes.so.3.1.0
75505000-75506000 r--p 00003000 08:05 418466     /usr/lib/libXfixes.so.3.1.0
75506000-75507000 rw-p 00004000 08:05 418466     /usr/lib/libXfixes.so.3.1.0
75507000-75518000 r-xp 00000000 08:05 419224     /usr/lib/libXi.so.6.1.0
75518000-75519000 r--p 00010000 08:05 419224     /usr/lib/libXi.so.6.1.0
75519000-7551a000 rw-p 00011000 08:05 419224     /usr/lib/libXi.so.6.1.0
7551a000-75535000 r--s 001e6000 08:06 170001     /home/castiel/Downloads/LWJGL -- Java Open GL/jar/lwjgl.jar
75535000-75536000 ---p 00000000 00:00 0 
75536000-755b6000 rw-p 00000000 00:00 0          [stack:4322]
755b6000-755b7000 ---p 00000000 00:00 0 
755b7000-7563f000 rw-p 00000000 00:00 0          [stack:4321]
7563f000-75677000 rw-p 00000000 00:00 0 
75677000-75689000 rw-p 00000000 00:00 0 
75689000-75794000 rw-p 00000000 00:00 0 
75794000-7579c000 rw-p 00000000 00:00 0 
7579c000-757d4000 rw-p 00000000 00:00 0 
757d4000-757e6000 rw-p 00000000 00:00 0 
757e6000-758f0000 rw-p 00000000 00:00 0 
758f0000-758fa000 rw-p 00000000 00:00 0 
758fa000-7597f000 rw-p 00000000 00:00 0 
7597f000-76980000 rw-p 00000000 00:00 0 
76980000-7d980000 rw-p 00000000 00:00 0 
7d980000-7fd00000 rw-p 00000000 00:00 0 
7fd00000-a12c0000 rw-p 00000000 00:00 0 
a12c0000-a2480000 rw-p 00000000 00:00 0 
a2480000-b2f80000 rw-p 00000000 00:00 0 
b2f80000-b2f81000 rw-s fd060000 00:06 10036      /dev/nvidia0
b2f81000-b2f83000 r-xp 00000000 08:05 414580     /usr/lib/libXau.so.6.0.0
b2f83000-b2f84000 r--p 00001000 08:05 414580     /usr/lib/libXau.so.6.0.0
b2f84000-b2f85000 rw-p 00002000 08:05 414580     /usr/lib/libXau.so.6.0.0
b2f85000-b2f8a000 r-xp 00000000 08:05 418458     /usr/lib/libXxf86vm.so.1.0.0
b2f8a000-b2f8b000 r--p 00004000 08:05 418458     /usr/lib/libXxf86vm.so.1.0.0
b2f8b000-b2f8c000 rw-p 00005000 08:05 418458     /usr/lib/libXxf86vm.so.1.0.0
b2f8c000-b2f8e000 r-xp 00000000 08:05 419264     /usr/lib/libXinerama.so.1.0.0
b2f8e000-b2f8f000 r--p 00001000 08:05 419264     /usr/lib/libXinerama.so.1.0.0
b2f8f000-b2f90000 rw-p 00002000 08:05 419264     /usr/lib/libXinerama.so.1.0.0
b2f90000-b2fb1000 rw-p 00000000 00:00 0 
b2fb1000-b3068000 rw-p 00000000 00:00 0 
b3068000-b32a8000 rwxp 00000000 00:00 0 
b32a8000-b6068000 rw-p 00000000 00:00 0 
b6068000-b6200000 r--p 00000000 08:05 453414     /usr/lib/locale/locale-archive
b6200000-b62fd000 rw-p 00000000 00:00 0 
b62fd000-b6300000 ---p 00000000 00:00 0 
b6300000-b630b000 r-xp 00000000 08:05 419256     /usr/lib/libXrandr.so.2.2.0
b630b000-b630c000 r--p 0000a000 08:05 419256     /usr/lib/libXrandr.so.2.2.0
b630c000-b630d000 rw-p 0000b000 08:05 419256     /usr/lib/libXrandr.so.2.2.0
b630d000-b630e000 rwxp 00000000 00:00 0 
b630e000-b6312000 r-xp 00000000 08:05 130543     /usr/lib/jvm/java-7-openjdk/jre/lib/i386/libdt_socket.so
b6312000-b6313000 rw-p 00003000 08:05 130543     /usr/lib/jvm/java-7-openjdk/jre/lib/i386/libdt_socket.so
b6313000-b631b000 r-xp 00000000 08:05 130517     /usr/lib/jvm/java-7-openjdk/jre/lib/i386/libzip.so
b631b000-b631c000 rw-p 00007000 08:05 130517     /usr/lib/jvm/java-7-openjdk/jre/lib/i386/libzip.so
b631c000-b6324000 rw-s 00000000 00:1f 79784      /tmp/hsperfdata_castiel/4316
b6324000-b6360000 r-xp 00000000 08:05 130542     /usr/lib/jvm/java-7-openjdk/jre/lib/i386/libjdwp.so
b6360000-b6361000 rw-p 0003c000 08:05 130542     /usr/lib/jvm/java-7-openjdk/jre/lib/i386/libjdwp.so
b6361000-b6386000 r-xp 00000000 08:05 130516     /usr/lib/jvm/java-7-openjdk/jre/lib/i386/libjava.so
b6386000-b6387000 rw-p 00025000 08:05 130516     /usr/lib/jvm/java-7-openjdk/jre/lib/i386/libjava.so
b6387000-b638e000 r-xp 00000000 08:05 393438     /usr/lib/librt-2.23.so
b638e000-b638f000 r--p 00006000 08:05 393438     /usr/lib/librt-2.23.so
b638f000-b6390000 rw-p 00007000 08:05 393438     /usr/lib/librt-2.23.so
b6390000-b6393000 ---p 00000000 00:00 0 
b6393000-b63e1000 rw-p 00000000 00:00 0          [stack:4319]
b63e1000-b63fd000 r-xp 00000000 08:05 393667     /usr/lib/libgcc_s.so.1
b63fd000-b63fe000 rw-p 0001b000 08:05 393667     /usr/lib/libgcc_s.so.1
b63fe000-b6451000 r-xp 00000000 08:05 393435     /usr/lib/libm-2.23.so
b6451000-b6452000 r--p 00052000 08:05 393435     /usr/lib/libm-2.23.so
b6452000-b6453000 rw-p 00053000 08:05 393435     /usr/lib/libm-2.23.so
b6453000-b65c0000 r-xp 00000000 08:05 420147     /usr/lib/libstdc++.so.6.0.21
b65c0000-b65c1000 ---p 0016d000 08:05 420147     /usr/lib/libstdc++.so.6.0.21
b65c1000-b65c6000 r--p 0016d000 08:05 420147     /usr/lib/libstdc++.so.6.0.21
b65c6000-b65c7000 rw-p 00172000 08:05 420147     /usr/lib/libstdc++.so.6.0.21
b65c7000-b65ca000 rw-p 00000000 00:00 0 
b65ca000-b712f000 r-xp 00000000 08:05 145403     /usr/lib/jvm/java-7-openjdk/jre/lib/i386/server/libjvm.so
b712f000-b718e000 rw-p 00b65000 08:05 145403     /usr/lib/jvm/java-7-openjdk/jre/lib/i386/server/libjvm.so
b718e000-b75ac000 rw-p 00000000 00:00 0 
b75ac000-b75c2000 r-xp 00000000 08:05 396574     /usr/lib/libz.so.1.2.8
b75c2000-b75c3000 r--p 00015000 08:05 396574     /usr/lib/libz.so.1.2.8
b75c3000-b75c4000 rw-p 00016000 08:05 396574     /usr/lib/libz.so.1.2.8
b75c4000-b7772000 r-xp 00000000 08:05 393366     /usr/lib/libc-2.23.so
b7772000-b7773000 ---p 001ae000 08:05 393366     /usr/lib/libc-2.23.so
b7773000-b7775000 r--p 001ae000 08:05 393366     /usr/lib/libc-2.23.so
b7775000-b7776000 rw-p 001b0000 08:05 393366     /usr/lib/libc-2.23.so
b7776000-b7779000 rw-p 00000000 00:00 0 
b7779000-b777c000 r-xp 00000000 08:05 393434     /usr/lib/libdl-2.23.so
b777c000-b777d000 r--p 00002000 08:05 393434     /usr/lib/libdl-2.23.so
b777d000-b777e000 rw-p 00003000 08:05 393434     /usr/lib/libdl-2.23.so
b777e000-b777f000 rw-p 00000000 00:00 0 
b777f000-b778b000 r-xp 00000000 08:05 130545     /usr/lib/jvm/java-7-openjdk/jre/lib/i386/jli/libjli.so
b778b000-b778c000 rw-p 0000b000 08:05 130545     /usr/lib/jvm/java-7-openjdk/jre/lib/i386/jli/libjli.so
b778c000-b77a5000 r-xp 00000000 08:05 393342     /usr/lib/libpthread-2.23.so
b77a5000-b77a6000 r--p 00018000 08:05 393342     /usr/lib/libpthread-2.23.so
b77a6000-b77a7000 rw-p 00019000 08:05 393342     /usr/lib/libpthread-2.23.so
b77a7000-b77a9000 rw-p 00000000 00:00 0 
b77a9000-b77b4000 r-xp 00000000 08:05 393430     /usr/lib/libnss_files-2.23.so
b77b4000-b77b5000 r--p 0000a000 08:05 393430     /usr/lib/libnss_files-2.23.so
b77b5000-b77b6000 rw-p 0000b000 08:05 393430     /usr/lib/libnss_files-2.23.so
b77b6000-b77bc000 rw-p 00000000 00:00 0 
b77bc000-b77be000 r-xp 00000000 08:05 130521     /usr/lib/jvm/java-7-openjdk/jre/lib/i386/libnpt.so
b77be000-b77bf000 rw-p 00001000 08:05 130521     /usr/lib/jvm/java-7-openjdk/jre/lib/i386/libnpt.so
b77bf000-b77c0000 rw-p 00000000 00:00 0 
b77c0000-b77c1000 r--p 00000000 00:00 0 
b77c1000-b77cc000 r-xp 00000000 08:05 130515     /usr/lib/jvm/java-7-openjdk/jre/lib/i386/libverify.so
b77cc000-b77cd000 rw-p 0000a000 08:05 130515     /usr/lib/jvm/java-7-openjdk/jre/lib/i386/libverify.so
b77cd000-b77ce000 rw-p 00000000 00:00 0 
b77ce000-b77d0000 r--p 00000000 00:00 0          [vvar]
b77d0000-b77d1000 r-xp 00000000 00:00 0          [vdso]
b77d1000-b77f3000 r-xp 00000000 08:05 393363     /usr/lib/ld-2.23.so
b77f3000-b77f4000 r--p 00021000 08:05 393363     /usr/lib/ld-2.23.so
b77f4000-b77f5000 rw-p 00022000 08:05 393363     /usr/lib/ld-2.23.so
bfa9e000-bfa9f000 rwxp 00000000 00:00 0 
bfad1000-bfaf2000 rw-p 00000000 00:00 0          [stack]

VM Arguments:
jvm_args: -Xdebug -Xrunjdwp:transport=dt_socket,address=localhost.localdomain:51140 -Dfile.encoding=UTF-8 -Djava.library.path=/home/castiel/Downloads/LWJGL -- Java Open GL/native/ 
java_command: opengl.test.Demo
Launcher Type: SUN_STANDARD

Environment Variables:
PATH=/usr/local/sbin:/usr/local/bin:/usr/bin:/usr/lib/jvm/default/bin:/usr/bin/site_perl:/usr/bin/vendor_perl:/usr/bin/core_perl
LD_LIBRARY_PATH=/usr/lib/jvm/default/bin/../jre/lib/amd64:/usr/lib/jvm/default/bin/../jre/lib/i386:
SHELL=/bin/bash
DISPLAY=:0.0

Signal Handlers:
SIGSEGV: [libjvm.so+0x8114e0], sa_mask[0]=0x7ffbfeff, sa_flags=0x10000004
SIGBUS: [libjvm.so+0x8114e0], sa_mask[0]=0x7ffbfeff, sa_flags=0x10000004
SIGFPE: [libjvm.so+0x68a640], sa_mask[0]=0x7ffbfeff, sa_flags=0x10000004
SIGPIPE: [libjvm.so+0x68a640], sa_mask[0]=0x7ffbfeff, sa_flags=0x10000004
SIGXFSZ: [libjvm.so+0x68a640], sa_mask[0]=0x7ffbfeff, sa_flags=0x10000004
SIGILL: [libjvm.so+0x68a640], sa_mask[0]=0x7ffbfeff, sa_flags=0x10000004
SIGUSR1: SIG_DFL, sa_mask[0]=0x00000000, sa_flags=0x00000000
SIGUSR2: [libjvm.so+0x68a490], sa_mask[0]=0x00000004, sa_flags=0x10000004
SIGHUP: [libjvm.so+0x68a670], sa_mask[0]=0x7ffbfeff, sa_flags=0x10000004
SIGINT: SIG_IGN, sa_mask[0]=0x00000000, sa_flags=0x00000000
SIGTERM: [libjvm.so+0x68a670], sa_mask[0]=0x7ffbfeff, sa_flags=0x10000004
SIGQUIT: [libjvm.so+0x68a670], sa_mask[0]=0x7ffbfeff, sa_flags=0x10000004
SIGTRAP: SIG_DFL, sa_mask[0]=0x00000000, sa_flags=0x00000000


---------------  S Y S T E M  ---------------

OS:Linux
uname:Linux 4.1.20-1-lts #1 SMP Fri Mar 18 17:47:36 CET 2016 i686
libc:glibc 2.23 NPTL 2.23 
rlimit: STACK 8192k, CORE infinity, NPROC 27270, NOFILE 4096, AS infinity
load average:0.97 0.58 0.61

/proc/meminfo:
MemTotal:        3494900 kB
MemFree:          656936 kB
MemAvailable:    2122324 kB
Buffers:          255712 kB
Cached:          1221812 kB
SwapCached:            0 kB
Active:          1840020 kB
Inactive:         863792 kB
Active(anon):    1228236 kB
Inactive(anon):    29048 kB
Active(file):     611784 kB
Inactive(file):   834744 kB
Unevictable:          32 kB
Mlocked:              32 kB
HighTotal:       2629320 kB
HighFree:         558404 kB
LowTotal:         865580 kB
LowFree:           98532 kB
SwapTotal:             0 kB
SwapFree:              0 kB
Dirty:              1256 kB
Writeback:             0 kB
AnonPages:       1226436 kB
Mapped:           275240 kB
Shmem:             30924 kB
Slab:              60792 kB
SReclaimable:      42320 kB
SUnreclaim:        18472 kB
KernelStack:        3168 kB
PageTables:         5292 kB
NFS_Unstable:          0 kB
Bounce:                0 kB
WritebackTmp:          0 kB
CommitLimit:     1747448 kB
Committed_AS:    3583080 kB
VmallocTotal:     122880 kB
VmallocUsed:       76176 kB
VmallocChunk:      40660 kB
HardwareCorrupted:     0 kB
AnonHugePages:    626688 kB
HugePages_Total:       0
HugePages_Free:        0
HugePages_Rsvd:        0
HugePages_Surp:        0
Hugepagesize:       4096 kB
DirectMap4k:      352248 kB
DirectMap4M:      557056 kB


CPU:total 2 (2 cores per cpu, 1 threads per core) family 6 model 23 stepping 10, cmov, cx8, fxsr, mmx, sse, sse2, sse3, ssse3, sse4.1, tsc

/proc/cpuinfo:
processor	: 0
vendor_id	: GenuineIntel
cpu family	: 6
model		: 23
model name	: Intel(R) Core(TM)2 Duo CPU     E8400  @ 3.00GHz
stepping	: 10
microcode	: 0xa07
cpu MHz		: 3003.000
cache size	: 6144 KB
physical id	: 0
siblings	: 2
core id		: 0
cpu cores	: 2
apicid		: 0
initial apicid	: 0
fdiv_bug	: no
f00f_bug	: no
coma_bug	: no
fpu		: yes
fpu_exception	: yes
cpuid level	: 13
wp		: yes
flags		: fpu vme de pse tsc msr pae mce cx8 apic sep mtrr pge mca cmov pat pse36 clflush dts acpi mmx fxsr sse sse2 ss ht tm pbe lm constant_tsc arch_perfmon pebs bts aperfmperf pni dtes64 monitor ds_cpl vmx smx est tm2 ssse3 cx16 xtpr pdcm sse4_1 xsave lahf_lm dtherm tpr_shadow vnmi flexpriority
bugs		:
bogomips	: 5986.18
clflush size	: 64
cache_alignment	: 64
address sizes	: 36 bits physical, 48 bits virtual
power management:

processor	: 1
vendor_id	: GenuineIntel
cpu family	: 6
model		: 23
model name	: Intel(R) Core(TM)2 Duo CPU     E8400  @ 3.00GHz
stepping	: 10
microcode	: 0xa07
cpu MHz		: 3003.000
cache size	: 6144 KB
physical id	: 0
siblings	: 2
core id		: 1
cpu cores	: 2
apicid		: 1
initial apicid	: 1
fdiv_bug	: no
f00f_bug	: no
coma_bug	: no
fpu		: yes
fpu_exception	: yes
cpuid level	: 13
wp		: yes
flags		: fpu vme de pse tsc msr pae mce cx8 apic sep mtrr pge mca cmov pat pse36 clflush dts acpi mmx fxsr sse sse2 ss ht tm pbe lm constant_tsc arch_perfmon pebs bts aperfmperf pni dtes64 monitor ds_cpl vmx smx est tm2 ssse3 cx16 xtpr pdcm sse4_1 xsave lahf_lm dtherm tpr_shadow vnmi flexpriority
bugs		:
bogomips	: 5986.18
clflush size	: 64
cache_alignment	: 64
address sizes	: 36 bits physical, 48 bits virtual
power management:



Memory: 4k page, physical 3494900k(656936k free), swap 0k(0k free)

vm_info: OpenJDK Server VM (24.95-b01) for linux-x86 JRE (1.7.0_95-b00), built on Jan 21 2016 12:43:41 by "builduser" with gcc 5.3.0

time: Mon Apr 25 21:08:16 2016
elapsed time: 3 seconds

