#
# A fatal error has been detected by the Java Runtime Environment:
#
#  SIGSEGV (0xb) at pc=0x7280de47, pid=4283, tid=3056728896
#
# JRE version: OpenJDK Runtime Environment (7.0_95) (build 1.7.0_95-b00)
# Java VM: OpenJDK Server VM (24.95-b01 mixed mode linux-x86 )
# Derivative: IcedTea 2.6.4
# Distribution: Custom build (Thu Jan 21 12:40:31 UTC 2016)
# Problematic frame:
# C  0x7280de47
#
# Core dump written. Default location: /home/castiel/Dev/Java/Project/OpenGl Test/core or core.4283
#
# If you would like to submit a bug report, please include
# instructions on how to reproduce the bug and visit:
#   http://icedtea.classpath.org/bugzilla
# The crash happened outside the Java Virtual Machine in native code.
# See problematic frame for where to report the bug.
#

---------------  T H R E A D  ---------------

Current thread (0xb6106400):  JavaThread "main" [_thread_in_native, id=4285, stack(0xb62cf000,0xb6320000)]

siginfo:si_signo=SIGSEGV: si_errno=0, si_code=1 (SEGV_MAPERR), si_addr=0x00000000

Registers:
EAX=0x6f6b35b8, EBX=0x6fd28000, ECX=0x00000000, EDX=0x6f3aba44
ESP=0xb631e9b8, EBP=0x6f3aba58, ESI=0x00000000, EDI=0x00000000
EIP=0x7280de47, EFLAGS=0x00010246, CR2=0x00000000

Top of Stack: (sp=0xb631e9b8)
0xb631e9b8:   6f3aba58 000000c0 00000000 6fd28000
0xb631e9c8:   00000000 7173f8bc 6fd28000 6f6b35b8
0xb631e9d8:   6f3aba40 00000006 00000000 00000000
0xb631e9e8:   00000000 00000000 00000020 00000000
0xb631e9f8:   6fa15ab0 6f39ba70 6f980008 7280de00
0xb631ea08:   00000000 00000000 00000006 00000000
0xb631ea18:   00000000 00000000 00000000 00000006
0xb631ea28:   6f3aba40 6f3aba40 00000029 6f39ba70 

Instructions: (pc=0x7280de47)
0x7280de27:   2c 24 8b 0a 03 0d a8 51 d7 6f 83 c2 04 8b 35 54
0x7280de37:   69 d5 6f 8b b6 84 02 00 00 8b f9 c1 e7 05 03 f7
0x7280de47:   8b 3e 8b 6e 04 89 38 89 68 04 8b 7e 08 89 78 08
0x7280de57:   8b 35 54 69 d5 6f 8b b6 ac 02 00 00 8b f9 c1 e7 

Register to memory mapping:

EAX=0x6f6b35b8 is an unknown value
EBX=0x6fd28000 is an unknown value
ECX=0x00000000 is an unknown value
EDX=0x6f3aba44 is an unknown value
ESP=0xb631e9b8 is pointing into the stack for thread: 0xb6106400
EBP=0x6f3aba58 is an unknown value
ESI=0x00000000 is an unknown value
EDI=0x00000000 is an unknown value


Stack: [0xb62cf000,0xb6320000],  sp=0xb631e9b8,  free space=318k
Native frames: (J=compiled Java code, j=interpreted, Vv=VM code, C=native code)
C  0x7280de47

Java frames: (J=compiled Java code, j=interpreted, Vv=VM code)
j  org.lwjgl.system.JNI.callIIIPV(JIIIJ)V+0
j  org.lwjgl.opengl.GL11.nglDrawElements(IIIJ)V+14
j  org.lwjgl.opengl.GL11.glDrawElements(IIIJ)V+17
j  opengl.test.object.tugiac.render()V+50
j  opengl.test.Demo.render()V+111
j  opengl.test.OpenGL.loop()V+29
j  opengl.test.OpenGL.<init>()V+200
j  opengl.test.Demo.<init>()V+1
j  opengl.test.Demo.main([Ljava/lang/String;)V+4
v  ~StubRoutines::call_stub

---------------  P R O C E S S  ---------------

Java Threads: ( => current thread )
  0x72d2e400 JavaThread "Service Thread" daemon [_thread_blocked, id=4297, stack(0x72973000,0x729c4000)]
  0x72d2c400 JavaThread "C2 CompilerThread1" daemon [_thread_blocked, id=4296, stack(0x729c4000,0x72a45000)]
  0x72d2a400 JavaThread "C2 CompilerThread0" daemon [_thread_blocked, id=4295, stack(0x72a45000,0x72ac6000)]
  0x72d28c00 JavaThread "Signal Dispatcher" daemon [_thread_blocked, id=4294, stack(0x72ac6000,0x72b17000)]
  0x72d15000 JavaThread "Finalizer" daemon [_thread_blocked, id=4293, stack(0x72caf000,0x72d00000)]
  0x72d13800 JavaThread "Reference Handler" daemon [_thread_blocked, id=4292, stack(0x7540b000,0x7545c000)]
=>0xb6106400 JavaThread "main" [_thread_in_native, id=4285, stack(0xb62cf000,0xb6320000)]

Other Threads:
  0x72d11000 VMThread [stack: 0x72e47000,0x72ec8000] [id=4291]
  0x72d30400 WatcherThread [stack: 0x728f2000,0x72973000] [id=4298]

VM state:not at safepoint (normal execution)

VM Mutex/Monitor currently owned by a thread: None

Heap
 PSYoungGen      total 16128K, used 10861K [0xa1380000, 0xa2540000, 0xb3040000)
  eden space 14080K, 77% used [0xa1380000,0xa1e1b5f8,0xa2140000)
  from space 2048K, 0% used [0xa2340000,0xa2340000,0xa2540000)
  to   space 2048K, 0% used [0xa2140000,0xa2140000,0xa2340000)
 ParOldGen       total 36352K, used 0K [0x7da40000, 0x7fdc0000, 0xa1380000)
  object space 36352K, 0% used [0x7da40000,0x7da40000,0x7fdc0000)
 PSPermGen       total 16384K, used 5665K [0x75a40000, 0x76a40000, 0x7da40000)
  object space 16384K, 34% used [0x75a40000,0x75fc8700,0x76a40000)

Card table byte_map: [0x75854000,0x75a40000] byte_map_base: 0x754a6e00

Polling page: 0xb76ff000

Code Cache  [0xb3100000, 0xb3340000, 0xb6100000)
 total_blobs=416 nmethods=21 adapters=350 free_code_cache=48727Kb largest_free_block=49882752

Compilation events (10 events):
Event: 0.566 Thread 0x72d2c400   16             java.lang.String::equals (81 bytes)
Event: 0.570 Thread 0x72d2c400 nmethod 16 0xb3166bc8 code [0xb3166cc0, 0xb3166f50]
Event: 0.622 Thread 0x72d2c400   17             sun.net.www.ParseUtil::encodePath (336 bytes)
Event: 0.628 Thread 0x72d2c400 nmethod 17 0xb3168348 code [0xb31684a0, 0xb3168a44]
Event: 0.641 Thread 0x72d2a400   18             java.lang.String::length (6 bytes)
Event: 0.641 Thread 0x72d2a400 nmethod 18 0xb3166108 code [0xb3166200, 0xb3166250]
Event: 0.686 Thread 0x72d2a400   20             java.lang.String::startsWith (72 bytes)
Event: 0.687 Thread 0x72d2a400 nmethod 20 0xb3169cc8 code [0xb3169dc0, 0xb3169ef0]
Event: 0.709 Thread 0x72d2a400   21             java.lang.Math::min (11 bytes)
Event: 0.709 Thread 0x72d2a400 nmethod 21 0xb3163d48 code [0xb3163e20, 0xb3163e50]

GC Heap History (0 events):
No events

Deoptimization events (4 events):
Event: 0.693 Thread 0xb6106400 Uncommon trap: reason=unstable_if action=reinterpret pc=0xb3163aa4 method=java.lang.String.replace(CC)Ljava/lang/String; @ 2
Event: 0.699 Thread 0xb6106400 Uncommon trap: reason=unstable_if action=reinterpret pc=0xb3165628 method=java.lang.String.indexOf([CII[CIII)I @ 123
Event: 0.700 Thread 0xb6106400 Uncommon trap: reason=predicate action=maybe_recompile pc=0xb316899c method=sun.net.www.ParseUtil.encodePath(Ljava/lang/String;Z)Ljava/lang/String; @ 36
Event: 0.706 Thread 0xb6106400 Uncommon trap: reason=unstable_if action=reinterpret pc=0xb3166ea0 method=java.lang.String.equals(Ljava/lang/Object;)Z @ 66

Internal exceptions (10 events):
Event: 0.700 Thread 0xb6106400 Threw 0xa1d82e58 at /build/java7-openjdk/src/icedtea-2.6.4/openjdk/hotspot/src/share/vm/prims/jvm.cpp:1322
Event: 0.700 Thread 0xb6106400 Threw 0xa1d82f70 at /build/java7-openjdk/src/icedtea-2.6.4/openjdk/hotspot/src/share/vm/prims/jvm.cpp:1322
Event: 0.701 Thread 0xb6106400 Threw 0xa1d83788 at /build/java7-openjdk/src/icedtea-2.6.4/openjdk/hotspot/src/share/vm/prims/jvm.cpp:1322
Event: 0.701 Thread 0xb6106400 Threw 0xa1d838a0 at /build/java7-openjdk/src/icedtea-2.6.4/openjdk/hotspot/src/share/vm/prims/jvm.cpp:1322
Event: 0.712 Thread 0xb6106400 Threw 0xa1da2800 at /build/java7-openjdk/src/icedtea-2.6.4/openjdk/hotspot/src/share/vm/prims/jvm.cpp:1322
Event: 0.712 Thread 0xb6106400 Threw 0xa1da5290 at /build/java7-openjdk/src/icedtea-2.6.4/openjdk/hotspot/src/share/vm/prims/jvm.cpp:1322
Event: 0.713 Thread 0xb6106400 Threw 0xa1da72f8 at /build/java7-openjdk/src/icedtea-2.6.4/openjdk/hotspot/src/share/vm/prims/jvm.cpp:1322
Event: 0.714 Thread 0xb6106400 Threw 0xa1db63d0 at /build/java7-openjdk/src/icedtea-2.6.4/openjdk/hotspot/src/share/vm/prims/jvm.cpp:1322
Event: 0.715 Thread 0xb6106400 Threw 0xa1dba0c0 at /build/java7-openjdk/src/icedtea-2.6.4/openjdk/hotspot/src/share/vm/prims/jvm.cpp:1322
Event: 0.716 Thread 0xb6106400 Threw 0xa1dbd740 at /build/java7-openjdk/src/icedtea-2.6.4/openjdk/hotspot/src/share/vm/prims/jvm.cpp:1322

Events (10 events):
Event: 0.713 loading class 0x6f39de80
Event: 0.713 loading class 0x6f39de80 done
Event: 0.714 loading class 0x72d64fd0
Event: 0.714 loading class 0x72d64fd0 done
Event: 0.715 loading class 0x72d3cf88
Event: 0.715 loading class 0x72d3cf88 done
Event: 0.715 loading class 0x6f883bf8
Event: 0.715 loading class 0x6f883bf8 done
Event: 0.716 loading class 0x6f39e0a8
Event: 0.716 loading class 0x6f39e0a8 done


Dynamic libraries:
08048000-08049000 r-xp 00000000 08:05 662509     /usr/lib/jvm/java-7-openjdk/jre/bin/java
08049000-0804a000 rw-p 00000000 08:05 662509     /usr/lib/jvm/java-7-openjdk/jre/bin/java
09c63000-09ccf000 rw-p 00000000 00:00 0          [heap]
6f100000-6f195000 rw-p 00000000 00:00 0 
6f195000-6f200000 ---p 00000000 00:00 0 
6f300000-6f3f1000 rw-p 00000000 00:00 0 
6f3f1000-6f400000 ---p 00000000 00:00 0 
6f4cd000-6f54d000 rw-s 2cdbc000 00:06 10035      /dev/nvidiactl
6f54d000-6f5cd000 rw-s 2873c000 00:06 10035      /dev/nvidiactl
6f5cd000-6f64d000 rw-s 29bc1000 00:06 10035      /dev/nvidiactl
6f64d000-6f74d000 rw-s 1af46000 00:06 10035      /dev/nvidiactl
6f74d000-6f760000 rw-s 1af33000 00:06 10035      /dev/nvidiactl
6f760000-6f780000 rw-s f0100000 00:06 10036      /dev/nvidia0
6f780000-6f7c0000 rw-s 23a0b000 00:06 10035      /dev/nvidiactl
6f7c0000-6f800000 rw-s 23a15000 00:06 10035      /dev/nvidiactl
6f800000-6f8f8000 rw-p 00000000 00:00 0 
6f8f8000-6f900000 ---p 00000000 00:00 0 
6f900000-6f920000 rw-s 31078000 00:06 10035      /dev/nvidiactl
6f920000-6f940000 rw-s 2989b000 00:06 10035      /dev/nvidiactl
6f940000-6f980000 rw-s 31024000 00:06 10035      /dev/nvidiactl
6f980000-6fafc000 rw-p 00000000 00:00 0 
6fafc000-6fc00000 rw-s 291ad000 00:06 10035      /dev/nvidiactl
6fc00000-6fcea000 rw-p 00000000 00:00 0 
6fcea000-6fd00000 ---p 00000000 00:00 0 
6fd08000-6fd28000 rw-s 2989d000 00:06 10035      /dev/nvidiactl
6fd28000-6fddc000 rw-p 00000000 00:00 0 
6fddc000-71919000 r-xp 00000000 08:05 426727     /usr/lib/libnvidia-glcore.so.361.28
71919000-71939000 rwxp 01b3d000 08:05 426727     /usr/lib/libnvidia-glcore.so.361.28
71939000-71fb5000 r-xp 01b5d000 08:05 426727     /usr/lib/libnvidia-glcore.so.361.28
71fb5000-72052000 rw-p 021d8000 08:05 426727     /usr/lib/libnvidia-glcore.so.361.28
72052000-72061000 rw-p 00000000 00:00 0 
72061000-7211f000 r-xp 00000000 08:05 393610     /usr/lib/libGLX_nvidia.so.361.28
7211f000-7213f000 rwxp 000be000 08:05 393610     /usr/lib/libGLX_nvidia.so.361.28
7213f000-72167000 r-xp 000de000 08:05 393610     /usr/lib/libGLX_nvidia.so.361.28
72167000-7216d000 rw-p 00105000 08:05 393610     /usr/lib/libGLX_nvidia.so.361.28
7216d000-72170000 rw-p 00000000 00:00 0 
72170000-72204000 r-xp 00000000 08:05 443850     /usr/lib/libGLdispatch.so.0.0.0
72204000-7220c000 r--p 00093000 08:05 443850     /usr/lib/libGLdispatch.so.0.0.0
7220c000-7220d000 rw-p 0009b000 08:05 443850     /usr/lib/libGLdispatch.so.0.0.0
7220d000-7221d000 rw-p 00000000 00:00 0 
7221d000-7222e000 r-xp 00000000 08:05 443851     /usr/lib/libGLX.so.0.0.0
7222e000-7222f000 r--p 00010000 08:05 443851     /usr/lib/libGLX.so.0.0.0
7222f000-72230000 rw-p 00011000 08:05 443851     /usr/lib/libGLX.so.0.0.0
72230000-72240000 rw-p 00000000 00:00 0 
72240000-722ae000 r-xp 00000000 08:05 443890     /usr/lib/nvidia/libGL.so.1.0.0
722ae000-722af000 r--p 0006d000 08:05 443890     /usr/lib/nvidia/libGL.so.1.0.0
722af000-722b0000 rw-p 0006e000 08:05 443890     /usr/lib/nvidia/libGL.so.1.0.0
722b0000-723fb000 r-xp 00000000 08:05 417030     /usr/lib/libX11.so.6.3.0
723fb000-723fd000 r--p 0014b000 08:05 417030     /usr/lib/libX11.so.6.3.0
723fd000-72400000 rw-p 0014d000 08:05 417030     /usr/lib/libX11.so.6.3.0
72400000-72800000 rw-p 00000000 00:00 0 
7280a000-7280c000 rw-s 00000000 00:1f 80283      /tmp/.gl24V6jC (deleted)
7280c000-7280e000 r-xs 00000000 00:1f 80283      /tmp/.gl24V6jC (deleted)
7280e000-7280f000 rw-s 1af32000 00:06 10035      /dev/nvidiactl
7280f000-72813000 rw-s 31079000 00:06 10035      /dev/nvidiactl
72813000-72814000 rw-s f7f65000 00:06 10036      /dev/nvidia0
72814000-72818000 r-xp 00000000 08:05 443891     /usr/lib/tls/libnvidia-tls.so.361.28
72818000-72819000 rw-p 00003000 08:05 443891     /usr/lib/tls/libnvidia-tls.so.361.28
72819000-7281e000 r-xp 00000000 08:05 414447     /usr/lib/libXdmcp.so.6.0.0
7281e000-7281f000 r--p 00004000 08:05 414447     /usr/lib/libXdmcp.so.6.0.0
7281f000-72820000 rw-p 00005000 08:05 414447     /usr/lib/libXdmcp.so.6.0.0
72820000-7282a000 r-xp 00000000 08:05 419232     /usr/lib/libXrender.so.1.3.0
7282a000-7282b000 r--p 00009000 08:05 419232     /usr/lib/libXrender.so.1.3.0
7282b000-7282c000 rw-p 0000a000 08:05 419232     /usr/lib/libXrender.so.1.3.0
7282c000-7283f000 r-xp 00000000 08:05 418425     /usr/lib/libXext.so.6.4.0
7283f000-72840000 r--p 00012000 08:05 418425     /usr/lib/libXext.so.6.4.0
72840000-72841000 rw-p 00013000 08:05 418425     /usr/lib/libXext.so.6.4.0
72841000-72865000 r-xp 00000000 08:05 416949     /usr/lib/libxcb.so.1.1.0
72865000-72866000 ---p 00024000 08:05 416949     /usr/lib/libxcb.so.1.1.0
72866000-72867000 r--p 00024000 08:05 416949     /usr/lib/libxcb.so.1.1.0
72867000-72868000 rw-p 00025000 08:05 416949     /usr/lib/libxcb.so.1.1.0
72868000-72872000 r-xp 00000000 08:05 419326     /usr/lib/libXcursor.so.1.0.2
72872000-72873000 r--p 00009000 08:05 419326     /usr/lib/libXcursor.so.1.0.2
72873000-72874000 rw-p 0000a000 08:05 419326     /usr/lib/libXcursor.so.1.0.2
72874000-72885000 r-xp 00000000 08:05 419224     /usr/lib/libXi.so.6.1.0
72885000-72886000 r--p 00010000 08:05 419224     /usr/lib/libXi.so.6.1.0
72886000-72887000 rw-p 00011000 08:05 419224     /usr/lib/libXi.so.6.1.0
72887000-72892000 r-xp 00000000 08:06 169984     /home/castiel/Downloads/LWJGL -- Java Open GL/native/liblwjgl32.so
72892000-728ef000 r-xp 00000000 00:00 0 
728ef000-728f0000 r--p 00031000 08:06 169984     /home/castiel/Downloads/LWJGL -- Java Open GL/native/liblwjgl32.so
728f0000-728f1000 rw-p 00032000 08:06 169984     /home/castiel/Downloads/LWJGL -- Java Open GL/native/liblwjgl32.so
728f1000-728f2000 rw-p 00000000 00:00 0 
728f2000-728f3000 ---p 00000000 00:00 0 
728f3000-72973000 rw-p 00000000 00:00 0          [stack:4298]
72973000-72976000 ---p 00000000 00:00 0 
72976000-729c4000 rw-p 00000000 00:00 0          [stack:4297]
729c4000-729c7000 ---p 00000000 00:00 0 
729c7000-72a45000 rw-p 00000000 00:00 0          [stack:4296]
72a45000-72a48000 ---p 00000000 00:00 0 
72a48000-72ac6000 rw-p 00000000 00:00 0          [stack:4295]
72ac6000-72ac9000 ---p 00000000 00:00 0 
72ac9000-72b17000 rw-p 00000000 00:00 0          [stack:4294]
72b17000-72caf000 r--p 00000000 08:05 453414     /usr/lib/locale/locale-archive
72caf000-72cb2000 ---p 00000000 00:00 0 
72cb2000-72d00000 rw-p 00000000 00:00 0          [stack:4293]
72d00000-72df6000 rw-p 00000000 00:00 0 
72df6000-72e00000 ---p 00000000 00:00 0 
72e00000-72e04000 r-xp 00000000 08:05 418466     /usr/lib/libXfixes.so.3.1.0
72e04000-72e05000 r--p 00003000 08:05 418466     /usr/lib/libXfixes.so.3.1.0
72e05000-72e06000 rw-p 00004000 08:05 418466     /usr/lib/libXfixes.so.3.1.0
72e06000-72e07000 r-xp 00000000 08:06 169981     /home/castiel/Downloads/LWJGL -- Java Open GL/native/libjemalloc32.so
72e07000-72e44000 r-xp 00000000 00:00 0 
72e44000-72e45000 ---p 0003e000 08:06 169981     /home/castiel/Downloads/LWJGL -- Java Open GL/native/libjemalloc32.so
72e45000-72e46000 r--p 00019000 08:06 169981     /home/castiel/Downloads/LWJGL -- Java Open GL/native/libjemalloc32.so
72e46000-72e47000 rw-p 0001a000 08:06 169981     /home/castiel/Downloads/LWJGL -- Java Open GL/native/libjemalloc32.so
72e47000-72e48000 ---p 00000000 00:00 0 
72e48000-72ec8000 rw-p 00000000 00:00 0          [stack:4291]
72ec8000-7307a000 r--s 01d2f000 08:05 662492     /usr/lib/jvm/java-7-openjdk/jre/lib/rt.jar
7307a000-75300000 rw-p 00000000 00:00 0 
75300000-7538d000 rw-p 00000000 00:00 0 
7538d000-75400000 ---p 00000000 00:00 0 
75400000-75402000 r-xp 00000000 08:05 414580     /usr/lib/libXau.so.6.0.0
75402000-75403000 r--p 00001000 08:05 414580     /usr/lib/libXau.so.6.0.0
75403000-75404000 rw-p 00002000 08:05 414580     /usr/lib/libXau.so.6.0.0
75404000-75409000 r-xp 00000000 08:05 418458     /usr/lib/libXxf86vm.so.1.0.0
75409000-7540a000 r--p 00004000 08:05 418458     /usr/lib/libXxf86vm.so.1.0.0
7540a000-7540b000 rw-p 00005000 08:05 418458     /usr/lib/libXxf86vm.so.1.0.0
7540b000-7540e000 ---p 00000000 00:00 0 
7540e000-75500000 rw-p 00000000 00:00 0          [stack:4292]
75500000-75521000 rw-p 00000000 00:00 0 
75521000-75600000 ---p 00000000 00:00 0 
75600000-75602000 r-xp 00000000 08:05 419264     /usr/lib/libXinerama.so.1.0.0
75602000-75603000 r--p 00001000 08:05 419264     /usr/lib/libXinerama.so.1.0.0
75603000-75604000 rw-p 00002000 08:05 419264     /usr/lib/libXinerama.so.1.0.0
75604000-7560f000 r-xp 00000000 08:05 419256     /usr/lib/libXrandr.so.2.2.0
7560f000-75610000 r--p 0000a000 08:05 419256     /usr/lib/libXrandr.so.2.2.0
75610000-75611000 rw-p 0000b000 08:05 419256     /usr/lib/libXrandr.so.2.2.0
75611000-75612000 rw-s f7f64000 00:06 10036      /dev/nvidia0
75612000-75635000 rw-p 00000000 00:00 0 
75635000-75636000 ---p 00000000 00:00 0 
75636000-756b6000 rw-p 00000000 00:00 0          [stack:4290]
756b6000-756b7000 ---p 00000000 00:00 0 
756b7000-75749000 rw-p 00000000 00:00 0          [stack:4288]
75749000-75854000 rw-p 00000000 00:00 0 
75854000-7585c000 rw-p 00000000 00:00 0 
7585c000-75894000 rw-p 00000000 00:00 0 
75894000-758a6000 rw-p 00000000 00:00 0 
758a6000-759b0000 rw-p 00000000 00:00 0 
759b0000-759ba000 rw-p 00000000 00:00 0 
759ba000-75a3f000 rw-p 00000000 00:00 0 
75a3f000-76a40000 rw-p 00000000 00:00 0 
76a40000-7da40000 rw-p 00000000 00:00 0 
7da40000-7fdc0000 rw-p 00000000 00:00 0 
7fdc0000-a1380000 rw-p 00000000 00:00 0 
a1380000-a2540000 rw-p 00000000 00:00 0 
a2540000-b3040000 rw-p 00000000 00:00 0 
b3040000-b3049000 rw-p 00000000 00:00 0 
b3049000-b3100000 rw-p 00000000 00:00 0 
b3100000-b3340000 rwxp 00000000 00:00 0 
b3340000-b61fb000 rw-p 00000000 00:00 0 
b61fb000-b6200000 ---p 00000000 00:00 0 
b6200000-b6201000 rw-s f7f63000 00:06 10036      /dev/nvidia0
b6201000-b6203000 r-xp 00000000 08:06 169978     /home/castiel/Downloads/LWJGL -- Java Open GL/native/libglfw32.so
b6203000-b621a000 r-xp 00000000 00:00 0 
b621a000-b621b000 r--p 0000b000 08:06 169978     /home/castiel/Downloads/LWJGL -- Java Open GL/native/libglfw32.so
b621b000-b621c000 rw-p 0000c000 08:06 169978     /home/castiel/Downloads/LWJGL -- Java Open GL/native/libglfw32.so
b621c000-b6237000 r--s 001e6000 08:06 170001     /home/castiel/Downloads/LWJGL -- Java Open GL/jar/lwjgl.jar
b6237000-b6257000 rw-p 00000000 00:00 0 
b6257000-b628f000 rw-p 00000000 00:00 0 
b628f000-b6297000 r-xp 00000000 08:05 130517     /usr/lib/jvm/java-7-openjdk/jre/lib/i386/libzip.so
b6297000-b6298000 rw-p 00007000 08:05 130517     /usr/lib/jvm/java-7-openjdk/jre/lib/i386/libzip.so
b6298000-b62a0000 rw-s 00000000 00:1f 80268      /tmp/hsperfdata_castiel/4283
b62a0000-b62c5000 r-xp 00000000 08:05 130516     /usr/lib/jvm/java-7-openjdk/jre/lib/i386/libjava.so
b62c5000-b62c6000 rw-p 00025000 08:05 130516     /usr/lib/jvm/java-7-openjdk/jre/lib/i386/libjava.so
b62c6000-b62cd000 r-xp 00000000 08:05 393438     /usr/lib/librt-2.23.so
b62cd000-b62ce000 r--p 00006000 08:05 393438     /usr/lib/librt-2.23.so
b62ce000-b62cf000 rw-p 00007000 08:05 393438     /usr/lib/librt-2.23.so
b62cf000-b62d2000 ---p 00000000 00:00 0 
b62d2000-b6320000 rw-p 00000000 00:00 0          [stack:4285]
b6320000-b633c000 r-xp 00000000 08:05 393667     /usr/lib/libgcc_s.so.1
b633c000-b633d000 rw-p 0001b000 08:05 393667     /usr/lib/libgcc_s.so.1
b633d000-b6390000 r-xp 00000000 08:05 393435     /usr/lib/libm-2.23.so
b6390000-b6391000 r--p 00052000 08:05 393435     /usr/lib/libm-2.23.so
b6391000-b6392000 rw-p 00053000 08:05 393435     /usr/lib/libm-2.23.so
b6392000-b64ff000 r-xp 00000000 08:05 420147     /usr/lib/libstdc++.so.6.0.21
b64ff000-b6500000 ---p 0016d000 08:05 420147     /usr/lib/libstdc++.so.6.0.21
b6500000-b6505000 r--p 0016d000 08:05 420147     /usr/lib/libstdc++.so.6.0.21
b6505000-b6506000 rw-p 00172000 08:05 420147     /usr/lib/libstdc++.so.6.0.21
b6506000-b6509000 rw-p 00000000 00:00 0 
b6509000-b706e000 r-xp 00000000 08:05 145403     /usr/lib/jvm/java-7-openjdk/jre/lib/i386/server/libjvm.so
b706e000-b70cd000 rw-p 00b65000 08:05 145403     /usr/lib/jvm/java-7-openjdk/jre/lib/i386/server/libjvm.so
b70cd000-b74eb000 rw-p 00000000 00:00 0 
b74eb000-b7501000 r-xp 00000000 08:05 396574     /usr/lib/libz.so.1.2.8
b7501000-b7502000 r--p 00015000 08:05 396574     /usr/lib/libz.so.1.2.8
b7502000-b7503000 rw-p 00016000 08:05 396574     /usr/lib/libz.so.1.2.8
b7503000-b76b1000 r-xp 00000000 08:05 393366     /usr/lib/libc-2.23.so
b76b1000-b76b2000 ---p 001ae000 08:05 393366     /usr/lib/libc-2.23.so
b76b2000-b76b4000 r--p 001ae000 08:05 393366     /usr/lib/libc-2.23.so
b76b4000-b76b5000 rw-p 001b0000 08:05 393366     /usr/lib/libc-2.23.so
b76b5000-b76b8000 rw-p 00000000 00:00 0 
b76b8000-b76bb000 r-xp 00000000 08:05 393434     /usr/lib/libdl-2.23.so
b76bb000-b76bc000 r--p 00002000 08:05 393434     /usr/lib/libdl-2.23.so
b76bc000-b76bd000 rw-p 00003000 08:05 393434     /usr/lib/libdl-2.23.so
b76bd000-b76be000 rw-p 00000000 00:00 0 
b76be000-b76ca000 r-xp 00000000 08:05 130545     /usr/lib/jvm/java-7-openjdk/jre/lib/i386/jli/libjli.so
b76ca000-b76cb000 rw-p 0000b000 08:05 130545     /usr/lib/jvm/java-7-openjdk/jre/lib/i386/jli/libjli.so
b76cb000-b76e4000 r-xp 00000000 08:05 393342     /usr/lib/libpthread-2.23.so
b76e4000-b76e5000 r--p 00018000 08:05 393342     /usr/lib/libpthread-2.23.so
b76e5000-b76e6000 rw-p 00019000 08:05 393342     /usr/lib/libpthread-2.23.so
b76e6000-b76e8000 rw-p 00000000 00:00 0 
b76e8000-b76e9000 rw-s 2989c000 00:06 10035      /dev/nvidiactl
b76e9000-b76ea000 rw-s fd060000 00:06 10036      /dev/nvidia0
b76ea000-b76eb000 rwxp 00000000 00:00 0 
b76eb000-b76f6000 r-xp 00000000 08:05 393430     /usr/lib/libnss_files-2.23.so
b76f6000-b76f7000 r--p 0000a000 08:05 393430     /usr/lib/libnss_files-2.23.so
b76f7000-b76f8000 rw-p 0000b000 08:05 393430     /usr/lib/libnss_files-2.23.so
b76f8000-b76ff000 rw-p 00000000 00:00 0 
b76ff000-b7700000 r--p 00000000 00:00 0 
b7700000-b770b000 r-xp 00000000 08:05 130515     /usr/lib/jvm/java-7-openjdk/jre/lib/i386/libverify.so
b770b000-b770c000 rw-p 0000a000 08:05 130515     /usr/lib/jvm/java-7-openjdk/jre/lib/i386/libverify.so
b770c000-b770d000 rw-p 00000000 00:00 0 
b770d000-b770f000 r--p 00000000 00:00 0          [vvar]
b770f000-b7710000 r-xp 00000000 00:00 0          [vdso]
b7710000-b7732000 r-xp 00000000 08:05 393363     /usr/lib/ld-2.23.so
b7732000-b7733000 r--p 00021000 08:05 393363     /usr/lib/ld-2.23.so
b7733000-b7734000 rw-p 00022000 08:05 393363     /usr/lib/ld-2.23.so
bfa22000-bfa23000 rwxp 00000000 00:00 0 
bfa55000-bfa76000 rw-p 00000000 00:00 0          [stack]

VM Arguments:
jvm_args: -Dfile.encoding=UTF-8 -Djava.library.path=/home/castiel/Downloads/LWJGL -- Java Open GL/native/ 
java_command: opengl.test.Demo
Launcher Type: SUN_STANDARD

Environment Variables:
PATH=/usr/local/sbin:/usr/local/bin:/usr/bin:/usr/lib/jvm/default/bin:/usr/bin/site_perl:/usr/bin/vendor_perl:/usr/bin/core_perl
LD_LIBRARY_PATH=/usr/lib/jvm/default/bin/../jre/lib/amd64:/usr/lib/jvm/default/bin/../jre/lib/i386:
SHELL=/bin/bash
DISPLAY=:0.0

Signal Handlers:
SIGSEGV: [libjvm.so+0x8114e0], sa_mask[0]=0x7ffbfeff, sa_flags=0x10000004
SIGBUS: [libjvm.so+0x8114e0], sa_mask[0]=0x7ffbfeff, sa_flags=0x10000004
SIGFPE: [libjvm.so+0x68a640], sa_mask[0]=0x7ffbfeff, sa_flags=0x10000004
SIGPIPE: [libjvm.so+0x68a640], sa_mask[0]=0x7ffbfeff, sa_flags=0x10000004
SIGXFSZ: [libjvm.so+0x68a640], sa_mask[0]=0x7ffbfeff, sa_flags=0x10000004
SIGILL: [libjvm.so+0x68a640], sa_mask[0]=0x7ffbfeff, sa_flags=0x10000004
SIGUSR1: SIG_DFL, sa_mask[0]=0x00000000, sa_flags=0x00000000
SIGUSR2: [libjvm.so+0x68a490], sa_mask[0]=0x00000004, sa_flags=0x10000004
SIGHUP: [libjvm.so+0x68a670], sa_mask[0]=0x7ffbfeff, sa_flags=0x10000004
SIGINT: SIG_IGN, sa_mask[0]=0x00000000, sa_flags=0x00000000
SIGTERM: [libjvm.so+0x68a670], sa_mask[0]=0x7ffbfeff, sa_flags=0x10000004
SIGQUIT: [libjvm.so+0x68a670], sa_mask[0]=0x7ffbfeff, sa_flags=0x10000004
SIGTRAP: SIG_DFL, sa_mask[0]=0x00000000, sa_flags=0x00000000


---------------  S Y S T E M  ---------------

OS:Linux
uname:Linux 4.1.20-1-lts #1 SMP Fri Mar 18 17:47:36 CET 2016 i686
libc:glibc 2.23 NPTL 2.23 
rlimit: STACK 8192k, CORE infinity, NPROC 27270, NOFILE 4096, AS infinity
load average:0.52 0.47 0.57

/proc/meminfo:
MemTotal:        3494900 kB
MemFree:          742172 kB
MemAvailable:    2156124 kB
Buffers:          250740 kB
Cached:          1176008 kB
SwapCached:            0 kB
Active:          1803512 kB
Inactive:         816392 kB
Active(anon):    1195040 kB
Inactive(anon):    29048 kB
Active(file):     608472 kB
Inactive(file):   787344 kB
Unevictable:          32 kB
Mlocked:              32 kB
HighTotal:       2629320 kB
HighFree:         625644 kB
LowTotal:         865580 kB
LowFree:          116528 kB
SwapTotal:             0 kB
SwapFree:              0 kB
Dirty:               252 kB
Writeback:             0 kB
AnonPages:       1193372 kB
Mapped:           272848 kB
Shmem:             30772 kB
Slab:              60064 kB
SReclaimable:      41596 kB
SUnreclaim:        18468 kB
KernelStack:        3024 kB
PageTables:         5252 kB
NFS_Unstable:          0 kB
Bounce:                0 kB
WritebackTmp:          0 kB
CommitLimit:     1747448 kB
Committed_AS:    3574988 kB
VmallocTotal:     122880 kB
VmallocUsed:       76176 kB
VmallocChunk:      40660 kB
HardwareCorrupted:     0 kB
AnonHugePages:    733184 kB
HugePages_Total:       0
HugePages_Free:        0
HugePages_Rsvd:        0
HugePages_Surp:        0
Hugepagesize:       4096 kB
DirectMap4k:      352248 kB
DirectMap4M:      557056 kB


CPU:total 2 (2 cores per cpu, 1 threads per core) family 6 model 23 stepping 10, cmov, cx8, fxsr, mmx, sse, sse2, sse3, ssse3, sse4.1, tsc

/proc/cpuinfo:
processor	: 0
vendor_id	: GenuineIntel
cpu family	: 6
model		: 23
model name	: Intel(R) Core(TM)2 Duo CPU     E8400  @ 3.00GHz
stepping	: 10
microcode	: 0xa07
cpu MHz		: 3003.000
cache size	: 6144 KB
physical id	: 0
siblings	: 2
core id		: 0
cpu cores	: 2
apicid		: 0
initial apicid	: 0
fdiv_bug	: no
f00f_bug	: no
coma_bug	: no
fpu		: yes
fpu_exception	: yes
cpuid level	: 13
wp		: yes
flags		: fpu vme de pse tsc msr pae mce cx8 apic sep mtrr pge mca cmov pat pse36 clflush dts acpi mmx fxsr sse sse2 ss ht tm pbe lm constant_tsc arch_perfmon pebs bts aperfmperf pni dtes64 monitor ds_cpl vmx smx est tm2 ssse3 cx16 xtpr pdcm sse4_1 xsave lahf_lm dtherm tpr_shadow vnmi flexpriority
bugs		:
bogomips	: 5986.18
clflush size	: 64
cache_alignment	: 64
address sizes	: 36 bits physical, 48 bits virtual
power management:

processor	: 1
vendor_id	: GenuineIntel
cpu family	: 6
model		: 23
model name	: Intel(R) Core(TM)2 Duo CPU     E8400  @ 3.00GHz
stepping	: 10
microcode	: 0xa07
cpu MHz		: 2336.000
cache size	: 6144 KB
physical id	: 0
siblings	: 2
core id		: 1
cpu cores	: 2
apicid		: 1
initial apicid	: 1
fdiv_bug	: no
f00f_bug	: no
coma_bug	: no
fpu		: yes
fpu_exception	: yes
cpuid level	: 13
wp		: yes
flags		: fpu vme de pse tsc msr pae mce cx8 apic sep mtrr pge mca cmov pat pse36 clflush dts acpi mmx fxsr sse sse2 ss ht tm pbe lm constant_tsc arch_perfmon pebs bts aperfmperf pni dtes64 monitor ds_cpl vmx smx est tm2 ssse3 cx16 xtpr pdcm sse4_1 xsave lahf_lm dtherm tpr_shadow vnmi flexpriority
bugs		:
bogomips	: 5986.18
clflush size	: 64
cache_alignment	: 64
address sizes	: 36 bits physical, 48 bits virtual
power management:



Memory: 4k page, physical 3494900k(742172k free), swap 0k(0k free)

vm_info: OpenJDK Server VM (24.95-b01) for linux-x86 JRE (1.7.0_95-b00), built on Jan 21 2016 12:43:41 by "builduser" with gcc 5.3.0

time: Mon Apr 25 21:07:34 2016
elapsed time: 0 seconds

