#
# A fatal error has been detected by the Java Runtime Environment:
#
#  SIGSEGV (0xb) at pc=0xb778c00a, pid=2574, tid=3057339200
#
# JRE version: OpenJDK Runtime Environment (7.0_101) (build 1.7.0_101-b00)
# Java VM: OpenJDK Server VM (24.95-b01 mixed mode linux-x86 )
# Derivative: IcedTea 2.6.6
# Distribution: Custom build (Mon May  2 15:54:55 UTC 2016)
# Problematic frame:
# C  0xb778c00a
#
# Core dump written. Default location: /home/castiel/Dev/Java/Project/OpenGl Test/core or core.2574
#
# If you would like to submit a bug report, please include
# instructions on how to reproduce the bug and visit:
#   http://icedtea.classpath.org/bugzilla
# The crash happened outside the Java Virtual Machine in native code.
# See problematic frame for where to report the bug.
#

---------------  T H R E A D  ---------------

Current thread (0xb6206400):  JavaThread "main" [_thread_in_native, id=2576, stack(0xb6364000,0xb63b5000)]

siginfo:si_signo=SIGSEGV: si_errno=0, si_code=128 (), si_addr=0x00000000

Registers:
EAX=0xb778c00f, EBX=0x75534ff4, ECX=0x7551f8d8, EDX=0x00000000
ESP=0xb63b1ecc, EBP=0xb63b3fc4, ESI=0x00010001, EDI=0x7552e9ac
EIP=0xb778c00a, EFLAGS=0x00010206, CR2=0xb76e2100

Top of Stack: (sp=0xb63b1ecc)
0xb63b1ecc:   7551f7cb 00010001 7552e9ac 760624f4
0xb63b1edc:   00000000 00000000 00000000 00000000
0xb63b1eec:   00000000 00000000 00000000 00000000
0xb63b1efc:   00000000 00000000 75dde29c 00000000
0xb63b1f0c:   b71761d4 b6de6c7c 00000000 00000000
0xb63b1f1c:   00000000 00000000 00000000 00000000
0xb63b1f2c:   00000000 b6a19929 b7158f90 760a4f48
0xb63b1f3c:   b6c28116 b7158f90 00000000 00000000 

Instructions: (pc=0xb778c00a)
0xb778bfea:   00 00 00 00 00 00 00 00 00 00 00 00 00 00 00 00
0xb778bffa:   00 00 00 00 00 00 00 00 00 00 21 00 00 00 04 07
0xb778c00a:   9a 72 04 07 9a 72 20 bb 00 00 00 50 41 72 60 a3
0xb778c01a:   98 72 08 60 41 72 20 00 00 00 22 00 00 00 b8 28 

Register to memory mapping:

EAX=0xb778c00f is an unknown value
EBX=0x75534ff4: <offset 0x19ff4> in /home/castiel/Downloads/LWJGL -- Java Open GL/native/libglfw32.so at 0x7551b000
ECX=0x7551f8d8: <offset 0x48d8> in /home/castiel/Downloads/LWJGL -- Java Open GL/native/libglfw32.so at 0x7551b000
EDX=0x00000000 is an unknown value
ESP=0xb63b1ecc is pointing into the stack for thread: 0xb6206400
EBP=0xb63b3fc4 is pointing into the stack for thread: 0xb6206400
ESI=0x00010001 is an unknown value
EDI=0x7552e9ac: <offset 0x139ac> in /home/castiel/Downloads/LWJGL -- Java Open GL/native/libglfw32.so at 0x7551b000


Stack: [0xb6364000,0xb63b5000],  sp=0xb63b1ecc,  free space=311k
Native frames: (J=compiled Java code, j=interpreted, Vv=VM code, C=native code)
C  0xb778c00a
j  org.lwjgl.glfw.GLFW.glfwSetInputMode(JII)V+24
j  opengl.test.Demo.init()V+8
j  opengl.test.Demo.main([Ljava/lang/String;)V+7
v  ~StubRoutines::call_stub
V  [libjvm.so+0x4abf87]

Java frames: (J=compiled Java code, j=interpreted, Vv=VM code)
j  org.lwjgl.system.JNI.invokePIIV(JJII)V+0
j  org.lwjgl.glfw.GLFW.glfwSetInputMode(JII)V+24
j  opengl.test.Demo.init()V+8
j  opengl.test.Demo.main([Ljava/lang/String;)V+7
v  ~StubRoutines::call_stub

---------------  P R O C E S S  ---------------

Java Threads: ( => current thread )
  0x72e2d400 JavaThread "Service Thread" daemon [_thread_blocked, id=2587, stack(0x72a22000,0x72a73000)]
  0x72e2b400 JavaThread "C2 CompilerThread1" daemon [_thread_blocked, id=2586, stack(0x72a73000,0x72af4000)]
  0x72e29400 JavaThread "C2 CompilerThread0" daemon [_thread_blocked, id=2585, stack(0x72af4000,0x72b75000)]
  0x72e27c00 JavaThread "Signal Dispatcher" daemon [_thread_blocked, id=2584, stack(0x72b75000,0x72bc6000)]
  0x72e15000 JavaThread "Finalizer" daemon [_thread_blocked, id=2583, stack(0x72d5e000,0x72daf000)]
  0x72e13800 JavaThread "Reference Handler" daemon [_thread_blocked, id=2582, stack(0x72daf000,0x72e00000)]
=>0xb6206400 JavaThread "main" [_thread_in_native, id=2576, stack(0xb6364000,0xb63b5000)]

Other Threads:
  0x72e11000 VMThread [stack: 0x72f47000,0x72fc8000] [id=2581]
  0x72e2f000 WatcherThread [stack: 0x729a1000,0x72a22000] [id=2588]

VM state:not at safepoint (normal execution)

VM Mutex/Monitor currently owned by a thread: None

Heap
 PSYoungGen      total 16128K, used 10779K [0xa1480000, 0xa2640000, 0xb3140000)
  eden space 14080K, 76% used [0xa1480000,0xa1f06f90,0xa2240000)
  from space 2048K, 0% used [0xa2440000,0xa2440000,0xa2640000)
  to   space 2048K, 0% used [0xa2240000,0xa2240000,0xa2440000)
 ParOldGen       total 36352K, used 0K [0x7db40000, 0x7fec0000, 0xa1480000)
  object space 36352K, 0% used [0x7db40000,0x7db40000,0x7fec0000)
 PSPermGen       total 16384K, used 5527K [0x75b40000, 0x76b40000, 0x7db40000)
  object space 16384K, 33% used [0x75b40000,0x760a5c08,0x76b40000)

Card table byte_map: [0x75954000,0x75b40000] byte_map_base: 0x755a6600

Polling page: 0xb77a1000

Code Cache  [0xb3200000, 0xb3440000, 0xb6200000)
 total_blobs=415 nmethods=21 adapters=349 free_code_cache=48724Kb largest_free_block=49875648

Compilation events (10 events):
Event: 0.516 Thread 0x72e2b400   16             java.lang.String::equals (81 bytes)
Event: 0.520 Thread 0x72e2b400 nmethod 16 0xb3266508 code [0xb3266600, 0xb3266890]
Event: 0.567 Thread 0x72e29400   17             sun.net.www.ParseUtil::encodePath (336 bytes)
Event: 0.574 Thread 0x72e29400 nmethod 17 0xb3267f88 code [0xb32680e0, 0xb3268684]
Event: 0.584 Thread 0x72e2b400   18             java.lang.String::length (6 bytes)
Event: 0.584 Thread 0x72e2b400 nmethod 18 0xb3268fc8 code [0xb32690c0, 0xb3269110]
Event: 0.625 Thread 0x72e2b400   20             java.lang.String::startsWith (72 bytes)
Event: 0.627 Thread 0x72e2b400 nmethod 20 0xb3269a88 code [0xb3269b80, 0xb3269cb0]
Event: 2.406 Thread 0x72e2b400   21             Utils.Matrix4F::nhanMaTran (109 bytes)
Event: 2.424 Thread 0x72e2b400 nmethod 21 0xb326b288 code [0xb326b3c0, 0xb326bc30]

GC Heap History (0 events):
No events

Deoptimization events (2 events):
Event: 0.632 Thread 0xb6206400 Uncommon trap: reason=unstable_if action=reinterpret pc=0xb32618e4 method=java.lang.String.replace(CC)Ljava/lang/String; @ 2
Event: 2.635 Thread 0xb6206400 Uncommon trap: reason=unstable_if action=reinterpret pc=0xb325d5d0 method=java.lang.String.indexOf([CII[CIII)I @ 3

Internal exceptions (10 events):
Event: 0.629 Thread 0xb6206400 Threw 0xa1e93b50 at /build/java7-openjdk/src/icedtea-2.6.6/openjdk/hotspot/src/share/vm/prims/jvm.cpp:1322
Event: 0.629 Thread 0xb6206400 Threw 0xa1e96ae8 at /build/java7-openjdk/src/icedtea-2.6.6/openjdk/hotspot/src/share/vm/prims/jvm.cpp:1322
Event: 0.630 Thread 0xb6206400 Threw 0xa1e9c9e8 at /build/java7-openjdk/src/icedtea-2.6.6/openjdk/hotspot/src/share/vm/prims/jvm.cpp:1322
Event: 0.630 Thread 0xb6206400 Threw 0xa1ea1860 at /build/java7-openjdk/src/icedtea-2.6.6/openjdk/hotspot/src/share/vm/prims/jvm.cpp:1322
Event: 0.631 Thread 0xb6206400 Threw 0xa1ea65d0 at /build/java7-openjdk/src/icedtea-2.6.6/openjdk/hotspot/src/share/vm/prims/jvm.cpp:1322
Event: 0.631 Thread 0xb6206400 Threw 0xa1ea9b30 at /build/java7-openjdk/src/icedtea-2.6.6/openjdk/hotspot/src/share/vm/prims/jvm.cpp:1322
Event: 0.631 Thread 0xb6206400 Threw 0xa1eabb88 at /build/java7-openjdk/src/icedtea-2.6.6/openjdk/hotspot/src/share/vm/prims/jvm.cpp:1322
Event: 0.632 Thread 0xb6206400 Threw 0xa1eadcd0 at /build/java7-openjdk/src/icedtea-2.6.6/openjdk/hotspot/src/share/vm/prims/jvm.cpp:1322
Event: 0.632 Thread 0xb6206400 Threw 0xa1eafeb8 at /build/java7-openjdk/src/icedtea-2.6.6/openjdk/hotspot/src/share/vm/prims/jvm.cpp:1322
Event: 0.633 Thread 0xb6206400 Threw 0xa1eb4498 at /build/java7-openjdk/src/icedtea-2.6.6/openjdk/hotspot/src/share/vm/prims/jvm.cpp:1322

Events (10 events):
Event: 2.636 loading class 0x757304f0
Event: 2.637 loading class 0x757304f0 done
Event: 2.637 loading class 0x6f331200
Event: 2.637 loading class 0x6f331200 done
Event: 2.637 loading class 0x6f3318d0
Event: 2.637 loading class 0x6f330ae8
Event: 2.637 loading class 0x6f332170
Event: 2.638 loading class 0x6f332170 done
Event: 2.638 loading class 0x6f330ae8 done
Event: 2.638 loading class 0x6f3318d0 done


Dynamic libraries:
08048000-08049000 r-xp 00000000 08:05 662509     /usr/lib/jvm/java-7-openjdk/jre/bin/java
08049000-0804a000 rw-p 00000000 08:05 662509     /usr/lib/jvm/java-7-openjdk/jre/bin/java
09a4a000-09ad8000 rw-p 00000000 00:00 0          [heap]
6f300000-6f398000 rw-p 00000000 00:00 0 
6f398000-6f400000 ---p 00000000 00:00 0 
6f400000-6f480000 rw-s 1edff000 00:06 13400      /dev/nvidiactl
6f480000-6f500000 rw-s 197db000 00:06 13400      /dev/nvidiactl
6f500000-6f5fe000 rw-p 00000000 00:00 0 
6f5fe000-6f600000 ---p 00000000 00:00 0 
6f60d000-6f68d000 rw-s 15895000 00:06 13400      /dev/nvidiactl
6f68d000-6f70d000 rw-s 2b389000 00:06 13400      /dev/nvidiactl
6f70d000-6f80d000 rw-s 10456000 00:06 13400      /dev/nvidiactl
6f80d000-6f82d000 rw-s f00e0000 00:06 13401      /dev/nvidia0
6f82d000-6f86d000 rw-s 2a28b000 00:06 13400      /dev/nvidiactl
6f86d000-6f88d000 rw-s 1bba7000 00:06 13400      /dev/nvidiactl
6f88d000-6f8cd000 rw-s 1bec7000 00:06 13400      /dev/nvidiactl
6f8cd000-6f90d000 rw-s 1813e000 00:06 13400      /dev/nvidiactl
6f90d000-6f9c0000 rw-p 00000000 00:00 0 
6fafc000-6fc00000 rw-s 2e6c8000 00:06 13400      /dev/nvidiactl
6fc00000-6fcef000 rw-p 00000000 00:00 0 
6fcef000-6fd00000 ---p 00000000 00:00 0 
6fd01000-6fd14000 rw-s 0b42f000 00:06 13400      /dev/nvidiactl
6fd14000-6fd34000 rw-s 1d9d4000 00:06 13400      /dev/nvidiactl
6fd54000-6fd95000 rw-p 00000000 00:00 0 
6fd95000-71986000 r-xp 00000000 08:05 418757     /usr/lib/libnvidia-glcore.so.364.19
71986000-719a6000 rwxp 01bf1000 08:05 418757     /usr/lib/libnvidia-glcore.so.364.19
719a6000-7203f000 r-xp 01c11000 08:05 418757     /usr/lib/libnvidia-glcore.so.364.19
7203f000-720dd000 rw-p 022a9000 08:05 418757     /usr/lib/libnvidia-glcore.so.364.19
720dd000-720f0000 rw-p 00000000 00:00 0 
720f0000-721b0000 r-xp 00000000 08:05 426723     /usr/lib/libGLX_nvidia.so.364.19
721b0000-721d0000 rwxp 000c0000 08:05 426723     /usr/lib/libGLX_nvidia.so.364.19
721d0000-721f9000 r-xp 000e0000 08:05 426723     /usr/lib/libGLX_nvidia.so.364.19
721f9000-721fe000 rw-p 00108000 08:05 426723     /usr/lib/libGLX_nvidia.so.364.19
721fe000-72202000 rw-p 00000000 00:00 0 
72202000-72296000 r-xp 00000000 08:05 443425     /usr/lib/libGLdispatch.so.0.0.0
72296000-72297000 ---p 00094000 08:05 443425     /usr/lib/libGLdispatch.so.0.0.0
72297000-7229f000 r--p 00094000 08:05 443425     /usr/lib/libGLdispatch.so.0.0.0
7229f000-722a0000 rw-p 0009c000 08:05 443425     /usr/lib/libGLdispatch.so.0.0.0
722a0000-722b0000 rw-p 00000000 00:00 0 
722b0000-723fb000 r-xp 00000000 08:05 417030     /usr/lib/libX11.so.6.3.0
723fb000-723fd000 r--p 0014b000 08:05 417030     /usr/lib/libX11.so.6.3.0
723fd000-72400000 rw-p 0014d000 08:05 417030     /usr/lib/libX11.so.6.3.0
72400000-72800000 rw-p 00000000 00:00 0 
7280f000-72813000 rw-s 180c1000 00:06 13400      /dev/nvidiactl
72813000-72817000 r-xp 00000000 08:05 443826     /usr/lib/tls/libnvidia-tls.so.364.19
72817000-72818000 rw-p 00003000 08:05 443826     /usr/lib/tls/libnvidia-tls.so.364.19
72818000-72829000 r-xp 00000000 08:05 443376     /usr/lib/libGLX.so.0.0.0
72829000-7282a000 r--p 00010000 08:05 443376     /usr/lib/libGLX.so.0.0.0
7282a000-7282b000 rw-p 00011000 08:05 443376     /usr/lib/libGLX.so.0.0.0
7282b000-7283b000 rw-p 00000000 00:00 0 
7283b000-728a9000 r-xp 00000000 08:05 443440     /usr/lib/nvidia/libGL.so.1.0.0
728a9000-728aa000 r--p 0006d000 08:05 443440     /usr/lib/nvidia/libGL.so.1.0.0
728aa000-728ab000 rw-p 0006e000 08:05 443440     /usr/lib/nvidia/libGL.so.1.0.0
728ab000-728b0000 r-xp 00000000 08:05 414447     /usr/lib/libXdmcp.so.6.0.0
728b0000-728b1000 r--p 00004000 08:05 414447     /usr/lib/libXdmcp.so.6.0.0
728b1000-728b2000 rw-p 00005000 08:05 414447     /usr/lib/libXdmcp.so.6.0.0
728b2000-728b4000 r-xp 00000000 08:05 414580     /usr/lib/libXau.so.6.0.0
728b4000-728b5000 r--p 00001000 08:05 414580     /usr/lib/libXau.so.6.0.0
728b5000-728b6000 rw-p 00002000 08:05 414580     /usr/lib/libXau.so.6.0.0
728b6000-728c0000 r-xp 00000000 08:05 419232     /usr/lib/libXrender.so.1.3.0
728c0000-728c1000 r--p 00009000 08:05 419232     /usr/lib/libXrender.so.1.3.0
728c1000-728c2000 rw-p 0000a000 08:05 419232     /usr/lib/libXrender.so.1.3.0
728c2000-728d5000 r-xp 00000000 08:05 418425     /usr/lib/libXext.so.6.4.0
728d5000-728d6000 r--p 00012000 08:05 418425     /usr/lib/libXext.so.6.4.0
728d6000-728d7000 rw-p 00013000 08:05 418425     /usr/lib/libXext.so.6.4.0
728d7000-728fb000 r-xp 00000000 08:05 416949     /usr/lib/libxcb.so.1.1.0
728fb000-728fc000 ---p 00024000 08:05 416949     /usr/lib/libxcb.so.1.1.0
728fc000-728fd000 r--p 00024000 08:05 416949     /usr/lib/libxcb.so.1.1.0
728fd000-728fe000 rw-p 00025000 08:05 416949     /usr/lib/libxcb.so.1.1.0
728fe000-7290f000 r-xp 00000000 08:05 419224     /usr/lib/libXi.so.6.1.0
7290f000-72910000 r--p 00010000 08:05 419224     /usr/lib/libXi.so.6.1.0
72910000-72911000 rw-p 00011000 08:05 419224     /usr/lib/libXi.so.6.1.0
72913000-72936000 rw-p 00000000 00:00 0 
72936000-72941000 r-xp 00000000 08:06 169984     /home/castiel/Downloads/LWJGL -- Java Open GL/native/liblwjgl32.so
72941000-7299e000 r-xp 00000000 00:00 0 
7299e000-7299f000 r--p 00031000 08:06 169984     /home/castiel/Downloads/LWJGL -- Java Open GL/native/liblwjgl32.so
7299f000-729a0000 rw-p 00032000 08:06 169984     /home/castiel/Downloads/LWJGL -- Java Open GL/native/liblwjgl32.so
729a0000-729a1000 rw-p 00000000 00:00 0 
729a1000-729a2000 ---p 00000000 00:00 0 
729a2000-72a22000 rw-p 00000000 00:00 0          [stack:2588]
72a22000-72a25000 ---p 00000000 00:00 0 
72a25000-72a73000 rw-p 00000000 00:00 0          [stack:2587]
72a73000-72a76000 ---p 00000000 00:00 0 
72a76000-72af4000 rw-p 00000000 00:00 0          [stack:2586]
72af4000-72af7000 ---p 00000000 00:00 0 
72af7000-72b75000 rw-p 00000000 00:00 0          [stack:2585]
72b75000-72b78000 ---p 00000000 00:00 0 
72b78000-72bc6000 rw-p 00000000 00:00 0          [stack:2584]
72bc6000-72d5e000 r--p 00000000 08:05 436420     /usr/lib/locale/locale-archive
72d5e000-72d61000 ---p 00000000 00:00 0 
72d61000-72daf000 rw-p 00000000 00:00 0          [stack:2583]
72daf000-72db2000 ---p 00000000 00:00 0 
72db2000-72e00000 rw-p 00000000 00:00 0          [stack:2582]
72e00000-72efe000 rw-p 00000000 00:00 0 
72efe000-72f00000 ---p 00000000 00:00 0 
72f00000-72f04000 r-xp 00000000 08:05 418466     /usr/lib/libXfixes.so.3.1.0
72f04000-72f05000 r--p 00003000 08:05 418466     /usr/lib/libXfixes.so.3.1.0
72f05000-72f06000 rw-p 00004000 08:05 418466     /usr/lib/libXfixes.so.3.1.0
72f06000-72f07000 r-xp 00000000 08:06 169981     /home/castiel/Downloads/LWJGL -- Java Open GL/native/libjemalloc32.so
72f07000-72f44000 r-xp 00000000 00:00 0 
72f44000-72f45000 ---p 0003e000 08:06 169981     /home/castiel/Downloads/LWJGL -- Java Open GL/native/libjemalloc32.so
72f45000-72f46000 r--p 00019000 08:06 169981     /home/castiel/Downloads/LWJGL -- Java Open GL/native/libjemalloc32.so
72f46000-72f47000 rw-p 0001a000 08:06 169981     /home/castiel/Downloads/LWJGL -- Java Open GL/native/libjemalloc32.so
72f47000-72f48000 ---p 00000000 00:00 0 
72f48000-72fc8000 rw-p 00000000 00:00 0          [stack:2581]
72fc8000-7317a000 r--s 01d32000 08:05 662492     /usr/lib/jvm/java-7-openjdk/jre/lib/rt.jar
7317a000-75400000 rw-p 00000000 00:00 0 
75400000-75475000 rw-p 00000000 00:00 0 
75475000-75500000 ---p 00000000 00:00 0 
75500000-75501000 rw-s 0b42e000 00:06 13400      /dev/nvidiactl
75501000-75502000 rw-s f7f65000 00:06 13401      /dev/nvidia0
75502000-7550c000 r-xp 00000000 08:05 419326     /usr/lib/libXcursor.so.1.0.2
7550c000-7550d000 r--p 00009000 08:05 419326     /usr/lib/libXcursor.so.1.0.2
7550d000-7550e000 rw-p 0000a000 08:05 419326     /usr/lib/libXcursor.so.1.0.2
7550e000-75519000 r-xp 00000000 08:05 419256     /usr/lib/libXrandr.so.2.2.0
75519000-7551a000 r--p 0000a000 08:05 419256     /usr/lib/libXrandr.so.2.2.0
7551a000-7551b000 rw-p 0000b000 08:05 419256     /usr/lib/libXrandr.so.2.2.0
7551b000-7551d000 r-xp 00000000 08:06 169978     /home/castiel/Downloads/LWJGL -- Java Open GL/native/libglfw32.so
7551d000-75534000 r-xp 00000000 00:00 0 
75534000-75535000 r--p 0000b000 08:06 169978     /home/castiel/Downloads/LWJGL -- Java Open GL/native/libglfw32.so
75535000-75536000 rw-p 0000c000 08:06 169978     /home/castiel/Downloads/LWJGL -- Java Open GL/native/libglfw32.so
75536000-7557f000 rw-p 00000000 00:00 0 
7557f000-75580000 ---p 00000000 00:00 0 
75580000-75600000 rw-p 00000000 00:00 0          [stack:2580]
75600000-75621000 rw-p 00000000 00:00 0 
75621000-75700000 ---p 00000000 00:00 0 
75700000-7571b000 r--s 001e6000 08:06 170001     /home/castiel/Downloads/LWJGL -- Java Open GL/jar/lwjgl.jar
7571b000-75776000 rw-p 00000000 00:00 0 
75776000-75777000 ---p 00000000 00:00 0 
75777000-757ff000 rw-p 00000000 00:00 0          [stack:2579]
757ff000-75837000 rw-p 00000000 00:00 0 
75837000-75849000 rw-p 00000000 00:00 0 
75849000-75954000 rw-p 00000000 00:00 0 
75954000-7595c000 rw-p 00000000 00:00 0 
7595c000-75994000 rw-p 00000000 00:00 0 
75994000-759a6000 rw-p 00000000 00:00 0 
759a6000-75ab0000 rw-p 00000000 00:00 0 
75ab0000-75aba000 rw-p 00000000 00:00 0 
75aba000-75b3f000 rw-p 00000000 00:00 0 
75b3f000-76b40000 rw-p 00000000 00:00 0 
76b40000-7db40000 rw-p 00000000 00:00 0 
7db40000-7fec0000 rw-p 00000000 00:00 0 
7fec0000-a1480000 rw-p 00000000 00:00 0 
a1480000-a2640000 rw-p 00000000 00:00 0 
a2640000-b3140000 rw-p 00000000 00:00 0 
b3140000-b3149000 rw-p 00000000 00:00 0 
b3149000-b3200000 rw-p 00000000 00:00 0 
b3200000-b3440000 rwxp 00000000 00:00 0 
b3440000-b62fb000 rw-p 00000000 00:00 0 
b62fb000-b6300000 ---p 00000000 00:00 0 
b6300000-b6301000 rw-s f7f64000 00:06 13401      /dev/nvidia0
b6301000-b6306000 r-xp 00000000 08:05 418458     /usr/lib/libXxf86vm.so.1.0.0
b6306000-b6307000 r--p 00004000 08:05 418458     /usr/lib/libXxf86vm.so.1.0.0
b6307000-b6308000 rw-p 00005000 08:05 418458     /usr/lib/libXxf86vm.so.1.0.0
b6308000-b630a000 r-xp 00000000 08:05 419264     /usr/lib/libXinerama.so.1.0.0
b630a000-b630b000 r--p 00001000 08:05 419264     /usr/lib/libXinerama.so.1.0.0
b630b000-b630c000 rw-p 00002000 08:05 419264     /usr/lib/libXinerama.so.1.0.0
b630c000-b6324000 rw-p 00000000 00:00 0 
b6324000-b632c000 r-xp 00000000 08:05 130515     /usr/lib/jvm/java-7-openjdk/jre/lib/i386/libzip.so
b632c000-b632d000 rw-p 00007000 08:05 130515     /usr/lib/jvm/java-7-openjdk/jre/lib/i386/libzip.so
b632d000-b6335000 rw-s 00000000 00:22 25941      /tmp/hsperfdata_castiel/2574
b6335000-b635a000 r-xp 00000000 08:05 130514     /usr/lib/jvm/java-7-openjdk/jre/lib/i386/libjava.so
b635a000-b635b000 rw-p 00025000 08:05 130514     /usr/lib/jvm/java-7-openjdk/jre/lib/i386/libjava.so
b635b000-b6362000 r-xp 00000000 08:05 393451     /usr/lib/librt-2.23.so
b6362000-b6363000 r--p 00006000 08:05 393451     /usr/lib/librt-2.23.so
b6363000-b6364000 rw-p 00007000 08:05 393451     /usr/lib/librt-2.23.so
b6364000-b6367000 ---p 00000000 00:00 0 
b6367000-b63b5000 rw-p 00000000 00:00 0          [stack:2576]
b63b5000-b63d1000 r-xp 00000000 08:05 393668     /usr/lib/libgcc_s.so.1
b63d1000-b63d2000 rw-p 0001b000 08:05 393668     /usr/lib/libgcc_s.so.1
b63d2000-b6425000 r-xp 00000000 08:05 393448     /usr/lib/libm-2.23.so
b6425000-b6426000 r--p 00052000 08:05 393448     /usr/lib/libm-2.23.so
b6426000-b6427000 rw-p 00053000 08:05 393448     /usr/lib/libm-2.23.so
b6427000-b659c000 r-xp 00000000 08:05 393707     /usr/lib/libstdc++.so.6.0.22
b659c000-b65a2000 r--p 00174000 08:05 393707     /usr/lib/libstdc++.so.6.0.22
b65a2000-b65a3000 rw-p 0017a000 08:05 393707     /usr/lib/libstdc++.so.6.0.22
b65a3000-b65a6000 rw-p 00000000 00:00 0 
b65a6000-b710e000 r-xp 00000000 08:05 130550     /usr/lib/jvm/java-7-openjdk/jre/lib/i386/server/libjvm.so
b710e000-b716d000 rw-p 00b67000 08:05 130550     /usr/lib/jvm/java-7-openjdk/jre/lib/i386/server/libjvm.so
b716d000-b758c000 rw-p 00000000 00:00 0 
b758c000-b75a2000 r-xp 00000000 08:05 396574     /usr/lib/libz.so.1.2.8
b75a2000-b75a3000 r--p 00015000 08:05 396574     /usr/lib/libz.so.1.2.8
b75a3000-b75a4000 rw-p 00016000 08:05 396574     /usr/lib/libz.so.1.2.8
b75a4000-b7752000 r-xp 00000000 08:05 393369     /usr/lib/libc-2.23.so
b7752000-b7753000 ---p 001ae000 08:05 393369     /usr/lib/libc-2.23.so
b7753000-b7755000 r--p 001ae000 08:05 393369     /usr/lib/libc-2.23.so
b7755000-b7756000 rw-p 001b0000 08:05 393369     /usr/lib/libc-2.23.so
b7756000-b7759000 rw-p 00000000 00:00 0 
b7759000-b775c000 r-xp 00000000 08:05 393447     /usr/lib/libdl-2.23.so
b775c000-b775d000 r--p 00002000 08:05 393447     /usr/lib/libdl-2.23.so
b775d000-b775e000 rw-p 00003000 08:05 393447     /usr/lib/libdl-2.23.so
b775e000-b775f000 rw-p 00000000 00:00 0 
b775f000-b776b000 r-xp 00000000 08:05 130543     /usr/lib/jvm/java-7-openjdk/jre/lib/i386/jli/libjli.so
b776b000-b776c000 rw-p 0000b000 08:05 130543     /usr/lib/jvm/java-7-openjdk/jre/lib/i386/jli/libjli.so
b776c000-b7785000 r-xp 00000000 08:05 393343     /usr/lib/libpthread-2.23.so
b7785000-b7786000 r--p 00018000 08:05 393343     /usr/lib/libpthread-2.23.so
b7786000-b7787000 rw-p 00019000 08:05 393343     /usr/lib/libpthread-2.23.so
b7787000-b7789000 rw-p 00000000 00:00 0 
b7789000-b778a000 rw-s f7f63000 00:06 13401      /dev/nvidia0
b778a000-b778b000 rw-s 1d9d5000 00:06 13400      /dev/nvidiactl
b778b000-b778c000 rw-s fd060000 00:06 13401      /dev/nvidia0
b778c000-b778d000 rwxp 00000000 00:00 0 
b778d000-b7798000 r-xp 00000000 08:05 393443     /usr/lib/libnss_files-2.23.so
b7798000-b7799000 r--p 0000a000 08:05 393443     /usr/lib/libnss_files-2.23.so
b7799000-b779a000 rw-p 0000b000 08:05 393443     /usr/lib/libnss_files-2.23.so
b779a000-b77a1000 rw-p 00000000 00:00 0 
b77a1000-b77a2000 r--p 00000000 00:00 0 
b77a2000-b77ad000 r-xp 00000000 08:05 130513     /usr/lib/jvm/java-7-openjdk/jre/lib/i386/libverify.so
b77ad000-b77ae000 rw-p 0000a000 08:05 130513     /usr/lib/jvm/java-7-openjdk/jre/lib/i386/libverify.so
b77ae000-b77af000 rw-p 00000000 00:00 0 
b77af000-b77b1000 r--p 00000000 00:00 0          [vvar]
b77b1000-b77b2000 r-xp 00000000 00:00 0          [vdso]
b77b2000-b77d4000 r-xp 00000000 08:05 393368     /usr/lib/ld-2.23.so
b77d4000-b77d5000 r--p 00021000 08:05 393368     /usr/lib/ld-2.23.so
b77d5000-b77d6000 rw-p 00022000 08:05 393368     /usr/lib/ld-2.23.so
bfc2d000-bfc2e000 rwxp 00000000 00:00 0 
bfc60000-bfc81000 rw-p 00000000 00:00 0          [stack]

VM Arguments:
jvm_args: -Dfile.encoding=UTF-8 -Djava.library.path=/home/castiel/Downloads/LWJGL -- Java Open GL/native/ 
java_command: opengl.test.Demo
Launcher Type: SUN_STANDARD

Environment Variables:
PATH=/usr/local/sbin:/usr/local/bin:/usr/bin:/usr/lib/jvm/default/bin:/usr/bin/site_perl:/usr/bin/vendor_perl:/usr/bin/core_perl
LD_LIBRARY_PATH=/usr/lib/jvm/default/bin/../jre/lib/amd64:/usr/lib/jvm/default/bin/../jre/lib/i386:
SHELL=/bin/bash
DISPLAY=:0.0

Signal Handlers:
SIGSEGV: [libjvm.so+0x812cd0], sa_mask[0]=0x7ffbfeff, sa_flags=0x10000004
SIGBUS: [libjvm.so+0x812cd0], sa_mask[0]=0x7ffbfeff, sa_flags=0x10000004
SIGFPE: [libjvm.so+0x68b580], sa_mask[0]=0x7ffbfeff, sa_flags=0x10000004
SIGPIPE: [libjvm.so+0x68b580], sa_mask[0]=0x7ffbfeff, sa_flags=0x10000004
SIGXFSZ: [libjvm.so+0x68b580], sa_mask[0]=0x7ffbfeff, sa_flags=0x10000004
SIGILL: [libjvm.so+0x68b580], sa_mask[0]=0x7ffbfeff, sa_flags=0x10000004
SIGUSR1: SIG_DFL, sa_mask[0]=0x00000000, sa_flags=0x00000000
SIGUSR2: [libjvm.so+0x68b3d0], sa_mask[0]=0x00000004, sa_flags=0x10000004
SIGHUP: [libjvm.so+0x68b5b0], sa_mask[0]=0x7ffbfeff, sa_flags=0x10000004
SIGINT: SIG_IGN, sa_mask[0]=0x00000000, sa_flags=0x00000000
SIGTERM: [libjvm.so+0x68b5b0], sa_mask[0]=0x7ffbfeff, sa_flags=0x10000004
SIGQUIT: [libjvm.so+0x68b5b0], sa_mask[0]=0x7ffbfeff, sa_flags=0x10000004
SIGTRAP: SIG_DFL, sa_mask[0]=0x00000000, sa_flags=0x00000000


---------------  S Y S T E M  ---------------

OS:Linux
uname:Linux 4.4.10-1-lts #1 SMP Wed May 11 21:32:48 CEST 2016 i686
libc:glibc 2.23 NPTL 2.23 
rlimit: STACK 8192k, CORE infinity, NPROC 27267, NOFILE 4096, AS infinity
load average:1.78 1.61 0.97

/proc/meminfo:
MemTotal:        3494600 kB
MemFree:         1029840 kB
MemAvailable:    2196028 kB
Buffers:          100952 kB
Cached:          1239880 kB
SwapCached:            0 kB
Active:          1314740 kB
Inactive:        1009628 kB
Active(anon):     984108 kB
Inactive(anon):    24340 kB
Active(file):     330632 kB
Inactive(file):   985288 kB
Unevictable:          32 kB
Mlocked:              32 kB
HighTotal:       2629320 kB
HighFree:         741772 kB
LowTotal:         865280 kB
LowFree:          288068 kB
SwapTotal:             0 kB
SwapFree:              0 kB
Dirty:               200 kB
Writeback:             0 kB
AnonPages:        983656 kB
Mapped:           280172 kB
Shmem:             24920 kB
Slab:              62752 kB
SReclaimable:      47508 kB
SUnreclaim:        15244 kB
KernelStack:        3048 kB
PageTables:         4720 kB
NFS_Unstable:          0 kB
Bounce:                0 kB
WritebackTmp:          0 kB
CommitLimit:     1747300 kB
Committed_AS:    3389004 kB
VmallocTotal:     122880 kB
VmallocUsed:           0 kB
VmallocChunk:          0 kB
HardwareCorrupted:     0 kB
AnonHugePages:    352256 kB
HugePages_Total:       0
HugePages_Free:        0
HugePages_Rsvd:        0
HugePages_Surp:        0
Hugepagesize:       4096 kB
DirectMap4k:      274424 kB
DirectMap4M:      634880 kB


CPU:total 2 (2 cores per cpu, 1 threads per core) family 6 model 23 stepping 10, cmov, cx8, fxsr, mmx, sse, sse2, sse3, ssse3, sse4.1, tsc

/proc/cpuinfo:
processor	: 0
vendor_id	: GenuineIntel
cpu family	: 6
model		: 23
model name	: Intel(R) Core(TM)2 Duo CPU     E8400  @ 3.00GHz
stepping	: 10
microcode	: 0xa07
cpu MHz		: 3003.000
cache size	: 6144 KB
physical id	: 0
siblings	: 2
core id		: 0
cpu cores	: 2
apicid		: 0
initial apicid	: 0
fdiv_bug	: no
f00f_bug	: no
coma_bug	: no
fpu		: yes
fpu_exception	: yes
cpuid level	: 13
wp		: yes
flags		: fpu vme de pse tsc msr pae mce cx8 apic sep mtrr pge mca cmov pat pse36 clflush dts acpi mmx fxsr sse sse2 ss ht tm pbe lm constant_tsc arch_perfmon pebs bts aperfmperf pni dtes64 monitor ds_cpl vmx smx est tm2 ssse3 cx16 xtpr pdcm sse4_1 xsave lahf_lm dtherm tpr_shadow vnmi flexpriority
bugs		:
bogomips	: 5986.73
clflush size	: 64
cache_alignment	: 64
address sizes	: 36 bits physical, 48 bits virtual
power management:

processor	: 1
vendor_id	: GenuineIntel
cpu family	: 6
model		: 23
model name	: Intel(R) Core(TM)2 Duo CPU     E8400  @ 3.00GHz
stepping	: 10
microcode	: 0xa07
cpu MHz		: 3003.000
cache size	: 6144 KB
physical id	: 0
siblings	: 2
core id		: 1
cpu cores	: 2
apicid		: 1
initial apicid	: 1
fdiv_bug	: no
f00f_bug	: no
coma_bug	: no
fpu		: yes
fpu_exception	: yes
cpuid level	: 13
wp		: yes
flags		: fpu vme de pse tsc msr pae mce cx8 apic sep mtrr pge mca cmov pat pse36 clflush dts acpi mmx fxsr sse sse2 ss ht tm pbe lm constant_tsc arch_perfmon pebs bts aperfmperf pni dtes64 monitor ds_cpl vmx smx est tm2 ssse3 cx16 xtpr pdcm sse4_1 xsave lahf_lm dtherm tpr_shadow vnmi flexpriority
bugs		:
bogomips	: 5986.73
clflush size	: 64
cache_alignment	: 64
address sizes	: 36 bits physical, 48 bits virtual
power management:



Memory: 4k page, physical 3494600k(1029840k free), swap 0k(0k free)

vm_info: OpenJDK Server VM (24.95-b01) for linux-x86 JRE (1.7.0_101-b00), built on May  2 2016 15:59:33 by "builduser" with gcc 5.3.0

time: Mon May 16 17:25:00 2016
elapsed time: 2 seconds

