#
# A fatal error has been detected by the Java Runtime Environment:
#
#  SIGSEGV (0xb) at pc=0x6fd07e47, pid=4922, tid=3057072960
#
# JRE version: OpenJDK Runtime Environment (7.0_95) (build 1.7.0_95-b00)
# Java VM: OpenJDK Server VM (24.95-b01 mixed mode linux-x86 )
# Derivative: IcedTea 2.6.4
# Distribution: Custom build (Thu Jan 21 12:40:31 UTC 2016)
# Problematic frame:
# C  0x6fd07e47
#
# Core dump written. Default location: /home/castiel/Dev/Java/Project/OpenGl Test/core or core.4922
#
# If you would like to submit a bug report, please include
# instructions on how to reproduce the bug and visit:
#   http://icedtea.classpath.org/bugzilla
# The crash happened outside the Java Virtual Machine in native code.
# See problematic frame for where to report the bug.
#

---------------  T H R E A D  ---------------

Current thread (0xb6206400):  JavaThread "main" [_thread_in_native, id=4924, stack(0xb6323000,0xb6374000)]

siginfo:si_signo=SIGSEGV: si_errno=0, si_code=1 (SEGV_MAPERR), si_addr=0x00000000

Registers:
EAX=0x6f8135b8, EBX=0x6fd8c000, ECX=0x00000000, EDX=0x6f37a684
ESP=0xb63729b8, EBP=0x6f37a698, ESI=0x00000000, EDI=0x00000000
EIP=0x6fd07e47, EFLAGS=0x00010246, CR2=0x00000000

Top of Stack: (sp=0xb63729b8)
0xb63729b8:   6f37a698 000000c0 00000000 6fd8c000
0xb63729c8:   00000000 717628bc 6fd8c000 6f8135b8
0xb63729d8:   6f37a680 00000006 00000000 00000000
0xb63729e8:   00000000 00000000 00000020 00000000
0xb63729f8:   6fa15ab0 6f366a68 6f980008 6fd07e00
0xb6372a08:   00000000 00000000 00000006 00000000
0xb6372a18:   00000000 00000000 00000000 00000006
0xb6372a28:   6f37a680 6f37a680 00000029 6f366a68 

Instructions: (pc=0x6fd07e47)
0x6fd07e27:   2c 24 8b 0a 03 0d a8 91 dd 6f 83 c2 04 8b 35 54
0x6fd07e37:   a9 db 6f 8b b6 84 02 00 00 8b f9 c1 e7 05 03 f7
0x6fd07e47:   8b 3e 8b 6e 04 89 38 89 68 04 8b 7e 08 89 78 08
0x6fd07e57:   8b 35 54 a9 db 6f 8b b6 ac 02 00 00 8b f9 c1 e7 

Register to memory mapping:

EAX=0x6f8135b8 is an unknown value
EBX=0x6fd8c000 is an unknown value
ECX=0x00000000 is an unknown value
EDX=0x6f37a684 is an unknown value
ESP=0xb63729b8 is pointing into the stack for thread: 0xb6206400
EBP=0x6f37a698 is an unknown value
ESI=0x00000000 is an unknown value
EDI=0x00000000 is an unknown value


Stack: [0xb6323000,0xb6374000],  sp=0xb63729b8,  free space=318k
Native frames: (J=compiled Java code, j=interpreted, Vv=VM code, C=native code)
C  0x6fd07e47

Java frames: (J=compiled Java code, j=interpreted, Vv=VM code)
j  org.lwjgl.system.JNI.callIIIPV(JIIIJ)V+0
j  org.lwjgl.opengl.GL11.nglDrawElements(IIIJ)V+14
j  org.lwjgl.opengl.GL11.glDrawElements(IIIJ)V+17
j  opengl.test.object.tugiac.render()V+32
j  opengl.test.Demo.render()V+107
j  opengl.test.OpenGL.loop()V+29
j  opengl.test.OpenGL.<init>()V+200
j  opengl.test.Demo.<init>()V+1
j  opengl.test.Demo.main([Ljava/lang/String;)V+4
v  ~StubRoutines::call_stub

---------------  P R O C E S S  ---------------

Java Threads: ( => current thread )
  0x72e2e400 JavaThread "Service Thread" daemon [_thread_blocked, id=4937, stack(0x729f2000,0x72a43000)]
  0x72e2c400 JavaThread "C2 CompilerThread1" daemon [_thread_blocked, id=4936, stack(0x72a43000,0x72ac4000)]
  0x72e2a400 JavaThread "C2 CompilerThread0" daemon [_thread_blocked, id=4935, stack(0x72ac4000,0x72b45000)]
  0x72e28c00 JavaThread "Signal Dispatcher" daemon [_thread_blocked, id=4934, stack(0x72b45000,0x72b96000)]
  0x72e15000 JavaThread "Finalizer" daemon [_thread_blocked, id=4933, stack(0x72d2e000,0x72d7f000)]
  0x72e13800 JavaThread "Reference Handler" daemon [_thread_blocked, id=4932, stack(0x72f2e000,0x72f7f000)]
=>0xb6206400 JavaThread "main" [_thread_in_native, id=4924, stack(0xb6323000,0xb6374000)]

Other Threads:
  0x72e11000 VMThread [stack: 0x72d7f000,0x72e00000] [id=4931]
  0x72e30000 WatcherThread [stack: 0x72971000,0x729f2000] [id=4938]

VM state:not at safepoint (normal execution)

VM Mutex/Monitor currently owned by a thread: None

Heap
 PSYoungGen      total 16128K, used 10740K [0xa1440000, 0xa2600000, 0xb3100000)
  eden space 14080K, 76% used [0xa1440000,0xa1ebd188,0xa2200000)
  from space 2048K, 0% used [0xa2400000,0xa2400000,0xa2600000)
  to   space 2048K, 0% used [0xa2200000,0xa2200000,0xa2400000)
 ParOldGen       total 36352K, used 0K [0x7db00000, 0x7fe80000, 0xa1440000)
  object space 36352K, 0% used [0x7db00000,0x7db00000,0x7fe80000)
 PSPermGen       total 16384K, used 5668K [0x75b00000, 0x76b00000, 0x7db00000)
  object space 16384K, 34% used [0x75b00000,0x76089300,0x76b00000)

Card table byte_map: [0x75914000,0x75b00000] byte_map_base: 0x75566800

Polling page: 0xb7753000

Code Cache  [0xb31da000, 0xb341a000, 0xb61da000)
 total_blobs=416 nmethods=21 adapters=350 free_code_cache=48727Kb largest_free_block=49885120

Compilation events (10 events):
Event: 0.671 Thread 0x72e2a400   16             java.lang.String::equals (81 bytes)
Event: 0.675 Thread 0x72e2a400 nmethod 16 0xb323c608 code [0xb323c700, 0xb323c990]
Event: 0.721 Thread 0x72e2c400   17             sun.net.www.ParseUtil::encodePath (336 bytes)
Event: 0.730 Thread 0x72e2c400 nmethod 17 0xb323f348 code [0xb323f4a0, 0xb323fa44]
Event: 0.744 Thread 0x72e2a400   18             java.lang.String::length (6 bytes)
Event: 0.745 Thread 0x72e2a400 nmethod 18 0xb3242a48 code [0xb3242b40, 0xb3242b90]
Event: 0.790 Thread 0x72e2a400   20             java.lang.String::startsWith (72 bytes)
Event: 0.792 Thread 0x72e2a400 nmethod 20 0xb3242e48 code [0xb3242f40, 0xb3243070]
Event: 0.810 Thread 0x72e2a400   21             java.lang.Math::min (11 bytes)
Event: 0.810 Thread 0x72e2a400 nmethod 21 0xb3245808 code [0xb32458e0, 0xb3245910]

GC Heap History (0 events):
No events

Deoptimization events (4 events):
Event: 0.794 Thread 0xb6206400 Uncommon trap: reason=unstable_if action=reinterpret pc=0xb32407e4 method=java.lang.String.replace(CC)Ljava/lang/String; @ 2
Event: 0.800 Thread 0xb6206400 Uncommon trap: reason=unstable_if action=reinterpret pc=0xb323e2a8 method=java.lang.String.indexOf([CII[CIII)I @ 123
Event: 0.801 Thread 0xb6206400 Uncommon trap: reason=predicate action=maybe_recompile pc=0xb323f99c method=sun.net.www.ParseUtil.encodePath(Ljava/lang/String;Z)Ljava/lang/String; @ 36
Event: 0.807 Thread 0xb6206400 Uncommon trap: reason=unstable_if action=reinterpret pc=0xb323c8e0 method=java.lang.String.equals(Ljava/lang/Object;)Z @ 66

Internal exceptions (10 events):
Event: 0.801 Thread 0xb6206400 Threw 0xa1e466e0 at /build/java7-openjdk/src/icedtea-2.6.4/openjdk/hotspot/src/share/vm/prims/jvm.cpp:1322
Event: 0.802 Thread 0xb6206400 Threw 0xa1e467f8 at /build/java7-openjdk/src/icedtea-2.6.4/openjdk/hotspot/src/share/vm/prims/jvm.cpp:1322
Event: 0.802 Thread 0xb6206400 Threw 0xa1e47010 at /build/java7-openjdk/src/icedtea-2.6.4/openjdk/hotspot/src/share/vm/prims/jvm.cpp:1322
Event: 0.802 Thread 0xb6206400 Threw 0xa1e47128 at /build/java7-openjdk/src/icedtea-2.6.4/openjdk/hotspot/src/share/vm/prims/jvm.cpp:1322
Event: 0.813 Thread 0xb6206400 Threw 0xa1e65b20 at /build/java7-openjdk/src/icedtea-2.6.4/openjdk/hotspot/src/share/vm/prims/jvm.cpp:1322
Event: 0.813 Thread 0xb6206400 Threw 0xa1e685b0 at /build/java7-openjdk/src/icedtea-2.6.4/openjdk/hotspot/src/share/vm/prims/jvm.cpp:1322
Event: 0.813 Thread 0xb6206400 Threw 0xa1e6a618 at /build/java7-openjdk/src/icedtea-2.6.4/openjdk/hotspot/src/share/vm/prims/jvm.cpp:1322
Event: 0.815 Thread 0xb6206400 Threw 0xa1e798d0 at /build/java7-openjdk/src/icedtea-2.6.4/openjdk/hotspot/src/share/vm/prims/jvm.cpp:1322
Event: 0.816 Thread 0xb6206400 Threw 0xa1e7cfd8 at /build/java7-openjdk/src/icedtea-2.6.4/openjdk/hotspot/src/share/vm/prims/jvm.cpp:1322
Event: 0.819 Thread 0xb6206400 Threw 0xa1e87d10 at /build/java7-openjdk/src/icedtea-2.6.4/openjdk/hotspot/src/share/vm/prims/jvm.cpp:1322

Events (10 events):
Event: 0.813 loading class 0x6f365578
Event: 0.813 loading class 0x6f365578 done
Event: 0.813 loading class 0x6f3655b8
Event: 0.813 loading class 0x6f3655b8 done
Event: 0.815 loading class 0x6f5482e0
Event: 0.815 loading class 0x6f5482e0 done
Event: 0.816 loading class 0x6f369b98
Event: 0.816 loading class 0x6f369b98 done
Event: 0.819 loading class 0x72e651e8
Event: 0.819 loading class 0x72e651e8 done


Dynamic libraries:
08048000-08049000 r-xp 00000000 08:05 662509     /usr/lib/jvm/java-7-openjdk/jre/bin/java
08049000-0804a000 rw-p 00000000 08:05 662509     /usr/lib/jvm/java-7-openjdk/jre/bin/java
08501000-0856d000 rw-p 00000000 00:00 0          [heap]
6f200000-6f252000 rw-p 00000000 00:00 0 
6f252000-6f300000 ---p 00000000 00:00 0 
6f300000-6f3f8000 rw-p 00000000 00:00 0 
6f3f8000-6f400000 ---p 00000000 00:00 0 
6f500000-6f600000 rw-p 00000000 00:00 0 
6f62d000-6f6ad000 rw-s 09c87000 00:06 12735      /dev/nvidiactl
6f6ad000-6f72d000 rw-s 0d752000 00:06 12735      /dev/nvidiactl
6f72d000-6f7ad000 rw-s 00016000 00:06 12735      /dev/nvidiactl
6f7ad000-6f8ad000 rw-s 09d9b000 00:06 12735      /dev/nvidiactl
6f8ad000-6f8c0000 rw-s 09f3e000 00:06 12735      /dev/nvidiactl
6f8c0000-6f8e0000 rw-s f0100000 00:06 12736      /dev/nvidia0
6f8e0000-6f920000 rw-s 0f871000 00:06 12735      /dev/nvidiactl
6f920000-6f940000 rw-s 28965000 00:06 12735      /dev/nvidiactl
6f940000-6f980000 rw-s 01f08000 00:06 12735      /dev/nvidiactl
6f980000-6fafc000 rw-p 00000000 00:00 0 
6fafc000-6fc00000 rw-s 30d93000 00:06 12735      /dev/nvidiactl
6fc00000-6fd00000 rw-p 00000000 00:00 0 
6fd04000-6fd06000 rw-s 00000000 00:20 68483      /tmp/.glR51Acw (deleted)
6fd06000-6fd08000 r-xs 00000000 00:20 68483      /tmp/.glR51Acw (deleted)
6fd08000-6fd0c000 rw-s 10bf1000 00:06 12735      /dev/nvidiactl
6fd0c000-6fd2c000 rw-s 1cb1b000 00:06 12735      /dev/nvidiactl
6fd2c000-6fd6c000 rw-s 34582000 00:06 12735      /dev/nvidiactl
6fd6c000-6fd8c000 rw-s 14657000 00:06 12735      /dev/nvidiactl
6fd8c000-6fdff000 rw-p 00000000 00:00 0 
6fdff000-7193c000 r-xp 00000000 08:05 426727     /usr/lib/libnvidia-glcore.so.361.28
7193c000-7195c000 rwxp 01b3d000 08:05 426727     /usr/lib/libnvidia-glcore.so.361.28
7195c000-71fd8000 r-xp 01b5d000 08:05 426727     /usr/lib/libnvidia-glcore.so.361.28
71fd8000-72075000 rw-p 021d8000 08:05 426727     /usr/lib/libnvidia-glcore.so.361.28
72075000-72084000 rw-p 00000000 00:00 0 
72084000-72142000 r-xp 00000000 08:05 393610     /usr/lib/libGLX_nvidia.so.361.28
72142000-72162000 rwxp 000be000 08:05 393610     /usr/lib/libGLX_nvidia.so.361.28
72162000-7218a000 r-xp 000de000 08:05 393610     /usr/lib/libGLX_nvidia.so.361.28
7218a000-72190000 rw-p 00105000 08:05 393610     /usr/lib/libGLX_nvidia.so.361.28
72190000-72193000 rw-p 00000000 00:00 0 
72193000-72227000 r-xp 00000000 08:05 443850     /usr/lib/libGLdispatch.so.0.0.0
72227000-7222f000 r--p 00093000 08:05 443850     /usr/lib/libGLdispatch.so.0.0.0
7222f000-72230000 rw-p 0009b000 08:05 443850     /usr/lib/libGLdispatch.so.0.0.0
72230000-72240000 rw-p 00000000 00:00 0 
72240000-722ae000 r-xp 00000000 08:05 443890     /usr/lib/nvidia/libGL.so.1.0.0
722ae000-722af000 r--p 0006d000 08:05 443890     /usr/lib/nvidia/libGL.so.1.0.0
722af000-722b0000 rw-p 0006e000 08:05 443890     /usr/lib/nvidia/libGL.so.1.0.0
722b0000-723fb000 r-xp 00000000 08:05 417030     /usr/lib/libX11.so.6.3.0
723fb000-723fd000 r--p 0014b000 08:05 417030     /usr/lib/libX11.so.6.3.0
723fd000-72400000 rw-p 0014d000 08:05 417030     /usr/lib/libX11.so.6.3.0
72400000-72800000 rw-p 00000000 00:00 0 
72801000-72842000 rw-p 00000000 00:00 0 
72842000-72846000 r-xp 00000000 08:05 443891     /usr/lib/tls/libnvidia-tls.so.361.28
72846000-72847000 rw-p 00003000 08:05 443891     /usr/lib/tls/libnvidia-tls.so.361.28
72847000-72858000 r-xp 00000000 08:05 443851     /usr/lib/libGLX.so.0.0.0
72858000-72859000 r--p 00010000 08:05 443851     /usr/lib/libGLX.so.0.0.0
72859000-7285a000 rw-p 00011000 08:05 443851     /usr/lib/libGLX.so.0.0.0
7285a000-7286a000 rw-p 00000000 00:00 0 
7286a000-7286f000 r-xp 00000000 08:05 414447     /usr/lib/libXdmcp.so.6.0.0
7286f000-72870000 r--p 00004000 08:05 414447     /usr/lib/libXdmcp.so.6.0.0
72870000-72871000 rw-p 00005000 08:05 414447     /usr/lib/libXdmcp.so.6.0.0
72871000-7287b000 r-xp 00000000 08:05 419232     /usr/lib/libXrender.so.1.3.0
7287b000-7287c000 r--p 00009000 08:05 419232     /usr/lib/libXrender.so.1.3.0
7287c000-7287d000 rw-p 0000a000 08:05 419232     /usr/lib/libXrender.so.1.3.0
7287d000-72890000 r-xp 00000000 08:05 418425     /usr/lib/libXext.so.6.4.0
72890000-72891000 r--p 00012000 08:05 418425     /usr/lib/libXext.so.6.4.0
72891000-72892000 rw-p 00013000 08:05 418425     /usr/lib/libXext.so.6.4.0
72892000-728b6000 r-xp 00000000 08:05 416949     /usr/lib/libxcb.so.1.1.0
728b6000-728b7000 ---p 00024000 08:05 416949     /usr/lib/libxcb.so.1.1.0
728b7000-728b8000 r--p 00024000 08:05 416949     /usr/lib/libxcb.so.1.1.0
728b8000-728b9000 rw-p 00025000 08:05 416949     /usr/lib/libxcb.so.1.1.0
728b9000-728c3000 r-xp 00000000 08:05 419326     /usr/lib/libXcursor.so.1.0.2
728c3000-728c4000 r--p 00009000 08:05 419326     /usr/lib/libXcursor.so.1.0.2
728c4000-728c5000 rw-p 0000a000 08:05 419326     /usr/lib/libXcursor.so.1.0.2
728c5000-728c6000 r-xp 00000000 08:06 169981     /home/castiel/Downloads/LWJGL -- Java Open GL/native/libjemalloc32.so
728c6000-72903000 r-xp 00000000 00:00 0 
72903000-72904000 ---p 0003e000 08:06 169981     /home/castiel/Downloads/LWJGL -- Java Open GL/native/libjemalloc32.so
72904000-72905000 r--p 00019000 08:06 169981     /home/castiel/Downloads/LWJGL -- Java Open GL/native/libjemalloc32.so
72905000-72906000 rw-p 0001a000 08:06 169981     /home/castiel/Downloads/LWJGL -- Java Open GL/native/libjemalloc32.so
72906000-72911000 r-xp 00000000 08:06 169984     /home/castiel/Downloads/LWJGL -- Java Open GL/native/liblwjgl32.so
72911000-7296e000 r-xp 00000000 00:00 0 
7296e000-7296f000 r--p 00031000 08:06 169984     /home/castiel/Downloads/LWJGL -- Java Open GL/native/liblwjgl32.so
7296f000-72970000 rw-p 00032000 08:06 169984     /home/castiel/Downloads/LWJGL -- Java Open GL/native/liblwjgl32.so
72970000-72971000 rw-p 00000000 00:00 0 
72971000-72972000 ---p 00000000 00:00 0 
72972000-729f2000 rw-p 00000000 00:00 0          [stack:4938]
729f2000-729f5000 ---p 00000000 00:00 0 
729f5000-72a43000 rw-p 00000000 00:00 0          [stack:4937]
72a43000-72a46000 ---p 00000000 00:00 0 
72a46000-72ac4000 rw-p 00000000 00:00 0          [stack:4936]
72ac4000-72ac7000 ---p 00000000 00:00 0 
72ac7000-72b45000 rw-p 00000000 00:00 0          [stack:4935]
72b45000-72b48000 ---p 00000000 00:00 0 
72b48000-72b96000 rw-p 00000000 00:00 0          [stack:4934]
72b96000-72d2e000 r--p 00000000 08:05 453414     /usr/lib/locale/locale-archive
72d2e000-72d31000 ---p 00000000 00:00 0 
72d31000-72d7f000 rw-p 00000000 00:00 0          [stack:4933]
72d7f000-72d80000 ---p 00000000 00:00 0 
72d80000-72e00000 rw-p 00000000 00:00 0          [stack:4931]
72e00000-72eff000 rw-p 00000000 00:00 0 
72eff000-72f00000 ---p 00000000 00:00 0 
72f01000-72f05000 r-xp 00000000 08:05 418466     /usr/lib/libXfixes.so.3.1.0
72f05000-72f06000 r--p 00003000 08:05 418466     /usr/lib/libXfixes.so.3.1.0
72f06000-72f07000 rw-p 00004000 08:05 418466     /usr/lib/libXfixes.so.3.1.0
72f07000-72f0c000 r-xp 00000000 08:05 418458     /usr/lib/libXxf86vm.so.1.0.0
72f0c000-72f0d000 r--p 00004000 08:05 418458     /usr/lib/libXxf86vm.so.1.0.0
72f0d000-72f0e000 rw-p 00005000 08:05 418458     /usr/lib/libXxf86vm.so.1.0.0
72f0e000-72f1f000 r-xp 00000000 08:05 419224     /usr/lib/libXi.so.6.1.0
72f1f000-72f20000 r--p 00010000 08:05 419224     /usr/lib/libXi.so.6.1.0
72f20000-72f21000 rw-p 00011000 08:05 419224     /usr/lib/libXi.so.6.1.0
72f21000-72f2c000 r-xp 00000000 08:05 419256     /usr/lib/libXrandr.so.2.2.0
72f2c000-72f2d000 r--p 0000a000 08:05 419256     /usr/lib/libXrandr.so.2.2.0
72f2d000-72f2e000 rw-p 0000b000 08:05 419256     /usr/lib/libXrandr.so.2.2.0
72f2e000-72f31000 ---p 00000000 00:00 0 
72f31000-72fc8000 rw-p 00000000 00:00 0          [stack:4932]
72fc8000-7317a000 r--s 01d2f000 08:05 662492     /usr/lib/jvm/java-7-openjdk/jre/lib/rt.jar
7317a000-75400000 rw-p 00000000 00:00 0 
75400000-75448000 rw-p 00000000 00:00 0 
75448000-75500000 ---p 00000000 00:00 0 
75500000-75501000 rw-s 0cc6c000 00:06 12735      /dev/nvidiactl
75501000-7557f000 rw-p 00000000 00:00 0 
7557f000-75580000 ---p 00000000 00:00 0 
75580000-75600000 rw-p 00000000 00:00 0          [stack:4930]
75600000-75621000 rw-p 00000000 00:00 0 
75621000-75700000 ---p 00000000 00:00 0 
75700000-75702000 r-xp 00000000 08:06 169978     /home/castiel/Downloads/LWJGL -- Java Open GL/native/libglfw32.so
75702000-75719000 r-xp 00000000 00:00 0 
75719000-7571a000 r--p 0000b000 08:06 169978     /home/castiel/Downloads/LWJGL -- Java Open GL/native/libglfw32.so
7571a000-7571b000 rw-p 0000c000 08:06 169978     /home/castiel/Downloads/LWJGL -- Java Open GL/native/libglfw32.so
7571b000-75736000 r--s 001e6000 08:06 170001     /home/castiel/Downloads/LWJGL -- Java Open GL/jar/lwjgl.jar
75736000-75737000 ---p 00000000 00:00 0 
75737000-757bf000 rw-p 00000000 00:00 0          [stack:4929]
757bf000-757f7000 rw-p 00000000 00:00 0 
757f7000-75809000 rw-p 00000000 00:00 0 
75809000-75914000 rw-p 00000000 00:00 0 
75914000-7591c000 rw-p 00000000 00:00 0 
7591c000-75954000 rw-p 00000000 00:00 0 
75954000-75966000 rw-p 00000000 00:00 0 
75966000-75a70000 rw-p 00000000 00:00 0 
75a70000-75a7a000 rw-p 00000000 00:00 0 
75a7a000-75aff000 rw-p 00000000 00:00 0 
75aff000-76b00000 rw-p 00000000 00:00 0 
76b00000-7db00000 rw-p 00000000 00:00 0 
7db00000-7fe80000 rw-p 00000000 00:00 0 
7fe80000-a1440000 rw-p 00000000 00:00 0 
a1440000-a2600000 rw-p 00000000 00:00 0 
a2600000-b3100000 rw-p 00000000 00:00 0 
b3100000-b3101000 rw-s f7f65000 00:06 12736      /dev/nvidia0
b3101000-b3102000 rw-s f7f64000 00:06 12736      /dev/nvidia0
b3102000-b3123000 rw-p 00000000 00:00 0 
b3123000-b31da000 rw-p 00000000 00:00 0 
b31da000-b341a000 rwxp 00000000 00:00 0 
b341a000-b61da000 rw-p 00000000 00:00 0 
b61da000-b61ff000 r-xp 00000000 08:05 130516     /usr/lib/jvm/java-7-openjdk/jre/lib/i386/libjava.so
b61ff000-b6200000 rw-p 00025000 08:05 130516     /usr/lib/jvm/java-7-openjdk/jre/lib/i386/libjava.so
b6200000-b62fb000 rw-p 00000000 00:00 0 
b62fb000-b6300000 ---p 00000000 00:00 0 
b6300000-b6301000 rw-s f7f63000 00:06 12736      /dev/nvidia0
b6301000-b6303000 r-xp 00000000 08:05 414580     /usr/lib/libXau.so.6.0.0
b6303000-b6304000 r--p 00001000 08:05 414580     /usr/lib/libXau.so.6.0.0
b6304000-b6305000 rw-p 00002000 08:05 414580     /usr/lib/libXau.so.6.0.0
b6305000-b6307000 r-xp 00000000 08:05 419264     /usr/lib/libXinerama.so.1.0.0
b6307000-b6308000 r--p 00001000 08:05 419264     /usr/lib/libXinerama.so.1.0.0
b6308000-b6309000 rw-p 00002000 08:05 419264     /usr/lib/libXinerama.so.1.0.0
b6309000-b6311000 r-xp 00000000 08:05 130517     /usr/lib/jvm/java-7-openjdk/jre/lib/i386/libzip.so
b6311000-b6312000 rw-p 00007000 08:05 130517     /usr/lib/jvm/java-7-openjdk/jre/lib/i386/libzip.so
b6312000-b631a000 rw-s 00000000 00:20 68479      /tmp/hsperfdata_castiel/4922
b631a000-b6321000 r-xp 00000000 08:05 393438     /usr/lib/librt-2.23.so
b6321000-b6322000 r--p 00006000 08:05 393438     /usr/lib/librt-2.23.so
b6322000-b6323000 rw-p 00007000 08:05 393438     /usr/lib/librt-2.23.so
b6323000-b6326000 ---p 00000000 00:00 0 
b6326000-b6374000 rw-p 00000000 00:00 0          [stack:4924]
b6374000-b6390000 r-xp 00000000 08:05 393667     /usr/lib/libgcc_s.so.1
b6390000-b6391000 rw-p 0001b000 08:05 393667     /usr/lib/libgcc_s.so.1
b6391000-b63e4000 r-xp 00000000 08:05 393435     /usr/lib/libm-2.23.so
b63e4000-b63e5000 r--p 00052000 08:05 393435     /usr/lib/libm-2.23.so
b63e5000-b63e6000 rw-p 00053000 08:05 393435     /usr/lib/libm-2.23.so
b63e6000-b6553000 r-xp 00000000 08:05 420147     /usr/lib/libstdc++.so.6.0.21
b6553000-b6554000 ---p 0016d000 08:05 420147     /usr/lib/libstdc++.so.6.0.21
b6554000-b6559000 r--p 0016d000 08:05 420147     /usr/lib/libstdc++.so.6.0.21
b6559000-b655a000 rw-p 00172000 08:05 420147     /usr/lib/libstdc++.so.6.0.21
b655a000-b655d000 rw-p 00000000 00:00 0 
b655d000-b70c2000 r-xp 00000000 08:05 145403     /usr/lib/jvm/java-7-openjdk/jre/lib/i386/server/libjvm.so
b70c2000-b7121000 rw-p 00b65000 08:05 145403     /usr/lib/jvm/java-7-openjdk/jre/lib/i386/server/libjvm.so
b7121000-b753f000 rw-p 00000000 00:00 0 
b753f000-b7555000 r-xp 00000000 08:05 396574     /usr/lib/libz.so.1.2.8
b7555000-b7556000 r--p 00015000 08:05 396574     /usr/lib/libz.so.1.2.8
b7556000-b7557000 rw-p 00016000 08:05 396574     /usr/lib/libz.so.1.2.8
b7557000-b7705000 r-xp 00000000 08:05 393366     /usr/lib/libc-2.23.so
b7705000-b7706000 ---p 001ae000 08:05 393366     /usr/lib/libc-2.23.so
b7706000-b7708000 r--p 001ae000 08:05 393366     /usr/lib/libc-2.23.so
b7708000-b7709000 rw-p 001b0000 08:05 393366     /usr/lib/libc-2.23.so
b7709000-b770c000 rw-p 00000000 00:00 0 
b770c000-b770f000 r-xp 00000000 08:05 393434     /usr/lib/libdl-2.23.so
b770f000-b7710000 r--p 00002000 08:05 393434     /usr/lib/libdl-2.23.so
b7710000-b7711000 rw-p 00003000 08:05 393434     /usr/lib/libdl-2.23.so
b7711000-b7712000 rw-p 00000000 00:00 0 
b7712000-b771e000 r-xp 00000000 08:05 130545     /usr/lib/jvm/java-7-openjdk/jre/lib/i386/jli/libjli.so
b771e000-b771f000 rw-p 0000b000 08:05 130545     /usr/lib/jvm/java-7-openjdk/jre/lib/i386/jli/libjli.so
b771f000-b7738000 r-xp 00000000 08:05 393342     /usr/lib/libpthread-2.23.so
b7738000-b7739000 r--p 00018000 08:05 393342     /usr/lib/libpthread-2.23.so
b7739000-b773a000 rw-p 00019000 08:05 393342     /usr/lib/libpthread-2.23.so
b773a000-b773c000 rw-p 00000000 00:00 0 
b773c000-b773d000 rw-s 2e9e7000 00:06 12735      /dev/nvidiactl
b773d000-b773e000 rw-s fd060000 00:06 12736      /dev/nvidia0
b773e000-b773f000 rwxp 00000000 00:00 0 
b773f000-b774a000 r-xp 00000000 08:05 393430     /usr/lib/libnss_files-2.23.so
b774a000-b774b000 r--p 0000a000 08:05 393430     /usr/lib/libnss_files-2.23.so
b774b000-b774c000 rw-p 0000b000 08:05 393430     /usr/lib/libnss_files-2.23.so
b774c000-b7753000 rw-p 00000000 00:00 0 
b7753000-b7754000 r--p 00000000 00:00 0 
b7754000-b775f000 r-xp 00000000 08:05 130515     /usr/lib/jvm/java-7-openjdk/jre/lib/i386/libverify.so
b775f000-b7760000 rw-p 0000a000 08:05 130515     /usr/lib/jvm/java-7-openjdk/jre/lib/i386/libverify.so
b7760000-b7761000 rw-p 00000000 00:00 0 
b7761000-b7763000 r--p 00000000 00:00 0          [vvar]
b7763000-b7764000 r-xp 00000000 00:00 0          [vdso]
b7764000-b7786000 r-xp 00000000 08:05 393363     /usr/lib/ld-2.23.so
b7786000-b7787000 r--p 00021000 08:05 393363     /usr/lib/ld-2.23.so
b7787000-b7788000 rw-p 00022000 08:05 393363     /usr/lib/ld-2.23.so
bfa40000-bfa41000 rwxp 00000000 00:00 0 
bfa73000-bfa94000 rw-p 00000000 00:00 0          [stack]

VM Arguments:
jvm_args: -Dfile.encoding=UTF-8 -Djava.library.path=/home/castiel/Downloads/LWJGL -- Java Open GL/native/ 
java_command: opengl.test.Demo
Launcher Type: SUN_STANDARD

Environment Variables:
PATH=/usr/local/sbin:/usr/local/bin:/usr/bin:/usr/lib/jvm/default/bin:/usr/bin/site_perl:/usr/bin/vendor_perl:/usr/bin/core_perl
LD_LIBRARY_PATH=/usr/lib/jvm/default/bin/../jre/lib/amd64:/usr/lib/jvm/default/bin/../jre/lib/i386:
SHELL=/bin/bash
DISPLAY=:0.0

Signal Handlers:
SIGSEGV: [libjvm.so+0x8114e0], sa_mask[0]=0x7ffbfeff, sa_flags=0x10000004
SIGBUS: [libjvm.so+0x8114e0], sa_mask[0]=0x7ffbfeff, sa_flags=0x10000004
SIGFPE: [libjvm.so+0x68a640], sa_mask[0]=0x7ffbfeff, sa_flags=0x10000004
SIGPIPE: [libjvm.so+0x68a640], sa_mask[0]=0x7ffbfeff, sa_flags=0x10000004
SIGXFSZ: [libjvm.so+0x68a640], sa_mask[0]=0x7ffbfeff, sa_flags=0x10000004
SIGILL: [libjvm.so+0x68a640], sa_mask[0]=0x7ffbfeff, sa_flags=0x10000004
SIGUSR1: SIG_DFL, sa_mask[0]=0x00000000, sa_flags=0x00000000
SIGUSR2: [libjvm.so+0x68a490], sa_mask[0]=0x00000004, sa_flags=0x10000004
SIGHUP: [libjvm.so+0x68a670], sa_mask[0]=0x7ffbfeff, sa_flags=0x10000004
SIGINT: SIG_IGN, sa_mask[0]=0x00000000, sa_flags=0x00000000
SIGTERM: [libjvm.so+0x68a670], sa_mask[0]=0x7ffbfeff, sa_flags=0x10000004
SIGQUIT: [libjvm.so+0x68a670], sa_mask[0]=0x7ffbfeff, sa_flags=0x10000004
SIGTRAP: SIG_DFL, sa_mask[0]=0x00000000, sa_flags=0x00000000


---------------  S Y S T E M  ---------------

OS:Linux
uname:Linux 4.1.20-1-lts #1 SMP Fri Mar 18 17:47:36 CET 2016 i686
libc:glibc 2.23 NPTL 2.23 
rlimit: STACK 8192k, CORE infinity, NPROC 27270, NOFILE 4096, AS infinity
load average:0.19 0.47 0.73

/proc/meminfo:
MemTotal:        3494900 kB
MemFree:         1087692 kB
MemAvailable:    2236460 kB
Buffers:          121016 kB
Cached:          1031132 kB
SwapCached:            0 kB
Active:          1673852 kB
Inactive:         593320 kB
Active(anon):    1118632 kB
Inactive(anon):    25556 kB
Active(file):     555220 kB
Inactive(file):   567764 kB
Unevictable:          32 kB
Mlocked:              32 kB
HighTotal:       2629320 kB
HighFree:         761040 kB
LowTotal:         865580 kB
LowFree:          326652 kB
SwapTotal:             0 kB
SwapFree:              0 kB
Dirty:               292 kB
Writeback:             0 kB
AnonPages:       1115168 kB
Mapped:           275284 kB
Shmem:             29172 kB
Slab:              67468 kB
SReclaimable:      49244 kB
SUnreclaim:        18224 kB
KernelStack:        3056 kB
PageTables:         4984 kB
NFS_Unstable:          0 kB
Bounce:                0 kB
WritebackTmp:          0 kB
CommitLimit:     1747448 kB
Committed_AS:    3520612 kB
VmallocTotal:     122880 kB
VmallocUsed:       76144 kB
VmallocChunk:      40660 kB
HardwareCorrupted:     0 kB
AnonHugePages:    610304 kB
HugePages_Total:       0
HugePages_Free:        0
HugePages_Rsvd:        0
HugePages_Surp:        0
Hugepagesize:       4096 kB
DirectMap4k:      376824 kB
DirectMap4M:      532480 kB


CPU:total 2 (2 cores per cpu, 1 threads per core) family 6 model 23 stepping 10, cmov, cx8, fxsr, mmx, sse, sse2, sse3, ssse3, sse4.1, tsc

/proc/cpuinfo:
processor	: 0
vendor_id	: GenuineIntel
cpu family	: 6
model		: 23
model name	: Intel(R) Core(TM)2 Duo CPU     E8400  @ 3.00GHz
stepping	: 10
microcode	: 0xa07
cpu MHz		: 2003.000
cache size	: 6144 KB
physical id	: 0
siblings	: 2
core id		: 0
cpu cores	: 2
apicid		: 0
initial apicid	: 0
fdiv_bug	: no
f00f_bug	: no
coma_bug	: no
fpu		: yes
fpu_exception	: yes
cpuid level	: 13
wp		: yes
flags		: fpu vme de pse tsc msr pae mce cx8 apic sep mtrr pge mca cmov pat pse36 clflush dts acpi mmx fxsr sse sse2 ss ht tm pbe lm constant_tsc arch_perfmon pebs bts aperfmperf pni dtes64 monitor ds_cpl vmx smx est tm2 ssse3 cx16 xtpr pdcm sse4_1 xsave lahf_lm dtherm tpr_shadow vnmi flexpriority
bugs		:
bogomips	: 5987.33
clflush size	: 64
cache_alignment	: 64
address sizes	: 36 bits physical, 48 bits virtual
power management:

processor	: 1
vendor_id	: GenuineIntel
cpu family	: 6
model		: 23
model name	: Intel(R) Core(TM)2 Duo CPU     E8400  @ 3.00GHz
stepping	: 10
microcode	: 0xa07
cpu MHz		: 3003.000
cache size	: 6144 KB
physical id	: 0
siblings	: 2
core id		: 1
cpu cores	: 2
apicid		: 1
initial apicid	: 1
fdiv_bug	: no
f00f_bug	: no
coma_bug	: no
fpu		: yes
fpu_exception	: yes
cpuid level	: 13
wp		: yes
flags		: fpu vme de pse tsc msr pae mce cx8 apic sep mtrr pge mca cmov pat pse36 clflush dts acpi mmx fxsr sse sse2 ss ht tm pbe lm constant_tsc arch_perfmon pebs bts aperfmperf pni dtes64 monitor ds_cpl vmx smx est tm2 ssse3 cx16 xtpr pdcm sse4_1 xsave lahf_lm dtherm tpr_shadow vnmi flexpriority
bugs		:
bogomips	: 5987.33
clflush size	: 64
cache_alignment	: 64
address sizes	: 36 bits physical, 48 bits virtual
power management:



Memory: 4k page, physical 3494900k(1087692k free), swap 0k(0k free)

vm_info: OpenJDK Server VM (24.95-b01) for linux-x86 JRE (1.7.0_95-b00), built on Jan 21 2016 12:43:41 by "builduser" with gcc 5.3.0

time: Sun Apr 24 21:51:27 2016
elapsed time: 0 seconds

