#
# A fatal error has been detected by the Java Runtime Environment:
#
#  SIGSEGV (0xb) at pc=0xb774400d, pid=2523, tid=3057044288
#
# JRE version: OpenJDK Runtime Environment (7.0_101) (build 1.7.0_101-b00)
# Java VM: OpenJDK Server VM (24.95-b01 mixed mode linux-x86 )
# Derivative: IcedTea 2.6.6
# Distribution: Custom build (Mon May  2 15:54:55 UTC 2016)
# Problematic frame:
# C  0xb774400d
#
# Core dump written. Default location: /home/castiel/Dev/Java/Project/OpenGl Test/core or core.2523
#
# If you would like to submit a bug report, please include
# instructions on how to reproduce the bug and visit:
#   http://icedtea.classpath.org/bugzilla
# The crash happened outside the Java Virtual Machine in native code.
# See problematic frame for where to report the bug.
#

---------------  T H R E A D  ---------------

Current thread (0xb6206400):  JavaThread "main" [_thread_in_native, id=2527, stack(0xb631c000,0xb636d000)]

siginfo:si_signo=SIGSEGV: si_errno=0, si_code=128 (), si_addr=0x00000000

Registers:
EAX=0x757139ac, EBX=0x75719ff4, ECX=0x757048d8, EDX=0x00000000
ESP=0xb6369ecc, EBP=0xb636bfc4, ESI=0x00010001, EDI=0xb774400f
EIP=0xb774400d, EFLAGS=0x00010206, CR2=0xb76e2100

Top of Stack: (sp=0xb6369ecc)
0xb6369ecc:   757047cb 00010001 757139ac 760224f4
0xb6369edc:   00000000 00000000 00000000 00000000
0xb6369eec:   00000000 00000000 00000000 00000000
0xb6369efc:   00000000 00000000 75d9b154 00000000
0xb6369f0c:   b712e1d4 b6d9ec7c 00000000 00000000
0xb6369f1c:   00000000 00000000 00000000 00000000
0xb6369f2c:   00000000 b69d1929 b7110f90 76064f48
0xb6369f3c:   b6be0116 b7110f90 00000000 00000000 

Instructions: (pc=0xb774400d)
0xb7743fed:   00 00 00 00 00 00 00 00 00 00 00 00 00 00 00 00
0xb7743ffd:   00 00 00 00 00 00 00 21 00 00 00 04 07 97 72 04
0xb774400d:   07 97 72 21 bb 00 00 00 50 41 72 60 a3 95 72 08
0xb774401d:   60 41 72 20 00 00 00 22 00 00 00 b8 28 40 74 b7 

Register to memory mapping:

EAX=0x757139ac: <offset 0x139ac> in /home/castiel/Downloads/LWJGL -- Java Open GL/native/libglfw32.so at 0x75700000
EBX=0x75719ff4: <offset 0x19ff4> in /home/castiel/Downloads/LWJGL -- Java Open GL/native/libglfw32.so at 0x75700000
ECX=0x757048d8: <offset 0x48d8> in /home/castiel/Downloads/LWJGL -- Java Open GL/native/libglfw32.so at 0x75700000
EDX=0x00000000 is an unknown value
ESP=0xb6369ecc is pointing into the stack for thread: 0xb6206400
EBP=0xb636bfc4 is pointing into the stack for thread: 0xb6206400
ESI=0x00010001 is an unknown value
EDI=0xb774400f is an unknown value


Stack: [0xb631c000,0xb636d000],  sp=0xb6369ecc,  free space=311k
Native frames: (J=compiled Java code, j=interpreted, Vv=VM code, C=native code)
C  0xb774400d
j  org.lwjgl.glfw.GLFW.glfwSetInputMode(JII)V+24
j  opengl.test.Demo.init()V+8
j  opengl.test.Demo.main([Ljava/lang/String;)V+7
v  ~StubRoutines::call_stub
V  [libjvm.so+0x4abf87]

Java frames: (J=compiled Java code, j=interpreted, Vv=VM code)
j  org.lwjgl.system.JNI.invokePIIV(JJII)V+0
j  org.lwjgl.glfw.GLFW.glfwSetInputMode(JII)V+24
j  opengl.test.Demo.init()V+8
j  opengl.test.Demo.main([Ljava/lang/String;)V+7
v  ~StubRoutines::call_stub

---------------  P R O C E S S  ---------------

Java Threads: ( => current thread )
  0x72e2d400 JavaThread "Service Thread" daemon [_thread_blocked, id=2536, stack(0x729f2000,0x72a43000)]
  0x72e2b400 JavaThread "C2 CompilerThread1" daemon [_thread_blocked, id=2535, stack(0x72a43000,0x72ac4000)]
  0x72e29400 JavaThread "C2 CompilerThread0" daemon [_thread_blocked, id=2534, stack(0x72ac4000,0x72b45000)]
  0x72e27c00 JavaThread "Signal Dispatcher" daemon [_thread_blocked, id=2533, stack(0x72b45000,0x72b96000)]
  0x72e15000 JavaThread "Finalizer" daemon [_thread_blocked, id=2532, stack(0x72d2e000,0x72d7f000)]
  0x72e13800 JavaThread "Reference Handler" daemon [_thread_blocked, id=2531, stack(0x72f2e000,0x72f7f000)]
=>0xb6206400 JavaThread "main" [_thread_in_native, id=2527, stack(0xb631c000,0xb636d000)]

Other Threads:
  0x72e11000 VMThread [stack: 0x72d7f000,0x72e00000] [id=2530]
  0x72e2f000 WatcherThread [stack: 0x72971000,0x729f2000] [id=2537]

VM state:not at safepoint (normal execution)

VM Mutex/Monitor currently owned by a thread: None

Heap
 PSYoungGen      total 16128K, used 10779K [0xa1440000, 0xa2600000, 0xb3100000)
  eden space 14080K, 76% used [0xa1440000,0xa1ec6f90,0xa2200000)
  from space 2048K, 0% used [0xa2400000,0xa2400000,0xa2600000)
  to   space 2048K, 0% used [0xa2200000,0xa2200000,0xa2400000)
 ParOldGen       total 36352K, used 0K [0x7db00000, 0x7fe80000, 0xa1440000)
  object space 36352K, 0% used [0x7db00000,0x7db00000,0x7fe80000)
 PSPermGen       total 16384K, used 5527K [0x75b00000, 0x76b00000, 0x7db00000)
  object space 16384K, 33% used [0x75b00000,0x76065c08,0x76b00000)

Card table byte_map: [0x75914000,0x75b00000] byte_map_base: 0x75566800

Polling page: 0xb7759000

Code Cache  [0xb31da000, 0xb341a000, 0xb61da000)
 total_blobs=416 nmethods=22 adapters=349 free_code_cache=48722Kb largest_free_block=49875968

Compilation events (10 events):
Event: 0.646 Thread 0x72e29400   17             sun.net.www.ParseUtil::encodePath (336 bytes)
Event: 0.653 Thread 0x72e29400 nmethod 17 0xb3240988 code [0xb3240ae0, 0xb3241084]
Event: 0.674 Thread 0x72e2b400   18             java.lang.String::length (6 bytes)
Event: 0.674 Thread 0x72e2b400 nmethod 18 0xb32419c8 code [0xb3241ac0, 0xb3241b10]
Event: 0.730 Thread 0x72e2b400   20             java.lang.String::startsWith (72 bytes)
Event: 0.732 Thread 0x72e2b400 nmethod 20 0xb3242448 code [0xb3242540, 0xb3242670]
Event: 2.512 Thread 0x72e2b400   21             Utils.Matrix4F::nhanMaTran (109 bytes)
Event: 2.531 Thread 0x72e2b400 nmethod 21 0xb3245148 code [0xb3245280, 0xb3245af0]
Event: 4.316 Thread 0x72e29400   22             Utils.Matrix4F::<init> (67 bytes)
Event: 4.324 Thread 0x72e29400 nmethod 22 0xb32448c8 code [0xb32449e0, 0xb3244ed0]

GC Heap History (0 events):
No events

Deoptimization events (2 events):
Event: 0.740 Thread 0xb6206400 Uncommon trap: reason=unstable_if action=reinterpret pc=0xb323dbe4 method=java.lang.String.replace(CC)Ljava/lang/String; @ 2
Event: 4.873 Thread 0xb6206400 Uncommon trap: reason=unstable_if action=reinterpret pc=0xb3237090 method=java.lang.String.indexOf([CII[CIII)I @ 3

Internal exceptions (10 events):
Event: 0.736 Thread 0xb6206400 Threw 0xa1e53b50 at /build/java7-openjdk/src/icedtea-2.6.6/openjdk/hotspot/src/share/vm/prims/jvm.cpp:1322
Event: 0.736 Thread 0xb6206400 Threw 0xa1e56ae8 at /build/java7-openjdk/src/icedtea-2.6.6/openjdk/hotspot/src/share/vm/prims/jvm.cpp:1322
Event: 0.737 Thread 0xb6206400 Threw 0xa1e5c9e8 at /build/java7-openjdk/src/icedtea-2.6.6/openjdk/hotspot/src/share/vm/prims/jvm.cpp:1322
Event: 0.737 Thread 0xb6206400 Threw 0xa1e61860 at /build/java7-openjdk/src/icedtea-2.6.6/openjdk/hotspot/src/share/vm/prims/jvm.cpp:1322
Event: 0.738 Thread 0xb6206400 Threw 0xa1e665d0 at /build/java7-openjdk/src/icedtea-2.6.6/openjdk/hotspot/src/share/vm/prims/jvm.cpp:1322
Event: 0.738 Thread 0xb6206400 Threw 0xa1e69b30 at /build/java7-openjdk/src/icedtea-2.6.6/openjdk/hotspot/src/share/vm/prims/jvm.cpp:1322
Event: 0.739 Thread 0xb6206400 Threw 0xa1e6bb88 at /build/java7-openjdk/src/icedtea-2.6.6/openjdk/hotspot/src/share/vm/prims/jvm.cpp:1322
Event: 0.739 Thread 0xb6206400 Threw 0xa1e6dcd0 at /build/java7-openjdk/src/icedtea-2.6.6/openjdk/hotspot/src/share/vm/prims/jvm.cpp:1322
Event: 0.740 Thread 0xb6206400 Threw 0xa1e6feb8 at /build/java7-openjdk/src/icedtea-2.6.6/openjdk/hotspot/src/share/vm/prims/jvm.cpp:1322
Event: 0.740 Thread 0xb6206400 Threw 0xa1e74498 at /build/java7-openjdk/src/icedtea-2.6.6/openjdk/hotspot/src/share/vm/prims/jvm.cpp:1322

Events (10 events):
Event: 4.874 loading class 0x755394f0
Event: 4.874 loading class 0x755394f0 done
Event: 4.874 loading class 0x083b6430
Event: 4.874 loading class 0x083b6430 done
Event: 4.874 loading class 0x083b6b00
Event: 4.874 loading class 0x083b5d18
Event: 4.875 loading class 0x083b73a0
Event: 4.875 loading class 0x083b73a0 done
Event: 4.875 loading class 0x083b5d18 done
Event: 4.875 loading class 0x083b6b00 done


Dynamic libraries:
08048000-08049000 r-xp 00000000 08:05 662509     /usr/lib/jvm/java-7-openjdk/jre/bin/java
08049000-0804a000 rw-p 00000000 08:05 662509     /usr/lib/jvm/java-7-openjdk/jre/bin/java
083a2000-08408000 rw-p 00000000 00:00 0          [heap]
6f200000-6f280000 rw-s 124c4000 00:06 13400      /dev/nvidiactl
6f280000-6f300000 rw-s 101b8000 00:06 13400      /dev/nvidiactl
6f300000-6f384000 rw-p 00000000 00:00 0 
6f384000-6f400000 ---p 00000000 00:00 0 
6f440000-6f4c0000 rw-s 0ffd7000 00:06 13400      /dev/nvidiactl
6f4c0000-6f540000 rw-s 34607000 00:06 13400      /dev/nvidiactl
6f540000-6f5c0000 rw-s 17359000 00:06 13400      /dev/nvidiactl
6f5c0000-6f6c0000 rw-s 34611000 00:06 13400      /dev/nvidiactl
6f6c0000-6f700000 rw-s 197d5000 00:06 13400      /dev/nvidiactl
6f700000-6f7f5000 rw-p 00000000 00:00 0 
6f7f5000-6f800000 ---p 00000000 00:00 0 
6f80c000-6f82c000 rw-s f00e0000 00:06 13401      /dev/nvidia0
6f82c000-6f84c000 rw-s 10c29000 00:06 13400      /dev/nvidiactl
6f84c000-6f88c000 rw-s 11497000 00:06 13400      /dev/nvidiactl
6f88c000-6f8cc000 rw-s 180f5000 00:06 13400      /dev/nvidiactl
6f8cc000-6f97f000 rw-p 00000000 00:00 0 
6fabb000-6fbbf000 rw-s 2e6c8000 00:06 13400      /dev/nvidiactl
6fbbf000-6fc00000 rw-p 00000000 00:00 0 
6fc00000-6fcea000 rw-p 00000000 00:00 0 
6fcea000-6fd00000 ---p 00000000 00:00 0 
6fd05000-6fd25000 rw-s 10c2a000 00:06 13400      /dev/nvidiactl
6fd25000-71916000 r-xp 00000000 08:05 418757     /usr/lib/libnvidia-glcore.so.364.19
71916000-71936000 rwxp 01bf1000 08:05 418757     /usr/lib/libnvidia-glcore.so.364.19
71936000-71fcf000 r-xp 01c11000 08:05 418757     /usr/lib/libnvidia-glcore.so.364.19
71fcf000-7206d000 rw-p 022a9000 08:05 418757     /usr/lib/libnvidia-glcore.so.364.19
7206d000-72080000 rw-p 00000000 00:00 0 
72080000-72140000 r-xp 00000000 08:05 426723     /usr/lib/libGLX_nvidia.so.364.19
72140000-72160000 rwxp 000c0000 08:05 426723     /usr/lib/libGLX_nvidia.so.364.19
72160000-72189000 r-xp 000e0000 08:05 426723     /usr/lib/libGLX_nvidia.so.364.19
72189000-7218e000 rw-p 00108000 08:05 426723     /usr/lib/libGLX_nvidia.so.364.19
7218e000-72192000 rw-p 00000000 00:00 0 
72192000-72226000 r-xp 00000000 08:05 443425     /usr/lib/libGLdispatch.so.0.0.0
72226000-72227000 ---p 00094000 08:05 443425     /usr/lib/libGLdispatch.so.0.0.0
72227000-7222f000 r--p 00094000 08:05 443425     /usr/lib/libGLdispatch.so.0.0.0
7222f000-72230000 rw-p 0009c000 08:05 443425     /usr/lib/libGLdispatch.so.0.0.0
72230000-72240000 rw-p 00000000 00:00 0 
72240000-722ae000 r-xp 00000000 08:05 443440     /usr/lib/nvidia/libGL.so.1.0.0
722ae000-722af000 r--p 0006d000 08:05 443440     /usr/lib/nvidia/libGL.so.1.0.0
722af000-722b0000 rw-p 0006e000 08:05 443440     /usr/lib/nvidia/libGL.so.1.0.0
722b0000-723fb000 r-xp 00000000 08:05 417030     /usr/lib/libX11.so.6.3.0
723fb000-723fd000 r--p 0014b000 08:05 417030     /usr/lib/libX11.so.6.3.0
723fd000-72400000 rw-p 0014d000 08:05 417030     /usr/lib/libX11.so.6.3.0
72400000-72800000 rw-p 00000000 00:00 0 
72801000-72814000 rw-s 0e944000 00:06 13400      /dev/nvidiactl
72814000-72818000 rw-s 101c7000 00:06 13400      /dev/nvidiactl
72838000-7283c000 r-xp 00000000 08:05 443826     /usr/lib/tls/libnvidia-tls.so.364.19
7283c000-7283d000 rw-p 00003000 08:05 443826     /usr/lib/tls/libnvidia-tls.so.364.19
7283d000-7284e000 r-xp 00000000 08:05 443376     /usr/lib/libGLX.so.0.0.0
7284e000-7284f000 r--p 00010000 08:05 443376     /usr/lib/libGLX.so.0.0.0
7284f000-72850000 rw-p 00011000 08:05 443376     /usr/lib/libGLX.so.0.0.0
72850000-72860000 rw-p 00000000 00:00 0 
72860000-72865000 r-xp 00000000 08:05 414447     /usr/lib/libXdmcp.so.6.0.0
72865000-72866000 r--p 00004000 08:05 414447     /usr/lib/libXdmcp.so.6.0.0
72866000-72867000 rw-p 00005000 08:05 414447     /usr/lib/libXdmcp.so.6.0.0
72867000-72869000 r-xp 00000000 08:05 414580     /usr/lib/libXau.so.6.0.0
72869000-7286a000 r--p 00001000 08:05 414580     /usr/lib/libXau.so.6.0.0
7286a000-7286b000 rw-p 00002000 08:05 414580     /usr/lib/libXau.so.6.0.0
7286b000-7286f000 r-xp 00000000 08:05 418466     /usr/lib/libXfixes.so.3.1.0
7286f000-72870000 r--p 00003000 08:05 418466     /usr/lib/libXfixes.so.3.1.0
72870000-72871000 rw-p 00004000 08:05 418466     /usr/lib/libXfixes.so.3.1.0
72871000-7287b000 r-xp 00000000 08:05 419232     /usr/lib/libXrender.so.1.3.0
7287b000-7287c000 r--p 00009000 08:05 419232     /usr/lib/libXrender.so.1.3.0
7287c000-7287d000 rw-p 0000a000 08:05 419232     /usr/lib/libXrender.so.1.3.0
7287d000-72890000 r-xp 00000000 08:05 418425     /usr/lib/libXext.so.6.4.0
72890000-72891000 r--p 00012000 08:05 418425     /usr/lib/libXext.so.6.4.0
72891000-72892000 rw-p 00013000 08:05 418425     /usr/lib/libXext.so.6.4.0
72892000-728b6000 r-xp 00000000 08:05 416949     /usr/lib/libxcb.so.1.1.0
728b6000-728b7000 ---p 00024000 08:05 416949     /usr/lib/libxcb.so.1.1.0
728b7000-728b8000 r--p 00024000 08:05 416949     /usr/lib/libxcb.so.1.1.0
728b8000-728b9000 rw-p 00025000 08:05 416949     /usr/lib/libxcb.so.1.1.0
728b9000-728c3000 r-xp 00000000 08:05 419326     /usr/lib/libXcursor.so.1.0.2
728c3000-728c4000 r--p 00009000 08:05 419326     /usr/lib/libXcursor.so.1.0.2
728c4000-728c5000 rw-p 0000a000 08:05 419326     /usr/lib/libXcursor.so.1.0.2
728c5000-728c6000 r-xp 00000000 08:06 169981     /home/castiel/Downloads/LWJGL -- Java Open GL/native/libjemalloc32.so
728c6000-72903000 r-xp 00000000 00:00 0 
72903000-72904000 ---p 0003e000 08:06 169981     /home/castiel/Downloads/LWJGL -- Java Open GL/native/libjemalloc32.so
72904000-72905000 r--p 00019000 08:06 169981     /home/castiel/Downloads/LWJGL -- Java Open GL/native/libjemalloc32.so
72905000-72906000 rw-p 0001a000 08:06 169981     /home/castiel/Downloads/LWJGL -- Java Open GL/native/libjemalloc32.so
72906000-72911000 r-xp 00000000 08:06 169984     /home/castiel/Downloads/LWJGL -- Java Open GL/native/liblwjgl32.so
72911000-7296e000 r-xp 00000000 00:00 0 
7296e000-7296f000 r--p 00031000 08:06 169984     /home/castiel/Downloads/LWJGL -- Java Open GL/native/liblwjgl32.so
7296f000-72970000 rw-p 00032000 08:06 169984     /home/castiel/Downloads/LWJGL -- Java Open GL/native/liblwjgl32.so
72970000-72971000 rw-p 00000000 00:00 0 
72971000-72972000 ---p 00000000 00:00 0 
72972000-729f2000 rw-p 00000000 00:00 0          [stack:2537]
729f2000-729f5000 ---p 00000000 00:00 0 
729f5000-72a43000 rw-p 00000000 00:00 0          [stack:2536]
72a43000-72a46000 ---p 00000000 00:00 0 
72a46000-72ac4000 rw-p 00000000 00:00 0          [stack:2535]
72ac4000-72ac7000 ---p 00000000 00:00 0 
72ac7000-72b45000 rw-p 00000000 00:00 0          [stack:2534]
72b45000-72b48000 ---p 00000000 00:00 0 
72b48000-72b96000 rw-p 00000000 00:00 0          [stack:2533]
72b96000-72d2e000 r--p 00000000 08:05 436420     /usr/lib/locale/locale-archive
72d2e000-72d31000 ---p 00000000 00:00 0 
72d31000-72d7f000 rw-p 00000000 00:00 0          [stack:2532]
72d7f000-72d80000 ---p 00000000 00:00 0 
72d80000-72e00000 rw-p 00000000 00:00 0          [stack:2530]
72e00000-72ef5000 rw-p 00000000 00:00 0 
72ef5000-72f00000 ---p 00000000 00:00 0 
72f02000-72f07000 r-xp 00000000 08:05 418458     /usr/lib/libXxf86vm.so.1.0.0
72f07000-72f08000 r--p 00004000 08:05 418458     /usr/lib/libXxf86vm.so.1.0.0
72f08000-72f09000 rw-p 00005000 08:05 418458     /usr/lib/libXxf86vm.so.1.0.0
72f0b000-72f2e000 rw-p 00000000 00:00 0 
72f2e000-72f31000 ---p 00000000 00:00 0 
72f31000-72fc8000 rw-p 00000000 00:00 0          [stack:2531]
72fc8000-7317a000 r--s 01d32000 08:05 662492     /usr/lib/jvm/java-7-openjdk/jre/lib/rt.jar
7317a000-75400000 rw-p 00000000 00:00 0 
75400000-754d3000 rw-p 00000000 00:00 0 
754d3000-75500000 ---p 00000000 00:00 0 
75500000-75511000 r-xp 00000000 08:05 419224     /usr/lib/libXi.so.6.1.0
75511000-75512000 r--p 00010000 08:05 419224     /usr/lib/libXi.so.6.1.0
75512000-75513000 rw-p 00011000 08:05 419224     /usr/lib/libXi.so.6.1.0
75513000-75515000 r-xp 00000000 08:05 419264     /usr/lib/libXinerama.so.1.0.0
75515000-75516000 r--p 00001000 08:05 419264     /usr/lib/libXinerama.so.1.0.0
75516000-75517000 rw-p 00002000 08:05 419264     /usr/lib/libXinerama.so.1.0.0
75517000-75522000 r-xp 00000000 08:05 419256     /usr/lib/libXrandr.so.2.2.0
75522000-75523000 r--p 0000a000 08:05 419256     /usr/lib/libXrandr.so.2.2.0
75523000-75524000 rw-p 0000b000 08:05 419256     /usr/lib/libXrandr.so.2.2.0
75524000-7557f000 rw-p 00000000 00:00 0 
7557f000-75580000 ---p 00000000 00:00 0 
75580000-75600000 rw-p 00000000 00:00 0          [stack:2529]
75600000-75621000 rw-p 00000000 00:00 0 
75621000-75700000 ---p 00000000 00:00 0 
75700000-75702000 r-xp 00000000 08:06 169978     /home/castiel/Downloads/LWJGL -- Java Open GL/native/libglfw32.so
75702000-75719000 r-xp 00000000 00:00 0 
75719000-7571a000 r--p 0000b000 08:06 169978     /home/castiel/Downloads/LWJGL -- Java Open GL/native/libglfw32.so
7571a000-7571b000 rw-p 0000c000 08:06 169978     /home/castiel/Downloads/LWJGL -- Java Open GL/native/libglfw32.so
7571b000-75736000 r--s 001e6000 08:06 170001     /home/castiel/Downloads/LWJGL -- Java Open GL/jar/lwjgl.jar
75736000-75737000 ---p 00000000 00:00 0 
75737000-757bf000 rw-p 00000000 00:00 0          [stack:2528]
757bf000-757f7000 rw-p 00000000 00:00 0 
757f7000-75809000 rw-p 00000000 00:00 0 
75809000-75914000 rw-p 00000000 00:00 0 
75914000-7591c000 rw-p 00000000 00:00 0 
7591c000-75954000 rw-p 00000000 00:00 0 
75954000-75966000 rw-p 00000000 00:00 0 
75966000-75a70000 rw-p 00000000 00:00 0 
75a70000-75a7a000 rw-p 00000000 00:00 0 
75a7a000-75aff000 rw-p 00000000 00:00 0 
75aff000-76b00000 rw-p 00000000 00:00 0 
76b00000-7db00000 rw-p 00000000 00:00 0 
7db00000-7fe80000 rw-p 00000000 00:00 0 
7fe80000-a1440000 rw-p 00000000 00:00 0 
a1440000-a2600000 rw-p 00000000 00:00 0 
a2600000-b3100000 rw-p 00000000 00:00 0 
b3101000-b3102000 rw-s 18077000 00:06 13400      /dev/nvidiactl
b3102000-b3123000 rw-p 00000000 00:00 0 
b3123000-b31da000 rw-p 00000000 00:00 0 
b31da000-b341a000 rwxp 00000000 00:00 0 
b341a000-b61da000 rw-p 00000000 00:00 0 
b61da000-b61ff000 r-xp 00000000 08:05 130514     /usr/lib/jvm/java-7-openjdk/jre/lib/i386/libjava.so
b61ff000-b6200000 rw-p 00025000 08:05 130514     /usr/lib/jvm/java-7-openjdk/jre/lib/i386/libjava.so
b6200000-b62fb000 rw-p 00000000 00:00 0 
b62fb000-b6300000 ---p 00000000 00:00 0 
b6300000-b6301000 rw-s f7f65000 00:06 13401      /dev/nvidia0
b6301000-b6302000 rw-s f7f64000 00:06 13401      /dev/nvidia0
b6302000-b630a000 r-xp 00000000 08:05 130515     /usr/lib/jvm/java-7-openjdk/jre/lib/i386/libzip.so
b630a000-b630b000 rw-p 00007000 08:05 130515     /usr/lib/jvm/java-7-openjdk/jre/lib/i386/libzip.so
b630b000-b6313000 rw-s 00000000 00:22 25724      /tmp/hsperfdata_castiel/2523
b6313000-b631a000 r-xp 00000000 08:05 393451     /usr/lib/librt-2.23.so
b631a000-b631b000 r--p 00006000 08:05 393451     /usr/lib/librt-2.23.so
b631b000-b631c000 rw-p 00007000 08:05 393451     /usr/lib/librt-2.23.so
b631c000-b631f000 ---p 00000000 00:00 0 
b631f000-b636d000 rw-p 00000000 00:00 0          [stack:2527]
b636d000-b6389000 r-xp 00000000 08:05 393668     /usr/lib/libgcc_s.so.1
b6389000-b638a000 rw-p 0001b000 08:05 393668     /usr/lib/libgcc_s.so.1
b638a000-b63dd000 r-xp 00000000 08:05 393448     /usr/lib/libm-2.23.so
b63dd000-b63de000 r--p 00052000 08:05 393448     /usr/lib/libm-2.23.so
b63de000-b63df000 rw-p 00053000 08:05 393448     /usr/lib/libm-2.23.so
b63df000-b6554000 r-xp 00000000 08:05 393707     /usr/lib/libstdc++.so.6.0.22
b6554000-b655a000 r--p 00174000 08:05 393707     /usr/lib/libstdc++.so.6.0.22
b655a000-b655b000 rw-p 0017a000 08:05 393707     /usr/lib/libstdc++.so.6.0.22
b655b000-b655e000 rw-p 00000000 00:00 0 
b655e000-b70c6000 r-xp 00000000 08:05 130550     /usr/lib/jvm/java-7-openjdk/jre/lib/i386/server/libjvm.so
b70c6000-b7125000 rw-p 00b67000 08:05 130550     /usr/lib/jvm/java-7-openjdk/jre/lib/i386/server/libjvm.so
b7125000-b7544000 rw-p 00000000 00:00 0 
b7544000-b755a000 r-xp 00000000 08:05 396574     /usr/lib/libz.so.1.2.8
b755a000-b755b000 r--p 00015000 08:05 396574     /usr/lib/libz.so.1.2.8
b755b000-b755c000 rw-p 00016000 08:05 396574     /usr/lib/libz.so.1.2.8
b755c000-b770a000 r-xp 00000000 08:05 393369     /usr/lib/libc-2.23.so
b770a000-b770b000 ---p 001ae000 08:05 393369     /usr/lib/libc-2.23.so
b770b000-b770d000 r--p 001ae000 08:05 393369     /usr/lib/libc-2.23.so
b770d000-b770e000 rw-p 001b0000 08:05 393369     /usr/lib/libc-2.23.so
b770e000-b7711000 rw-p 00000000 00:00 0 
b7711000-b7714000 r-xp 00000000 08:05 393447     /usr/lib/libdl-2.23.so
b7714000-b7715000 r--p 00002000 08:05 393447     /usr/lib/libdl-2.23.so
b7715000-b7716000 rw-p 00003000 08:05 393447     /usr/lib/libdl-2.23.so
b7716000-b7717000 rw-p 00000000 00:00 0 
b7717000-b7723000 r-xp 00000000 08:05 130543     /usr/lib/jvm/java-7-openjdk/jre/lib/i386/jli/libjli.so
b7723000-b7724000 rw-p 0000b000 08:05 130543     /usr/lib/jvm/java-7-openjdk/jre/lib/i386/jli/libjli.so
b7724000-b773d000 r-xp 00000000 08:05 393343     /usr/lib/libpthread-2.23.so
b773d000-b773e000 r--p 00018000 08:05 393343     /usr/lib/libpthread-2.23.so
b773e000-b773f000 rw-p 00019000 08:05 393343     /usr/lib/libpthread-2.23.so
b773f000-b7741000 rw-p 00000000 00:00 0 
b7741000-b7742000 rw-s f7f63000 00:06 13401      /dev/nvidia0
b7742000-b7743000 rw-s 10c2b000 00:06 13400      /dev/nvidiactl
b7743000-b7744000 rw-s fd060000 00:06 13401      /dev/nvidia0
b7744000-b7745000 rwxp 00000000 00:00 0 
b7745000-b7750000 r-xp 00000000 08:05 393443     /usr/lib/libnss_files-2.23.so
b7750000-b7751000 r--p 0000a000 08:05 393443     /usr/lib/libnss_files-2.23.so
b7751000-b7752000 rw-p 0000b000 08:05 393443     /usr/lib/libnss_files-2.23.so
b7752000-b7759000 rw-p 00000000 00:00 0 
b7759000-b775a000 r--p 00000000 00:00 0 
b775a000-b7765000 r-xp 00000000 08:05 130513     /usr/lib/jvm/java-7-openjdk/jre/lib/i386/libverify.so
b7765000-b7766000 rw-p 0000a000 08:05 130513     /usr/lib/jvm/java-7-openjdk/jre/lib/i386/libverify.so
b7766000-b7767000 rw-p 00000000 00:00 0 
b7767000-b7769000 r--p 00000000 00:00 0          [vvar]
b7769000-b776a000 r-xp 00000000 00:00 0          [vdso]
b776a000-b778c000 r-xp 00000000 08:05 393368     /usr/lib/ld-2.23.so
b778c000-b778d000 r--p 00021000 08:05 393368     /usr/lib/ld-2.23.so
b778d000-b778e000 rw-p 00022000 08:05 393368     /usr/lib/ld-2.23.so
bff3a000-bff3b000 rwxp 00000000 00:00 0 
bff6d000-bff8e000 rw-p 00000000 00:00 0          [stack]

VM Arguments:
jvm_args: -Dfile.encoding=UTF-8 -Djava.library.path=/home/castiel/Downloads/LWJGL -- Java Open GL/native/ 
java_command: opengl.test.Demo
Launcher Type: SUN_STANDARD

Environment Variables:
PATH=/usr/local/sbin:/usr/local/bin:/usr/bin:/usr/lib/jvm/default/bin:/usr/bin/site_perl:/usr/bin/vendor_perl:/usr/bin/core_perl
LD_LIBRARY_PATH=/usr/lib/jvm/default/bin/../jre/lib/amd64:/usr/lib/jvm/default/bin/../jre/lib/i386:
SHELL=/bin/bash
DISPLAY=:0.0

Signal Handlers:
SIGSEGV: [libjvm.so+0x812cd0], sa_mask[0]=0x7ffbfeff, sa_flags=0x10000004
SIGBUS: [libjvm.so+0x812cd0], sa_mask[0]=0x7ffbfeff, sa_flags=0x10000004
SIGFPE: [libjvm.so+0x68b580], sa_mask[0]=0x7ffbfeff, sa_flags=0x10000004
SIGPIPE: [libjvm.so+0x68b580], sa_mask[0]=0x7ffbfeff, sa_flags=0x10000004
SIGXFSZ: [libjvm.so+0x68b580], sa_mask[0]=0x7ffbfeff, sa_flags=0x10000004
SIGILL: [libjvm.so+0x68b580], sa_mask[0]=0x7ffbfeff, sa_flags=0x10000004
SIGUSR1: SIG_DFL, sa_mask[0]=0x00000000, sa_flags=0x00000000
SIGUSR2: [libjvm.so+0x68b3d0], sa_mask[0]=0x00000004, sa_flags=0x10000004
SIGHUP: [libjvm.so+0x68b5b0], sa_mask[0]=0x7ffbfeff, sa_flags=0x10000004
SIGINT: SIG_IGN, sa_mask[0]=0x00000000, sa_flags=0x00000000
SIGTERM: [libjvm.so+0x68b5b0], sa_mask[0]=0x7ffbfeff, sa_flags=0x10000004
SIGQUIT: [libjvm.so+0x68b5b0], sa_mask[0]=0x7ffbfeff, sa_flags=0x10000004
SIGTRAP: SIG_DFL, sa_mask[0]=0x00000000, sa_flags=0x00000000


---------------  S Y S T E M  ---------------

OS:Linux
uname:Linux 4.4.10-1-lts #1 SMP Wed May 11 21:32:48 CEST 2016 i686
libc:glibc 2.23 NPTL 2.23 
rlimit: STACK 8192k, CORE infinity, NPROC 27267, NOFILE 4096, AS infinity
load average:1.81 1.60 0.95

/proc/meminfo:
MemTotal:        3494600 kB
MemFree:         1094480 kB
MemAvailable:    2207676 kB
Buffers:          100428 kB
Cached:          1187816 kB
SwapCached:            0 kB
Active:          1290608 kB
Inactive:         969328 kB
Active(anon):     972232 kB
Inactive(anon):    24300 kB
Active(file):     318376 kB
Inactive(file):   945028 kB
Unevictable:          32 kB
Mlocked:              32 kB
HighTotal:       2629320 kB
HighFree:         796468 kB
LowTotal:         865280 kB
LowFree:          298012 kB
SwapTotal:             0 kB
SwapFree:              0 kB
Dirty:               500 kB
Writeback:             0 kB
AnonPages:        971628 kB
Mapped:           280420 kB
Shmem:             24840 kB
Slab:              61796 kB
SReclaimable:      46560 kB
SUnreclaim:        15236 kB
KernelStack:        3048 kB
PageTables:         4708 kB
NFS_Unstable:          0 kB
Bounce:                0 kB
WritebackTmp:          0 kB
CommitLimit:     1747300 kB
Committed_AS:    3395864 kB
VmallocTotal:     122880 kB
VmallocUsed:           0 kB
VmallocChunk:          0 kB
HardwareCorrupted:     0 kB
AnonHugePages:    327680 kB
HugePages_Total:       0
HugePages_Free:        0
HugePages_Rsvd:        0
HugePages_Surp:        0
Hugepagesize:       4096 kB
DirectMap4k:      274424 kB
DirectMap4M:      634880 kB


CPU:total 2 (2 cores per cpu, 1 threads per core) family 6 model 23 stepping 10, cmov, cx8, fxsr, mmx, sse, sse2, sse3, ssse3, sse4.1, tsc

/proc/cpuinfo:
processor	: 0
vendor_id	: GenuineIntel
cpu family	: 6
model		: 23
model name	: Intel(R) Core(TM)2 Duo CPU     E8400  @ 3.00GHz
stepping	: 10
microcode	: 0xa07
cpu MHz		: 3003.000
cache size	: 6144 KB
physical id	: 0
siblings	: 2
core id		: 0
cpu cores	: 2
apicid		: 0
initial apicid	: 0
fdiv_bug	: no
f00f_bug	: no
coma_bug	: no
fpu		: yes
fpu_exception	: yes
cpuid level	: 13
wp		: yes
flags		: fpu vme de pse tsc msr pae mce cx8 apic sep mtrr pge mca cmov pat pse36 clflush dts acpi mmx fxsr sse sse2 ss ht tm pbe lm constant_tsc arch_perfmon pebs bts aperfmperf pni dtes64 monitor ds_cpl vmx smx est tm2 ssse3 cx16 xtpr pdcm sse4_1 xsave lahf_lm dtherm tpr_shadow vnmi flexpriority
bugs		:
bogomips	: 5986.73
clflush size	: 64
cache_alignment	: 64
address sizes	: 36 bits physical, 48 bits virtual
power management:

processor	: 1
vendor_id	: GenuineIntel
cpu family	: 6
model		: 23
model name	: Intel(R) Core(TM)2 Duo CPU     E8400  @ 3.00GHz
stepping	: 10
microcode	: 0xa07
cpu MHz		: 3003.000
cache size	: 6144 KB
physical id	: 0
siblings	: 2
core id		: 1
cpu cores	: 2
apicid		: 1
initial apicid	: 1
fdiv_bug	: no
f00f_bug	: no
coma_bug	: no
fpu		: yes
fpu_exception	: yes
cpuid level	: 13
wp		: yes
flags		: fpu vme de pse tsc msr pae mce cx8 apic sep mtrr pge mca cmov pat pse36 clflush dts acpi mmx fxsr sse sse2 ss ht tm pbe lm constant_tsc arch_perfmon pebs bts aperfmperf pni dtes64 monitor ds_cpl vmx smx est tm2 ssse3 cx16 xtpr pdcm sse4_1 xsave lahf_lm dtherm tpr_shadow vnmi flexpriority
bugs		:
bogomips	: 5986.73
clflush size	: 64
cache_alignment	: 64
address sizes	: 36 bits physical, 48 bits virtual
power management:



Memory: 4k page, physical 3494600k(1094480k free), swap 0k(0k free)

vm_info: OpenJDK Server VM (24.95-b01) for linux-x86 JRE (1.7.0_101-b00), built on May  2 2016 15:59:33 by "builduser" with gcc 5.3.0

time: Mon May 16 17:24:40 2016
elapsed time: 4 seconds

