#
# A fatal error has been detected by the Java Runtime Environment:
#
#  SIGSEGV (0xb) at pc=0x75401e47, pid=4979, tid=3056859968
#
# JRE version: OpenJDK Runtime Environment (7.0_95) (build 1.7.0_95-b00)
# Java VM: OpenJDK Server VM (24.95-b01 mixed mode linux-x86 )
# Derivative: IcedTea 2.6.4
# Distribution: Custom build (Thu Jan 21 12:40:31 UTC 2016)
# Problematic frame:
# C  0x75401e47
#
# Core dump written. Default location: /home/castiel/Dev/Java/Project/OpenGl Test/core or core.4979
#
# If you would like to submit a bug report, please include
# instructions on how to reproduce the bug and visit:
#   http://icedtea.classpath.org/bugzilla
# The crash happened outside the Java Virtual Machine in native code.
# See problematic frame for where to report the bug.
#

---------------  T H R E A D  ---------------

Current thread (0xb6106400):  JavaThread "main" [_thread_in_native, id=4983, stack(0xb62ef000,0xb6340000)]

siginfo:si_signo=SIGSEGV: si_errno=0, si_code=1 (SEGV_MAPERR), si_addr=0x00000000

Registers:
EAX=0x6f7d35b8, EBX=0x6fd4b000, ECX=0x00000000, EDX=0x6f35a6c4
ESP=0xb633e9b8, EBP=0x6f35a6d8, ESI=0x00000000, EDI=0x00000000
EIP=0x75401e47, EFLAGS=0x00010246, CR2=0x00000000

Top of Stack: (sp=0xb633e9b8)
0xb633e9b8:   6f35a6d8 000000c0 00000000 6fd4b000
0xb633e9c8:   00000000 717628bc 6fd4b000 6f7d35b8
0xb633e9d8:   6f35a6c0 00000006 00000000 00000000
0xb633e9e8:   00000000 00000000 00000020 00000000
0xb633e9f8:   6fa15ab0 6f345198 6f980008 75401e00
0xb633ea08:   00000000 00000000 00000006 00000000
0xb633ea18:   00000000 00000000 00000000 00000006
0xb633ea28:   6f35a6c0 6f35a6c0 00000029 6f345198 

Instructions: (pc=0x75401e47)
0x75401e27:   2c 24 8b 0a 03 0d a8 81 d9 6f 83 c2 04 8b 35 54
0x75401e37:   99 d7 6f 8b b6 84 02 00 00 8b f9 c1 e7 05 03 f7
0x75401e47:   8b 3e 8b 6e 04 89 38 89 68 04 8b 7e 08 89 78 08
0x75401e57:   8b 35 54 99 d7 6f 8b b6 ac 02 00 00 8b f9 c1 e7 

Register to memory mapping:

EAX=0x6f7d35b8 is an unknown value
EBX=0x6fd4b000 is an unknown value
ECX=0x00000000 is an unknown value
EDX=0x6f35a6c4 is an unknown value
ESP=0xb633e9b8 is pointing into the stack for thread: 0xb6106400
EBP=0x6f35a6d8 is an unknown value
ESI=0x00000000 is an unknown value
EDI=0x00000000 is an unknown value


Stack: [0xb62ef000,0xb6340000],  sp=0xb633e9b8,  free space=318k
Native frames: (J=compiled Java code, j=interpreted, Vv=VM code, C=native code)
C  0x75401e47

Java frames: (J=compiled Java code, j=interpreted, Vv=VM code)
j  org.lwjgl.system.JNI.callIIIPV(JIIIJ)V+0
j  org.lwjgl.opengl.GL11.nglDrawElements(IIIJ)V+14
j  org.lwjgl.opengl.GL11.glDrawElements(IIIJ)V+17
j  opengl.test.object.tugiac.render()V+32
j  opengl.test.Demo.render()V+107
j  opengl.test.OpenGL.loop()V+29
j  opengl.test.OpenGL.<init>()V+200
j  opengl.test.Demo.<init>()V+1
j  opengl.test.Demo.main([Ljava/lang/String;)V+4
v  ~StubRoutines::call_stub

---------------  P R O C E S S  ---------------

Java Threads: ( => current thread )
  0x72d2e400 JavaThread "Service Thread" daemon [_thread_blocked, id=4992, stack(0x729c4000,0x72a15000)]
  0x72d2c400 JavaThread "C2 CompilerThread1" daemon [_thread_blocked, id=4991, stack(0x72a15000,0x72a96000)]
  0x72d2a400 JavaThread "C2 CompilerThread0" daemon [_thread_blocked, id=4990, stack(0x72a96000,0x72b17000)]
  0x72d28c00 JavaThread "Signal Dispatcher" daemon [_thread_blocked, id=4989, stack(0x72b17000,0x72b68000)]
  0x72d15000 JavaThread "Finalizer" daemon [_thread_blocked, id=4988, stack(0x72e26000,0x72e77000)]
  0x72d13800 JavaThread "Reference Handler" daemon [_thread_blocked, id=4987, stack(0x72e77000,0x72ec8000)]
=>0xb6106400 JavaThread "main" [_thread_in_native, id=4983, stack(0xb62ef000,0xb6340000)]

Other Threads:
  0x72d11000 VMThread [stack: 0x75424000,0x754a5000] [id=4986]
  0x72d30400 WatcherThread [stack: 0x72943000,0x729c4000] [id=4993]

VM state:not at safepoint (normal execution)

VM Mutex/Monitor currently owned by a thread: None

Heap
 PSYoungGen      total 16128K, used 10740K [0xa1380000, 0xa2540000, 0xb3040000)
  eden space 14080K, 76% used [0xa1380000,0xa1dfd3b8,0xa2140000)
  from space 2048K, 0% used [0xa2340000,0xa2340000,0xa2540000)
  to   space 2048K, 0% used [0xa2140000,0xa2140000,0xa2340000)
 ParOldGen       total 36352K, used 0K [0x7da40000, 0x7fdc0000, 0xa1380000)
  object space 36352K, 0% used [0x7da40000,0x7da40000,0x7fdc0000)
 PSPermGen       total 16384K, used 5668K [0x75a40000, 0x76a40000, 0x7da40000)
  object space 16384K, 34% used [0x75a40000,0x75fc9300,0x76a40000)

Card table byte_map: [0x75854000,0x75a40000] byte_map_base: 0x754a6e00

Polling page: 0xb771f000

Code Cache  [0xb3100000, 0xb3340000, 0xb6100000)
 total_blobs=416 nmethods=21 adapters=350 free_code_cache=48727Kb largest_free_block=49886016

Compilation events (10 events):
Event: 0.635 Thread 0x72d2a400   16             java.lang.String::equals (81 bytes)
Event: 0.638 Thread 0x72d2a400 nmethod 16 0xb3167e08 code [0xb3167f00, 0xb3168190]
Event: 0.693 Thread 0x72d2c400   17             sun.net.www.ParseUtil::encodePath (336 bytes)
Event: 0.699 Thread 0x72d2c400 nmethod 17 0xb3164fc8 code [0xb3165120, 0xb31656c4]
Event: 0.721 Thread 0x72d2a400   18             java.lang.String::length (6 bytes)
Event: 0.721 Thread 0x72d2a400 nmethod 18 0xb3164988 code [0xb3164a80, 0xb3164ad0]
Event: 0.766 Thread 0x72d2c400   20             java.lang.String::startsWith (72 bytes)
Event: 0.768 Thread 0x72d2c400 nmethod 20 0xb3168548 code [0xb3168640, 0xb3168770]
Event: 0.788 Thread 0x72d2c400   21             java.lang.Math::min (11 bytes)
Event: 0.788 Thread 0x72d2c400 nmethod 21 0xb3169fc8 code [0xb316a0a0, 0xb316a0d0]

GC Heap History (0 events):
No events

Deoptimization events (4 events):
Event: 0.772 Thread 0xb6106400 Uncommon trap: reason=unstable_if action=reinterpret pc=0xb315fb24 method=java.lang.String.replace(CC)Ljava/lang/String; @ 2
Event: 0.781 Thread 0xb6106400 Uncommon trap: reason=unstable_if action=reinterpret pc=0xb3164128 method=java.lang.String.indexOf([CII[CIII)I @ 123
Event: 0.781 Thread 0xb6106400 Uncommon trap: reason=predicate action=maybe_recompile pc=0xb316561c method=sun.net.www.ParseUtil.encodePath(Ljava/lang/String;Z)Ljava/lang/String; @ 36
Event: 0.788 Thread 0xb6106400 Uncommon trap: reason=unstable_if action=reinterpret pc=0xb31680e0 method=java.lang.String.equals(Ljava/lang/Object;)Z @ 66

Internal exceptions (10 events):
Event: 0.782 Thread 0xb6106400 Threw 0xa1d866c8 at /build/java7-openjdk/src/icedtea-2.6.4/openjdk/hotspot/src/share/vm/prims/jvm.cpp:1322
Event: 0.782 Thread 0xb6106400 Threw 0xa1d867e0 at /build/java7-openjdk/src/icedtea-2.6.4/openjdk/hotspot/src/share/vm/prims/jvm.cpp:1322
Event: 0.782 Thread 0xb6106400 Threw 0xa1d86ff8 at /build/java7-openjdk/src/icedtea-2.6.4/openjdk/hotspot/src/share/vm/prims/jvm.cpp:1322
Event: 0.782 Thread 0xb6106400 Threw 0xa1d87110 at /build/java7-openjdk/src/icedtea-2.6.4/openjdk/hotspot/src/share/vm/prims/jvm.cpp:1322
Event: 0.794 Thread 0xb6106400 Threw 0xa1da5b08 at /build/java7-openjdk/src/icedtea-2.6.4/openjdk/hotspot/src/share/vm/prims/jvm.cpp:1322
Event: 0.794 Thread 0xb6106400 Threw 0xa1da8598 at /build/java7-openjdk/src/icedtea-2.6.4/openjdk/hotspot/src/share/vm/prims/jvm.cpp:1322
Event: 0.795 Thread 0xb6106400 Threw 0xa1daa600 at /build/java7-openjdk/src/icedtea-2.6.4/openjdk/hotspot/src/share/vm/prims/jvm.cpp:1322
Event: 0.796 Thread 0xb6106400 Threw 0xa1db98b8 at /build/java7-openjdk/src/icedtea-2.6.4/openjdk/hotspot/src/share/vm/prims/jvm.cpp:1322
Event: 0.797 Thread 0xb6106400 Threw 0xa1dbcfd8 at /build/java7-openjdk/src/icedtea-2.6.4/openjdk/hotspot/src/share/vm/prims/jvm.cpp:1322
Event: 0.801 Thread 0xb6106400 Threw 0xa1dc7d10 at /build/java7-openjdk/src/icedtea-2.6.4/openjdk/hotspot/src/share/vm/prims/jvm.cpp:1322

Events (10 events):
Event: 0.794 loading class 0x6f346a40
Event: 0.794 loading class 0x6f346a40 done
Event: 0.795 loading class 0x6f346a80
Event: 0.795 loading class 0x6f346a80 done
Event: 0.796 loading class 0x6f557dd0
Event: 0.796 loading class 0x6f557dd0 done
Event: 0.797 loading class 0x6f349bf8
Event: 0.797 loading class 0x6f349bf8 done
Event: 0.801 loading class 0x72d65208
Event: 0.801 loading class 0x72d65208 done


Dynamic libraries:
08048000-08049000 r-xp 00000000 08:05 662509     /usr/lib/jvm/java-7-openjdk/jre/bin/java
08049000-0804a000 rw-p 00000000 08:05 662509     /usr/lib/jvm/java-7-openjdk/jre/bin/java
094de000-0954a000 rw-p 00000000 00:00 0          [heap]
6f100000-6f152000 rw-p 00000000 00:00 0 
6f152000-6f200000 ---p 00000000 00:00 0 
6f300000-6f3d8000 rw-p 00000000 00:00 0 
6f3d8000-6f400000 ---p 00000000 00:00 0 
6f480000-6f500000 rw-s 0bfbe000 00:06 12735      /dev/nvidiactl
6f500000-6f5f9000 rw-p 00000000 00:00 0 
6f5f9000-6f600000 ---p 00000000 00:00 0 
6f66d000-6f6ed000 rw-s 144ee000 00:06 12735      /dev/nvidiactl
6f6ed000-6f76d000 rw-s 09d53000 00:06 12735      /dev/nvidiactl
6f76d000-6f86d000 rw-s 09f30000 00:06 12735      /dev/nvidiactl
6f86d000-6f880000 rw-s 0d6f3000 00:06 12735      /dev/nvidiactl
6f880000-6f8a0000 rw-s f0100000 00:06 12736      /dev/nvidia0
6f8a0000-6f8e0000 rw-s 1de74000 00:06 12735      /dev/nvidiactl
6f8e0000-6f900000 rw-s 2009c000 00:06 12735      /dev/nvidiactl
6f900000-6f940000 rw-s 28900000 00:06 12735      /dev/nvidiactl
6f940000-6f980000 rw-s 22c82000 00:06 12735      /dev/nvidiactl
6f980000-6fafc000 rw-p 00000000 00:00 0 
6fafc000-6fc00000 rw-s 30d93000 00:06 12735      /dev/nvidiactl
6fc00000-6fd00000 rw-p 00000000 00:00 0 
6fd0b000-6fd2b000 rw-s 0befc000 00:06 12735      /dev/nvidiactl
6fd2b000-6fd4b000 rw-s 0e6d1000 00:06 12735      /dev/nvidiactl
6fd4b000-6fdff000 rw-p 00000000 00:00 0 
6fdff000-7193c000 r-xp 00000000 08:05 426727     /usr/lib/libnvidia-glcore.so.361.28
7193c000-7195c000 rwxp 01b3d000 08:05 426727     /usr/lib/libnvidia-glcore.so.361.28
7195c000-71fd8000 r-xp 01b5d000 08:05 426727     /usr/lib/libnvidia-glcore.so.361.28
71fd8000-72075000 rw-p 021d8000 08:05 426727     /usr/lib/libnvidia-glcore.so.361.28
72075000-72084000 rw-p 00000000 00:00 0 
72084000-72142000 r-xp 00000000 08:05 393610     /usr/lib/libGLX_nvidia.so.361.28
72142000-72162000 rwxp 000be000 08:05 393610     /usr/lib/libGLX_nvidia.so.361.28
72162000-7218a000 r-xp 000de000 08:05 393610     /usr/lib/libGLX_nvidia.so.361.28
7218a000-72190000 rw-p 00105000 08:05 393610     /usr/lib/libGLX_nvidia.so.361.28
72190000-72193000 rw-p 00000000 00:00 0 
72193000-72227000 r-xp 00000000 08:05 443850     /usr/lib/libGLdispatch.so.0.0.0
72227000-7222f000 r--p 00093000 08:05 443850     /usr/lib/libGLdispatch.so.0.0.0
7222f000-72230000 rw-p 0009b000 08:05 443850     /usr/lib/libGLdispatch.so.0.0.0
72230000-72240000 rw-p 00000000 00:00 0 
72240000-722ae000 r-xp 00000000 08:05 443890     /usr/lib/nvidia/libGL.so.1.0.0
722ae000-722af000 r--p 0006d000 08:05 443890     /usr/lib/nvidia/libGL.so.1.0.0
722af000-722b0000 rw-p 0006e000 08:05 443890     /usr/lib/nvidia/libGL.so.1.0.0
722b0000-723fb000 r-xp 00000000 08:05 417030     /usr/lib/libX11.so.6.3.0
723fb000-723fd000 r--p 0014b000 08:05 417030     /usr/lib/libX11.so.6.3.0
723fd000-72400000 rw-p 0014d000 08:05 417030     /usr/lib/libX11.so.6.3.0
72400000-72800000 rw-p 00000000 00:00 0 
72806000-7280a000 rw-s 28b69000 00:06 12735      /dev/nvidiactl
7280a000-7280e000 r-xp 00000000 08:05 443891     /usr/lib/tls/libnvidia-tls.so.361.28
7280e000-7280f000 rw-p 00003000 08:05 443891     /usr/lib/tls/libnvidia-tls.so.361.28
7280f000-72820000 r-xp 00000000 08:05 443851     /usr/lib/libGLX.so.0.0.0
72820000-72821000 r--p 00010000 08:05 443851     /usr/lib/libGLX.so.0.0.0
72821000-72822000 rw-p 00011000 08:05 443851     /usr/lib/libGLX.so.0.0.0
72822000-72832000 rw-p 00000000 00:00 0 
72832000-72837000 r-xp 00000000 08:05 414447     /usr/lib/libXdmcp.so.6.0.0
72837000-72838000 r--p 00004000 08:05 414447     /usr/lib/libXdmcp.so.6.0.0
72838000-72839000 rw-p 00005000 08:05 414447     /usr/lib/libXdmcp.so.6.0.0
72839000-7283b000 r-xp 00000000 08:05 414580     /usr/lib/libXau.so.6.0.0
7283b000-7283c000 r--p 00001000 08:05 414580     /usr/lib/libXau.so.6.0.0
7283c000-7283d000 rw-p 00002000 08:05 414580     /usr/lib/libXau.so.6.0.0
7283d000-72841000 r-xp 00000000 08:05 418466     /usr/lib/libXfixes.so.3.1.0
72841000-72842000 r--p 00003000 08:05 418466     /usr/lib/libXfixes.so.3.1.0
72842000-72843000 rw-p 00004000 08:05 418466     /usr/lib/libXfixes.so.3.1.0
72843000-7284d000 r-xp 00000000 08:05 419232     /usr/lib/libXrender.so.1.3.0
7284d000-7284e000 r--p 00009000 08:05 419232     /usr/lib/libXrender.so.1.3.0
7284e000-7284f000 rw-p 0000a000 08:05 419232     /usr/lib/libXrender.so.1.3.0
7284f000-72862000 r-xp 00000000 08:05 418425     /usr/lib/libXext.so.6.4.0
72862000-72863000 r--p 00012000 08:05 418425     /usr/lib/libXext.so.6.4.0
72863000-72864000 rw-p 00013000 08:05 418425     /usr/lib/libXext.so.6.4.0
72864000-72888000 r-xp 00000000 08:05 416949     /usr/lib/libxcb.so.1.1.0
72888000-72889000 ---p 00024000 08:05 416949     /usr/lib/libxcb.so.1.1.0
72889000-7288a000 r--p 00024000 08:05 416949     /usr/lib/libxcb.so.1.1.0
7288a000-7288b000 rw-p 00025000 08:05 416949     /usr/lib/libxcb.so.1.1.0
7288b000-72895000 r-xp 00000000 08:05 419326     /usr/lib/libXcursor.so.1.0.2
72895000-72896000 r--p 00009000 08:05 419326     /usr/lib/libXcursor.so.1.0.2
72896000-72897000 rw-p 0000a000 08:05 419326     /usr/lib/libXcursor.so.1.0.2
72897000-72898000 r-xp 00000000 08:06 169981     /home/castiel/Downloads/LWJGL -- Java Open GL/native/libjemalloc32.so
72898000-728d5000 r-xp 00000000 00:00 0 
728d5000-728d6000 ---p 0003e000 08:06 169981     /home/castiel/Downloads/LWJGL -- Java Open GL/native/libjemalloc32.so
728d6000-728d7000 r--p 00019000 08:06 169981     /home/castiel/Downloads/LWJGL -- Java Open GL/native/libjemalloc32.so
728d7000-728d8000 rw-p 0001a000 08:06 169981     /home/castiel/Downloads/LWJGL -- Java Open GL/native/libjemalloc32.so
728d8000-728e3000 r-xp 00000000 08:06 169984     /home/castiel/Downloads/LWJGL -- Java Open GL/native/liblwjgl32.so
728e3000-72940000 r-xp 00000000 00:00 0 
72940000-72941000 r--p 00031000 08:06 169984     /home/castiel/Downloads/LWJGL -- Java Open GL/native/liblwjgl32.so
72941000-72942000 rw-p 00032000 08:06 169984     /home/castiel/Downloads/LWJGL -- Java Open GL/native/liblwjgl32.so
72942000-72943000 rw-p 00000000 00:00 0 
72943000-72944000 ---p 00000000 00:00 0 
72944000-729c4000 rw-p 00000000 00:00 0          [stack:4993]
729c4000-729c7000 ---p 00000000 00:00 0 
729c7000-72a15000 rw-p 00000000 00:00 0          [stack:4992]
72a15000-72a18000 ---p 00000000 00:00 0 
72a18000-72a96000 rw-p 00000000 00:00 0          [stack:4991]
72a96000-72a99000 ---p 00000000 00:00 0 
72a99000-72b17000 rw-p 00000000 00:00 0          [stack:4990]
72b17000-72b1a000 ---p 00000000 00:00 0 
72b1a000-72b68000 rw-p 00000000 00:00 0          [stack:4989]
72b68000-72d00000 r--p 00000000 08:05 453414     /usr/lib/locale/locale-archive
72d00000-72e00000 rw-p 00000000 00:00 0 
72e01000-72e03000 rw-s 00000000 00:20 67469      /tmp/.gly8XAud (deleted)
72e03000-72e26000 rw-p 00000000 00:00 0 
72e26000-72e29000 ---p 00000000 00:00 0 
72e29000-72e77000 rw-p 00000000 00:00 0          [stack:4988]
72e77000-72e7a000 ---p 00000000 00:00 0 
72e7a000-72ec8000 rw-p 00000000 00:00 0          [stack:4987]
72ec8000-7307a000 r--s 01d2f000 08:05 662492     /usr/lib/jvm/java-7-openjdk/jre/lib/rt.jar
7307a000-75300000 rw-p 00000000 00:00 0 
75300000-75349000 rw-p 00000000 00:00 0 
75349000-75400000 ---p 00000000 00:00 0 
75400000-75402000 r-xs 00000000 00:20 67469      /tmp/.gly8XAud (deleted)
75402000-75407000 r-xp 00000000 08:05 418458     /usr/lib/libXxf86vm.so.1.0.0
75407000-75408000 r--p 00004000 08:05 418458     /usr/lib/libXxf86vm.so.1.0.0
75408000-75409000 rw-p 00005000 08:05 418458     /usr/lib/libXxf86vm.so.1.0.0
75409000-7540b000 r-xp 00000000 08:06 169978     /home/castiel/Downloads/LWJGL -- Java Open GL/native/libglfw32.so
7540b000-75422000 r-xp 00000000 00:00 0 
75422000-75423000 r--p 0000b000 08:06 169978     /home/castiel/Downloads/LWJGL -- Java Open GL/native/libglfw32.so
75423000-75424000 rw-p 0000c000 08:06 169978     /home/castiel/Downloads/LWJGL -- Java Open GL/native/libglfw32.so
75424000-75425000 ---p 00000000 00:00 0 
75425000-75500000 rw-p 00000000 00:00 0          [stack:4986]
75500000-75521000 rw-p 00000000 00:00 0 
75521000-75600000 ---p 00000000 00:00 0 
75600000-75601000 rw-s 1768b000 00:06 12735      /dev/nvidiactl
75601000-75602000 rw-s f7f65000 00:06 12736      /dev/nvidia0
75602000-75603000 rw-s f7f64000 00:06 12736      /dev/nvidia0
75603000-75614000 r-xp 00000000 08:05 419224     /usr/lib/libXi.so.6.1.0
75614000-75615000 r--p 00010000 08:05 419224     /usr/lib/libXi.so.6.1.0
75615000-75616000 rw-p 00011000 08:05 419224     /usr/lib/libXi.so.6.1.0
75616000-75618000 r-xp 00000000 08:05 419264     /usr/lib/libXinerama.so.1.0.0
75618000-75619000 r--p 00001000 08:05 419264     /usr/lib/libXinerama.so.1.0.0
75619000-7561a000 rw-p 00002000 08:05 419264     /usr/lib/libXinerama.so.1.0.0
7561a000-75635000 r--s 001e6000 08:06 170001     /home/castiel/Downloads/LWJGL -- Java Open GL/jar/lwjgl.jar
75635000-75636000 ---p 00000000 00:00 0 
75636000-756b6000 rw-p 00000000 00:00 0          [stack:4985]
756b6000-756b7000 ---p 00000000 00:00 0 
756b7000-75749000 rw-p 00000000 00:00 0          [stack:4984]
75749000-75854000 rw-p 00000000 00:00 0 
75854000-7585c000 rw-p 00000000 00:00 0 
7585c000-75894000 rw-p 00000000 00:00 0 
75894000-758a6000 rw-p 00000000 00:00 0 
758a6000-759b0000 rw-p 00000000 00:00 0 
759b0000-759ba000 rw-p 00000000 00:00 0 
759ba000-75a3f000 rw-p 00000000 00:00 0 
75a3f000-76a40000 rw-p 00000000 00:00 0 
76a40000-7da40000 rw-p 00000000 00:00 0 
7da40000-7fdc0000 rw-p 00000000 00:00 0 
7fdc0000-a1380000 rw-p 00000000 00:00 0 
a1380000-a2540000 rw-p 00000000 00:00 0 
a2540000-b3040000 rw-p 00000000 00:00 0 
b3040000-b3049000 rw-p 00000000 00:00 0 
b3049000-b3100000 rw-p 00000000 00:00 0 
b3100000-b3340000 rwxp 00000000 00:00 0 
b3340000-b61fb000 rw-p 00000000 00:00 0 
b61fb000-b6200000 ---p 00000000 00:00 0 
b6200000-b6201000 rw-s f7f63000 00:06 12736      /dev/nvidia0
b6201000-b620c000 r-xp 00000000 08:05 419256     /usr/lib/libXrandr.so.2.2.0
b620c000-b620d000 r--p 0000a000 08:05 419256     /usr/lib/libXrandr.so.2.2.0
b620d000-b620e000 rw-p 0000b000 08:05 419256     /usr/lib/libXrandr.so.2.2.0
b620e000-b6277000 rw-p 00000000 00:00 0 
b6277000-b62af000 rw-p 00000000 00:00 0 
b62af000-b62b7000 r-xp 00000000 08:05 130517     /usr/lib/jvm/java-7-openjdk/jre/lib/i386/libzip.so
b62b7000-b62b8000 rw-p 00007000 08:05 130517     /usr/lib/jvm/java-7-openjdk/jre/lib/i386/libzip.so
b62b8000-b62c0000 rw-s 00000000 00:20 69497      /tmp/hsperfdata_castiel/4979
b62c0000-b62e5000 r-xp 00000000 08:05 130516     /usr/lib/jvm/java-7-openjdk/jre/lib/i386/libjava.so
b62e5000-b62e6000 rw-p 00025000 08:05 130516     /usr/lib/jvm/java-7-openjdk/jre/lib/i386/libjava.so
b62e6000-b62ed000 r-xp 00000000 08:05 393438     /usr/lib/librt-2.23.so
b62ed000-b62ee000 r--p 00006000 08:05 393438     /usr/lib/librt-2.23.so
b62ee000-b62ef000 rw-p 00007000 08:05 393438     /usr/lib/librt-2.23.so
b62ef000-b62f2000 ---p 00000000 00:00 0 
b62f2000-b6340000 rw-p 00000000 00:00 0          [stack:4983]
b6340000-b635c000 r-xp 00000000 08:05 393667     /usr/lib/libgcc_s.so.1
b635c000-b635d000 rw-p 0001b000 08:05 393667     /usr/lib/libgcc_s.so.1
b635d000-b63b0000 r-xp 00000000 08:05 393435     /usr/lib/libm-2.23.so
b63b0000-b63b1000 r--p 00052000 08:05 393435     /usr/lib/libm-2.23.so
b63b1000-b63b2000 rw-p 00053000 08:05 393435     /usr/lib/libm-2.23.so
b63b2000-b651f000 r-xp 00000000 08:05 420147     /usr/lib/libstdc++.so.6.0.21
b651f000-b6520000 ---p 0016d000 08:05 420147     /usr/lib/libstdc++.so.6.0.21
b6520000-b6525000 r--p 0016d000 08:05 420147     /usr/lib/libstdc++.so.6.0.21
b6525000-b6526000 rw-p 00172000 08:05 420147     /usr/lib/libstdc++.so.6.0.21
b6526000-b6529000 rw-p 00000000 00:00 0 
b6529000-b708e000 r-xp 00000000 08:05 145403     /usr/lib/jvm/java-7-openjdk/jre/lib/i386/server/libjvm.so
b708e000-b70ed000 rw-p 00b65000 08:05 145403     /usr/lib/jvm/java-7-openjdk/jre/lib/i386/server/libjvm.so
b70ed000-b750b000 rw-p 00000000 00:00 0 
b750b000-b7521000 r-xp 00000000 08:05 396574     /usr/lib/libz.so.1.2.8
b7521000-b7522000 r--p 00015000 08:05 396574     /usr/lib/libz.so.1.2.8
b7522000-b7523000 rw-p 00016000 08:05 396574     /usr/lib/libz.so.1.2.8
b7523000-b76d1000 r-xp 00000000 08:05 393366     /usr/lib/libc-2.23.so
b76d1000-b76d2000 ---p 001ae000 08:05 393366     /usr/lib/libc-2.23.so
b76d2000-b76d4000 r--p 001ae000 08:05 393366     /usr/lib/libc-2.23.so
b76d4000-b76d5000 rw-p 001b0000 08:05 393366     /usr/lib/libc-2.23.so
b76d5000-b76d8000 rw-p 00000000 00:00 0 
b76d8000-b76db000 r-xp 00000000 08:05 393434     /usr/lib/libdl-2.23.so
b76db000-b76dc000 r--p 00002000 08:05 393434     /usr/lib/libdl-2.23.so
b76dc000-b76dd000 rw-p 00003000 08:05 393434     /usr/lib/libdl-2.23.so
b76dd000-b76de000 rw-p 00000000 00:00 0 
b76de000-b76ea000 r-xp 00000000 08:05 130545     /usr/lib/jvm/java-7-openjdk/jre/lib/i386/jli/libjli.so
b76ea000-b76eb000 rw-p 0000b000 08:05 130545     /usr/lib/jvm/java-7-openjdk/jre/lib/i386/jli/libjli.so
b76eb000-b7704000 r-xp 00000000 08:05 393342     /usr/lib/libpthread-2.23.so
b7704000-b7705000 r--p 00018000 08:05 393342     /usr/lib/libpthread-2.23.so
b7705000-b7706000 rw-p 00019000 08:05 393342     /usr/lib/libpthread-2.23.so
b7706000-b7708000 rw-p 00000000 00:00 0 
b7708000-b7709000 rw-s 10811000 00:06 12735      /dev/nvidiactl
b7709000-b770a000 rw-s fd060000 00:06 12736      /dev/nvidia0
b770a000-b770b000 rwxp 00000000 00:00 0 
b770b000-b7716000 r-xp 00000000 08:05 393430     /usr/lib/libnss_files-2.23.so
b7716000-b7717000 r--p 0000a000 08:05 393430     /usr/lib/libnss_files-2.23.so
b7717000-b7718000 rw-p 0000b000 08:05 393430     /usr/lib/libnss_files-2.23.so
b7718000-b771f000 rw-p 00000000 00:00 0 
b771f000-b7720000 r--p 00000000 00:00 0 
b7720000-b772b000 r-xp 00000000 08:05 130515     /usr/lib/jvm/java-7-openjdk/jre/lib/i386/libverify.so
b772b000-b772c000 rw-p 0000a000 08:05 130515     /usr/lib/jvm/java-7-openjdk/jre/lib/i386/libverify.so
b772c000-b772d000 rw-p 00000000 00:00 0 
b772d000-b772f000 r--p 00000000 00:00 0          [vvar]
b772f000-b7730000 r-xp 00000000 00:00 0          [vdso]
b7730000-b7752000 r-xp 00000000 08:05 393363     /usr/lib/ld-2.23.so
b7752000-b7753000 r--p 00021000 08:05 393363     /usr/lib/ld-2.23.so
b7753000-b7754000 rw-p 00022000 08:05 393363     /usr/lib/ld-2.23.so
bfe0f000-bfe10000 rwxp 00000000 00:00 0 
bfe42000-bfe63000 rw-p 00000000 00:00 0          [stack]

VM Arguments:
jvm_args: -Dfile.encoding=UTF-8 -Djava.library.path=/home/castiel/Downloads/LWJGL -- Java Open GL/native/ 
java_command: opengl.test.Demo
Launcher Type: SUN_STANDARD

Environment Variables:
PATH=/usr/local/sbin:/usr/local/bin:/usr/bin:/usr/lib/jvm/default/bin:/usr/bin/site_perl:/usr/bin/vendor_perl:/usr/bin/core_perl
LD_LIBRARY_PATH=/usr/lib/jvm/default/bin/../jre/lib/amd64:/usr/lib/jvm/default/bin/../jre/lib/i386:
SHELL=/bin/bash
DISPLAY=:0.0

Signal Handlers:
SIGSEGV: [libjvm.so+0x8114e0], sa_mask[0]=0x7ffbfeff, sa_flags=0x10000004
SIGBUS: [libjvm.so+0x8114e0], sa_mask[0]=0x7ffbfeff, sa_flags=0x10000004
SIGFPE: [libjvm.so+0x68a640], sa_mask[0]=0x7ffbfeff, sa_flags=0x10000004
SIGPIPE: [libjvm.so+0x68a640], sa_mask[0]=0x7ffbfeff, sa_flags=0x10000004
SIGXFSZ: [libjvm.so+0x68a640], sa_mask[0]=0x7ffbfeff, sa_flags=0x10000004
SIGILL: [libjvm.so+0x68a640], sa_mask[0]=0x7ffbfeff, sa_flags=0x10000004
SIGUSR1: SIG_DFL, sa_mask[0]=0x00000000, sa_flags=0x00000000
SIGUSR2: [libjvm.so+0x68a490], sa_mask[0]=0x00000004, sa_flags=0x10000004
SIGHUP: [libjvm.so+0x68a670], sa_mask[0]=0x7ffbfeff, sa_flags=0x10000004
SIGINT: SIG_IGN, sa_mask[0]=0x00000000, sa_flags=0x00000000
SIGTERM: [libjvm.so+0x68a670], sa_mask[0]=0x7ffbfeff, sa_flags=0x10000004
SIGQUIT: [libjvm.so+0x68a670], sa_mask[0]=0x7ffbfeff, sa_flags=0x10000004
SIGTRAP: SIG_DFL, sa_mask[0]=0x00000000, sa_flags=0x00000000


---------------  S Y S T E M  ---------------

OS:Linux
uname:Linux 4.1.20-1-lts #1 SMP Fri Mar 18 17:47:36 CET 2016 i686
libc:glibc 2.23 NPTL 2.23 
rlimit: STACK 8192k, CORE infinity, NPROC 27270, NOFILE 4096, AS infinity
load average:0.64 0.55 0.75

/proc/meminfo:
MemTotal:        3494900 kB
MemFree:         1034988 kB
MemAvailable:    2236176 kB
Buffers:          122144 kB
Cached:          1082376 kB
SwapCached:            0 kB
Active:          1676508 kB
Inactive:         643384 kB
Active(anon):    1118964 kB
Inactive(anon):    25524 kB
Active(file):     557544 kB
Inactive(file):   617860 kB
Unevictable:          32 kB
Mlocked:              32 kB
HighTotal:       2629320 kB
HighFree:         720416 kB
LowTotal:         865580 kB
LowFree:          314572 kB
SwapTotal:             0 kB
SwapFree:              0 kB
Dirty:               372 kB
Writeback:             0 kB
AnonPages:       1115440 kB
Mapped:           275400 kB
Shmem:             29124 kB
Slab:              67500 kB
SReclaimable:      49244 kB
SUnreclaim:        18256 kB
KernelStack:        3072 kB
PageTables:         4996 kB
NFS_Unstable:          0 kB
Bounce:                0 kB
WritebackTmp:          0 kB
CommitLimit:     1747448 kB
Committed_AS:    3529568 kB
VmallocTotal:     122880 kB
VmallocUsed:       76144 kB
VmallocChunk:      40660 kB
HardwareCorrupted:     0 kB
AnonHugePages:    610304 kB
HugePages_Total:       0
HugePages_Free:        0
HugePages_Rsvd:        0
HugePages_Surp:        0
Hugepagesize:       4096 kB
DirectMap4k:      376824 kB
DirectMap4M:      532480 kB


CPU:total 2 (2 cores per cpu, 1 threads per core) family 6 model 23 stepping 10, cmov, cx8, fxsr, mmx, sse, sse2, sse3, ssse3, sse4.1, tsc

/proc/cpuinfo:
processor	: 0
vendor_id	: GenuineIntel
cpu family	: 6
model		: 23
model name	: Intel(R) Core(TM)2 Duo CPU     E8400  @ 3.00GHz
stepping	: 10
microcode	: 0xa07
cpu MHz		: 3003.000
cache size	: 6144 KB
physical id	: 0
siblings	: 2
core id		: 0
cpu cores	: 2
apicid		: 0
initial apicid	: 0
fdiv_bug	: no
f00f_bug	: no
coma_bug	: no
fpu		: yes
fpu_exception	: yes
cpuid level	: 13
wp		: yes
flags		: fpu vme de pse tsc msr pae mce cx8 apic sep mtrr pge mca cmov pat pse36 clflush dts acpi mmx fxsr sse sse2 ss ht tm pbe lm constant_tsc arch_perfmon pebs bts aperfmperf pni dtes64 monitor ds_cpl vmx smx est tm2 ssse3 cx16 xtpr pdcm sse4_1 xsave lahf_lm dtherm tpr_shadow vnmi flexpriority
bugs		:
bogomips	: 5987.33
clflush size	: 64
cache_alignment	: 64
address sizes	: 36 bits physical, 48 bits virtual
power management:

processor	: 1
vendor_id	: GenuineIntel
cpu family	: 6
model		: 23
model name	: Intel(R) Core(TM)2 Duo CPU     E8400  @ 3.00GHz
stepping	: 10
microcode	: 0xa07
cpu MHz		: 3003.000
cache size	: 6144 KB
physical id	: 0
siblings	: 2
core id		: 1
cpu cores	: 2
apicid		: 1
initial apicid	: 1
fdiv_bug	: no
f00f_bug	: no
coma_bug	: no
fpu		: yes
fpu_exception	: yes
cpuid level	: 13
wp		: yes
flags		: fpu vme de pse tsc msr pae mce cx8 apic sep mtrr pge mca cmov pat pse36 clflush dts acpi mmx fxsr sse sse2 ss ht tm pbe lm constant_tsc arch_perfmon pebs bts aperfmperf pni dtes64 monitor ds_cpl vmx smx est tm2 ssse3 cx16 xtpr pdcm sse4_1 xsave lahf_lm dtherm tpr_shadow vnmi flexpriority
bugs		:
bogomips	: 5987.33
clflush size	: 64
cache_alignment	: 64
address sizes	: 36 bits physical, 48 bits virtual
power management:



Memory: 4k page, physical 3494900k(1034988k free), swap 0k(0k free)

vm_info: OpenJDK Server VM (24.95-b01) for linux-x86 JRE (1.7.0_95-b00), built on Jan 21 2016 12:43:41 by "builduser" with gcc 5.3.0

time: Sun Apr 24 21:52:00 2016
elapsed time: 0 seconds

