#
# A fatal error has been detected by the Java Runtime Environment:
#
#  SIGSEGV (0xb) at pc=0x72804e47, pid=5216, tid=3057527616
#
# JRE version: OpenJDK Runtime Environment (7.0_95) (build 1.7.0_95-b00)
# Java VM: OpenJDK Server VM (24.95-b01 mixed mode linux-x86 )
# Derivative: IcedTea 2.6.4
# Distribution: Custom build (Thu Jan 21 12:40:31 UTC 2016)
# Problematic frame:
# C  0x72804e47
#
# Core dump written. Default location: /home/castiel/Dev/Java/Project/OpenGl Test/core or core.5216
#
# If you would like to submit a bug report, please include
# instructions on how to reproduce the bug and visit:
#   http://icedtea.classpath.org/bugzilla
# The crash happened outside the Java Virtual Machine in native code.
# See problematic frame for where to report the bug.
#

---------------  T H R E A D  ---------------

Current thread (0xb6207c00):  JavaThread "main" [_thread_in_native, id=5224, stack(0xb6392000,0xb63e3000)]

siginfo:si_signo=SIGSEGV: si_errno=0, si_code=1 (SEGV_MAPERR), si_addr=0x00000000

Registers:
EAX=0x6f6d3608, EBX=0x6fab7000, ECX=0x00000000, EDX=0x6f4ddf44
ESP=0xb63e19b8, EBP=0x6f4ddf58, ESI=0x00000000, EDI=0x00000000
EIP=0x72804e47, EFLAGS=0x00010246, CR2=0x00000000

Top of Stack: (sp=0xb63e19b8)
0xb63e19b8:   6f4ddf58 000000c0 00000000 6fab7000
0xb63e19c8:   00000000 715d28bc 6fab7000 6f6d3608
0xb63e19d8:   6f4ddf40 00000006 00000000 00000000
0xb63e19e8:   00000000 00000000 00000020 00000000
0xb63e19f8:   6f9d0ab0 6f4de9c8 6f93b008 72804e00
0xb63e1a08:   00000000 00000000 00000006 00000000
0xb63e1a18:   00000000 00000000 00000000 00000006
0xb63e1a28:   6f4ddf40 6f4ddf40 00000029 6f4de9c8 

Instructions: (pc=0x72804e47)
0x72804e27:   2c 24 8b 0a 03 0d a8 41 b0 6f 83 c2 04 8b 35 54
0x72804e37:   59 ae 6f 8b b6 84 02 00 00 8b f9 c1 e7 05 03 f7
0x72804e47:   8b 3e 8b 6e 04 89 38 89 68 04 8b 7e 08 89 78 08
0x72804e57:   8b 35 54 59 ae 6f 8b b6 ac 02 00 00 8b f9 c1 e7 

Register to memory mapping:

EAX=0x6f6d3608 is an unknown value
EBX=0x6fab7000 is an unknown value
ECX=0x00000000 is an unknown value
EDX=0x6f4ddf44 is an unknown value
ESP=0xb63e19b8 is pointing into the stack for thread: 0xb6207c00
EBP=0x6f4ddf58 is an unknown value
ESI=0x00000000 is an unknown value
EDI=0x00000000 is an unknown value


Stack: [0xb6392000,0xb63e3000],  sp=0xb63e19b8,  free space=318k
Native frames: (J=compiled Java code, j=interpreted, Vv=VM code, C=native code)
C  0x72804e47

Java frames: (J=compiled Java code, j=interpreted, Vv=VM code)
j  org.lwjgl.system.JNI.callIIIPV(JIIIJ)V+0
j  org.lwjgl.opengl.GL11.nglDrawElements(IIIJ)V+14
j  org.lwjgl.opengl.GL11.glDrawElements(IIIJ)V+17
j  opengl.test.object.tugiac.render()V+32
j  opengl.test.Demo.render()V+111
j  opengl.test.OpenGL.loop()V+29
j  opengl.test.OpenGL.<init>()V+200
j  opengl.test.Demo.<init>()V+1
j  opengl.test.Demo.main([Ljava/lang/String;)V+4
v  ~StubRoutines::call_stub

---------------  P R O C E S S  ---------------

Java Threads: ( => current thread )
  0x72c39000 JavaThread "Service Thread" daemon [_thread_blocked, id=5240, stack(0x72918000,0x72969000)]
  0x72c36800 JavaThread "C2 CompilerThread1" daemon [_thread_blocked, id=5239, stack(0x72969000,0x729ea000)]
  0x72c34800 JavaThread "C2 CompilerThread0" daemon [_thread_blocked, id=5238, stack(0x729ea000,0x72a6b000)]
  0x087b8400 JavaThread "JDWP Command Reader" daemon [_thread_in_native, id=5236, stack(0x72a6b000,0x72abc000)]
  0x72c32c00 JavaThread "JDWP Event Helper Thread" daemon [_thread_blocked, id=5235, stack(0x72abc000,0x72b0d000)]
  0x72c30400 JavaThread "JDWP Transport Listener: dt_socket" daemon [_thread_blocked, id=5232, stack(0x72b0d000,0x72b5e000)]
  0x72c27c00 JavaThread "Signal Dispatcher" daemon [_thread_blocked, id=5230, stack(0x72b5e000,0x72baf000)]
  0x72c14800 JavaThread "Finalizer" daemon [_thread_blocked, id=5229, stack(0x72baf000,0x72c00000)]
  0x72c13000 JavaThread "Reference Handler" daemon [_thread_blocked, id=5228, stack(0x7530b000,0x7535c000)]
=>0xb6207c00 JavaThread "main" [_thread_in_native, id=5224, stack(0xb6392000,0xb63e3000)]

Other Threads:
  0x72c10400 VMThread [stack: 0x72d47000,0x72dc8000] [id=5227]
  0x72c3b000 WatcherThread [stack: 0x72897000,0x72918000] [id=5241]

VM state:not at safepoint (normal execution)

VM Mutex/Monitor currently owned by a thread: None

Heap
 PSYoungGen      total 16128K, used 10860K [0xa12c0000, 0xa2480000, 0xb2f80000)
  eden space 14080K, 77% used [0xa12c0000,0xa1d5b248,0xa2080000)
  from space 2048K, 0% used [0xa2280000,0xa2280000,0xa2480000)
  to   space 2048K, 0% used [0xa2080000,0xa2080000,0xa2280000)
 ParOldGen       total 36352K, used 0K [0x7d980000, 0x7fd00000, 0xa12c0000)
  object space 36352K, 0% used [0x7d980000,0x7d980000,0x7fd00000)
 PSPermGen       total 16384K, used 5748K [0x75980000, 0x76980000, 0x7d980000)
  object space 16384K, 35% used [0x75980000,0x75f1d3d0,0x76980000)

Card table byte_map: [0x75794000,0x75980000] byte_map_base: 0x753e7400

Polling page: 0xb77c2000

Code Cache  [0xb3068000, 0xb32a8000, 0xb6068000)
 total_blobs=408 nmethods=21 adapters=350 free_code_cache=48725Kb largest_free_block=49883392

Compilation events (10 events):
Event: 1.399 Thread 0x72c36800   16             java.lang.String::equals (81 bytes)
Event: 1.403 Thread 0x72c36800 nmethod 16 0xb30ce288 code [0xb30ce3a0, 0xb30ce6d0]
Event: 1.464 Thread 0x72c36800   17             sun.net.www.ParseUtil::encodePath (336 bytes)
Event: 1.473 Thread 0x72c36800 nmethod 17 0xb30cfb88 code [0xb30cfd00, 0xb30d0424]
Event: 1.497 Thread 0x72c34800   18             java.lang.String::length (6 bytes)
Event: 1.498 Thread 0x72c34800 nmethod 18 0xb30d0f88 code [0xb30d1080, 0xb30d1110]
Event: 1.546 Thread 0x72c34800   20             java.lang.String::startsWith (72 bytes)
Event: 1.549 Thread 0x72c34800 nmethod 20 0xb30d1648 code [0xb30d1760, 0xb30d19b0]
Event: 1.583 Thread 0x72c36800   21             java.lang.Math::min (11 bytes)
Event: 1.583 Thread 0x72c36800 nmethod 21 0xb30d2a08 code [0xb30d2ae0, 0xb30d2b10]

GC Heap History (0 events):
No events

Deoptimization events (4 events):
Event: 1.554 Thread 0xb6207c00 Uncommon trap: reason=unstable_if action=reinterpret pc=0xb30c897c method=java.lang.String.replace(CC)Ljava/lang/String; @ 2
Event: 1.565 Thread 0xb6207c00 Uncommon trap: reason=unstable_if action=reinterpret pc=0xb30c77d4 method=java.lang.String.indexOf([CII[CIII)I @ 123
Event: 1.566 Thread 0xb6207c00 Uncommon trap: reason=predicate action=maybe_recompile pc=0xb30d02e8 method=sun.net.www.ParseUtil.encodePath(Ljava/lang/String;Z)Ljava/lang/String; @ 36
Event: 1.576 Thread 0xb6207c00 Uncommon trap: reason=unstable_if action=reinterpret pc=0xb30ce5bc method=java.lang.String.equals(Ljava/lang/Object;)Z @ 66

Internal exceptions (10 events):
Event: 1.568 Thread 0xb6207c00 Threw 0xa1d09238 at /build/java7-openjdk/src/icedtea-2.6.4/openjdk/hotspot/src/share/vm/prims/jvm.cpp:1322
Event: 1.568 Thread 0xb6207c00 Threw 0xa1d09350 at /build/java7-openjdk/src/icedtea-2.6.4/openjdk/hotspot/src/share/vm/prims/jvm.cpp:1322
Event: 1.568 Thread 0xb6207c00 Threw 0xa1d09b68 at /build/java7-openjdk/src/icedtea-2.6.4/openjdk/hotspot/src/share/vm/prims/jvm.cpp:1322
Event: 1.568 Thread 0xb6207c00 Threw 0xa1d09c80 at /build/java7-openjdk/src/icedtea-2.6.4/openjdk/hotspot/src/share/vm/prims/jvm.cpp:1322
Event: 1.585 Thread 0xb6207c00 Threw 0xa1d287a0 at /build/java7-openjdk/src/icedtea-2.6.4/openjdk/hotspot/src/share/vm/prims/jvm.cpp:1322
Event: 1.585 Thread 0xb6207c00 Threw 0xa1d2b230 at /build/java7-openjdk/src/icedtea-2.6.4/openjdk/hotspot/src/share/vm/prims/jvm.cpp:1322
Event: 1.585 Thread 0xb6207c00 Threw 0xa1d2d298 at /build/java7-openjdk/src/icedtea-2.6.4/openjdk/hotspot/src/share/vm/prims/jvm.cpp:1322
Event: 1.588 Thread 0xb6207c00 Threw 0xa1d3c3d8 at /build/java7-openjdk/src/icedtea-2.6.4/openjdk/hotspot/src/share/vm/prims/jvm.cpp:1322
Event: 1.589 Thread 0xb6207c00 Threw 0xa1d400c8 at /build/java7-openjdk/src/icedtea-2.6.4/openjdk/hotspot/src/share/vm/prims/jvm.cpp:1322
Event: 1.590 Thread 0xb6207c00 Threw 0xa1d43748 at /build/java7-openjdk/src/icedtea-2.6.4/openjdk/hotspot/src/share/vm/prims/jvm.cpp:1322

Events (10 events):
Event: 7.372 Executing VM operation: GetOrSetLocal
Event: 7.372 Executing VM operation: GetOrSetLocal done
Event: 7.704 Executing VM operation: EnterInterpOnlyMode
Event: 7.704 Executing VM operation: EnterInterpOnlyMode done
Event: 7.704 Executing VM operation: GetCurrentLocation
Event: 7.704 Executing VM operation: GetCurrentLocation done
Event: 7.704 Executing VM operation: ChangeSingleStep
Event: 7.704 Executing VM operation: ChangeSingleStep done
Event: 7.705 Executing VM operation: ChangeSingleStep
Event: 7.705 Executing VM operation: ChangeSingleStep done


Dynamic libraries:
08048000-08049000 r-xp 00000000 08:05 662509     /usr/lib/jvm/java-7-openjdk/jre/bin/java
08049000-0804a000 rw-p 00000000 08:05 662509     /usr/lib/jvm/java-7-openjdk/jre/bin/java
087b1000-08817000 rw-p 00000000 00:00 0          [heap]
6f200000-6f263000 rw-p 00000000 00:00 0 
6f263000-6f300000 ---p 00000000 00:00 0 
6f400000-6f4fd000 rw-p 00000000 00:00 0 
6f4fd000-6f500000 ---p 00000000 00:00 0 
6f520000-6f5a0000 rw-s 2c0f7000 00:06 10035      /dev/nvidiactl
6f5a0000-6f620000 rw-s 28f23000 00:06 10035      /dev/nvidiactl
6f620000-6f6a0000 rw-s 2a621000 00:06 10035      /dev/nvidiactl
6f6a0000-6f7a0000 rw-s 1fc8d000 00:06 10035      /dev/nvidiactl
6f7a0000-6f7c0000 rw-s f0200000 00:06 10036      /dev/nvidia0
6f7c0000-6f800000 rw-s 287b7000 00:06 10035      /dev/nvidiactl
6f800000-6f8f9000 rw-p 00000000 00:00 0 
6f8f9000-6f900000 ---p 00000000 00:00 0 
6f908000-6f91b000 rw-s 230ad000 00:06 10035      /dev/nvidiactl
6f91b000-6f93b000 rw-s 2c8eb000 00:06 10035      /dev/nvidiactl
6f93b000-6fb2a000 rw-p 00000000 00:00 0 
6fb2a000-6fc2e000 rw-s 291ad000 00:06 10035      /dev/nvidiactl
6fc2e000-6fc6f000 rw-p 00000000 00:00 0 
6fc6f000-717ac000 r-xp 00000000 08:05 426727     /usr/lib/libnvidia-glcore.so.361.28
717ac000-717cc000 rwxp 01b3d000 08:05 426727     /usr/lib/libnvidia-glcore.so.361.28
717cc000-71e48000 r-xp 01b5d000 08:05 426727     /usr/lib/libnvidia-glcore.so.361.28
71e48000-71ee5000 rw-p 021d8000 08:05 426727     /usr/lib/libnvidia-glcore.so.361.28
71ee5000-71ef4000 rw-p 00000000 00:00 0 
71ef4000-71fb2000 r-xp 00000000 08:05 393610     /usr/lib/libGLX_nvidia.so.361.28
71fb2000-71fd2000 rwxp 000be000 08:05 393610     /usr/lib/libGLX_nvidia.so.361.28
71fd2000-71ffa000 r-xp 000de000 08:05 393610     /usr/lib/libGLX_nvidia.so.361.28
71ffa000-72000000 rw-p 00105000 08:05 393610     /usr/lib/libGLX_nvidia.so.361.28
72000000-72003000 rw-p 00000000 00:00 0 
72003000-72097000 r-xp 00000000 08:05 443850     /usr/lib/libGLdispatch.so.0.0.0
72097000-7209f000 r--p 00093000 08:05 443850     /usr/lib/libGLdispatch.so.0.0.0
7209f000-720a0000 rw-p 0009b000 08:05 443850     /usr/lib/libGLdispatch.so.0.0.0
720a0000-720b0000 rw-p 00000000 00:00 0 
720b0000-721fb000 r-xp 00000000 08:05 417030     /usr/lib/libX11.so.6.3.0
721fb000-721fd000 r--p 0014b000 08:05 417030     /usr/lib/libX11.so.6.3.0
721fd000-72200000 rw-p 0014d000 08:05 417030     /usr/lib/libX11.so.6.3.0
72200000-722db000 rw-p 00000000 00:00 0 
722db000-72300000 ---p 00000000 00:00 0 
72301000-72312000 r-xp 00000000 08:05 443851     /usr/lib/libGLX.so.0.0.0
72312000-72313000 r--p 00010000 08:05 443851     /usr/lib/libGLX.so.0.0.0
72313000-72314000 rw-p 00011000 08:05 443851     /usr/lib/libGLX.so.0.0.0
72314000-72324000 rw-p 00000000 00:00 0 
72324000-72392000 r-xp 00000000 08:05 443890     /usr/lib/nvidia/libGL.so.1.0.0
72392000-72393000 r--p 0006d000 08:05 443890     /usr/lib/nvidia/libGL.so.1.0.0
72393000-72394000 rw-p 0006e000 08:05 443890     /usr/lib/nvidia/libGL.so.1.0.0
72394000-7239e000 r-xp 00000000 08:05 419232     /usr/lib/libXrender.so.1.3.0
7239e000-7239f000 r--p 00009000 08:05 419232     /usr/lib/libXrender.so.1.3.0
7239f000-723a0000 rw-p 0000a000 08:05 419232     /usr/lib/libXrender.so.1.3.0
723a0000-723b3000 r-xp 00000000 08:05 418425     /usr/lib/libXext.so.6.4.0
723b3000-723b4000 r--p 00012000 08:05 418425     /usr/lib/libXext.so.6.4.0
723b4000-723b5000 rw-p 00013000 08:05 418425     /usr/lib/libXext.so.6.4.0
723b5000-723d9000 r-xp 00000000 08:05 416949     /usr/lib/libxcb.so.1.1.0
723d9000-723da000 ---p 00024000 08:05 416949     /usr/lib/libxcb.so.1.1.0
723da000-723db000 r--p 00024000 08:05 416949     /usr/lib/libxcb.so.1.1.0
723db000-723dc000 rw-p 00025000 08:05 416949     /usr/lib/libxcb.so.1.1.0
723dd000-72800000 rw-p 00000000 00:00 0 
72801000-72803000 rw-s 00000000 00:1f 91509      /tmp/.glk6EqFI (deleted)
72803000-72805000 r-xs 00000000 00:1f 91509      /tmp/.glk6EqFI (deleted)
72805000-7280f000 r-xp 00000000 08:05 419326     /usr/lib/libXcursor.so.1.0.2
7280f000-72810000 r--p 00009000 08:05 419326     /usr/lib/libXcursor.so.1.0.2
72810000-72811000 rw-p 0000a000 08:05 419326     /usr/lib/libXcursor.so.1.0.2
72811000-72813000 r-xp 00000000 08:06 169978     /home/castiel/Downloads/LWJGL -- Java Open GL/native/libglfw32.so
72813000-7282a000 r-xp 00000000 00:00 0 
7282a000-7282b000 r--p 0000b000 08:06 169978     /home/castiel/Downloads/LWJGL -- Java Open GL/native/libglfw32.so
7282b000-7282c000 rw-p 0000c000 08:06 169978     /home/castiel/Downloads/LWJGL -- Java Open GL/native/libglfw32.so
7282c000-72837000 r-xp 00000000 08:06 169984     /home/castiel/Downloads/LWJGL -- Java Open GL/native/liblwjgl32.so
72837000-72894000 r-xp 00000000 00:00 0 
72894000-72895000 r--p 00031000 08:06 169984     /home/castiel/Downloads/LWJGL -- Java Open GL/native/liblwjgl32.so
72895000-72896000 rw-p 00032000 08:06 169984     /home/castiel/Downloads/LWJGL -- Java Open GL/native/liblwjgl32.so
72896000-72897000 rw-p 00000000 00:00 0 
72897000-72898000 ---p 00000000 00:00 0 
72898000-72918000 rw-p 00000000 00:00 0          [stack:5241]
72918000-7291b000 ---p 00000000 00:00 0 
7291b000-72969000 rw-p 00000000 00:00 0          [stack:5240]
72969000-7296c000 ---p 00000000 00:00 0 
7296c000-729ea000 rw-p 00000000 00:00 0          [stack:5239]
729ea000-729ed000 ---p 00000000 00:00 0 
729ed000-72a6b000 rw-p 00000000 00:00 0          [stack:5238]
72a6b000-72a6e000 ---p 00000000 00:00 0 
72a6e000-72abc000 rw-p 00000000 00:00 0          [stack:5236]
72abc000-72abf000 ---p 00000000 00:00 0 
72abf000-72b0d000 rw-p 00000000 00:00 0          [stack:5235]
72b0d000-72b10000 ---p 00000000 00:00 0 
72b10000-72b5e000 rw-p 00000000 00:00 0          [stack:5232]
72b5e000-72b61000 ---p 00000000 00:00 0 
72b61000-72baf000 rw-p 00000000 00:00 0          [stack:5230]
72baf000-72bb2000 ---p 00000000 00:00 0 
72bb2000-72c00000 rw-p 00000000 00:00 0          [stack:5229]
72c00000-72cff000 rw-p 00000000 00:00 0 
72cff000-72d00000 ---p 00000000 00:00 0 
72d01000-72d05000 r-xp 00000000 08:05 443891     /usr/lib/tls/libnvidia-tls.so.361.28
72d05000-72d06000 rw-p 00003000 08:05 443891     /usr/lib/tls/libnvidia-tls.so.361.28
72d06000-72d07000 r-xp 00000000 08:06 169981     /home/castiel/Downloads/LWJGL -- Java Open GL/native/libjemalloc32.so
72d07000-72d44000 r-xp 00000000 00:00 0 
72d44000-72d45000 ---p 0003e000 08:06 169981     /home/castiel/Downloads/LWJGL -- Java Open GL/native/libjemalloc32.so
72d45000-72d46000 r--p 00019000 08:06 169981     /home/castiel/Downloads/LWJGL -- Java Open GL/native/libjemalloc32.so
72d46000-72d47000 rw-p 0001a000 08:06 169981     /home/castiel/Downloads/LWJGL -- Java Open GL/native/libjemalloc32.so
72d47000-72d48000 ---p 00000000 00:00 0 
72d48000-72dc8000 rw-p 00000000 00:00 0          [stack:5227]
72dc8000-72f7a000 r--s 01d2f000 08:05 662492     /usr/lib/jvm/java-7-openjdk/jre/lib/rt.jar
72f7a000-75200000 rw-p 00000000 00:00 0 
75200000-75221000 rw-p 00000000 00:00 0 
75221000-75300000 ---p 00000000 00:00 0 
75300000-75304000 rw-s 00825000 00:06 10035      /dev/nvidiactl
75304000-75309000 r-xp 00000000 08:05 414447     /usr/lib/libXdmcp.so.6.0.0
75309000-7530a000 r--p 00004000 08:05 414447     /usr/lib/libXdmcp.so.6.0.0
7530a000-7530b000 rw-p 00005000 08:05 414447     /usr/lib/libXdmcp.so.6.0.0
7530b000-7530e000 ---p 00000000 00:00 0 
7530e000-75400000 rw-p 00000000 00:00 0          [stack:5228]
75400000-75421000 rw-p 00000000 00:00 0 
75421000-75500000 ---p 00000000 00:00 0 
75500000-75501000 rw-s 230ac000 00:06 10035      /dev/nvidiactl
75501000-75505000 r-xp 00000000 08:05 418466     /usr/lib/libXfixes.so.3.1.0
75505000-75506000 r--p 00003000 08:05 418466     /usr/lib/libXfixes.so.3.1.0
75506000-75507000 rw-p 00004000 08:05 418466     /usr/lib/libXfixes.so.3.1.0
75507000-75518000 r-xp 00000000 08:05 419224     /usr/lib/libXi.so.6.1.0
75518000-75519000 r--p 00010000 08:05 419224     /usr/lib/libXi.so.6.1.0
75519000-7551a000 rw-p 00011000 08:05 419224     /usr/lib/libXi.so.6.1.0
7551a000-75535000 r--s 001e6000 08:06 170001     /home/castiel/Downloads/LWJGL -- Java Open GL/jar/lwjgl.jar
75535000-75536000 ---p 00000000 00:00 0 
75536000-755b6000 rw-p 00000000 00:00 0          [stack:5226]
755b6000-755b7000 ---p 00000000 00:00 0 
755b7000-7563f000 rw-p 00000000 00:00 0          [stack:5225]
7563f000-75677000 rw-p 00000000 00:00 0 
75677000-75689000 rw-p 00000000 00:00 0 
75689000-75794000 rw-p 00000000 00:00 0 
75794000-7579c000 rw-p 00000000 00:00 0 
7579c000-757d4000 rw-p 00000000 00:00 0 
757d4000-757e6000 rw-p 00000000 00:00 0 
757e6000-758f0000 rw-p 00000000 00:00 0 
758f0000-758fa000 rw-p 00000000 00:00 0 
758fa000-7597f000 rw-p 00000000 00:00 0 
7597f000-76980000 rw-p 00000000 00:00 0 
76980000-7d980000 rw-p 00000000 00:00 0 
7d980000-7fd00000 rw-p 00000000 00:00 0 
7fd00000-a12c0000 rw-p 00000000 00:00 0 
a12c0000-a2480000 rw-p 00000000 00:00 0 
a2480000-b2f80000 rw-p 00000000 00:00 0 
b2f80000-b2f81000 rw-s f7f6f000 00:06 10036      /dev/nvidia0
b2f81000-b2f83000 r-xp 00000000 08:05 414580     /usr/lib/libXau.so.6.0.0
b2f83000-b2f84000 r--p 00001000 08:05 414580     /usr/lib/libXau.so.6.0.0
b2f84000-b2f85000 rw-p 00002000 08:05 414580     /usr/lib/libXau.so.6.0.0
b2f85000-b2f8a000 r-xp 00000000 08:05 418458     /usr/lib/libXxf86vm.so.1.0.0
b2f8a000-b2f8b000 r--p 00004000 08:05 418458     /usr/lib/libXxf86vm.so.1.0.0
b2f8b000-b2f8c000 rw-p 00005000 08:05 418458     /usr/lib/libXxf86vm.so.1.0.0
b2f8c000-b2f8e000 r-xp 00000000 08:05 419264     /usr/lib/libXinerama.so.1.0.0
b2f8e000-b2f8f000 r--p 00001000 08:05 419264     /usr/lib/libXinerama.so.1.0.0
b2f8f000-b2f90000 rw-p 00002000 08:05 419264     /usr/lib/libXinerama.so.1.0.0
b2f90000-b2fb1000 rw-p 00000000 00:00 0 
b2fb1000-b3068000 rw-p 00000000 00:00 0 
b3068000-b32a8000 rwxp 00000000 00:00 0 
b32a8000-b6068000 rw-p 00000000 00:00 0 
b6068000-b6200000 r--p 00000000 08:05 453414     /usr/lib/locale/locale-archive
b6200000-b62fd000 rw-p 00000000 00:00 0 
b62fd000-b6300000 ---p 00000000 00:00 0 
b6300000-b6301000 rw-s 2c8e0000 00:06 10035      /dev/nvidiactl
b6301000-b6302000 rw-s fd060000 00:06 10036      /dev/nvidia0
b6302000-b630d000 r-xp 00000000 08:05 419256     /usr/lib/libXrandr.so.2.2.0
b630d000-b630e000 r--p 0000a000 08:05 419256     /usr/lib/libXrandr.so.2.2.0
b630e000-b630f000 rw-p 0000b000 08:05 419256     /usr/lib/libXrandr.so.2.2.0
b630f000-b6310000 rwxp 00000000 00:00 0 
b6310000-b6314000 r-xp 00000000 08:05 130543     /usr/lib/jvm/java-7-openjdk/jre/lib/i386/libdt_socket.so
b6314000-b6315000 rw-p 00003000 08:05 130543     /usr/lib/jvm/java-7-openjdk/jre/lib/i386/libdt_socket.so
b6315000-b631d000 r-xp 00000000 08:05 130517     /usr/lib/jvm/java-7-openjdk/jre/lib/i386/libzip.so
b631d000-b631e000 rw-p 00007000 08:05 130517     /usr/lib/jvm/java-7-openjdk/jre/lib/i386/libzip.so
b631e000-b6326000 rw-s 00000000 00:1f 90561      /tmp/hsperfdata_castiel/5216
b6326000-b6362000 r-xp 00000000 08:05 130542     /usr/lib/jvm/java-7-openjdk/jre/lib/i386/libjdwp.so
b6362000-b6363000 rw-p 0003c000 08:05 130542     /usr/lib/jvm/java-7-openjdk/jre/lib/i386/libjdwp.so
b6363000-b6388000 r-xp 00000000 08:05 130516     /usr/lib/jvm/java-7-openjdk/jre/lib/i386/libjava.so
b6388000-b6389000 rw-p 00025000 08:05 130516     /usr/lib/jvm/java-7-openjdk/jre/lib/i386/libjava.so
b6389000-b6390000 r-xp 00000000 08:05 393438     /usr/lib/librt-2.23.so
b6390000-b6391000 r--p 00006000 08:05 393438     /usr/lib/librt-2.23.so
b6391000-b6392000 rw-p 00007000 08:05 393438     /usr/lib/librt-2.23.so
b6392000-b6395000 ---p 00000000 00:00 0 
b6395000-b63e3000 rw-p 00000000 00:00 0          [stack:5224]
b63e3000-b63ff000 r-xp 00000000 08:05 393667     /usr/lib/libgcc_s.so.1
b63ff000-b6400000 rw-p 0001b000 08:05 393667     /usr/lib/libgcc_s.so.1
b6400000-b6453000 r-xp 00000000 08:05 393435     /usr/lib/libm-2.23.so
b6453000-b6454000 r--p 00052000 08:05 393435     /usr/lib/libm-2.23.so
b6454000-b6455000 rw-p 00053000 08:05 393435     /usr/lib/libm-2.23.so
b6455000-b65c2000 r-xp 00000000 08:05 420147     /usr/lib/libstdc++.so.6.0.21
b65c2000-b65c3000 ---p 0016d000 08:05 420147     /usr/lib/libstdc++.so.6.0.21
b65c3000-b65c8000 r--p 0016d000 08:05 420147     /usr/lib/libstdc++.so.6.0.21
b65c8000-b65c9000 rw-p 00172000 08:05 420147     /usr/lib/libstdc++.so.6.0.21
b65c9000-b65cc000 rw-p 00000000 00:00 0 
b65cc000-b7131000 r-xp 00000000 08:05 145403     /usr/lib/jvm/java-7-openjdk/jre/lib/i386/server/libjvm.so
b7131000-b7190000 rw-p 00b65000 08:05 145403     /usr/lib/jvm/java-7-openjdk/jre/lib/i386/server/libjvm.so
b7190000-b75ae000 rw-p 00000000 00:00 0 
b75ae000-b75c4000 r-xp 00000000 08:05 396574     /usr/lib/libz.so.1.2.8
b75c4000-b75c5000 r--p 00015000 08:05 396574     /usr/lib/libz.so.1.2.8
b75c5000-b75c6000 rw-p 00016000 08:05 396574     /usr/lib/libz.so.1.2.8
b75c6000-b7774000 r-xp 00000000 08:05 393366     /usr/lib/libc-2.23.so
b7774000-b7775000 ---p 001ae000 08:05 393366     /usr/lib/libc-2.23.so
b7775000-b7777000 r--p 001ae000 08:05 393366     /usr/lib/libc-2.23.so
b7777000-b7778000 rw-p 001b0000 08:05 393366     /usr/lib/libc-2.23.so
b7778000-b777b000 rw-p 00000000 00:00 0 
b777b000-b777e000 r-xp 00000000 08:05 393434     /usr/lib/libdl-2.23.so
b777e000-b777f000 r--p 00002000 08:05 393434     /usr/lib/libdl-2.23.so
b777f000-b7780000 rw-p 00003000 08:05 393434     /usr/lib/libdl-2.23.so
b7780000-b7781000 rw-p 00000000 00:00 0 
b7781000-b778d000 r-xp 00000000 08:05 130545     /usr/lib/jvm/java-7-openjdk/jre/lib/i386/jli/libjli.so
b778d000-b778e000 rw-p 0000b000 08:05 130545     /usr/lib/jvm/java-7-openjdk/jre/lib/i386/jli/libjli.so
b778e000-b77a7000 r-xp 00000000 08:05 393342     /usr/lib/libpthread-2.23.so
b77a7000-b77a8000 r--p 00018000 08:05 393342     /usr/lib/libpthread-2.23.so
b77a8000-b77a9000 rw-p 00019000 08:05 393342     /usr/lib/libpthread-2.23.so
b77a9000-b77ab000 rw-p 00000000 00:00 0 
b77ab000-b77b6000 r-xp 00000000 08:05 393430     /usr/lib/libnss_files-2.23.so
b77b6000-b77b7000 r--p 0000a000 08:05 393430     /usr/lib/libnss_files-2.23.so
b77b7000-b77b8000 rw-p 0000b000 08:05 393430     /usr/lib/libnss_files-2.23.so
b77b8000-b77be000 rw-p 00000000 00:00 0 
b77be000-b77c0000 r-xp 00000000 08:05 130521     /usr/lib/jvm/java-7-openjdk/jre/lib/i386/libnpt.so
b77c0000-b77c1000 rw-p 00001000 08:05 130521     /usr/lib/jvm/java-7-openjdk/jre/lib/i386/libnpt.so
b77c1000-b77c2000 rw-p 00000000 00:00 0 
b77c2000-b77c3000 r--p 00000000 00:00 0 
b77c3000-b77ce000 r-xp 00000000 08:05 130515     /usr/lib/jvm/java-7-openjdk/jre/lib/i386/libverify.so
b77ce000-b77cf000 rw-p 0000a000 08:05 130515     /usr/lib/jvm/java-7-openjdk/jre/lib/i386/libverify.so
b77cf000-b77d0000 rw-p 00000000 00:00 0 
b77d0000-b77d2000 r--p 00000000 00:00 0          [vvar]
b77d2000-b77d3000 r-xp 00000000 00:00 0          [vdso]
b77d3000-b77f5000 r-xp 00000000 08:05 393363     /usr/lib/ld-2.23.so
b77f5000-b77f6000 r--p 00021000 08:05 393363     /usr/lib/ld-2.23.so
b77f6000-b77f7000 rw-p 00022000 08:05 393363     /usr/lib/ld-2.23.so
bfa18000-bfa19000 rwxp 00000000 00:00 0 
bfa4b000-bfa6c000 rw-p 00000000 00:00 0          [stack]

VM Arguments:
jvm_args: -Xdebug -Xrunjdwp:transport=dt_socket,address=localhost.localdomain:39286 -Dfile.encoding=UTF-8 -Djava.library.path=/home/castiel/Downloads/LWJGL -- Java Open GL/native/ 
java_command: opengl.test.Demo
Launcher Type: SUN_STANDARD

Environment Variables:
PATH=/usr/local/sbin:/usr/local/bin:/usr/bin:/usr/lib/jvm/default/bin:/usr/bin/site_perl:/usr/bin/vendor_perl:/usr/bin/core_perl
LD_LIBRARY_PATH=/usr/lib/jvm/default/bin/../jre/lib/amd64:/usr/lib/jvm/default/bin/../jre/lib/i386:
SHELL=/bin/bash
DISPLAY=:0.0

Signal Handlers:
SIGSEGV: [libjvm.so+0x8114e0], sa_mask[0]=0x7ffbfeff, sa_flags=0x10000004
SIGBUS: [libjvm.so+0x8114e0], sa_mask[0]=0x7ffbfeff, sa_flags=0x10000004
SIGFPE: [libjvm.so+0x68a640], sa_mask[0]=0x7ffbfeff, sa_flags=0x10000004
SIGPIPE: [libjvm.so+0x68a640], sa_mask[0]=0x7ffbfeff, sa_flags=0x10000004
SIGXFSZ: [libjvm.so+0x68a640], sa_mask[0]=0x7ffbfeff, sa_flags=0x10000004
SIGILL: [libjvm.so+0x68a640], sa_mask[0]=0x7ffbfeff, sa_flags=0x10000004
SIGUSR1: SIG_DFL, sa_mask[0]=0x00000000, sa_flags=0x00000000
SIGUSR2: [libjvm.so+0x68a490], sa_mask[0]=0x00000004, sa_flags=0x10000004
SIGHUP: [libjvm.so+0x68a670], sa_mask[0]=0x7ffbfeff, sa_flags=0x10000004
SIGINT: SIG_IGN, sa_mask[0]=0x00000000, sa_flags=0x00000000
SIGTERM: [libjvm.so+0x68a670], sa_mask[0]=0x7ffbfeff, sa_flags=0x10000004
SIGQUIT: [libjvm.so+0x68a670], sa_mask[0]=0x7ffbfeff, sa_flags=0x10000004
SIGTRAP: SIG_DFL, sa_mask[0]=0x00000000, sa_flags=0x00000000


---------------  S Y S T E M  ---------------

OS:Linux
uname:Linux 4.1.20-1-lts #1 SMP Fri Mar 18 17:47:36 CET 2016 i686
libc:glibc 2.23 NPTL 2.23 
rlimit: STACK 8192k, CORE infinity, NPROC 27270, NOFILE 4096, AS infinity
load average:1.20 0.82 0.68

/proc/meminfo:
MemTotal:        3494900 kB
MemFree:          105840 kB
MemAvailable:    1284684 kB
Buffers:          191200 kB
Cached:          1074752 kB
SwapCached:            0 kB
Active:          2011316 kB
Inactive:         644864 kB
Active(anon):    1430348 kB
Inactive(anon):    64824 kB
Active(file):     580968 kB
Inactive(file):   580040 kB
Unevictable:          32 kB
Mlocked:              32 kB
HighTotal:       2629320 kB
HighFree:          11856 kB
LowTotal:         865580 kB
LowFree:           93984 kB
SwapTotal:             0 kB
SwapFree:              0 kB
Dirty:             11084 kB
Writeback:             0 kB
AnonPages:       1390260 kB
Mapped:           818828 kB
Shmem:            104944 kB
Slab:              63424 kB
SReclaimable:      41296 kB
SUnreclaim:        22128 kB
KernelStack:        3704 kB
PageTables:         6744 kB
NFS_Unstable:          0 kB
Bounce:                0 kB
WritebackTmp:          0 kB
CommitLimit:     1747448 kB
Committed_AS:    4758488 kB
VmallocTotal:     122880 kB
VmallocUsed:       81164 kB
VmallocChunk:      40020 kB
HardwareCorrupted:     0 kB
AnonHugePages:    585728 kB
HugePages_Total:       0
HugePages_Free:        0
HugePages_Rsvd:        0
HugePages_Surp:        0
Hugepagesize:       4096 kB
DirectMap4k:      368632 kB
DirectMap4M:      540672 kB


CPU:total 2 (2 cores per cpu, 1 threads per core) family 6 model 23 stepping 10, cmov, cx8, fxsr, mmx, sse, sse2, sse3, ssse3, sse4.1, tsc

/proc/cpuinfo:
processor	: 0
vendor_id	: GenuineIntel
cpu family	: 6
model		: 23
model name	: Intel(R) Core(TM)2 Duo CPU     E8400  @ 3.00GHz
stepping	: 10
microcode	: 0xa07
cpu MHz		: 3003.000
cache size	: 6144 KB
physical id	: 0
siblings	: 2
core id		: 0
cpu cores	: 2
apicid		: 0
initial apicid	: 0
fdiv_bug	: no
f00f_bug	: no
coma_bug	: no
fpu		: yes
fpu_exception	: yes
cpuid level	: 13
wp		: yes
flags		: fpu vme de pse tsc msr pae mce cx8 apic sep mtrr pge mca cmov pat pse36 clflush dts acpi mmx fxsr sse sse2 ss ht tm pbe lm constant_tsc arch_perfmon pebs bts aperfmperf pni dtes64 monitor ds_cpl vmx smx est tm2 ssse3 cx16 xtpr pdcm sse4_1 xsave lahf_lm dtherm tpr_shadow vnmi flexpriority
bugs		:
bogomips	: 5986.18
clflush size	: 64
cache_alignment	: 64
address sizes	: 36 bits physical, 48 bits virtual
power management:

processor	: 1
vendor_id	: GenuineIntel
cpu family	: 6
model		: 23
model name	: Intel(R) Core(TM)2 Duo CPU     E8400  @ 3.00GHz
stepping	: 10
microcode	: 0xa07
cpu MHz		: 3003.000
cache size	: 6144 KB
physical id	: 0
siblings	: 2
core id		: 1
cpu cores	: 2
apicid		: 1
initial apicid	: 1
fdiv_bug	: no
f00f_bug	: no
coma_bug	: no
fpu		: yes
fpu_exception	: yes
cpuid level	: 13
wp		: yes
flags		: fpu vme de pse tsc msr pae mce cx8 apic sep mtrr pge mca cmov pat pse36 clflush dts acpi mmx fxsr sse sse2 ss ht tm pbe lm constant_tsc arch_perfmon pebs bts aperfmperf pni dtes64 monitor ds_cpl vmx smx est tm2 ssse3 cx16 xtpr pdcm sse4_1 xsave lahf_lm dtherm tpr_shadow vnmi flexpriority
bugs		:
bogomips	: 5986.18
clflush size	: 64
cache_alignment	: 64
address sizes	: 36 bits physical, 48 bits virtual
power management:



Memory: 4k page, physical 3494900k(105840k free), swap 0k(0k free)

vm_info: OpenJDK Server VM (24.95-b01) for linux-x86 JRE (1.7.0_95-b00), built on Jan 21 2016 12:43:41 by "builduser" with gcc 5.3.0

time: Mon Apr 25 21:15:09 2016
elapsed time: 7 seconds

