#
# A fatal error has been detected by the Java Runtime Environment:
#
#  SIGILL (0x4) at pc=0xb76d800a, pid=2609, tid=3056601920
#
# JRE version: OpenJDK Runtime Environment (7.0_101) (build 1.7.0_101-b00)
# Java VM: OpenJDK Server VM (24.95-b01 mixed mode linux-x86 )
# Derivative: IcedTea 2.6.6
# Distribution: Custom build (Mon May  2 15:54:55 UTC 2016)
# Problematic frame:
# C  0xb76d800a
#
# Core dump written. Default location: /home/castiel/Dev/Java/Project/OpenGl Test/core or core.2609
#
# If you would like to submit a bug report, please include
# instructions on how to reproduce the bug and visit:
#   http://icedtea.classpath.org/bugzilla
# The crash happened outside the Java Virtual Machine in native code.
# See problematic frame for where to report the bug.
#

---------------  T H R E A D  ---------------

Current thread (0xb6106400):  JavaThread "main" [_thread_in_native, id=2612, stack(0xb62b0000,0xb6301000)]

siginfo:si_signo=SIGILL: si_errno=0, si_code=2 (ILL_ILLOPN), si_addr=0xb76d800a

Registers:
EAX=0xb76d801f, EBX=0x72885ff4, ECX=0x728708d8, EDX=0x00000000
ESP=0xb62fdecc, EBP=0xb62fffc4, ESI=0x00010001, EDI=0x7287f9ac
EIP=0xb76d800a, EFLAGS=0x00010202, CR2=0xb76e2100

Top of Stack: (sp=0xb62fdecc)
0xb62fdecc:   728707cb 00010001 7287f9ac 75f624f4
0xb62fdedc:   00000000 00000000 00000000 00000000
0xb62fdeec:   00000000 00000000 00000000 00000000
0xb62fdefc:   00000000 00000000 75cd92ac 00000000
0xb62fdf0c:   b70c21d4 b6d32c7c 00000000 00000000
0xb62fdf1c:   00000000 00000000 00000000 00000000
0xb62fdf2c:   00000000 b6965929 b70a4f90 75fa4f48
0xb62fdf3c:   b6b74116 b70a4f90 00000000 00000000 

Instructions: (pc=0xb76d800a)
0xb76d7fea:   00 00 00 00 00 00 00 00 00 00 00 00 00 00 00 00
0xb76d7ffa:   00 00 00 00 00 00 00 00 00 00 21 00 00 00 04 17
0xb76d800a:   8f 72 04 17 8f 72 20 bb 00 00 00 50 41 72 60 b3
0xb76d801a:   8d 72 08 60 41 72 20 00 00 00 22 00 00 00 b8 28 

Register to memory mapping:

EAX=0xb76d801f is an unknown value
EBX=0x72885ff4: <offset 0x19ff4> in /home/castiel/Downloads/LWJGL -- Java Open GL/native/libglfw32.so at 0x7286c000
ECX=0x728708d8: <offset 0x48d8> in /home/castiel/Downloads/LWJGL -- Java Open GL/native/libglfw32.so at 0x7286c000
EDX=0x00000000 is an unknown value
ESP=0xb62fdecc is pointing into the stack for thread: 0xb6106400
EBP=0xb62fffc4 is pointing into the stack for thread: 0xb6106400
ESI=0x00010001 is an unknown value
EDI=0x7287f9ac: <offset 0x139ac> in /home/castiel/Downloads/LWJGL -- Java Open GL/native/libglfw32.so at 0x7286c000


Stack: [0xb62b0000,0xb6301000],  sp=0xb62fdecc,  free space=311k
Native frames: (J=compiled Java code, j=interpreted, Vv=VM code, C=native code)
C  0xb76d800a
j  org.lwjgl.glfw.GLFW.glfwSetInputMode(JII)V+24
j  opengl.test.Demo.init()V+8
j  opengl.test.Demo.main([Ljava/lang/String;)V+7
v  ~StubRoutines::call_stub
V  [libjvm.so+0x4abf87]

Java frames: (J=compiled Java code, j=interpreted, Vv=VM code)
j  org.lwjgl.system.JNI.invokePIIV(JJII)V+0
j  org.lwjgl.glfw.GLFW.glfwSetInputMode(JII)V+24
j  opengl.test.Demo.init()V+8
j  opengl.test.Demo.main([Ljava/lang/String;)V+7
v  ~StubRoutines::call_stub

---------------  P R O C E S S  ---------------

Java Threads: ( => current thread )
  0x72d2d400 JavaThread "Service Thread" daemon [_thread_blocked, id=2622, stack(0x72973000,0x729c4000)]
  0x72d2b400 JavaThread "C2 CompilerThread1" daemon [_thread_blocked, id=2621, stack(0x729c4000,0x72a45000)]
  0x72d29400 JavaThread "C2 CompilerThread0" daemon [_thread_blocked, id=2620, stack(0x72a45000,0x72ac6000)]
  0x72d27c00 JavaThread "Signal Dispatcher" daemon [_thread_blocked, id=2619, stack(0x72ac6000,0x72b17000)]
  0x72d15000 JavaThread "Finalizer" daemon [_thread_blocked, id=2618, stack(0x72caf000,0x72d00000)]
  0x72d13800 JavaThread "Reference Handler" daemon [_thread_blocked, id=2617, stack(0x7540b000,0x7545c000)]
=>0xb6106400 JavaThread "main" [_thread_in_native, id=2612, stack(0xb62b0000,0xb6301000)]

Other Threads:
  0x72d11000 VMThread [stack: 0x72e47000,0x72ec8000] [id=2616]
  0x72d2f000 WatcherThread [stack: 0x728f2000,0x72973000] [id=2623]

VM state:not at safepoint (normal execution)

VM Mutex/Monitor currently owned by a thread: None

Heap
 PSYoungGen      total 16128K, used 10779K [0xa1380000, 0xa2540000, 0xb3040000)
  eden space 14080K, 76% used [0xa1380000,0xa1e06fb0,0xa2140000)
  from space 2048K, 0% used [0xa2340000,0xa2340000,0xa2540000)
  to   space 2048K, 0% used [0xa2140000,0xa2140000,0xa2340000)
 ParOldGen       total 36352K, used 0K [0x7da40000, 0x7fdc0000, 0xa1380000)
  object space 36352K, 0% used [0x7da40000,0x7da40000,0x7fdc0000)
 PSPermGen       total 16384K, used 5527K [0x75a40000, 0x76a40000, 0x7da40000)
  object space 16384K, 33% used [0x75a40000,0x75fa5c08,0x76a40000)

Card table byte_map: [0x75854000,0x75a40000] byte_map_base: 0x754a6e00

Polling page: 0xb76ed000

Code Cache  [0xb3100000, 0xb3340000, 0xb6100000)
 total_blobs=414 nmethods=20 adapters=349 free_code_cache=48727Kb largest_free_block=49883648

Compilation events (10 events):
Event: 0.652 Thread 0x72d29400   15             org.lwjgl.system.MemoryAccess$MemoryAccessorUnsafe$1::encodeASCII (68 bytes)
Event: 0.657 Thread 0x72d29400 nmethod 15 0xb3165888 code [0xb31659a0, 0xb3165c30]
Event: 0.662 Thread 0x72d2b400   16             java.lang.String::equals (81 bytes)
Event: 0.666 Thread 0x72d2b400 nmethod 16 0xb3165208 code [0xb3165300, 0xb3165590]
Event: 0.737 Thread 0x72d29400   17             sun.net.www.ParseUtil::encodePath (336 bytes)
Event: 0.743 Thread 0x72d29400 nmethod 17 0xb3166b08 code [0xb3166c60, 0xb3167204]
Event: 0.758 Thread 0x72d2b400   18             java.lang.String::length (6 bytes)
Event: 0.758 Thread 0x72d2b400 nmethod 18 0xb3167b48 code [0xb3167c40, 0xb3167c90]
Event: 0.805 Thread 0x72d2b400   20             java.lang.String::startsWith (72 bytes)
Event: 0.806 Thread 0x72d2b400 nmethod 20 0xb3168748 code [0xb3168840, 0xb3168970]

GC Heap History (0 events):
No events

Deoptimization events (2 events):
Event: 0.819 Thread 0xb6106400 Uncommon trap: reason=unstable_if action=reinterpret pc=0xb3163d64 method=java.lang.String.replace(CC)Ljava/lang/String; @ 2
Event: 2.307 Thread 0xb6106400 Uncommon trap: reason=unstable_if action=reinterpret pc=0xb315d910 method=java.lang.String.indexOf([CII[CIII)I @ 3

Internal exceptions (10 events):
Event: 0.809 Thread 0xb6106400 Threw 0xa1d93b50 at /build/java7-openjdk/src/icedtea-2.6.6/openjdk/hotspot/src/share/vm/prims/jvm.cpp:1322
Event: 0.809 Thread 0xb6106400 Threw 0xa1d96ae8 at /build/java7-openjdk/src/icedtea-2.6.6/openjdk/hotspot/src/share/vm/prims/jvm.cpp:1322
Event: 0.809 Thread 0xb6106400 Threw 0xa1d9c9e8 at /build/java7-openjdk/src/icedtea-2.6.6/openjdk/hotspot/src/share/vm/prims/jvm.cpp:1322
Event: 0.810 Thread 0xb6106400 Threw 0xa1da1860 at /build/java7-openjdk/src/icedtea-2.6.6/openjdk/hotspot/src/share/vm/prims/jvm.cpp:1322
Event: 0.817 Thread 0xb6106400 Threw 0xa1da65d0 at /build/java7-openjdk/src/icedtea-2.6.6/openjdk/hotspot/src/share/vm/prims/jvm.cpp:1322
Event: 0.818 Thread 0xb6106400 Threw 0xa1da9b30 at /build/java7-openjdk/src/icedtea-2.6.6/openjdk/hotspot/src/share/vm/prims/jvm.cpp:1322
Event: 0.818 Thread 0xb6106400 Threw 0xa1dabb88 at /build/java7-openjdk/src/icedtea-2.6.6/openjdk/hotspot/src/share/vm/prims/jvm.cpp:1322
Event: 0.819 Thread 0xb6106400 Threw 0xa1dadcd0 at /build/java7-openjdk/src/icedtea-2.6.6/openjdk/hotspot/src/share/vm/prims/jvm.cpp:1322
Event: 0.819 Thread 0xb6106400 Threw 0xa1dafeb8 at /build/java7-openjdk/src/icedtea-2.6.6/openjdk/hotspot/src/share/vm/prims/jvm.cpp:1322
Event: 0.820 Thread 0xb6106400 Threw 0xa1db4498 at /build/java7-openjdk/src/icedtea-2.6.6/openjdk/hotspot/src/share/vm/prims/jvm.cpp:1322

Events (10 events):
Event: 2.309 loading class 0x754ba4f0
Event: 2.309 loading class 0x754ba4f0 done
Event: 2.309 loading class 0x72d564f8
Event: 2.309 loading class 0x72d564f8 done
Event: 2.309 loading class 0x72d56bc8
Event: 2.309 loading class 0x72d55de0
Event: 2.309 loading class 0x72d57468
Event: 2.310 loading class 0x72d57468 done
Event: 2.310 loading class 0x72d55de0 done
Event: 2.310 loading class 0x72d56bc8 done


Dynamic libraries:
08048000-08049000 r-xp 00000000 08:05 662509     /usr/lib/jvm/java-7-openjdk/jre/bin/java
08049000-0804a000 rw-p 00000000 08:05 662509     /usr/lib/jvm/java-7-openjdk/jre/bin/java
086ef000-0875b000 rw-p 00000000 00:00 0          [heap]
6f200000-6f273000 rw-p 00000000 00:00 0 
6f273000-6f300000 ---p 00000000 00:00 0 
6f3e0000-6f460000 rw-s 1ce85000 00:06 13400      /dev/nvidiactl
6f460000-6f4e0000 rw-s 1aa3d000 00:06 13400      /dev/nvidiactl
6f4e0000-6f560000 rw-s 1edd3000 00:06 13400      /dev/nvidiactl
6f560000-6f660000 rw-s 180bd000 00:06 13400      /dev/nvidiactl
6f660000-6f680000 rw-s f00e0000 00:06 13401      /dev/nvidia0
6f680000-6f6c0000 rw-s 2a3f5000 00:06 13400      /dev/nvidiactl
6f6c0000-6f700000 rw-s 1aa35000 00:06 13400      /dev/nvidiactl
6f700000-6f800000 rw-p 00000000 00:00 0 
6f800000-6f820000 rw-s 2a09d000 00:06 13400      /dev/nvidiactl
6f820000-6f840000 rw-s 12eb4000 00:06 13400      /dev/nvidiactl
6f840000-6f880000 rw-s 19fed000 00:06 13400      /dev/nvidiactl
6f880000-6f933000 rw-p 00000000 00:00 0 
6f9fc000-6fb00000 rw-s 2e6c8000 00:06 13400      /dev/nvidiactl
6fb00000-6fbea000 rw-p 00000000 00:00 0 
6fbea000-6fc00000 ---p 00000000 00:00 0 
6fc06000-6fc19000 rw-s 1f976000 00:06 13400      /dev/nvidiactl
6fcac000-6fced000 rw-p 00000000 00:00 0 
6fced000-718de000 r-xp 00000000 08:05 418757     /usr/lib/libnvidia-glcore.so.364.19
718de000-718fe000 rwxp 01bf1000 08:05 418757     /usr/lib/libnvidia-glcore.so.364.19
718fe000-71f97000 r-xp 01c11000 08:05 418757     /usr/lib/libnvidia-glcore.so.364.19
71f97000-72035000 rw-p 022a9000 08:05 418757     /usr/lib/libnvidia-glcore.so.364.19
72035000-72048000 rw-p 00000000 00:00 0 
72048000-72108000 r-xp 00000000 08:05 426723     /usr/lib/libGLX_nvidia.so.364.19
72108000-72128000 rwxp 000c0000 08:05 426723     /usr/lib/libGLX_nvidia.so.364.19
72128000-72151000 r-xp 000e0000 08:05 426723     /usr/lib/libGLX_nvidia.so.364.19
72151000-72156000 rw-p 00108000 08:05 426723     /usr/lib/libGLX_nvidia.so.364.19
72156000-7215a000 rw-p 00000000 00:00 0 
7215a000-721ee000 r-xp 00000000 08:05 443425     /usr/lib/libGLdispatch.so.0.0.0
721ee000-721ef000 ---p 00094000 08:05 443425     /usr/lib/libGLdispatch.so.0.0.0
721ef000-721f7000 r--p 00094000 08:05 443425     /usr/lib/libGLdispatch.so.0.0.0
721f7000-721f8000 rw-p 0009c000 08:05 443425     /usr/lib/libGLdispatch.so.0.0.0
721f8000-72208000 rw-p 00000000 00:00 0 
72208000-72219000 r-xp 00000000 08:05 443376     /usr/lib/libGLX.so.0.0.0
72219000-7221a000 r--p 00010000 08:05 443376     /usr/lib/libGLX.so.0.0.0
7221a000-7221b000 rw-p 00011000 08:05 443376     /usr/lib/libGLX.so.0.0.0
7221b000-7222b000 rw-p 00000000 00:00 0 
7222b000-72299000 r-xp 00000000 08:05 443440     /usr/lib/nvidia/libGL.so.1.0.0
72299000-7229a000 r--p 0006d000 08:05 443440     /usr/lib/nvidia/libGL.so.1.0.0
7229a000-7229b000 rw-p 0006e000 08:05 443440     /usr/lib/nvidia/libGL.so.1.0.0
7229b000-722ae000 r-xp 00000000 08:05 418425     /usr/lib/libXext.so.6.4.0
722ae000-722af000 r--p 00012000 08:05 418425     /usr/lib/libXext.so.6.4.0
722af000-722b0000 rw-p 00013000 08:05 418425     /usr/lib/libXext.so.6.4.0
722b0000-723fb000 r-xp 00000000 08:05 417030     /usr/lib/libX11.so.6.3.0
723fb000-723fd000 r--p 0014b000 08:05 417030     /usr/lib/libX11.so.6.3.0
723fd000-72400000 rw-p 0014d000 08:05 417030     /usr/lib/libX11.so.6.3.0
72400000-72800000 rw-p 00000000 00:00 0 
72804000-72808000 rw-s 2b3f9000 00:06 13400      /dev/nvidiactl
72808000-72812000 r-xp 00000000 08:05 419232     /usr/lib/libXrender.so.1.3.0
72812000-72813000 r--p 00009000 08:05 419232     /usr/lib/libXrender.so.1.3.0
72813000-72814000 rw-p 0000a000 08:05 419232     /usr/lib/libXrender.so.1.3.0
72814000-72838000 r-xp 00000000 08:05 416949     /usr/lib/libxcb.so.1.1.0
72838000-72839000 ---p 00024000 08:05 416949     /usr/lib/libxcb.so.1.1.0
72839000-7283a000 r--p 00024000 08:05 416949     /usr/lib/libxcb.so.1.1.0
7283a000-7283b000 rw-p 00025000 08:05 416949     /usr/lib/libxcb.so.1.1.0
7283b000-72845000 r-xp 00000000 08:05 419326     /usr/lib/libXcursor.so.1.0.2
72845000-72846000 r--p 00009000 08:05 419326     /usr/lib/libXcursor.so.1.0.2
72846000-72847000 rw-p 0000a000 08:05 419326     /usr/lib/libXcursor.so.1.0.2
72848000-72849000 rw-s 1f94d000 00:06 13400      /dev/nvidiactl
72849000-7286c000 rw-p 00000000 00:00 0 
7286c000-7286e000 r-xp 00000000 08:06 169978     /home/castiel/Downloads/LWJGL -- Java Open GL/native/libglfw32.so
7286e000-72885000 r-xp 00000000 00:00 0 
72885000-72886000 r--p 0000b000 08:06 169978     /home/castiel/Downloads/LWJGL -- Java Open GL/native/libglfw32.so
72886000-72887000 rw-p 0000c000 08:06 169978     /home/castiel/Downloads/LWJGL -- Java Open GL/native/libglfw32.so
72887000-72892000 r-xp 00000000 08:06 169984     /home/castiel/Downloads/LWJGL -- Java Open GL/native/liblwjgl32.so
72892000-728ef000 r-xp 00000000 00:00 0 
728ef000-728f0000 r--p 00031000 08:06 169984     /home/castiel/Downloads/LWJGL -- Java Open GL/native/liblwjgl32.so
728f0000-728f1000 rw-p 00032000 08:06 169984     /home/castiel/Downloads/LWJGL -- Java Open GL/native/liblwjgl32.so
728f1000-728f2000 rw-p 00000000 00:00 0 
728f2000-728f3000 ---p 00000000 00:00 0 
728f3000-72973000 rw-p 00000000 00:00 0          [stack:2623]
72973000-72976000 ---p 00000000 00:00 0 
72976000-729c4000 rw-p 00000000 00:00 0          [stack:2622]
729c4000-729c7000 ---p 00000000 00:00 0 
729c7000-72a45000 rw-p 00000000 00:00 0          [stack:2621]
72a45000-72a48000 ---p 00000000 00:00 0 
72a48000-72ac6000 rw-p 00000000 00:00 0          [stack:2620]
72ac6000-72ac9000 ---p 00000000 00:00 0 
72ac9000-72b17000 rw-p 00000000 00:00 0          [stack:2619]
72b17000-72caf000 r--p 00000000 08:05 436420     /usr/lib/locale/locale-archive
72caf000-72cb2000 ---p 00000000 00:00 0 
72cb2000-72d00000 rw-p 00000000 00:00 0          [stack:2618]
72d00000-72df5000 rw-p 00000000 00:00 0 
72df5000-72e00000 ---p 00000000 00:00 0 
72e00000-72e01000 rw-s f7f65000 00:06 13401      /dev/nvidia0
72e01000-72e05000 r-xp 00000000 08:05 443826     /usr/lib/tls/libnvidia-tls.so.364.19
72e05000-72e06000 rw-p 00003000 08:05 443826     /usr/lib/tls/libnvidia-tls.so.364.19
72e06000-72e07000 r-xp 00000000 08:06 169981     /home/castiel/Downloads/LWJGL -- Java Open GL/native/libjemalloc32.so
72e07000-72e44000 r-xp 00000000 00:00 0 
72e44000-72e45000 ---p 0003e000 08:06 169981     /home/castiel/Downloads/LWJGL -- Java Open GL/native/libjemalloc32.so
72e45000-72e46000 r--p 00019000 08:06 169981     /home/castiel/Downloads/LWJGL -- Java Open GL/native/libjemalloc32.so
72e46000-72e47000 rw-p 0001a000 08:06 169981     /home/castiel/Downloads/LWJGL -- Java Open GL/native/libjemalloc32.so
72e47000-72e48000 ---p 00000000 00:00 0 
72e48000-72ec8000 rw-p 00000000 00:00 0          [stack:2616]
72ec8000-7307a000 r--s 01d32000 08:05 662492     /usr/lib/jvm/java-7-openjdk/jre/lib/rt.jar
7307a000-75300000 rw-p 00000000 00:00 0 
75300000-75336000 rw-p 00000000 00:00 0 
75336000-75400000 ---p 00000000 00:00 0 
75400000-75405000 r-xp 00000000 08:05 414447     /usr/lib/libXdmcp.so.6.0.0
75405000-75406000 r--p 00004000 08:05 414447     /usr/lib/libXdmcp.so.6.0.0
75406000-75407000 rw-p 00005000 08:05 414447     /usr/lib/libXdmcp.so.6.0.0
75407000-75409000 r-xp 00000000 08:05 414580     /usr/lib/libXau.so.6.0.0
75409000-7540a000 r--p 00001000 08:05 414580     /usr/lib/libXau.so.6.0.0
7540a000-7540b000 rw-p 00002000 08:05 414580     /usr/lib/libXau.so.6.0.0
7540b000-7540e000 ---p 00000000 00:00 0 
7540e000-75500000 rw-p 00000000 00:00 0          [stack:2617]
75500000-75521000 rw-p 00000000 00:00 0 
75521000-75600000 ---p 00000000 00:00 0 
75600000-75601000 rw-s f7f64000 00:06 13401      /dev/nvidia0
75601000-75605000 r-xp 00000000 08:05 418466     /usr/lib/libXfixes.so.3.1.0
75605000-75606000 r--p 00003000 08:05 418466     /usr/lib/libXfixes.so.3.1.0
75606000-75607000 rw-p 00004000 08:05 418466     /usr/lib/libXfixes.so.3.1.0
75607000-75618000 r-xp 00000000 08:05 419224     /usr/lib/libXi.so.6.1.0
75618000-75619000 r--p 00010000 08:05 419224     /usr/lib/libXi.so.6.1.0
75619000-7561a000 rw-p 00011000 08:05 419224     /usr/lib/libXi.so.6.1.0
7561a000-75635000 r--s 001e6000 08:06 170001     /home/castiel/Downloads/LWJGL -- Java Open GL/jar/lwjgl.jar
75635000-75636000 ---p 00000000 00:00 0 
75636000-756b6000 rw-p 00000000 00:00 0          [stack:2615]
756b6000-756b7000 ---p 00000000 00:00 0 
756b7000-75749000 rw-p 00000000 00:00 0          [stack:2614]
75749000-75854000 rw-p 00000000 00:00 0 
75854000-7585c000 rw-p 00000000 00:00 0 
7585c000-75894000 rw-p 00000000 00:00 0 
75894000-758a6000 rw-p 00000000 00:00 0 
758a6000-759b0000 rw-p 00000000 00:00 0 
759b0000-759ba000 rw-p 00000000 00:00 0 
759ba000-75a3f000 rw-p 00000000 00:00 0 
75a3f000-76a40000 rw-p 00000000 00:00 0 
76a40000-7da40000 rw-p 00000000 00:00 0 
7da40000-7fdc0000 rw-p 00000000 00:00 0 
7fdc0000-a1380000 rw-p 00000000 00:00 0 
a1380000-a2540000 rw-p 00000000 00:00 0 
a2540000-b3040000 rw-p 00000000 00:00 0 
b3040000-b3049000 rw-p 00000000 00:00 0 
b3049000-b3100000 rw-p 00000000 00:00 0 
b3100000-b3340000 rwxp 00000000 00:00 0 
b3340000-b61fb000 rw-p 00000000 00:00 0 
b61fb000-b6200000 ---p 00000000 00:00 0 
b6200000-b6205000 r-xp 00000000 08:05 418458     /usr/lib/libXxf86vm.so.1.0.0
b6205000-b6206000 r--p 00004000 08:05 418458     /usr/lib/libXxf86vm.so.1.0.0
b6206000-b6207000 rw-p 00005000 08:05 418458     /usr/lib/libXxf86vm.so.1.0.0
b6207000-b6209000 r-xp 00000000 08:05 419264     /usr/lib/libXinerama.so.1.0.0
b6209000-b620a000 r--p 00001000 08:05 419264     /usr/lib/libXinerama.so.1.0.0
b620a000-b620b000 rw-p 00002000 08:05 419264     /usr/lib/libXinerama.so.1.0.0
b620b000-b6216000 r-xp 00000000 08:05 419256     /usr/lib/libXrandr.so.2.2.0
b6216000-b6217000 r--p 0000a000 08:05 419256     /usr/lib/libXrandr.so.2.2.0
b6217000-b6218000 rw-p 0000b000 08:05 419256     /usr/lib/libXrandr.so.2.2.0
b6218000-b6238000 rw-p 00000000 00:00 0 
b6238000-b6270000 rw-p 00000000 00:00 0 
b6270000-b6278000 r-xp 00000000 08:05 130515     /usr/lib/jvm/java-7-openjdk/jre/lib/i386/libzip.so
b6278000-b6279000 rw-p 00007000 08:05 130515     /usr/lib/jvm/java-7-openjdk/jre/lib/i386/libzip.so
b6279000-b6281000 rw-s 00000000 00:22 26258      /tmp/hsperfdata_castiel/2609
b6281000-b62a6000 r-xp 00000000 08:05 130514     /usr/lib/jvm/java-7-openjdk/jre/lib/i386/libjava.so
b62a6000-b62a7000 rw-p 00025000 08:05 130514     /usr/lib/jvm/java-7-openjdk/jre/lib/i386/libjava.so
b62a7000-b62ae000 r-xp 00000000 08:05 393451     /usr/lib/librt-2.23.so
b62ae000-b62af000 r--p 00006000 08:05 393451     /usr/lib/librt-2.23.so
b62af000-b62b0000 rw-p 00007000 08:05 393451     /usr/lib/librt-2.23.so
b62b0000-b62b3000 ---p 00000000 00:00 0 
b62b3000-b6301000 rw-p 00000000 00:00 0          [stack:2612]
b6301000-b631d000 r-xp 00000000 08:05 393668     /usr/lib/libgcc_s.so.1
b631d000-b631e000 rw-p 0001b000 08:05 393668     /usr/lib/libgcc_s.so.1
b631e000-b6371000 r-xp 00000000 08:05 393448     /usr/lib/libm-2.23.so
b6371000-b6372000 r--p 00052000 08:05 393448     /usr/lib/libm-2.23.so
b6372000-b6373000 rw-p 00053000 08:05 393448     /usr/lib/libm-2.23.so
b6373000-b64e8000 r-xp 00000000 08:05 393707     /usr/lib/libstdc++.so.6.0.22
b64e8000-b64ee000 r--p 00174000 08:05 393707     /usr/lib/libstdc++.so.6.0.22
b64ee000-b64ef000 rw-p 0017a000 08:05 393707     /usr/lib/libstdc++.so.6.0.22
b64ef000-b64f2000 rw-p 00000000 00:00 0 
b64f2000-b705a000 r-xp 00000000 08:05 130550     /usr/lib/jvm/java-7-openjdk/jre/lib/i386/server/libjvm.so
b705a000-b70b9000 rw-p 00b67000 08:05 130550     /usr/lib/jvm/java-7-openjdk/jre/lib/i386/server/libjvm.so
b70b9000-b74d8000 rw-p 00000000 00:00 0 
b74d8000-b74ee000 r-xp 00000000 08:05 396574     /usr/lib/libz.so.1.2.8
b74ee000-b74ef000 r--p 00015000 08:05 396574     /usr/lib/libz.so.1.2.8
b74ef000-b74f0000 rw-p 00016000 08:05 396574     /usr/lib/libz.so.1.2.8
b74f0000-b769e000 r-xp 00000000 08:05 393369     /usr/lib/libc-2.23.so
b769e000-b769f000 ---p 001ae000 08:05 393369     /usr/lib/libc-2.23.so
b769f000-b76a1000 r--p 001ae000 08:05 393369     /usr/lib/libc-2.23.so
b76a1000-b76a2000 rw-p 001b0000 08:05 393369     /usr/lib/libc-2.23.so
b76a2000-b76a5000 rw-p 00000000 00:00 0 
b76a5000-b76a8000 r-xp 00000000 08:05 393447     /usr/lib/libdl-2.23.so
b76a8000-b76a9000 r--p 00002000 08:05 393447     /usr/lib/libdl-2.23.so
b76a9000-b76aa000 rw-p 00003000 08:05 393447     /usr/lib/libdl-2.23.so
b76aa000-b76ab000 rw-p 00000000 00:00 0 
b76ab000-b76b7000 r-xp 00000000 08:05 130543     /usr/lib/jvm/java-7-openjdk/jre/lib/i386/jli/libjli.so
b76b7000-b76b8000 rw-p 0000b000 08:05 130543     /usr/lib/jvm/java-7-openjdk/jre/lib/i386/jli/libjli.so
b76b8000-b76d1000 r-xp 00000000 08:05 393343     /usr/lib/libpthread-2.23.so
b76d1000-b76d2000 r--p 00018000 08:05 393343     /usr/lib/libpthread-2.23.so
b76d2000-b76d3000 rw-p 00019000 08:05 393343     /usr/lib/libpthread-2.23.so
b76d3000-b76d5000 rw-p 00000000 00:00 0 
b76d5000-b76d6000 rw-s f7f63000 00:06 13401      /dev/nvidia0
b76d6000-b76d7000 rw-s 2a155000 00:06 13400      /dev/nvidiactl
b76d7000-b76d8000 rw-s fd060000 00:06 13401      /dev/nvidia0
b76d8000-b76d9000 rwxp 00000000 00:00 0 
b76d9000-b76e4000 r-xp 00000000 08:05 393443     /usr/lib/libnss_files-2.23.so
b76e4000-b76e5000 r--p 0000a000 08:05 393443     /usr/lib/libnss_files-2.23.so
b76e5000-b76e6000 rw-p 0000b000 08:05 393443     /usr/lib/libnss_files-2.23.so
b76e6000-b76ed000 rw-p 00000000 00:00 0 
b76ed000-b76ee000 r--p 00000000 00:00 0 
b76ee000-b76f9000 r-xp 00000000 08:05 130513     /usr/lib/jvm/java-7-openjdk/jre/lib/i386/libverify.so
b76f9000-b76fa000 rw-p 0000a000 08:05 130513     /usr/lib/jvm/java-7-openjdk/jre/lib/i386/libverify.so
b76fa000-b76fb000 rw-p 00000000 00:00 0 
b76fb000-b76fd000 r--p 00000000 00:00 0          [vvar]
b76fd000-b76fe000 r-xp 00000000 00:00 0          [vdso]
b76fe000-b7720000 r-xp 00000000 08:05 393368     /usr/lib/ld-2.23.so
b7720000-b7721000 r--p 00021000 08:05 393368     /usr/lib/ld-2.23.so
b7721000-b7722000 rw-p 00022000 08:05 393368     /usr/lib/ld-2.23.so
bfd9e000-bfd9f000 rwxp 00000000 00:00 0 
bfdd1000-bfdf2000 rw-p 00000000 00:00 0          [stack]

VM Arguments:
jvm_args: -Dfile.encoding=UTF-8 -Djava.library.path=/home/castiel/Downloads/LWJGL -- Java Open GL/native/ 
java_command: opengl.test.Demo
Launcher Type: SUN_STANDARD

Environment Variables:
PATH=/usr/local/sbin:/usr/local/bin:/usr/bin:/usr/lib/jvm/default/bin:/usr/bin/site_perl:/usr/bin/vendor_perl:/usr/bin/core_perl
LD_LIBRARY_PATH=/usr/lib/jvm/default/bin/../jre/lib/amd64:/usr/lib/jvm/default/bin/../jre/lib/i386:
SHELL=/bin/bash
DISPLAY=:0.0

Signal Handlers:
SIGSEGV: [libjvm.so+0x812cd0], sa_mask[0]=0x7ffbfeff, sa_flags=0x10000004
SIGBUS: [libjvm.so+0x812cd0], sa_mask[0]=0x7ffbfeff, sa_flags=0x10000004
SIGFPE: [libjvm.so+0x68b580], sa_mask[0]=0x7ffbfeff, sa_flags=0x10000004
SIGPIPE: [libjvm.so+0x68b580], sa_mask[0]=0x7ffbfeff, sa_flags=0x10000004
SIGXFSZ: [libjvm.so+0x68b580], sa_mask[0]=0x7ffbfeff, sa_flags=0x10000004
SIGILL: [libjvm.so+0x68b580], sa_mask[0]=0x7ffbfeff, sa_flags=0x10000004
SIGUSR1: SIG_DFL, sa_mask[0]=0x00000000, sa_flags=0x00000000
SIGUSR2: [libjvm.so+0x68b3d0], sa_mask[0]=0x00000004, sa_flags=0x10000004
SIGHUP: [libjvm.so+0x68b5b0], sa_mask[0]=0x7ffbfeff, sa_flags=0x10000004
SIGINT: SIG_IGN, sa_mask[0]=0x00000000, sa_flags=0x00000000
SIGTERM: [libjvm.so+0x68b5b0], sa_mask[0]=0x7ffbfeff, sa_flags=0x10000004
SIGQUIT: [libjvm.so+0x68b5b0], sa_mask[0]=0x7ffbfeff, sa_flags=0x10000004
SIGTRAP: SIG_DFL, sa_mask[0]=0x00000000, sa_flags=0x00000000


---------------  S Y S T E M  ---------------

OS:Linux
uname:Linux 4.4.10-1-lts #1 SMP Wed May 11 21:32:48 CEST 2016 i686
libc:glibc 2.23 NPTL 2.23 
rlimit: STACK 8192k, CORE infinity, NPROC 27267, NOFILE 4096, AS infinity
load average:0.83 1.37 0.92

/proc/meminfo:
MemTotal:        3494600 kB
MemFree:          978440 kB
MemAvailable:    2173264 kB
Buffers:          101600 kB
Cached:          1267596 kB
SwapCached:            0 kB
Active:          1340292 kB
Inactive:        1035060 kB
Active(anon):    1006688 kB
Inactive(anon):    24372 kB
Active(file):     333604 kB
Inactive(file):  1010688 kB
Unevictable:          32 kB
Mlocked:              32 kB
HighTotal:       2629320 kB
HighFree:         710096 kB
LowTotal:         865280 kB
LowFree:          268344 kB
SwapTotal:             0 kB
SwapFree:              0 kB
Dirty:               424 kB
Writeback:             0 kB
AnonPages:       1006124 kB
Mapped:           279548 kB
Shmem:             24912 kB
Slab:              63304 kB
SReclaimable:      48036 kB
SUnreclaim:        15268 kB
KernelStack:        3064 kB
PageTables:         4704 kB
NFS_Unstable:          0 kB
Bounce:                0 kB
WritebackTmp:          0 kB
CommitLimit:     1747300 kB
Committed_AS:    3399916 kB
VmallocTotal:     122880 kB
VmallocUsed:           0 kB
VmallocChunk:          0 kB
HardwareCorrupted:     0 kB
AnonHugePages:    471040 kB
HugePages_Total:       0
HugePages_Free:        0
HugePages_Rsvd:        0
HugePages_Surp:        0
Hugepagesize:       4096 kB
DirectMap4k:      274424 kB
DirectMap4M:      634880 kB


CPU:total 2 (2 cores per cpu, 1 threads per core) family 6 model 23 stepping 10, cmov, cx8, fxsr, mmx, sse, sse2, sse3, ssse3, sse4.1, tsc

/proc/cpuinfo:
processor	: 0
vendor_id	: GenuineIntel
cpu family	: 6
model		: 23
model name	: Intel(R) Core(TM)2 Duo CPU     E8400  @ 3.00GHz
stepping	: 10
microcode	: 0xa07
cpu MHz		: 3003.000
cache size	: 6144 KB
physical id	: 0
siblings	: 2
core id		: 0
cpu cores	: 2
apicid		: 0
initial apicid	: 0
fdiv_bug	: no
f00f_bug	: no
coma_bug	: no
fpu		: yes
fpu_exception	: yes
cpuid level	: 13
wp		: yes
flags		: fpu vme de pse tsc msr pae mce cx8 apic sep mtrr pge mca cmov pat pse36 clflush dts acpi mmx fxsr sse sse2 ss ht tm pbe lm constant_tsc arch_perfmon pebs bts aperfmperf pni dtes64 monitor ds_cpl vmx smx est tm2 ssse3 cx16 xtpr pdcm sse4_1 xsave lahf_lm dtherm tpr_shadow vnmi flexpriority
bugs		:
bogomips	: 5986.73
clflush size	: 64
cache_alignment	: 64
address sizes	: 36 bits physical, 48 bits virtual
power management:

processor	: 1
vendor_id	: GenuineIntel
cpu family	: 6
model		: 23
model name	: Intel(R) Core(TM)2 Duo CPU     E8400  @ 3.00GHz
stepping	: 10
microcode	: 0xa07
cpu MHz		: 3003.000
cache size	: 6144 KB
physical id	: 0
siblings	: 2
core id		: 1
cpu cores	: 2
apicid		: 1
initial apicid	: 1
fdiv_bug	: no
f00f_bug	: no
coma_bug	: no
fpu		: yes
fpu_exception	: yes
cpuid level	: 13
wp		: yes
flags		: fpu vme de pse tsc msr pae mce cx8 apic sep mtrr pge mca cmov pat pse36 clflush dts acpi mmx fxsr sse sse2 ss ht tm pbe lm constant_tsc arch_perfmon pebs bts aperfmperf pni dtes64 monitor ds_cpl vmx smx est tm2 ssse3 cx16 xtpr pdcm sse4_1 xsave lahf_lm dtherm tpr_shadow vnmi flexpriority
bugs		:
bogomips	: 5986.73
clflush size	: 64
cache_alignment	: 64
address sizes	: 36 bits physical, 48 bits virtual
power management:



Memory: 4k page, physical 3494600k(978440k free), swap 0k(0k free)

vm_info: OpenJDK Server VM (24.95-b01) for linux-x86 JRE (1.7.0_101-b00), built on May  2 2016 15:59:33 by "builduser" with gcc 5.3.0

time: Mon May 16 17:25:58 2016
elapsed time: 2 seconds

