#
# A fatal error has been detected by the Java Runtime Environment:
#
#  SIGSEGV (0xb) at pc=0xb778300a, pid=3023, tid=3057302336
#
# JRE version: OpenJDK Runtime Environment (7.0_101) (build 1.7.0_101-b00)
# Java VM: OpenJDK Server VM (24.95-b01 mixed mode linux-x86 )
# Derivative: IcedTea 2.6.6
# Distribution: Custom build (Mon May  2 15:54:55 UTC 2016)
# Problematic frame:
# C  0xb778300a
#
# Core dump written. Default location: /home/castiel/Dev/Java/Project/OpenGl Test/core or core.3023
#
# If you would like to submit a bug report, please include
# instructions on how to reproduce the bug and visit:
#   http://icedtea.classpath.org/bugzilla
# The crash happened outside the Java Virtual Machine in native code.
# See problematic frame for where to report the bug.
#

---------------  T H R E A D  ---------------

Current thread (0xb6206400):  JavaThread "main" [_thread_in_native, id=3027, stack(0xb635b000,0xb63ac000)]

siginfo:si_signo=SIGSEGV: si_errno=0, si_code=128 (), si_addr=0x00000000

Registers:
EAX=0xb778300f, EBX=0x75534ff4, ECX=0x7551f8d8, EDX=0x00000000
ESP=0xb63a8ecc, EBP=0xb63aafc4, ESI=0x00010001, EDI=0x7552e9ac
EIP=0xb778300a, EFLAGS=0x00010206, CR2=0xb76e2100

Top of Stack: (sp=0xb63a8ecc)
0xb63a8ecc:   7551f7cb 00010001 7552e9ac 760624a4
0xb63a8edc:   00000000 00000000 00000000 00000000
0xb63a8eec:   00000000 00000000 00000000 00000000
0xb63a8efc:   00000000 00000000 75ddd884 00000000
0xb63a8f0c:   b716d1d4 b6dddc7c 00000000 00000000
0xb63a8f1c:   00000000 00000000 00000000 00000000
0xb63a8f2c:   00000000 b6a10929 b714ff90 760a4ef8
0xb63a8f3c:   b6c1f116 b714ff90 00000000 00000000 

Instructions: (pc=0xb778300a)
0xb7782fea:   00 00 00 00 00 00 00 00 00 00 00 00 00 00 00 00
0xb7782ffa:   00 00 00 00 00 00 00 00 00 00 21 00 00 00 04 07
0xb778300a:   9a 72 04 07 9a 72 20 bb 00 00 00 50 41 72 60 a3
0xb778301a:   98 72 08 60 41 72 20 00 00 00 22 00 00 00 b8 28 

Register to memory mapping:

EAX=0xb778300f is an unknown value
EBX=0x75534ff4: <offset 0x19ff4> in /home/castiel/Downloads/LWJGL -- Java Open GL/native/libglfw32.so at 0x7551b000
ECX=0x7551f8d8: <offset 0x48d8> in /home/castiel/Downloads/LWJGL -- Java Open GL/native/libglfw32.so at 0x7551b000
EDX=0x00000000 is an unknown value
ESP=0xb63a8ecc is pointing into the stack for thread: 0xb6206400
EBP=0xb63aafc4 is pointing into the stack for thread: 0xb6206400
ESI=0x00010001 is an unknown value
EDI=0x7552e9ac: <offset 0x139ac> in /home/castiel/Downloads/LWJGL -- Java Open GL/native/libglfw32.so at 0x7551b000


Stack: [0xb635b000,0xb63ac000],  sp=0xb63a8ecc,  free space=311k
Native frames: (J=compiled Java code, j=interpreted, Vv=VM code, C=native code)
C  0xb778300a
j  org.lwjgl.glfw.GLFW.glfwSetInputMode(JII)V+24
j  opengl.test.Demo.init()V+8
j  opengl.test.Demo.main([Ljava/lang/String;)V+7
v  ~StubRoutines::call_stub
V  [libjvm.so+0x4abf87]

Java frames: (J=compiled Java code, j=interpreted, Vv=VM code)
j  org.lwjgl.system.JNI.invokePIIV(JJII)V+0
j  org.lwjgl.glfw.GLFW.glfwSetInputMode(JII)V+24
j  opengl.test.Demo.init()V+8
j  opengl.test.Demo.main([Ljava/lang/String;)V+7
v  ~StubRoutines::call_stub

---------------  P R O C E S S  ---------------

Java Threads: ( => current thread )
  0x72e2d400 JavaThread "Service Thread" daemon [_thread_blocked, id=3036, stack(0x72a22000,0x72a73000)]
  0x72e2b400 JavaThread "C2 CompilerThread1" daemon [_thread_blocked, id=3035, stack(0x72a73000,0x72af4000)]
  0x72e29400 JavaThread "C2 CompilerThread0" daemon [_thread_blocked, id=3034, stack(0x72af4000,0x72b75000)]
  0x72e27c00 JavaThread "Signal Dispatcher" daemon [_thread_blocked, id=3033, stack(0x72b75000,0x72bc6000)]
  0x72e15000 JavaThread "Finalizer" daemon [_thread_blocked, id=3032, stack(0x72d5e000,0x72daf000)]
  0x72e13800 JavaThread "Reference Handler" daemon [_thread_blocked, id=3031, stack(0x72daf000,0x72e00000)]
=>0xb6206400 JavaThread "main" [_thread_in_native, id=3027, stack(0xb635b000,0xb63ac000)]

Other Threads:
  0x72e11000 VMThread [stack: 0x72f47000,0x72fc8000] [id=3030]
  0x72e2f000 WatcherThread [stack: 0x729a1000,0x72a22000] [id=3037]

VM state:not at safepoint (normal execution)

VM Mutex/Monitor currently owned by a thread: None

Heap
 PSYoungGen      total 16128K, used 10779K [0xa1480000, 0xa2640000, 0xb3140000)
  eden space 14080K, 76% used [0xa1480000,0xa1f06f70,0xa2240000)
  from space 2048K, 0% used [0xa2440000,0xa2440000,0xa2640000)
  to   space 2048K, 0% used [0xa2240000,0xa2240000,0xa2440000)
 ParOldGen       total 36352K, used 0K [0x7db40000, 0x7fec0000, 0xa1480000)
  object space 36352K, 0% used [0x7db40000,0x7db40000,0x7fec0000)
 PSPermGen       total 16384K, used 5526K [0x75b40000, 0x76b40000, 0x7db40000)
  object space 16384K, 33% used [0x75b40000,0x760a5bb8,0x76b40000)

Card table byte_map: [0x75954000,0x75b40000] byte_map_base: 0x755a6600

Polling page: 0xb7798000

Code Cache  [0xb3200000, 0xb3440000, 0xb6200000)
 total_blobs=415 nmethods=21 adapters=349 free_code_cache=48724Kb largest_free_block=49875584

Compilation events (10 events):
Event: 0.537 Thread 0x72e2b400   16             java.lang.String::equals (81 bytes)
Event: 0.540 Thread 0x72e2b400 nmethod 16 0xb3266508 code [0xb3266600, 0xb3266890]
Event: 0.635 Thread 0x72e2b400   17             sun.net.www.ParseUtil::encodePath (336 bytes)
Event: 0.642 Thread 0x72e2b400 nmethod 17 0xb3267fc8 code [0xb3268120, 0xb32686c4]
Event: 0.663 Thread 0x72e29400   18             java.lang.String::length (6 bytes)
Event: 0.663 Thread 0x72e29400 nmethod 18 0xb3269008 code [0xb3269100, 0xb3269150]
Event: 0.710 Thread 0x72e29400   20             java.lang.String::startsWith (72 bytes)
Event: 0.712 Thread 0x72e29400 nmethod 20 0xb3269ac8 code [0xb3269bc0, 0xb3269cf0]
Event: 2.497 Thread 0x72e29400   21             Utils.Matrix4F::nhanMaTran (109 bytes)
Event: 2.514 Thread 0x72e29400 nmethod 21 0xb326b2c8 code [0xb326b400, 0xb326bc70]

GC Heap History (0 events):
No events

Deoptimization events (2 events):
Event: 0.720 Thread 0xb6206400 Uncommon trap: reason=unstable_if action=reinterpret pc=0xb3261924 method=java.lang.String.replace(CC)Ljava/lang/String; @ 2
Event: 4.135 Thread 0xb6206400 Uncommon trap: reason=unstable_if action=reinterpret pc=0xb325d090 method=java.lang.String.indexOf([CII[CIII)I @ 3

Internal exceptions (10 events):
Event: 0.717 Thread 0xb6206400 Threw 0xa1e93b30 at /build/java7-openjdk/src/icedtea-2.6.6/openjdk/hotspot/src/share/vm/prims/jvm.cpp:1322
Event: 0.717 Thread 0xb6206400 Threw 0xa1e96ac8 at /build/java7-openjdk/src/icedtea-2.6.6/openjdk/hotspot/src/share/vm/prims/jvm.cpp:1322
Event: 0.718 Thread 0xb6206400 Threw 0xa1e9c9c8 at /build/java7-openjdk/src/icedtea-2.6.6/openjdk/hotspot/src/share/vm/prims/jvm.cpp:1322
Event: 0.718 Thread 0xb6206400 Threw 0xa1ea1840 at /build/java7-openjdk/src/icedtea-2.6.6/openjdk/hotspot/src/share/vm/prims/jvm.cpp:1322
Event: 0.718 Thread 0xb6206400 Threw 0xa1ea65b0 at /build/java7-openjdk/src/icedtea-2.6.6/openjdk/hotspot/src/share/vm/prims/jvm.cpp:1322
Event: 0.719 Thread 0xb6206400 Threw 0xa1ea9b10 at /build/java7-openjdk/src/icedtea-2.6.6/openjdk/hotspot/src/share/vm/prims/jvm.cpp:1322
Event: 0.719 Thread 0xb6206400 Threw 0xa1eabb68 at /build/java7-openjdk/src/icedtea-2.6.6/openjdk/hotspot/src/share/vm/prims/jvm.cpp:1322
Event: 0.720 Thread 0xb6206400 Threw 0xa1eadcb0 at /build/java7-openjdk/src/icedtea-2.6.6/openjdk/hotspot/src/share/vm/prims/jvm.cpp:1322
Event: 0.720 Thread 0xb6206400 Threw 0xa1eafe98 at /build/java7-openjdk/src/icedtea-2.6.6/openjdk/hotspot/src/share/vm/prims/jvm.cpp:1322
Event: 0.721 Thread 0xb6206400 Threw 0xa1eb4478 at /build/java7-openjdk/src/icedtea-2.6.6/openjdk/hotspot/src/share/vm/prims/jvm.cpp:1322

Events (10 events):
Event: 4.137 loading class 0x757304f0
Event: 4.137 loading class 0x757304f0 done
Event: 4.137 loading class 0x72ea3428
Event: 4.138 loading class 0x72ea3428 done
Event: 4.139 loading class 0x72ea3af8
Event: 4.139 loading class 0x72ea2d10
Event: 4.139 loading class 0x72ea4398
Event: 4.139 loading class 0x72ea4398 done
Event: 4.139 loading class 0x72ea2d10 done
Event: 4.139 loading class 0x72ea3af8 done


Dynamic libraries:
08048000-08049000 r-xp 00000000 08:05 662509     /usr/lib/jvm/java-7-openjdk/jre/bin/java
08049000-0804a000 rw-p 00000000 08:05 662509     /usr/lib/jvm/java-7-openjdk/jre/bin/java
09a1a000-09af2000 rw-p 00000000 00:00 0          [heap]
6f300000-6f388000 rw-p 00000000 00:00 0 
6f388000-6f400000 ---p 00000000 00:00 0 
6f400000-6f480000 rw-s 158bf000 00:06 13400      /dev/nvidiactl
6f480000-6f500000 rw-s 1090a000 00:06 13400      /dev/nvidiactl
6f500000-6f580000 rw-s 0db56000 00:06 13400      /dev/nvidiactl
6f580000-6f600000 rw-s 0d9d6000 00:06 13400      /dev/nvidiactl
6f600000-6f700000 rw-s 19746000 00:06 13400      /dev/nvidiactl
6f700000-6f720000 rw-s f00e0000 00:06 13401      /dev/nvidia0
6f720000-6f760000 rw-s 139ef000 00:06 13400      /dev/nvidiactl
6f760000-6f780000 rw-s 18734000 00:06 13400      /dev/nvidiactl
6f780000-6f7c0000 rw-s 13990000 00:06 13400      /dev/nvidiactl
6f7c0000-6f800000 rw-s 13130000 00:06 13400      /dev/nvidiactl
6f800000-6f900000 rw-p 00000000 00:00 0 
6f90d000-6f9c0000 rw-p 00000000 00:00 0 
6fafc000-6fc00000 rw-s 2e6c8000 00:06 13400      /dev/nvidiactl
6fc00000-6fcf2000 rw-p 00000000 00:00 0 
6fcf2000-6fd00000 ---p 00000000 00:00 0 
6fd01000-6fd14000 rw-s 19733000 00:06 13400      /dev/nvidiactl
6fd14000-6fd34000 rw-s 1351a000 00:06 13400      /dev/nvidiactl
6fd54000-6fd95000 rw-p 00000000 00:00 0 
6fd95000-71986000 r-xp 00000000 08:05 418757     /usr/lib/libnvidia-glcore.so.364.19
71986000-719a6000 rwxp 01bf1000 08:05 418757     /usr/lib/libnvidia-glcore.so.364.19
719a6000-7203f000 r-xp 01c11000 08:05 418757     /usr/lib/libnvidia-glcore.so.364.19
7203f000-720dd000 rw-p 022a9000 08:05 418757     /usr/lib/libnvidia-glcore.so.364.19
720dd000-720f0000 rw-p 00000000 00:00 0 
720f0000-721b0000 r-xp 00000000 08:05 426723     /usr/lib/libGLX_nvidia.so.364.19
721b0000-721d0000 rwxp 000c0000 08:05 426723     /usr/lib/libGLX_nvidia.so.364.19
721d0000-721f9000 r-xp 000e0000 08:05 426723     /usr/lib/libGLX_nvidia.so.364.19
721f9000-721fe000 rw-p 00108000 08:05 426723     /usr/lib/libGLX_nvidia.so.364.19
721fe000-72202000 rw-p 00000000 00:00 0 
72202000-72296000 r-xp 00000000 08:05 443425     /usr/lib/libGLdispatch.so.0.0.0
72296000-72297000 ---p 00094000 08:05 443425     /usr/lib/libGLdispatch.so.0.0.0
72297000-7229f000 r--p 00094000 08:05 443425     /usr/lib/libGLdispatch.so.0.0.0
7229f000-722a0000 rw-p 0009c000 08:05 443425     /usr/lib/libGLdispatch.so.0.0.0
722a0000-722b0000 rw-p 00000000 00:00 0 
722b0000-723fb000 r-xp 00000000 08:05 417030     /usr/lib/libX11.so.6.3.0
723fb000-723fd000 r--p 0014b000 08:05 417030     /usr/lib/libX11.so.6.3.0
723fd000-72400000 rw-p 0014d000 08:05 417030     /usr/lib/libX11.so.6.3.0
72400000-72800000 rw-p 00000000 00:00 0 
72803000-72807000 rw-s 103f0000 00:06 13400      /dev/nvidiactl
72807000-7280b000 r-xp 00000000 08:05 443826     /usr/lib/tls/libnvidia-tls.so.364.19
7280b000-7280c000 rw-p 00003000 08:05 443826     /usr/lib/tls/libnvidia-tls.so.364.19
7280c000-7281d000 r-xp 00000000 08:05 443376     /usr/lib/libGLX.so.0.0.0
7281d000-7281e000 r--p 00010000 08:05 443376     /usr/lib/libGLX.so.0.0.0
7281e000-7281f000 rw-p 00011000 08:05 443376     /usr/lib/libGLX.so.0.0.0
7281f000-7282f000 rw-p 00000000 00:00 0 
7282f000-7289d000 r-xp 00000000 08:05 443440     /usr/lib/nvidia/libGL.so.1.0.0
7289d000-7289e000 r--p 0006d000 08:05 443440     /usr/lib/nvidia/libGL.so.1.0.0
7289e000-7289f000 rw-p 0006e000 08:05 443440     /usr/lib/nvidia/libGL.so.1.0.0
7289f000-728a4000 r-xp 00000000 08:05 414447     /usr/lib/libXdmcp.so.6.0.0
728a4000-728a5000 r--p 00004000 08:05 414447     /usr/lib/libXdmcp.so.6.0.0
728a5000-728a6000 rw-p 00005000 08:05 414447     /usr/lib/libXdmcp.so.6.0.0
728a6000-728a8000 r-xp 00000000 08:05 414580     /usr/lib/libXau.so.6.0.0
728a8000-728a9000 r--p 00001000 08:05 414580     /usr/lib/libXau.so.6.0.0
728a9000-728aa000 rw-p 00002000 08:05 414580     /usr/lib/libXau.so.6.0.0
728aa000-728b4000 r-xp 00000000 08:05 419232     /usr/lib/libXrender.so.1.3.0
728b4000-728b5000 r--p 00009000 08:05 419232     /usr/lib/libXrender.so.1.3.0
728b5000-728b6000 rw-p 0000a000 08:05 419232     /usr/lib/libXrender.so.1.3.0
728b6000-728c9000 r-xp 00000000 08:05 418425     /usr/lib/libXext.so.6.4.0
728c9000-728ca000 r--p 00012000 08:05 418425     /usr/lib/libXext.so.6.4.0
728ca000-728cb000 rw-p 00013000 08:05 418425     /usr/lib/libXext.so.6.4.0
728cb000-728ef000 r-xp 00000000 08:05 416949     /usr/lib/libxcb.so.1.1.0
728ef000-728f0000 ---p 00024000 08:05 416949     /usr/lib/libxcb.so.1.1.0
728f0000-728f1000 r--p 00024000 08:05 416949     /usr/lib/libxcb.so.1.1.0
728f1000-728f2000 rw-p 00025000 08:05 416949     /usr/lib/libxcb.so.1.1.0
728f2000-728fc000 r-xp 00000000 08:05 419326     /usr/lib/libXcursor.so.1.0.2
728fc000-728fd000 r--p 00009000 08:05 419326     /usr/lib/libXcursor.so.1.0.2
728fd000-728fe000 rw-p 0000a000 08:05 419326     /usr/lib/libXcursor.so.1.0.2
728fe000-7290f000 r-xp 00000000 08:05 419224     /usr/lib/libXi.so.6.1.0
7290f000-72910000 r--p 00010000 08:05 419224     /usr/lib/libXi.so.6.1.0
72910000-72911000 rw-p 00011000 08:05 419224     /usr/lib/libXi.so.6.1.0
72913000-72936000 rw-p 00000000 00:00 0 
72936000-72941000 r-xp 00000000 08:06 169984     /home/castiel/Downloads/LWJGL -- Java Open GL/native/liblwjgl32.so
72941000-7299e000 r-xp 00000000 00:00 0 
7299e000-7299f000 r--p 00031000 08:06 169984     /home/castiel/Downloads/LWJGL -- Java Open GL/native/liblwjgl32.so
7299f000-729a0000 rw-p 00032000 08:06 169984     /home/castiel/Downloads/LWJGL -- Java Open GL/native/liblwjgl32.so
729a0000-729a1000 rw-p 00000000 00:00 0 
729a1000-729a2000 ---p 00000000 00:00 0 
729a2000-72a22000 rw-p 00000000 00:00 0          [stack:3037]
72a22000-72a25000 ---p 00000000 00:00 0 
72a25000-72a73000 rw-p 00000000 00:00 0          [stack:3036]
72a73000-72a76000 ---p 00000000 00:00 0 
72a76000-72af4000 rw-p 00000000 00:00 0          [stack:3035]
72af4000-72af7000 ---p 00000000 00:00 0 
72af7000-72b75000 rw-p 00000000 00:00 0          [stack:3034]
72b75000-72b78000 ---p 00000000 00:00 0 
72b78000-72bc6000 rw-p 00000000 00:00 0          [stack:3033]
72bc6000-72d5e000 r--p 00000000 08:05 436420     /usr/lib/locale/locale-archive
72d5e000-72d61000 ---p 00000000 00:00 0 
72d61000-72daf000 rw-p 00000000 00:00 0          [stack:3032]
72daf000-72db2000 ---p 00000000 00:00 0 
72db2000-72e00000 rw-p 00000000 00:00 0          [stack:3031]
72e00000-72efd000 rw-p 00000000 00:00 0 
72efd000-72f00000 ---p 00000000 00:00 0 
72f00000-72f04000 r-xp 00000000 08:05 418466     /usr/lib/libXfixes.so.3.1.0
72f04000-72f05000 r--p 00003000 08:05 418466     /usr/lib/libXfixes.so.3.1.0
72f05000-72f06000 rw-p 00004000 08:05 418466     /usr/lib/libXfixes.so.3.1.0
72f06000-72f07000 r-xp 00000000 08:06 169981     /home/castiel/Downloads/LWJGL -- Java Open GL/native/libjemalloc32.so
72f07000-72f44000 r-xp 00000000 00:00 0 
72f44000-72f45000 ---p 0003e000 08:06 169981     /home/castiel/Downloads/LWJGL -- Java Open GL/native/libjemalloc32.so
72f45000-72f46000 r--p 00019000 08:06 169981     /home/castiel/Downloads/LWJGL -- Java Open GL/native/libjemalloc32.so
72f46000-72f47000 rw-p 0001a000 08:06 169981     /home/castiel/Downloads/LWJGL -- Java Open GL/native/libjemalloc32.so
72f47000-72f48000 ---p 00000000 00:00 0 
72f48000-72fc8000 rw-p 00000000 00:00 0          [stack:3030]
72fc8000-7317a000 r--s 01d32000 08:05 662492     /usr/lib/jvm/java-7-openjdk/jre/lib/rt.jar
7317a000-75400000 rw-p 00000000 00:00 0 
75400000-75430000 rw-p 00000000 00:00 0 
75430000-75500000 ---p 00000000 00:00 0 
75503000-75508000 r-xp 00000000 08:05 418458     /usr/lib/libXxf86vm.so.1.0.0
75508000-75509000 r--p 00004000 08:05 418458     /usr/lib/libXxf86vm.so.1.0.0
75509000-7550a000 rw-p 00005000 08:05 418458     /usr/lib/libXxf86vm.so.1.0.0
7550a000-7550c000 r-xp 00000000 08:05 419264     /usr/lib/libXinerama.so.1.0.0
7550c000-7550d000 r--p 00001000 08:05 419264     /usr/lib/libXinerama.so.1.0.0
7550d000-7550e000 rw-p 00002000 08:05 419264     /usr/lib/libXinerama.so.1.0.0
7550e000-75519000 r-xp 00000000 08:05 419256     /usr/lib/libXrandr.so.2.2.0
75519000-7551a000 r--p 0000a000 08:05 419256     /usr/lib/libXrandr.so.2.2.0
7551a000-7551b000 rw-p 0000b000 08:05 419256     /usr/lib/libXrandr.so.2.2.0
7551b000-7551d000 r-xp 00000000 08:06 169978     /home/castiel/Downloads/LWJGL -- Java Open GL/native/libglfw32.so
7551d000-75534000 r-xp 00000000 00:00 0 
75534000-75535000 r--p 0000b000 08:06 169978     /home/castiel/Downloads/LWJGL -- Java Open GL/native/libglfw32.so
75535000-75536000 rw-p 0000c000 08:06 169978     /home/castiel/Downloads/LWJGL -- Java Open GL/native/libglfw32.so
75536000-7557f000 rw-p 00000000 00:00 0 
7557f000-75580000 ---p 00000000 00:00 0 
75580000-75600000 rw-p 00000000 00:00 0          [stack:3029]
75600000-75621000 rw-p 00000000 00:00 0 
75621000-75700000 ---p 00000000 00:00 0 
75700000-7571b000 r--s 001e6000 08:06 170001     /home/castiel/Downloads/LWJGL -- Java Open GL/jar/lwjgl.jar
7571b000-75776000 rw-p 00000000 00:00 0 
75776000-75777000 ---p 00000000 00:00 0 
75777000-757ff000 rw-p 00000000 00:00 0          [stack:3028]
757ff000-75837000 rw-p 00000000 00:00 0 
75837000-75849000 rw-p 00000000 00:00 0 
75849000-75954000 rw-p 00000000 00:00 0 
75954000-7595c000 rw-p 00000000 00:00 0 
7595c000-75994000 rw-p 00000000 00:00 0 
75994000-759a6000 rw-p 00000000 00:00 0 
759a6000-75ab0000 rw-p 00000000 00:00 0 
75ab0000-75aba000 rw-p 00000000 00:00 0 
75aba000-75b3f000 rw-p 00000000 00:00 0 
75b3f000-76b40000 rw-p 00000000 00:00 0 
76b40000-7db40000 rw-p 00000000 00:00 0 
7db40000-7fec0000 rw-p 00000000 00:00 0 
7fec0000-a1480000 rw-p 00000000 00:00 0 
a1480000-a2640000 rw-p 00000000 00:00 0 
a2640000-b3140000 rw-p 00000000 00:00 0 
b3140000-b3149000 rw-p 00000000 00:00 0 
b3149000-b3200000 rw-p 00000000 00:00 0 
b3200000-b3440000 rwxp 00000000 00:00 0 
b3440000-b62fb000 rw-p 00000000 00:00 0 
b62fb000-b6300000 ---p 00000000 00:00 0 
b6300000-b6301000 rw-s 19732000 00:06 13400      /dev/nvidiactl
b6301000-b6302000 rw-s f7f65000 00:06 13401      /dev/nvidia0
b6302000-b6303000 rw-s f7f64000 00:06 13401      /dev/nvidia0
b6303000-b631b000 rw-p 00000000 00:00 0 
b631b000-b6323000 r-xp 00000000 08:05 130515     /usr/lib/jvm/java-7-openjdk/jre/lib/i386/libzip.so
b6323000-b6324000 rw-p 00007000 08:05 130515     /usr/lib/jvm/java-7-openjdk/jre/lib/i386/libzip.so
b6324000-b632c000 rw-s 00000000 00:22 41230      /tmp/hsperfdata_castiel/3023
b632c000-b6351000 r-xp 00000000 08:05 130514     /usr/lib/jvm/java-7-openjdk/jre/lib/i386/libjava.so
b6351000-b6352000 rw-p 00025000 08:05 130514     /usr/lib/jvm/java-7-openjdk/jre/lib/i386/libjava.so
b6352000-b6359000 r-xp 00000000 08:05 393451     /usr/lib/librt-2.23.so
b6359000-b635a000 r--p 00006000 08:05 393451     /usr/lib/librt-2.23.so
b635a000-b635b000 rw-p 00007000 08:05 393451     /usr/lib/librt-2.23.so
b635b000-b635e000 ---p 00000000 00:00 0 
b635e000-b63ac000 rw-p 00000000 00:00 0          [stack:3027]
b63ac000-b63c8000 r-xp 00000000 08:05 393668     /usr/lib/libgcc_s.so.1
b63c8000-b63c9000 rw-p 0001b000 08:05 393668     /usr/lib/libgcc_s.so.1
b63c9000-b641c000 r-xp 00000000 08:05 393448     /usr/lib/libm-2.23.so
b641c000-b641d000 r--p 00052000 08:05 393448     /usr/lib/libm-2.23.so
b641d000-b641e000 rw-p 00053000 08:05 393448     /usr/lib/libm-2.23.so
b641e000-b6593000 r-xp 00000000 08:05 393707     /usr/lib/libstdc++.so.6.0.22
b6593000-b6599000 r--p 00174000 08:05 393707     /usr/lib/libstdc++.so.6.0.22
b6599000-b659a000 rw-p 0017a000 08:05 393707     /usr/lib/libstdc++.so.6.0.22
b659a000-b659d000 rw-p 00000000 00:00 0 
b659d000-b7105000 r-xp 00000000 08:05 130550     /usr/lib/jvm/java-7-openjdk/jre/lib/i386/server/libjvm.so
b7105000-b7164000 rw-p 00b67000 08:05 130550     /usr/lib/jvm/java-7-openjdk/jre/lib/i386/server/libjvm.so
b7164000-b7583000 rw-p 00000000 00:00 0 
b7583000-b7599000 r-xp 00000000 08:05 396574     /usr/lib/libz.so.1.2.8
b7599000-b759a000 r--p 00015000 08:05 396574     /usr/lib/libz.so.1.2.8
b759a000-b759b000 rw-p 00016000 08:05 396574     /usr/lib/libz.so.1.2.8
b759b000-b7749000 r-xp 00000000 08:05 393369     /usr/lib/libc-2.23.so
b7749000-b774a000 ---p 001ae000 08:05 393369     /usr/lib/libc-2.23.so
b774a000-b774c000 r--p 001ae000 08:05 393369     /usr/lib/libc-2.23.so
b774c000-b774d000 rw-p 001b0000 08:05 393369     /usr/lib/libc-2.23.so
b774d000-b7750000 rw-p 00000000 00:00 0 
b7750000-b7753000 r-xp 00000000 08:05 393447     /usr/lib/libdl-2.23.so
b7753000-b7754000 r--p 00002000 08:05 393447     /usr/lib/libdl-2.23.so
b7754000-b7755000 rw-p 00003000 08:05 393447     /usr/lib/libdl-2.23.so
b7755000-b7756000 rw-p 00000000 00:00 0 
b7756000-b7762000 r-xp 00000000 08:05 130543     /usr/lib/jvm/java-7-openjdk/jre/lib/i386/jli/libjli.so
b7762000-b7763000 rw-p 0000b000 08:05 130543     /usr/lib/jvm/java-7-openjdk/jre/lib/i386/jli/libjli.so
b7763000-b777c000 r-xp 00000000 08:05 393343     /usr/lib/libpthread-2.23.so
b777c000-b777d000 r--p 00018000 08:05 393343     /usr/lib/libpthread-2.23.so
b777d000-b777e000 rw-p 00019000 08:05 393343     /usr/lib/libpthread-2.23.so
b777e000-b7780000 rw-p 00000000 00:00 0 
b7780000-b7781000 rw-s f7f63000 00:06 13401      /dev/nvidia0
b7781000-b7782000 rw-s 13dfc000 00:06 13400      /dev/nvidiactl
b7782000-b7783000 rw-s fd060000 00:06 13401      /dev/nvidia0
b7783000-b7784000 rwxp 00000000 00:00 0 
b7784000-b778f000 r-xp 00000000 08:05 393443     /usr/lib/libnss_files-2.23.so
b778f000-b7790000 r--p 0000a000 08:05 393443     /usr/lib/libnss_files-2.23.so
b7790000-b7791000 rw-p 0000b000 08:05 393443     /usr/lib/libnss_files-2.23.so
b7791000-b7798000 rw-p 00000000 00:00 0 
b7798000-b7799000 r--p 00000000 00:00 0 
b7799000-b77a4000 r-xp 00000000 08:05 130513     /usr/lib/jvm/java-7-openjdk/jre/lib/i386/libverify.so
b77a4000-b77a5000 rw-p 0000a000 08:05 130513     /usr/lib/jvm/java-7-openjdk/jre/lib/i386/libverify.so
b77a5000-b77a6000 rw-p 00000000 00:00 0 
b77a6000-b77a8000 r--p 00000000 00:00 0          [vvar]
b77a8000-b77a9000 r-xp 00000000 00:00 0          [vdso]
b77a9000-b77cb000 r-xp 00000000 08:05 393368     /usr/lib/ld-2.23.so
b77cb000-b77cc000 r--p 00021000 08:05 393368     /usr/lib/ld-2.23.so
b77cc000-b77cd000 rw-p 00022000 08:05 393368     /usr/lib/ld-2.23.so
bfdcc000-bfdcd000 rwxp 00000000 00:00 0 
bfdff000-bfe20000 rw-p 00000000 00:00 0          [stack]

VM Arguments:
jvm_args: -Dfile.encoding=UTF-8 -Djava.library.path=/home/castiel/Downloads/LWJGL -- Java Open GL/native/ 
java_command: opengl.test.Demo
Launcher Type: SUN_STANDARD

Environment Variables:
PATH=/usr/local/sbin:/usr/local/bin:/usr/bin:/usr/lib/jvm/default/bin:/usr/bin/site_perl:/usr/bin/vendor_perl:/usr/bin/core_perl
LD_LIBRARY_PATH=/usr/lib/jvm/default/bin/../jre/lib/amd64:/usr/lib/jvm/default/bin/../jre/lib/i386:
SHELL=/bin/bash
DISPLAY=:0.0

Signal Handlers:
SIGSEGV: [libjvm.so+0x812cd0], sa_mask[0]=0x7ffbfeff, sa_flags=0x10000004
SIGBUS: [libjvm.so+0x812cd0], sa_mask[0]=0x7ffbfeff, sa_flags=0x10000004
SIGFPE: [libjvm.so+0x68b580], sa_mask[0]=0x7ffbfeff, sa_flags=0x10000004
SIGPIPE: [libjvm.so+0x68b580], sa_mask[0]=0x7ffbfeff, sa_flags=0x10000004
SIGXFSZ: [libjvm.so+0x68b580], sa_mask[0]=0x7ffbfeff, sa_flags=0x10000004
SIGILL: [libjvm.so+0x68b580], sa_mask[0]=0x7ffbfeff, sa_flags=0x10000004
SIGUSR1: SIG_DFL, sa_mask[0]=0x00000000, sa_flags=0x00000000
SIGUSR2: [libjvm.so+0x68b3d0], sa_mask[0]=0x00000004, sa_flags=0x10000004
SIGHUP: [libjvm.so+0x68b5b0], sa_mask[0]=0x7ffbfeff, sa_flags=0x10000004
SIGINT: SIG_IGN, sa_mask[0]=0x00000000, sa_flags=0x00000000
SIGTERM: [libjvm.so+0x68b5b0], sa_mask[0]=0x7ffbfeff, sa_flags=0x10000004
SIGQUIT: [libjvm.so+0x68b5b0], sa_mask[0]=0x7ffbfeff, sa_flags=0x10000004
SIGTRAP: SIG_DFL, sa_mask[0]=0x00000000, sa_flags=0x00000000


---------------  S Y S T E M  ---------------

OS:Linux
uname:Linux 4.4.10-1-lts #1 SMP Wed May 11 21:32:48 CEST 2016 i686
libc:glibc 2.23 NPTL 2.23 
rlimit: STACK 8192k, CORE infinity, NPROC 27267, NOFILE 4096, AS infinity
load average:0.88 0.81 0.80

/proc/meminfo:
MemTotal:        3494600 kB
MemFree:          428372 kB
MemAvailable:    1895384 kB
Buffers:          190984 kB
Cached:          1504008 kB
SwapCached:            0 kB
Active:          1698540 kB
Inactive:        1223320 kB
Active(anon):    1276644 kB
Inactive(anon):    31768 kB
Active(file):     421896 kB
Inactive(file):  1191552 kB
Unevictable:          32 kB
Mlocked:              32 kB
HighTotal:       2629320 kB
HighFree:         276724 kB
LowTotal:         865280 kB
LowFree:          151648 kB
SwapTotal:             0 kB
SwapFree:              0 kB
Dirty:               548 kB
Writeback:             0 kB
AnonPages:       1226816 kB
Mapped:           313288 kB
Shmem:             81532 kB
Slab:              69688 kB
SReclaimable:      54100 kB
SUnreclaim:        15588 kB
KernelStack:        3216 kB
PageTables:         5348 kB
NFS_Unstable:          0 kB
Bounce:                0 kB
WritebackTmp:          0 kB
CommitLimit:     1747300 kB
Committed_AS:    3898516 kB
VmallocTotal:     122880 kB
VmallocUsed:           0 kB
VmallocChunk:          0 kB
HardwareCorrupted:     0 kB
AnonHugePages:    536576 kB
HugePages_Total:       0
HugePages_Free:        0
HugePages_Rsvd:        0
HugePages_Surp:        0
Hugepagesize:       4096 kB
DirectMap4k:      274424 kB
DirectMap4M:      634880 kB


CPU:total 2 (2 cores per cpu, 1 threads per core) family 6 model 23 stepping 10, cmov, cx8, fxsr, mmx, sse, sse2, sse3, ssse3, sse4.1, tsc

/proc/cpuinfo:
processor	: 0
vendor_id	: GenuineIntel
cpu family	: 6
model		: 23
model name	: Intel(R) Core(TM)2 Duo CPU     E8400  @ 3.00GHz
stepping	: 10
microcode	: 0xa07
cpu MHz		: 3003.000
cache size	: 6144 KB
physical id	: 0
siblings	: 2
core id		: 0
cpu cores	: 2
apicid		: 0
initial apicid	: 0
fdiv_bug	: no
f00f_bug	: no
coma_bug	: no
fpu		: yes
fpu_exception	: yes
cpuid level	: 13
wp		: yes
flags		: fpu vme de pse tsc msr pae mce cx8 apic sep mtrr pge mca cmov pat pse36 clflush dts acpi mmx fxsr sse sse2 ss ht tm pbe lm constant_tsc arch_perfmon pebs bts aperfmperf pni dtes64 monitor ds_cpl vmx smx est tm2 ssse3 cx16 xtpr pdcm sse4_1 xsave lahf_lm dtherm tpr_shadow vnmi flexpriority
bugs		:
bogomips	: 5986.73
clflush size	: 64
cache_alignment	: 64
address sizes	: 36 bits physical, 48 bits virtual
power management:

processor	: 1
vendor_id	: GenuineIntel
cpu family	: 6
model		: 23
model name	: Intel(R) Core(TM)2 Duo CPU     E8400  @ 3.00GHz
stepping	: 10
microcode	: 0xa07
cpu MHz		: 3003.000
cache size	: 6144 KB
physical id	: 0
siblings	: 2
core id		: 1
cpu cores	: 2
apicid		: 1
initial apicid	: 1
fdiv_bug	: no
f00f_bug	: no
coma_bug	: no
fpu		: yes
fpu_exception	: yes
cpuid level	: 13
wp		: yes
flags		: fpu vme de pse tsc msr pae mce cx8 apic sep mtrr pge mca cmov pat pse36 clflush dts acpi mmx fxsr sse sse2 ss ht tm pbe lm constant_tsc arch_perfmon pebs bts aperfmperf pni dtes64 monitor ds_cpl vmx smx est tm2 ssse3 cx16 xtpr pdcm sse4_1 xsave lahf_lm dtherm tpr_shadow vnmi flexpriority
bugs		:
bogomips	: 5986.73
clflush size	: 64
cache_alignment	: 64
address sizes	: 36 bits physical, 48 bits virtual
power management:



Memory: 4k page, physical 3494600k(424344k free), swap 0k(0k free)

vm_info: OpenJDK Server VM (24.95-b01) for linux-x86 JRE (1.7.0_101-b00), built on May  2 2016 15:59:33 by "builduser" with gcc 5.3.0

time: Mon May 16 17:32:08 2016
elapsed time: 4 seconds

