#
# A fatal error has been detected by the Java Runtime Environment:
#
#  SIGSEGV (0xb) at pc=0x75701e47, pid=3814, tid=3057257280
#
# JRE version: OpenJDK Runtime Environment (7.0_95) (build 1.7.0_95-b00)
# Java VM: OpenJDK Server VM (24.95-b01 mixed mode linux-x86 )
# Derivative: IcedTea 2.6.4
# Distribution: Custom build (Thu Jan 21 12:40:31 UTC 2016)
# Problematic frame:
# C  0x75701e47
#
# Core dump written. Default location: /home/castiel/Dev/Java/Project/OpenGl Test/core or core.3814
#
# If you would like to submit a bug report, please include
# instructions on how to reproduce the bug and visit:
#   http://icedtea.classpath.org/bugzilla
# The crash happened outside the Java Virtual Machine in native code.
# See problematic frame for where to report the bug.
#

---------------  T H R E A D  ---------------

Current thread (0xb6206400):  JavaThread "main" [_thread_in_native, id=3817, stack(0xb6350000,0xb63a1000)]

siginfo:si_signo=SIGSEGV: si_errno=0, si_code=1 (SEGV_MAPERR), si_addr=0x00000000

Registers:
EAX=0x6f8405b8, EBX=0x6fb89000, ECX=0x00000000, EDX=0x6f3716c4
ESP=0xb639f9b8, EBP=0x6f3716d8, ESI=0x00000000, EDI=0x00000000
EIP=0x75701e47, EFLAGS=0x00010246, CR2=0x00000000

Top of Stack: (sp=0xb639f9b8)
0xb639f9b8:   6f3716d8 000000c0 00000000 6fb89000
0xb639f9c8:   00000000 717cd8bc 6fb89000 6f8405b8
0xb639f9d8:   6f3716c0 00000006 00000000 00000000
0xb639f9e8:   00000000 00000000 00000020 00000000
0xb639f9f8:   6faa2ab0 6f35dac8 6fa0d008 75701e00
0xb639fa08:   00000000 00000000 00000006 00000000
0xb639fa18:   00000000 00000000 00000000 00000006
0xb639fa28:   6f3716c0 6f3716c0 00000029 6f35dac8 

Instructions: (pc=0x75701e47)
0x75701e27:   2c 24 8b 0a 03 0d a8 61 bd 6f 83 c2 04 8b 35 54
0x75701e37:   79 bb 6f 8b b6 84 02 00 00 8b f9 c1 e7 05 03 f7
0x75701e47:   8b 3e 8b 6e 04 89 38 89 68 04 8b 7e 08 89 78 08
0x75701e57:   8b 35 54 79 bb 6f 8b b6 ac 02 00 00 8b f9 c1 e7 

Register to memory mapping:

EAX=0x6f8405b8 is an unknown value
EBX=0x6fb89000 is an unknown value
ECX=0x00000000 is an unknown value
EDX=0x6f3716c4 is an unknown value
ESP=0xb639f9b8 is pointing into the stack for thread: 0xb6206400
EBP=0x6f3716d8 is an unknown value
ESI=0x00000000 is an unknown value
EDI=0x00000000 is an unknown value


Stack: [0xb6350000,0xb63a1000],  sp=0xb639f9b8,  free space=318k
Native frames: (J=compiled Java code, j=interpreted, Vv=VM code, C=native code)
C  0x75701e47

Java frames: (J=compiled Java code, j=interpreted, Vv=VM code)
j  org.lwjgl.system.JNI.callIIIPV(JIIIJ)V+0
j  org.lwjgl.opengl.GL11.nglDrawElements(IIIJ)V+14
j  org.lwjgl.opengl.GL11.glDrawElements(IIIJ)V+17
j  opengl.test.object.tugiac.render()V+32
j  opengl.test.Demo.render()V+111
j  opengl.test.OpenGL.loop()V+29
j  opengl.test.OpenGL.<init>()V+200
j  opengl.test.Demo.<init>()V+1
j  opengl.test.Demo.main([Ljava/lang/String;)V+4
v  ~StubRoutines::call_stub

---------------  P R O C E S S  ---------------

Java Threads: ( => current thread )
  0x72e2e400 JavaThread "Service Thread" daemon [_thread_blocked, id=3827, stack(0x72a22000,0x72a73000)]
  0x72e2c400 JavaThread "C2 CompilerThread1" daemon [_thread_blocked, id=3826, stack(0x72a73000,0x72af4000)]
  0x72e2a400 JavaThread "C2 CompilerThread0" daemon [_thread_blocked, id=3825, stack(0x72af4000,0x72b75000)]
  0x72e28c00 JavaThread "Signal Dispatcher" daemon [_thread_blocked, id=3824, stack(0x72b75000,0x72bc6000)]
  0x72e15000 JavaThread "Finalizer" daemon [_thread_blocked, id=3823, stack(0x72d5e000,0x72daf000)]
  0x72e13800 JavaThread "Reference Handler" daemon [_thread_blocked, id=3822, stack(0x72daf000,0x72e00000)]
=>0xb6206400 JavaThread "main" [_thread_in_native, id=3817, stack(0xb6350000,0xb63a1000)]

Other Threads:
  0x72e11000 VMThread [stack: 0x72f47000,0x72fc8000] [id=3821]
  0x72e30000 WatcherThread [stack: 0x729a1000,0x72a22000] [id=3828]

VM state:not at safepoint (normal execution)

VM Mutex/Monitor currently owned by a thread: None

Heap
 PSYoungGen      total 16128K, used 10740K [0xa1480000, 0xa2640000, 0xb3140000)
  eden space 14080K, 76% used [0xa1480000,0xa1efd3a0,0xa2240000)
  from space 2048K, 0% used [0xa2440000,0xa2440000,0xa2640000)
  to   space 2048K, 0% used [0xa2240000,0xa2240000,0xa2440000)
 ParOldGen       total 36352K, used 0K [0x7db40000, 0x7fec0000, 0xa1480000)
  object space 36352K, 0% used [0x7db40000,0x7db40000,0x7fec0000)
 PSPermGen       total 16384K, used 5668K [0x75b40000, 0x76b40000, 0x7db40000)
  object space 16384K, 34% used [0x75b40000,0x760c9378,0x76b40000)

Card table byte_map: [0x75954000,0x75b40000] byte_map_base: 0x755a6600

Polling page: 0xb7780000

Code Cache  [0xb3200000, 0xb3440000, 0xb6200000)
 total_blobs=416 nmethods=21 adapters=350 free_code_cache=48727Kb largest_free_block=49885952

Compilation events (10 events):
Event: 0.630 Thread 0x72e2c400   16             java.lang.String::equals (81 bytes)
Event: 0.634 Thread 0x72e2c400 nmethod 16 0xb3267e48 code [0xb3267f40, 0xb32681d0]
Event: 0.694 Thread 0x72e2a400   17             sun.net.www.ParseUtil::encodePath (336 bytes)
Event: 0.700 Thread 0x72e2a400 nmethod 17 0xb3265008 code [0xb3265160, 0xb3265704]
Event: 0.727 Thread 0x72e2c400   18             java.lang.String::length (6 bytes)
Event: 0.728 Thread 0x72e2c400 nmethod 18 0xb32649c8 code [0xb3264ac0, 0xb3264b10]
Event: 0.770 Thread 0x72e2c400   20             java.lang.String::startsWith (72 bytes)
Event: 0.772 Thread 0x72e2c400 nmethod 20 0xb3268588 code [0xb3268680, 0xb32687b0]
Event: 0.794 Thread 0x72e2a400   21             java.lang.Math::min (11 bytes)
Event: 0.794 Thread 0x72e2a400 nmethod 21 0xb326a008 code [0xb326a0e0, 0xb326a110]

GC Heap History (0 events):
No events

Deoptimization events (4 events):
Event: 0.777 Thread 0xb6206400 Uncommon trap: reason=unstable_if action=reinterpret pc=0xb325fb64 method=java.lang.String.replace(CC)Ljava/lang/String; @ 2
Event: 0.785 Thread 0xb6206400 Uncommon trap: reason=unstable_if action=reinterpret pc=0xb3264168 method=java.lang.String.indexOf([CII[CIII)I @ 123
Event: 0.786 Thread 0xb6206400 Uncommon trap: reason=predicate action=maybe_recompile pc=0xb326565c method=sun.net.www.ParseUtil.encodePath(Ljava/lang/String;Z)Ljava/lang/String; @ 36
Event: 0.793 Thread 0xb6206400 Uncommon trap: reason=unstable_if action=reinterpret pc=0xb3268120 method=java.lang.String.equals(Ljava/lang/Object;)Z @ 66

Internal exceptions (10 events):
Event: 0.787 Thread 0xb6206400 Threw 0xa1e866c8 at /build/java7-openjdk/src/icedtea-2.6.4/openjdk/hotspot/src/share/vm/prims/jvm.cpp:1322
Event: 0.787 Thread 0xb6206400 Threw 0xa1e867e0 at /build/java7-openjdk/src/icedtea-2.6.4/openjdk/hotspot/src/share/vm/prims/jvm.cpp:1322
Event: 0.787 Thread 0xb6206400 Threw 0xa1e86ff8 at /build/java7-openjdk/src/icedtea-2.6.4/openjdk/hotspot/src/share/vm/prims/jvm.cpp:1322
Event: 0.787 Thread 0xb6206400 Threw 0xa1e87110 at /build/java7-openjdk/src/icedtea-2.6.4/openjdk/hotspot/src/share/vm/prims/jvm.cpp:1322
Event: 0.801 Thread 0xb6206400 Threw 0xa1ea5ab8 at /build/java7-openjdk/src/icedtea-2.6.4/openjdk/hotspot/src/share/vm/prims/jvm.cpp:1322
Event: 0.801 Thread 0xb6206400 Threw 0xa1ea8548 at /build/java7-openjdk/src/icedtea-2.6.4/openjdk/hotspot/src/share/vm/prims/jvm.cpp:1322
Event: 0.802 Thread 0xb6206400 Threw 0xa1eaa5b0 at /build/java7-openjdk/src/icedtea-2.6.4/openjdk/hotspot/src/share/vm/prims/jvm.cpp:1322
Event: 0.804 Thread 0xb6206400 Threw 0xa1eb98a0 at /build/java7-openjdk/src/icedtea-2.6.4/openjdk/hotspot/src/share/vm/prims/jvm.cpp:1322
Event: 0.804 Thread 0xb6206400 Threw 0xa1ebceb0 at /build/java7-openjdk/src/icedtea-2.6.4/openjdk/hotspot/src/share/vm/prims/jvm.cpp:1322
Event: 0.808 Thread 0xb6206400 Threw 0xa1ec7be8 at /build/java7-openjdk/src/icedtea-2.6.4/openjdk/hotspot/src/share/vm/prims/jvm.cpp:1322

Events (10 events):
Event: 0.801 loading class 0x6f360700
Event: 0.801 loading class 0x6f360700 done
Event: 0.802 loading class 0x6f360740
Event: 0.802 loading class 0x6f360740 done
Event: 0.804 loading class 0x6f676370
Event: 0.804 loading class 0x6f676370 done
Event: 0.804 loading class 0x6f360ba0
Event: 0.804 loading class 0x6f360ba0 done
Event: 0.808 loading class 0x72e652e0
Event: 0.808 loading class 0x72e652e0 done


Dynamic libraries:
08048000-08049000 r-xp 00000000 08:05 662509     /usr/lib/jvm/java-7-openjdk/jre/bin/java
08049000-0804a000 rw-p 00000000 08:05 662509     /usr/lib/jvm/java-7-openjdk/jre/bin/java
092cc000-09338000 rw-p 00000000 00:00 0          [heap]
6f300000-6f3ef000 rw-p 00000000 00:00 0 
6f3ef000-6f400000 ---p 00000000 00:00 0 
6f400000-6f452000 rw-p 00000000 00:00 0 
6f452000-6f500000 ---p 00000000 00:00 0 
6f500000-6f580000 rw-s 048d1000 00:06 12735      /dev/nvidiactl
6f580000-6f600000 rw-s 048a1000 00:06 12735      /dev/nvidiactl
6f600000-6f6ff000 rw-p 00000000 00:00 0 
6f6ff000-6f700000 ---p 00000000 00:00 0 
6f75a000-6f7da000 rw-s 17b1e000 00:06 12735      /dev/nvidiactl
6f7da000-6f8da000 rw-s 048e6000 00:06 12735      /dev/nvidiactl
6f8da000-6f8ed000 rw-s 04453000 00:06 12735      /dev/nvidiactl
6f8ed000-6f90d000 rw-s f0100000 00:06 12736      /dev/nvidia0
6f90d000-6f94d000 rw-s 11beb000 00:06 12735      /dev/nvidiactl
6f94d000-6f96d000 rw-s 101a9000 00:06 12735      /dev/nvidiactl
6f96d000-6f9ad000 rw-s 1be2b000 00:06 12735      /dev/nvidiactl
6f9ad000-6f9cd000 rw-s 03cec000 00:06 12735      /dev/nvidiactl
6f9cd000-6fa0d000 rw-s 040ca000 00:06 12735      /dev/nvidiactl
6fa0d000-6fbfc000 rw-p 00000000 00:00 0 
6fbfc000-6fd00000 rw-s 30d93000 00:06 12735      /dev/nvidiactl
6fd00000-6fdec000 rw-p 00000000 00:00 0 
6fdec000-6fe00000 ---p 00000000 00:00 0 
6fe05000-6fe09000 rw-s 21b1f000 00:06 12735      /dev/nvidiactl
6fe09000-6fe29000 rw-s 03e63000 00:06 12735      /dev/nvidiactl
6fe29000-6fe6a000 rw-p 00000000 00:00 0 
6fe6a000-719a7000 r-xp 00000000 08:05 426727     /usr/lib/libnvidia-glcore.so.361.28
719a7000-719c7000 rwxp 01b3d000 08:05 426727     /usr/lib/libnvidia-glcore.so.361.28
719c7000-72043000 r-xp 01b5d000 08:05 426727     /usr/lib/libnvidia-glcore.so.361.28
72043000-720e0000 rw-p 021d8000 08:05 426727     /usr/lib/libnvidia-glcore.so.361.28
720e0000-720ef000 rw-p 00000000 00:00 0 
720ef000-720f3000 r-xp 00000000 08:05 443891     /usr/lib/tls/libnvidia-tls.so.361.28
720f3000-720f4000 rw-p 00003000 08:05 443891     /usr/lib/tls/libnvidia-tls.so.361.28
720f4000-721b2000 r-xp 00000000 08:05 393610     /usr/lib/libGLX_nvidia.so.361.28
721b2000-721d2000 rwxp 000be000 08:05 393610     /usr/lib/libGLX_nvidia.so.361.28
721d2000-721fa000 r-xp 000de000 08:05 393610     /usr/lib/libGLX_nvidia.so.361.28
721fa000-72200000 rw-p 00105000 08:05 393610     /usr/lib/libGLX_nvidia.so.361.28
72200000-72203000 rw-p 00000000 00:00 0 
72203000-72297000 r-xp 00000000 08:05 443850     /usr/lib/libGLdispatch.so.0.0.0
72297000-7229f000 r--p 00093000 08:05 443850     /usr/lib/libGLdispatch.so.0.0.0
7229f000-722a0000 rw-p 0009b000 08:05 443850     /usr/lib/libGLdispatch.so.0.0.0
722a0000-722b0000 rw-p 00000000 00:00 0 
722b0000-723fb000 r-xp 00000000 08:05 417030     /usr/lib/libX11.so.6.3.0
723fb000-723fd000 r--p 0014b000 08:05 417030     /usr/lib/libX11.so.6.3.0
723fd000-72400000 rw-p 0014d000 08:05 417030     /usr/lib/libX11.so.6.3.0
72400000-72800000 rw-p 00000000 00:00 0 
72800000-72811000 r-xp 00000000 08:05 443851     /usr/lib/libGLX.so.0.0.0
72811000-72812000 r--p 00010000 08:05 443851     /usr/lib/libGLX.so.0.0.0
72812000-72813000 rw-p 00011000 08:05 443851     /usr/lib/libGLX.so.0.0.0
72813000-72823000 rw-p 00000000 00:00 0 
72823000-72891000 r-xp 00000000 08:05 443890     /usr/lib/nvidia/libGL.so.1.0.0
72891000-72892000 r--p 0006d000 08:05 443890     /usr/lib/nvidia/libGL.so.1.0.0
72892000-72893000 rw-p 0006e000 08:05 443890     /usr/lib/nvidia/libGL.so.1.0.0
72893000-72898000 r-xp 00000000 08:05 414447     /usr/lib/libXdmcp.so.6.0.0
72898000-72899000 r--p 00004000 08:05 414447     /usr/lib/libXdmcp.so.6.0.0
72899000-7289a000 rw-p 00005000 08:05 414447     /usr/lib/libXdmcp.so.6.0.0
7289a000-7289c000 r-xp 00000000 08:05 414580     /usr/lib/libXau.so.6.0.0
7289c000-7289d000 r--p 00001000 08:05 414580     /usr/lib/libXau.so.6.0.0
7289d000-7289e000 rw-p 00002000 08:05 414580     /usr/lib/libXau.so.6.0.0
7289e000-728a2000 r-xp 00000000 08:05 418466     /usr/lib/libXfixes.so.3.1.0
728a2000-728a3000 r--p 00003000 08:05 418466     /usr/lib/libXfixes.so.3.1.0
728a3000-728a4000 rw-p 00004000 08:05 418466     /usr/lib/libXfixes.so.3.1.0
728a4000-728ae000 r-xp 00000000 08:05 419232     /usr/lib/libXrender.so.1.3.0
728ae000-728af000 r--p 00009000 08:05 419232     /usr/lib/libXrender.so.1.3.0
728af000-728b0000 rw-p 0000a000 08:05 419232     /usr/lib/libXrender.so.1.3.0
728b0000-728c3000 r-xp 00000000 08:05 418425     /usr/lib/libXext.so.6.4.0
728c3000-728c4000 r--p 00012000 08:05 418425     /usr/lib/libXext.so.6.4.0
728c4000-728c5000 rw-p 00013000 08:05 418425     /usr/lib/libXext.so.6.4.0
728c5000-728e9000 r-xp 00000000 08:05 416949     /usr/lib/libxcb.so.1.1.0
728e9000-728ea000 ---p 00024000 08:05 416949     /usr/lib/libxcb.so.1.1.0
728ea000-728eb000 r--p 00024000 08:05 416949     /usr/lib/libxcb.so.1.1.0
728eb000-728ec000 rw-p 00025000 08:05 416949     /usr/lib/libxcb.so.1.1.0
728ec000-728f6000 r-xp 00000000 08:05 419326     /usr/lib/libXcursor.so.1.0.2
728f6000-728f7000 r--p 00009000 08:05 419326     /usr/lib/libXcursor.so.1.0.2
728f7000-728f8000 rw-p 0000a000 08:05 419326     /usr/lib/libXcursor.so.1.0.2
728f8000-728fd000 r-xp 00000000 08:05 418458     /usr/lib/libXxf86vm.so.1.0.0
728fd000-728fe000 r--p 00004000 08:05 418458     /usr/lib/libXxf86vm.so.1.0.0
728fe000-728ff000 rw-p 00005000 08:05 418458     /usr/lib/libXxf86vm.so.1.0.0
728ff000-72910000 r-xp 00000000 08:05 419224     /usr/lib/libXi.so.6.1.0
72910000-72911000 r--p 00010000 08:05 419224     /usr/lib/libXi.so.6.1.0
72911000-72912000 rw-p 00011000 08:05 419224     /usr/lib/libXi.so.6.1.0
72913000-72936000 rw-p 00000000 00:00 0 
72936000-72941000 r-xp 00000000 08:06 169984     /home/castiel/Downloads/LWJGL -- Java Open GL/native/liblwjgl32.so
72941000-7299e000 r-xp 00000000 00:00 0 
7299e000-7299f000 r--p 00031000 08:06 169984     /home/castiel/Downloads/LWJGL -- Java Open GL/native/liblwjgl32.so
7299f000-729a0000 rw-p 00032000 08:06 169984     /home/castiel/Downloads/LWJGL -- Java Open GL/native/liblwjgl32.so
729a0000-729a1000 rw-p 00000000 00:00 0 
729a1000-729a2000 ---p 00000000 00:00 0 
729a2000-72a22000 rw-p 00000000 00:00 0          [stack:3828]
72a22000-72a25000 ---p 00000000 00:00 0 
72a25000-72a73000 rw-p 00000000 00:00 0          [stack:3827]
72a73000-72a76000 ---p 00000000 00:00 0 
72a76000-72af4000 rw-p 00000000 00:00 0          [stack:3826]
72af4000-72af7000 ---p 00000000 00:00 0 
72af7000-72b75000 rw-p 00000000 00:00 0          [stack:3825]
72b75000-72b78000 ---p 00000000 00:00 0 
72b78000-72bc6000 rw-p 00000000 00:00 0          [stack:3824]
72bc6000-72d5e000 r--p 00000000 08:05 453414     /usr/lib/locale/locale-archive
72d5e000-72d61000 ---p 00000000 00:00 0 
72d61000-72daf000 rw-p 00000000 00:00 0          [stack:3823]
72daf000-72db2000 ---p 00000000 00:00 0 
72db2000-72e00000 rw-p 00000000 00:00 0          [stack:3822]
72e00000-72eff000 rw-p 00000000 00:00 0 
72eff000-72f00000 ---p 00000000 00:00 0 
72f00000-72f02000 rw-s 00000000 00:20 49696      /tmp/.glybJJ12 (deleted)
72f02000-72f04000 r-xp 00000000 08:05 419264     /usr/lib/libXinerama.so.1.0.0
72f04000-72f05000 r--p 00001000 08:05 419264     /usr/lib/libXinerama.so.1.0.0
72f05000-72f06000 rw-p 00002000 08:05 419264     /usr/lib/libXinerama.so.1.0.0
72f06000-72f07000 r-xp 00000000 08:06 169981     /home/castiel/Downloads/LWJGL -- Java Open GL/native/libjemalloc32.so
72f07000-72f44000 r-xp 00000000 00:00 0 
72f44000-72f45000 ---p 0003e000 08:06 169981     /home/castiel/Downloads/LWJGL -- Java Open GL/native/libjemalloc32.so
72f45000-72f46000 r--p 00019000 08:06 169981     /home/castiel/Downloads/LWJGL -- Java Open GL/native/libjemalloc32.so
72f46000-72f47000 rw-p 0001a000 08:06 169981     /home/castiel/Downloads/LWJGL -- Java Open GL/native/libjemalloc32.so
72f47000-72f48000 ---p 00000000 00:00 0 
72f48000-72fc8000 rw-p 00000000 00:00 0          [stack:3821]
72fc8000-7317a000 r--s 01d2f000 08:05 662492     /usr/lib/jvm/java-7-openjdk/jre/lib/rt.jar
7317a000-75400000 rw-p 00000000 00:00 0 
75400000-75441000 rw-p 00000000 00:00 0 
75441000-75500000 ---p 00000000 00:00 0 
75500000-75502000 r-xp 00000000 08:06 169978     /home/castiel/Downloads/LWJGL -- Java Open GL/native/libglfw32.so
75502000-75519000 r-xp 00000000 00:00 0 
75519000-7551a000 r--p 0000b000 08:06 169978     /home/castiel/Downloads/LWJGL -- Java Open GL/native/libglfw32.so
7551a000-7551b000 rw-p 0000c000 08:06 169978     /home/castiel/Downloads/LWJGL -- Java Open GL/native/libglfw32.so
7551b000-75536000 r--s 001e6000 08:06 170001     /home/castiel/Downloads/LWJGL -- Java Open GL/jar/lwjgl.jar
75536000-7557f000 rw-p 00000000 00:00 0 
7557f000-75580000 ---p 00000000 00:00 0 
75580000-75600000 rw-p 00000000 00:00 0          [stack:3819]
75600000-75621000 rw-p 00000000 00:00 0 
75621000-75700000 ---p 00000000 00:00 0 
75700000-75702000 r-xs 00000000 00:20 49696      /tmp/.glybJJ12 (deleted)
75702000-75703000 rw-s 04452000 00:06 12735      /dev/nvidiactl
75703000-75776000 rw-p 00000000 00:00 0 
75776000-75777000 ---p 00000000 00:00 0 
75777000-757ff000 rw-p 00000000 00:00 0          [stack:3818]
757ff000-75837000 rw-p 00000000 00:00 0 
75837000-75849000 rw-p 00000000 00:00 0 
75849000-75954000 rw-p 00000000 00:00 0 
75954000-7595c000 rw-p 00000000 00:00 0 
7595c000-75994000 rw-p 00000000 00:00 0 
75994000-759a6000 rw-p 00000000 00:00 0 
759a6000-75ab0000 rw-p 00000000 00:00 0 
75ab0000-75aba000 rw-p 00000000 00:00 0 
75aba000-75b3f000 rw-p 00000000 00:00 0 
75b3f000-76b40000 rw-p 00000000 00:00 0 
76b40000-7db40000 rw-p 00000000 00:00 0 
7db40000-7fec0000 rw-p 00000000 00:00 0 
7fec0000-a1480000 rw-p 00000000 00:00 0 
a1480000-a2640000 rw-p 00000000 00:00 0 
a2640000-b3140000 rw-p 00000000 00:00 0 
b3140000-b3149000 rw-p 00000000 00:00 0 
b3149000-b3200000 rw-p 00000000 00:00 0 
b3200000-b3440000 rwxp 00000000 00:00 0 
b3440000-b62fb000 rw-p 00000000 00:00 0 
b62fb000-b6300000 ---p 00000000 00:00 0 
b6300000-b6301000 rw-s f7f65000 00:06 12736      /dev/nvidia0
b6301000-b6302000 rw-s f7f64000 00:06 12736      /dev/nvidia0
b6302000-b6303000 rw-s f7f63000 00:06 12736      /dev/nvidia0
b6303000-b630e000 r-xp 00000000 08:05 419256     /usr/lib/libXrandr.so.2.2.0
b630e000-b630f000 r--p 0000a000 08:05 419256     /usr/lib/libXrandr.so.2.2.0
b630f000-b6310000 rw-p 0000b000 08:05 419256     /usr/lib/libXrandr.so.2.2.0
b6310000-b6318000 r-xp 00000000 08:05 130517     /usr/lib/jvm/java-7-openjdk/jre/lib/i386/libzip.so
b6318000-b6319000 rw-p 00007000 08:05 130517     /usr/lib/jvm/java-7-openjdk/jre/lib/i386/libzip.so
b6319000-b6321000 rw-s 00000000 00:20 50535      /tmp/hsperfdata_castiel/3814
b6321000-b6346000 r-xp 00000000 08:05 130516     /usr/lib/jvm/java-7-openjdk/jre/lib/i386/libjava.so
b6346000-b6347000 rw-p 00025000 08:05 130516     /usr/lib/jvm/java-7-openjdk/jre/lib/i386/libjava.so
b6347000-b634e000 r-xp 00000000 08:05 393438     /usr/lib/librt-2.23.so
b634e000-b634f000 r--p 00006000 08:05 393438     /usr/lib/librt-2.23.so
b634f000-b6350000 rw-p 00007000 08:05 393438     /usr/lib/librt-2.23.so
b6350000-b6353000 ---p 00000000 00:00 0 
b6353000-b63a1000 rw-p 00000000 00:00 0          [stack:3817]
b63a1000-b63bd000 r-xp 00000000 08:05 393667     /usr/lib/libgcc_s.so.1
b63bd000-b63be000 rw-p 0001b000 08:05 393667     /usr/lib/libgcc_s.so.1
b63be000-b6411000 r-xp 00000000 08:05 393435     /usr/lib/libm-2.23.so
b6411000-b6412000 r--p 00052000 08:05 393435     /usr/lib/libm-2.23.so
b6412000-b6413000 rw-p 00053000 08:05 393435     /usr/lib/libm-2.23.so
b6413000-b6580000 r-xp 00000000 08:05 420147     /usr/lib/libstdc++.so.6.0.21
b6580000-b6581000 ---p 0016d000 08:05 420147     /usr/lib/libstdc++.so.6.0.21
b6581000-b6586000 r--p 0016d000 08:05 420147     /usr/lib/libstdc++.so.6.0.21
b6586000-b6587000 rw-p 00172000 08:05 420147     /usr/lib/libstdc++.so.6.0.21
b6587000-b658a000 rw-p 00000000 00:00 0 
b658a000-b70ef000 r-xp 00000000 08:05 145403     /usr/lib/jvm/java-7-openjdk/jre/lib/i386/server/libjvm.so
b70ef000-b714e000 rw-p 00b65000 08:05 145403     /usr/lib/jvm/java-7-openjdk/jre/lib/i386/server/libjvm.so
b714e000-b756c000 rw-p 00000000 00:00 0 
b756c000-b7582000 r-xp 00000000 08:05 396574     /usr/lib/libz.so.1.2.8
b7582000-b7583000 r--p 00015000 08:05 396574     /usr/lib/libz.so.1.2.8
b7583000-b7584000 rw-p 00016000 08:05 396574     /usr/lib/libz.so.1.2.8
b7584000-b7732000 r-xp 00000000 08:05 393366     /usr/lib/libc-2.23.so
b7732000-b7733000 ---p 001ae000 08:05 393366     /usr/lib/libc-2.23.so
b7733000-b7735000 r--p 001ae000 08:05 393366     /usr/lib/libc-2.23.so
b7735000-b7736000 rw-p 001b0000 08:05 393366     /usr/lib/libc-2.23.so
b7736000-b7739000 rw-p 00000000 00:00 0 
b7739000-b773c000 r-xp 00000000 08:05 393434     /usr/lib/libdl-2.23.so
b773c000-b773d000 r--p 00002000 08:05 393434     /usr/lib/libdl-2.23.so
b773d000-b773e000 rw-p 00003000 08:05 393434     /usr/lib/libdl-2.23.so
b773e000-b773f000 rw-p 00000000 00:00 0 
b773f000-b774b000 r-xp 00000000 08:05 130545     /usr/lib/jvm/java-7-openjdk/jre/lib/i386/jli/libjli.so
b774b000-b774c000 rw-p 0000b000 08:05 130545     /usr/lib/jvm/java-7-openjdk/jre/lib/i386/jli/libjli.so
b774c000-b7765000 r-xp 00000000 08:05 393342     /usr/lib/libpthread-2.23.so
b7765000-b7766000 r--p 00018000 08:05 393342     /usr/lib/libpthread-2.23.so
b7766000-b7767000 rw-p 00019000 08:05 393342     /usr/lib/libpthread-2.23.so
b7767000-b7769000 rw-p 00000000 00:00 0 
b7769000-b776a000 rw-s 2eb4e000 00:06 12735      /dev/nvidiactl
b776a000-b776b000 rw-s fd060000 00:06 12736      /dev/nvidia0
b776b000-b776c000 rwxp 00000000 00:00 0 
b776c000-b7777000 r-xp 00000000 08:05 393430     /usr/lib/libnss_files-2.23.so
b7777000-b7778000 r--p 0000a000 08:05 393430     /usr/lib/libnss_files-2.23.so
b7778000-b7779000 rw-p 0000b000 08:05 393430     /usr/lib/libnss_files-2.23.so
b7779000-b7780000 rw-p 00000000 00:00 0 
b7780000-b7781000 r--p 00000000 00:00 0 
b7781000-b778c000 r-xp 00000000 08:05 130515     /usr/lib/jvm/java-7-openjdk/jre/lib/i386/libverify.so
b778c000-b778d000 rw-p 0000a000 08:05 130515     /usr/lib/jvm/java-7-openjdk/jre/lib/i386/libverify.so
b778d000-b778e000 rw-p 00000000 00:00 0 
b778e000-b7790000 r--p 00000000 00:00 0          [vvar]
b7790000-b7791000 r-xp 00000000 00:00 0          [vdso]
b7791000-b77b3000 r-xp 00000000 08:05 393363     /usr/lib/ld-2.23.so
b77b3000-b77b4000 r--p 00021000 08:05 393363     /usr/lib/ld-2.23.so
b77b4000-b77b5000 rw-p 00022000 08:05 393363     /usr/lib/ld-2.23.so
bfbd5000-bfbd6000 rwxp 00000000 00:00 0 
bfc08000-bfc29000 rw-p 00000000 00:00 0          [stack]

VM Arguments:
jvm_args: -Dfile.encoding=UTF-8 -Djava.library.path=/home/castiel/Downloads/LWJGL -- Java Open GL/native/ 
java_command: opengl.test.Demo
Launcher Type: SUN_STANDARD

Environment Variables:
PATH=/usr/local/sbin:/usr/local/bin:/usr/bin:/usr/lib/jvm/default/bin:/usr/bin/site_perl:/usr/bin/vendor_perl:/usr/bin/core_perl
LD_LIBRARY_PATH=/usr/lib/jvm/default/bin/../jre/lib/amd64:/usr/lib/jvm/default/bin/../jre/lib/i386:
SHELL=/bin/bash
DISPLAY=:0.0

Signal Handlers:
SIGSEGV: [libjvm.so+0x8114e0], sa_mask[0]=0x7ffbfeff, sa_flags=0x10000004
SIGBUS: [libjvm.so+0x8114e0], sa_mask[0]=0x7ffbfeff, sa_flags=0x10000004
SIGFPE: [libjvm.so+0x68a640], sa_mask[0]=0x7ffbfeff, sa_flags=0x10000004
SIGPIPE: [libjvm.so+0x68a640], sa_mask[0]=0x7ffbfeff, sa_flags=0x10000004
SIGXFSZ: [libjvm.so+0x68a640], sa_mask[0]=0x7ffbfeff, sa_flags=0x10000004
SIGILL: [libjvm.so+0x68a640], sa_mask[0]=0x7ffbfeff, sa_flags=0x10000004
SIGUSR1: SIG_DFL, sa_mask[0]=0x00000000, sa_flags=0x00000000
SIGUSR2: [libjvm.so+0x68a490], sa_mask[0]=0x00000004, sa_flags=0x10000004
SIGHUP: [libjvm.so+0x68a670], sa_mask[0]=0x7ffbfeff, sa_flags=0x10000004
SIGINT: SIG_IGN, sa_mask[0]=0x00000000, sa_flags=0x00000000
SIGTERM: [libjvm.so+0x68a670], sa_mask[0]=0x7ffbfeff, sa_flags=0x10000004
SIGQUIT: [libjvm.so+0x68a670], sa_mask[0]=0x7ffbfeff, sa_flags=0x10000004
SIGTRAP: SIG_DFL, sa_mask[0]=0x00000000, sa_flags=0x00000000


---------------  S Y S T E M  ---------------

OS:Linux
uname:Linux 4.1.20-1-lts #1 SMP Fri Mar 18 17:47:36 CET 2016 i686
libc:glibc 2.23 NPTL 2.23 
rlimit: STACK 8192k, CORE infinity, NPROC 27270, NOFILE 4096, AS infinity
load average:0.83 0.89 0.87

/proc/meminfo:
MemTotal:        3494900 kB
MemFree:          724460 kB
MemAvailable:    2270584 kB
Buffers:          116208 kB
Cached:          1434328 kB
SwapCached:            0 kB
Active:          1814888 kB
Inactive:         812052 kB
Active(anon):    1080020 kB
Inactive(anon):    25556 kB
Active(file):     734868 kB
Inactive(file):   786496 kB
Unevictable:          32 kB
Mlocked:              32 kB
HighTotal:       2629320 kB
HighFree:         484076 kB
LowTotal:         865580 kB
LowFree:          240384 kB
SwapTotal:             0 kB
SwapFree:              0 kB
Dirty:               284 kB
Writeback:             0 kB
AnonPages:       1076488 kB
Mapped:           277628 kB
Shmem:             29172 kB
Slab:              66764 kB
SReclaimable:      48220 kB
SUnreclaim:        18544 kB
KernelStack:        3048 kB
PageTables:         4888 kB
NFS_Unstable:          0 kB
Bounce:                0 kB
WritebackTmp:          0 kB
CommitLimit:     1747448 kB
Committed_AS:    3470868 kB
VmallocTotal:     122880 kB
VmallocUsed:       76144 kB
VmallocChunk:      40660 kB
HardwareCorrupted:     0 kB
AnonHugePages:    651264 kB
HugePages_Total:       0
HugePages_Free:        0
HugePages_Rsvd:        0
HugePages_Surp:        0
Hugepagesize:       4096 kB
DirectMap4k:      315384 kB
DirectMap4M:      593920 kB


CPU:total 2 (2 cores per cpu, 1 threads per core) family 6 model 23 stepping 10, cmov, cx8, fxsr, mmx, sse, sse2, sse3, ssse3, sse4.1, tsc

/proc/cpuinfo:
processor	: 0
vendor_id	: GenuineIntel
cpu family	: 6
model		: 23
model name	: Intel(R) Core(TM)2 Duo CPU     E8400  @ 3.00GHz
stepping	: 10
microcode	: 0xa07
cpu MHz		: 3003.000
cache size	: 6144 KB
physical id	: 0
siblings	: 2
core id		: 0
cpu cores	: 2
apicid		: 0
initial apicid	: 0
fdiv_bug	: no
f00f_bug	: no
coma_bug	: no
fpu		: yes
fpu_exception	: yes
cpuid level	: 13
wp		: yes
flags		: fpu vme de pse tsc msr pae mce cx8 apic sep mtrr pge mca cmov pat pse36 clflush dts acpi mmx fxsr sse sse2 ss ht tm pbe lm constant_tsc arch_perfmon pebs bts aperfmperf pni dtes64 monitor ds_cpl vmx smx est tm2 ssse3 cx16 xtpr pdcm sse4_1 xsave lahf_lm dtherm tpr_shadow vnmi flexpriority
bugs		:
bogomips	: 5987.33
clflush size	: 64
cache_alignment	: 64
address sizes	: 36 bits physical, 48 bits virtual
power management:

processor	: 1
vendor_id	: GenuineIntel
cpu family	: 6
model		: 23
model name	: Intel(R) Core(TM)2 Duo CPU     E8400  @ 3.00GHz
stepping	: 10
microcode	: 0xa07
cpu MHz		: 3003.000
cache size	: 6144 KB
physical id	: 0
siblings	: 2
core id		: 1
cpu cores	: 2
apicid		: 1
initial apicid	: 1
fdiv_bug	: no
f00f_bug	: no
coma_bug	: no
fpu		: yes
fpu_exception	: yes
cpuid level	: 13
wp		: yes
flags		: fpu vme de pse tsc msr pae mce cx8 apic sep mtrr pge mca cmov pat pse36 clflush dts acpi mmx fxsr sse sse2 ss ht tm pbe lm constant_tsc arch_perfmon pebs bts aperfmperf pni dtes64 monitor ds_cpl vmx smx est tm2 ssse3 cx16 xtpr pdcm sse4_1 xsave lahf_lm dtherm tpr_shadow vnmi flexpriority
bugs		:
bogomips	: 5987.33
clflush size	: 64
cache_alignment	: 64
address sizes	: 36 bits physical, 48 bits virtual
power management:



Memory: 4k page, physical 3494900k(724460k free), swap 0k(0k free)

vm_info: OpenJDK Server VM (24.95-b01) for linux-x86 JRE (1.7.0_95-b00), built on Jan 21 2016 12:43:41 by "builduser" with gcc 5.3.0

time: Sun Apr 24 21:35:11 2016
elapsed time: 0 seconds

