#
# A fatal error has been detected by the Java Runtime Environment:
#
#  SIGSEGV (0xb) at pc=0x72f02e47, pid=2874, tid=3057044288
#
# JRE version: OpenJDK Runtime Environment (7.0_95) (build 1.7.0_95-b00)
# Java VM: OpenJDK Server VM (24.95-b01 mixed mode linux-x86 )
# Derivative: IcedTea 2.6.4
# Distribution: Custom build (Thu Jan 21 12:40:31 UTC 2016)
# Problematic frame:
# C  0x72f02e47
#
# Core dump written. Default location: /home/castiel/Dev/Java/Project/OpenGl Test/core or core.2874
#
# If you would like to submit a bug report, please include
# instructions on how to reproduce the bug and visit:
#   http://icedtea.classpath.org/bugzilla
# The crash happened outside the Java Virtual Machine in native code.
# See problematic frame for where to report the bug.
#

---------------  T H R E A D  ---------------

Current thread (0xb6206400):  JavaThread "main" [_thread_in_native, id=2876, stack(0xb631c000,0xb636d000)]

siginfo:si_signo=SIGSEGV: si_errno=0, si_code=1 (SEGV_MAPERR), si_addr=0x00000000

Registers:
EAX=0x6f6d3608, EBX=0x6fd4b000, ECX=0x00000000, EDX=0x6f4b9684
ESP=0xb636b9b8, EBP=0x6f4b9698, ESI=0x00000000, EDI=0x00000000
EIP=0x72f02e47, EFLAGS=0x00010246, CR2=0x00000000

Top of Stack: (sp=0xb636b9b8)
0xb636b9b8:   6f4b9698 000000c0 00000000 6fd4b000
0xb636b9c8:   00000000 717628bc 6fd4b000 6f6d3608
0xb636b9d8:   6f4b9680 00000006 00000000 00000000
0xb636b9e8:   00000000 00000000 00000020 00000000
0xb636b9f8:   6fa15ab0 6f4a7dc0 6f980008 72f02e00
0xb636ba08:   00000000 00000000 00000006 00000000
0xb636ba18:   00000000 00000000 00000000 00000006
0xb636ba28:   6f4b9680 6f4b9680 00000029 6f4a7dc0 

Instructions: (pc=0x72f02e47)
0x72f02e27:   2c 24 8b 0a 03 0d a8 81 d9 6f 83 c2 04 8b 35 54
0x72f02e37:   99 d7 6f 8b b6 84 02 00 00 8b f9 c1 e7 05 03 f7
0x72f02e47:   8b 3e 8b 6e 04 89 38 89 68 04 8b 7e 08 89 78 08
0x72f02e57:   8b 35 54 99 d7 6f 8b b6 ac 02 00 00 8b f9 c1 e7 

Register to memory mapping:

EAX=0x6f6d3608 is an unknown value
EBX=0x6fd4b000 is an unknown value
ECX=0x00000000 is an unknown value
EDX=0x6f4b9684 is an unknown value
ESP=0xb636b9b8 is pointing into the stack for thread: 0xb6206400
EBP=0x6f4b9698 is an unknown value
ESI=0x00000000 is an unknown value
EDI=0x00000000 is an unknown value


Stack: [0xb631c000,0xb636d000],  sp=0xb636b9b8,  free space=318k
Native frames: (J=compiled Java code, j=interpreted, Vv=VM code, C=native code)
C  0x72f02e47

Java frames: (J=compiled Java code, j=interpreted, Vv=VM code)
j  org.lwjgl.system.JNI.callIIIPV(JIIIJ)V+0
j  org.lwjgl.opengl.GL11.nglDrawElements(IIIJ)V+14
j  org.lwjgl.opengl.GL11.glDrawElements(IIIJ)V+17
j  opengl.test.object.tugiac.render()V+32
j  opengl.test.Demo.render()V+109
j  opengl.test.OpenGL.loop()V+29
j  opengl.test.OpenGL.<init>()V+200
j  opengl.test.Demo.<init>()V+1
j  opengl.test.Demo.main([Ljava/lang/String;)V+4
v  ~StubRoutines::call_stub

---------------  P R O C E S S  ---------------

Java Threads: ( => current thread )
  0x72e2d400 JavaThread "Service Thread" daemon [_thread_blocked, id=2888, stack(0x729f2000,0x72a43000)]
  0x72e2b400 JavaThread "C2 CompilerThread1" daemon [_thread_blocked, id=2887, stack(0x72a43000,0x72ac4000)]
  0x72e29400 JavaThread "C2 CompilerThread0" daemon [_thread_blocked, id=2886, stack(0x72ac4000,0x72b45000)]
  0x72e27c00 JavaThread "Signal Dispatcher" daemon [_thread_blocked, id=2885, stack(0x72b45000,0x72b96000)]
  0x72e15000 JavaThread "Finalizer" daemon [_thread_blocked, id=2884, stack(0x72d2e000,0x72d7f000)]
  0x72e13800 JavaThread "Reference Handler" daemon [_thread_blocked, id=2883, stack(0x72f2e000,0x72f7f000)]
=>0xb6206400 JavaThread "main" [_thread_in_native, id=2876, stack(0xb631c000,0xb636d000)]

Other Threads:
  0x72e11000 VMThread [stack: 0x72d7f000,0x72e00000] [id=2882]
  0x72e2f400 WatcherThread [stack: 0x72971000,0x729f2000] [id=2889]

VM state:not at safepoint (normal execution)

VM Mutex/Monitor currently owned by a thread: None

Heap
 PSYoungGen      total 16128K, used 10859K [0xa1440000, 0xa2600000, 0xb3100000)
  eden space 14080K, 77% used [0xa1440000,0xa1edad90,0xa2200000)
  from space 2048K, 0% used [0xa2400000,0xa2400000,0xa2600000)
  to   space 2048K, 0% used [0xa2200000,0xa2200000,0xa2400000)
 ParOldGen       total 36352K, used 0K [0x7db00000, 0x7fe80000, 0xa1440000)
  object space 36352K, 0% used [0x7db00000,0x7db00000,0x7fe80000)
 PSPermGen       total 16384K, used 5666K [0x75b00000, 0x76b00000, 0x7db00000)
  object space 16384K, 34% used [0x75b00000,0x76088b80,0x76b00000)

Card table byte_map: [0x75914000,0x75b00000] byte_map_base: 0x75566800

Polling page: 0xb774c000

Code Cache  [0xb31da000, 0xb341a000, 0xb61da000)
 total_blobs=416 nmethods=21 adapters=350 free_code_cache=48727Kb largest_free_block=49882176

Compilation events (10 events):
Event: 0.634 Thread 0x72e29400   16             java.lang.String::equals (81 bytes)
Event: 0.638 Thread 0x72e29400 nmethod 16 0xb323fec8 code [0xb323ffc0, 0xb3240250]
Event: 0.690 Thread 0x72e2b400   17             sun.net.www.ParseUtil::encodePath (336 bytes)
Event: 0.697 Thread 0x72e2b400 nmethod 17 0xb32410c8 code [0xb3241220, 0xb32417c4]
Event: 0.709 Thread 0x72e29400   18             java.lang.String::length (6 bytes)
Event: 0.710 Thread 0x72e29400 nmethod 18 0xb3242108 code [0xb3242200, 0xb3242250]
Event: 0.752 Thread 0x72e29400   20             java.lang.String::startsWith (72 bytes)
Event: 0.754 Thread 0x72e29400 nmethod 20 0xb32433c8 code [0xb32434c0, 0xb32435f0]
Event: 0.766 Thread 0x72e29400   21             java.lang.Math::min (11 bytes)
Event: 0.766 Thread 0x72e29400 nmethod 21 0xb3244ec8 code [0xb3244fa0, 0xb3244fd0]

GC Heap History (0 events):
No events

Deoptimization events (4 events):
Event: 0.756 Thread 0xb6206400 Uncommon trap: reason=unstable_if action=reinterpret pc=0xb323da64 method=java.lang.String.replace(CC)Ljava/lang/String; @ 2
Event: 0.762 Thread 0xb6206400 Uncommon trap: reason=unstable_if action=reinterpret pc=0xb323e128 method=java.lang.String.indexOf([CII[CIII)I @ 123
Event: 0.763 Thread 0xb6206400 Uncommon trap: reason=predicate action=maybe_recompile pc=0xb324171c method=sun.net.www.ParseUtil.encodePath(Ljava/lang/String;Z)Ljava/lang/String; @ 36
Event: 0.769 Thread 0xb6206400 Uncommon trap: reason=unstable_if action=reinterpret pc=0xb32401a0 method=java.lang.String.equals(Ljava/lang/Object;)Z @ 66

Internal exceptions (10 events):
Event: 0.764 Thread 0xb6206400 Threw 0xa1e8c668 at /build/java7-openjdk/src/icedtea-2.6.4/openjdk/hotspot/src/share/vm/prims/jvm.cpp:1322
Event: 0.764 Thread 0xb6206400 Threw 0xa1e8c780 at /build/java7-openjdk/src/icedtea-2.6.4/openjdk/hotspot/src/share/vm/prims/jvm.cpp:1322
Event: 0.764 Thread 0xb6206400 Threw 0xa1e8cf98 at /build/java7-openjdk/src/icedtea-2.6.4/openjdk/hotspot/src/share/vm/prims/jvm.cpp:1322
Event: 0.764 Thread 0xb6206400 Threw 0xa1e8d0b0 at /build/java7-openjdk/src/icedtea-2.6.4/openjdk/hotspot/src/share/vm/prims/jvm.cpp:1322
Event: 0.775 Thread 0xb6206400 Threw 0xa1eaba68 at /build/java7-openjdk/src/icedtea-2.6.4/openjdk/hotspot/src/share/vm/prims/jvm.cpp:1322
Event: 0.776 Thread 0xb6206400 Threw 0xa1eae4f8 at /build/java7-openjdk/src/icedtea-2.6.4/openjdk/hotspot/src/share/vm/prims/jvm.cpp:1322
Event: 0.776 Thread 0xb6206400 Threw 0xa1eb0560 at /build/java7-openjdk/src/icedtea-2.6.4/openjdk/hotspot/src/share/vm/prims/jvm.cpp:1322
Event: 0.777 Thread 0xb6206400 Threw 0xa1ebf700 at /build/java7-openjdk/src/icedtea-2.6.4/openjdk/hotspot/src/share/vm/prims/jvm.cpp:1322
Event: 0.778 Thread 0xb6206400 Threw 0xa1ec2d10 at /build/java7-openjdk/src/icedtea-2.6.4/openjdk/hotspot/src/share/vm/prims/jvm.cpp:1322
Event: 0.782 Thread 0xb6206400 Threw 0xa1ecda48 at /build/java7-openjdk/src/icedtea-2.6.4/openjdk/hotspot/src/share/vm/prims/jvm.cpp:1322

Events (10 events):
Event: 0.776 loading class 0x6f49c038
Event: 0.776 loading class 0x6f49c038 done
Event: 0.776 loading class 0x6f49c2e0
Event: 0.776 loading class 0x6f49c2e0 done
Event: 0.777 loading class 0x6f883a68
Event: 0.777 loading class 0x6f883a68 done
Event: 0.778 loading class 0x6f49ff98
Event: 0.778 loading class 0x6f49ff98 done
Event: 0.782 loading class 0x72e63e58
Event: 0.782 loading class 0x72e63e58 done


Dynamic libraries:
08048000-08049000 r-xp 00000000 08:05 662509     /usr/lib/jvm/java-7-openjdk/jre/bin/java
08049000-0804a000 rw-p 00000000 08:05 662509     /usr/lib/jvm/java-7-openjdk/jre/bin/java
09068000-090b1000 rw-p 00000000 00:00 0          [heap]
6f200000-6f252000 rw-p 00000000 00:00 0 
6f252000-6f300000 ---p 00000000 00:00 0 
6f400000-6f4fd000 rw-p 00000000 00:00 0 
6f4fd000-6f500000 ---p 00000000 00:00 0 
6f520000-6f5a0000 rw-s 22f09000 00:06 12698      /dev/nvidiactl
6f5a0000-6f620000 rw-s 22746000 00:06 12698      /dev/nvidiactl
6f620000-6f6a0000 rw-s 28782000 00:06 12698      /dev/nvidiactl
6f6a0000-6f7a0000 rw-s 23035000 00:06 12698      /dev/nvidiactl
6f7a0000-6f7c0000 rw-s f0140000 00:06 12699      /dev/nvidia0
6f7c0000-6f800000 rw-s 22556000 00:06 12698      /dev/nvidiactl
6f800000-6f8fe000 rw-p 00000000 00:00 0 
6f8fe000-6f900000 ---p 00000000 00:00 0 
6f900000-6f920000 rw-s 28513000 00:06 12698      /dev/nvidiactl
6f920000-6f960000 rw-s 279e8000 00:06 12698      /dev/nvidiactl
6f960000-6f980000 rw-s 22f68000 00:06 12698      /dev/nvidiactl
6f980000-6fafc000 rw-p 00000000 00:00 0 
6fafc000-6fc00000 rw-s 3119a000 00:06 12698      /dev/nvidiactl
6fc00000-6fcea000 rw-p 00000000 00:00 0 
6fcea000-6fd00000 ---p 00000000 00:00 0 
6fd09000-6fd0b000 rw-s 00000000 00:21 192260     /tmp/.glJklbaq (deleted)
6fd0b000-6fd4b000 rw-s 21757000 00:06 12698      /dev/nvidiactl
6fd4b000-6fdff000 rw-p 00000000 00:00 0 
6fdff000-7193c000 r-xp 00000000 08:05 426727     /usr/lib/libnvidia-glcore.so.361.28
7193c000-7195c000 rwxp 01b3d000 08:05 426727     /usr/lib/libnvidia-glcore.so.361.28
7195c000-71fd8000 r-xp 01b5d000 08:05 426727     /usr/lib/libnvidia-glcore.so.361.28
71fd8000-72075000 rw-p 021d8000 08:05 426727     /usr/lib/libnvidia-glcore.so.361.28
72075000-72084000 rw-p 00000000 00:00 0 
72084000-72142000 r-xp 00000000 08:05 393610     /usr/lib/libGLX_nvidia.so.361.28
72142000-72162000 rwxp 000be000 08:05 393610     /usr/lib/libGLX_nvidia.so.361.28
72162000-7218a000 r-xp 000de000 08:05 393610     /usr/lib/libGLX_nvidia.so.361.28
7218a000-72190000 rw-p 00105000 08:05 393610     /usr/lib/libGLX_nvidia.so.361.28
72190000-72193000 rw-p 00000000 00:00 0 
72193000-72227000 r-xp 00000000 08:05 443850     /usr/lib/libGLdispatch.so.0.0.0
72227000-7222f000 r--p 00093000 08:05 443850     /usr/lib/libGLdispatch.so.0.0.0
7222f000-72230000 rw-p 0009b000 08:05 443850     /usr/lib/libGLdispatch.so.0.0.0
72230000-72240000 rw-p 00000000 00:00 0 
72240000-722ae000 r-xp 00000000 08:05 443890     /usr/lib/nvidia/libGL.so.1.0.0
722ae000-722af000 r--p 0006d000 08:05 443890     /usr/lib/nvidia/libGL.so.1.0.0
722af000-722b0000 rw-p 0006e000 08:05 443890     /usr/lib/nvidia/libGL.so.1.0.0
722b0000-723fb000 r-xp 00000000 08:05 417030     /usr/lib/libX11.so.6.3.0
723fb000-723fd000 r--p 0014b000 08:05 417030     /usr/lib/libX11.so.6.3.0
723fd000-72400000 rw-p 0014d000 08:05 417030     /usr/lib/libX11.so.6.3.0
72400000-72800000 rw-p 00000000 00:00 0 
72801000-72814000 rw-s 2226d000 00:06 12698      /dev/nvidiactl
72814000-72818000 rw-s 28512000 00:06 12698      /dev/nvidiactl
72818000-72838000 rw-s 00e90000 00:06 12698      /dev/nvidiactl
72838000-7283c000 r-xp 00000000 08:05 443891     /usr/lib/tls/libnvidia-tls.so.361.28
7283c000-7283d000 rw-p 00003000 08:05 443891     /usr/lib/tls/libnvidia-tls.so.361.28
7283d000-7284e000 r-xp 00000000 08:05 443851     /usr/lib/libGLX.so.0.0.0
7284e000-7284f000 r--p 00010000 08:05 443851     /usr/lib/libGLX.so.0.0.0
7284f000-72850000 rw-p 00011000 08:05 443851     /usr/lib/libGLX.so.0.0.0
72850000-72860000 rw-p 00000000 00:00 0 
72860000-72865000 r-xp 00000000 08:05 414447     /usr/lib/libXdmcp.so.6.0.0
72865000-72866000 r--p 00004000 08:05 414447     /usr/lib/libXdmcp.so.6.0.0
72866000-72867000 rw-p 00005000 08:05 414447     /usr/lib/libXdmcp.so.6.0.0
72867000-72869000 r-xp 00000000 08:05 414580     /usr/lib/libXau.so.6.0.0
72869000-7286a000 r--p 00001000 08:05 414580     /usr/lib/libXau.so.6.0.0
7286a000-7286b000 rw-p 00002000 08:05 414580     /usr/lib/libXau.so.6.0.0
7286b000-7286f000 r-xp 00000000 08:05 418466     /usr/lib/libXfixes.so.3.1.0
7286f000-72870000 r--p 00003000 08:05 418466     /usr/lib/libXfixes.so.3.1.0
72870000-72871000 rw-p 00004000 08:05 418466     /usr/lib/libXfixes.so.3.1.0
72871000-7287b000 r-xp 00000000 08:05 419232     /usr/lib/libXrender.so.1.3.0
7287b000-7287c000 r--p 00009000 08:05 419232     /usr/lib/libXrender.so.1.3.0
7287c000-7287d000 rw-p 0000a000 08:05 419232     /usr/lib/libXrender.so.1.3.0
7287d000-72890000 r-xp 00000000 08:05 418425     /usr/lib/libXext.so.6.4.0
72890000-72891000 r--p 00012000 08:05 418425     /usr/lib/libXext.so.6.4.0
72891000-72892000 rw-p 00013000 08:05 418425     /usr/lib/libXext.so.6.4.0
72892000-728b6000 r-xp 00000000 08:05 416949     /usr/lib/libxcb.so.1.1.0
728b6000-728b7000 ---p 00024000 08:05 416949     /usr/lib/libxcb.so.1.1.0
728b7000-728b8000 r--p 00024000 08:05 416949     /usr/lib/libxcb.so.1.1.0
728b8000-728b9000 rw-p 00025000 08:05 416949     /usr/lib/libxcb.so.1.1.0
728b9000-728c3000 r-xp 00000000 08:05 419326     /usr/lib/libXcursor.so.1.0.2
728c3000-728c4000 r--p 00009000 08:05 419326     /usr/lib/libXcursor.so.1.0.2
728c4000-728c5000 rw-p 0000a000 08:05 419326     /usr/lib/libXcursor.so.1.0.2
728c5000-728c6000 r-xp 00000000 08:06 169981     /home/castiel/Downloads/LWJGL -- Java Open GL/native/libjemalloc32.so
728c6000-72903000 r-xp 00000000 00:00 0 
72903000-72904000 ---p 0003e000 08:06 169981     /home/castiel/Downloads/LWJGL -- Java Open GL/native/libjemalloc32.so
72904000-72905000 r--p 00019000 08:06 169981     /home/castiel/Downloads/LWJGL -- Java Open GL/native/libjemalloc32.so
72905000-72906000 rw-p 0001a000 08:06 169981     /home/castiel/Downloads/LWJGL -- Java Open GL/native/libjemalloc32.so
72906000-72911000 r-xp 00000000 08:06 169984     /home/castiel/Downloads/LWJGL -- Java Open GL/native/liblwjgl32.so
72911000-7296e000 r-xp 00000000 00:00 0 
7296e000-7296f000 r--p 00031000 08:06 169984     /home/castiel/Downloads/LWJGL -- Java Open GL/native/liblwjgl32.so
7296f000-72970000 rw-p 00032000 08:06 169984     /home/castiel/Downloads/LWJGL -- Java Open GL/native/liblwjgl32.so
72970000-72971000 rw-p 00000000 00:00 0 
72971000-72972000 ---p 00000000 00:00 0 
72972000-729f2000 rw-p 00000000 00:00 0          [stack:2889]
729f2000-729f5000 ---p 00000000 00:00 0 
729f5000-72a43000 rw-p 00000000 00:00 0          [stack:2888]
72a43000-72a46000 ---p 00000000 00:00 0 
72a46000-72ac4000 rw-p 00000000 00:00 0          [stack:2887]
72ac4000-72ac7000 ---p 00000000 00:00 0 
72ac7000-72b45000 rw-p 00000000 00:00 0          [stack:2886]
72b45000-72b48000 ---p 00000000 00:00 0 
72b48000-72b96000 rw-p 00000000 00:00 0          [stack:2885]
72b96000-72d2e000 r--p 00000000 08:05 453414     /usr/lib/locale/locale-archive
72d2e000-72d31000 ---p 00000000 00:00 0 
72d31000-72d7f000 rw-p 00000000 00:00 0          [stack:2884]
72d7f000-72d80000 ---p 00000000 00:00 0 
72d80000-72e00000 rw-p 00000000 00:00 0          [stack:2882]
72e00000-72ef5000 rw-p 00000000 00:00 0 
72ef5000-72f00000 ---p 00000000 00:00 0 
72f01000-72f03000 r-xs 00000000 00:21 192260     /tmp/.glJklbaq (deleted)
72f03000-72f08000 r-xp 00000000 08:05 418458     /usr/lib/libXxf86vm.so.1.0.0
72f08000-72f09000 r--p 00004000 08:05 418458     /usr/lib/libXxf86vm.so.1.0.0
72f09000-72f0a000 rw-p 00005000 08:05 418458     /usr/lib/libXxf86vm.so.1.0.0
72f0a000-72f1b000 r-xp 00000000 08:05 419224     /usr/lib/libXi.so.6.1.0
72f1b000-72f1c000 r--p 00010000 08:05 419224     /usr/lib/libXi.so.6.1.0
72f1c000-72f1d000 rw-p 00011000 08:05 419224     /usr/lib/libXi.so.6.1.0
72f1d000-72f1f000 r-xp 00000000 08:05 419264     /usr/lib/libXinerama.so.1.0.0
72f1f000-72f20000 r--p 00001000 08:05 419264     /usr/lib/libXinerama.so.1.0.0
72f20000-72f21000 rw-p 00002000 08:05 419264     /usr/lib/libXinerama.so.1.0.0
72f21000-72f2c000 r-xp 00000000 08:05 419256     /usr/lib/libXrandr.so.2.2.0
72f2c000-72f2d000 r--p 0000a000 08:05 419256     /usr/lib/libXrandr.so.2.2.0
72f2d000-72f2e000 rw-p 0000b000 08:05 419256     /usr/lib/libXrandr.so.2.2.0
72f2e000-72f31000 ---p 00000000 00:00 0 
72f31000-72fc8000 rw-p 00000000 00:00 0          [stack:2883]
72fc8000-7317a000 r--s 01d2f000 08:05 662492     /usr/lib/jvm/java-7-openjdk/jre/lib/rt.jar
7317a000-75400000 rw-p 00000000 00:00 0 
75400000-75482000 rw-p 00000000 00:00 0 
75482000-75500000 ---p 00000000 00:00 0 
75501000-7557f000 rw-p 00000000 00:00 0 
7557f000-75580000 ---p 00000000 00:00 0 
75580000-75600000 rw-p 00000000 00:00 0          [stack:2881]
75600000-75621000 rw-p 00000000 00:00 0 
75621000-75700000 ---p 00000000 00:00 0 
75700000-75702000 r-xp 00000000 08:06 169978     /home/castiel/Downloads/LWJGL -- Java Open GL/native/libglfw32.so
75702000-75719000 r-xp 00000000 00:00 0 
75719000-7571a000 r--p 0000b000 08:06 169978     /home/castiel/Downloads/LWJGL -- Java Open GL/native/libglfw32.so
7571a000-7571b000 rw-p 0000c000 08:06 169978     /home/castiel/Downloads/LWJGL -- Java Open GL/native/libglfw32.so
7571b000-75736000 r--s 001e6000 08:06 170001     /home/castiel/Downloads/LWJGL -- Java Open GL/jar/lwjgl.jar
75736000-75737000 ---p 00000000 00:00 0 
75737000-757bf000 rw-p 00000000 00:00 0          [stack:2880]
757bf000-757f7000 rw-p 00000000 00:00 0 
757f7000-75809000 rw-p 00000000 00:00 0 
75809000-75914000 rw-p 00000000 00:00 0 
75914000-7591c000 rw-p 00000000 00:00 0 
7591c000-75954000 rw-p 00000000 00:00 0 
75954000-75966000 rw-p 00000000 00:00 0 
75966000-75a70000 rw-p 00000000 00:00 0 
75a70000-75a7a000 rw-p 00000000 00:00 0 
75a7a000-75aff000 rw-p 00000000 00:00 0 
75aff000-76b00000 rw-p 00000000 00:00 0 
76b00000-7db00000 rw-p 00000000 00:00 0 
7db00000-7fe80000 rw-p 00000000 00:00 0 
7fe80000-a1440000 rw-p 00000000 00:00 0 
a1440000-a2600000 rw-p 00000000 00:00 0 
a2600000-b3100000 rw-p 00000000 00:00 0 
b3100000-b3101000 rw-s 2226c000 00:06 12698      /dev/nvidiactl
b3101000-b3102000 rw-s f7f68000 00:06 12699      /dev/nvidia0
b3102000-b3123000 rw-p 00000000 00:00 0 
b3123000-b31da000 rw-p 00000000 00:00 0 
b31da000-b341a000 rwxp 00000000 00:00 0 
b341a000-b61da000 rw-p 00000000 00:00 0 
b61da000-b61ff000 r-xp 00000000 08:05 130516     /usr/lib/jvm/java-7-openjdk/jre/lib/i386/libjava.so
b61ff000-b6200000 rw-p 00025000 08:05 130516     /usr/lib/jvm/java-7-openjdk/jre/lib/i386/libjava.so
b6200000-b62fb000 rw-p 00000000 00:00 0 
b62fb000-b6300000 ---p 00000000 00:00 0 
b6300000-b6301000 rw-s f7f67000 00:06 12699      /dev/nvidia0
b6301000-b6302000 rw-s f7f66000 00:06 12699      /dev/nvidia0
b6302000-b630a000 r-xp 00000000 08:05 130517     /usr/lib/jvm/java-7-openjdk/jre/lib/i386/libzip.so
b630a000-b630b000 rw-p 00007000 08:05 130517     /usr/lib/jvm/java-7-openjdk/jre/lib/i386/libzip.so
b630b000-b6313000 rw-s 00000000 00:21 194061     /tmp/hsperfdata_castiel/2874
b6313000-b631a000 r-xp 00000000 08:05 393438     /usr/lib/librt-2.23.so
b631a000-b631b000 r--p 00006000 08:05 393438     /usr/lib/librt-2.23.so
b631b000-b631c000 rw-p 00007000 08:05 393438     /usr/lib/librt-2.23.so
b631c000-b631f000 ---p 00000000 00:00 0 
b631f000-b636d000 rw-p 00000000 00:00 0          [stack:2876]
b636d000-b6389000 r-xp 00000000 08:05 393667     /usr/lib/libgcc_s.so.1
b6389000-b638a000 rw-p 0001b000 08:05 393667     /usr/lib/libgcc_s.so.1
b638a000-b63dd000 r-xp 00000000 08:05 393435     /usr/lib/libm-2.23.so
b63dd000-b63de000 r--p 00052000 08:05 393435     /usr/lib/libm-2.23.so
b63de000-b63df000 rw-p 00053000 08:05 393435     /usr/lib/libm-2.23.so
b63df000-b654c000 r-xp 00000000 08:05 420147     /usr/lib/libstdc++.so.6.0.21
b654c000-b654d000 ---p 0016d000 08:05 420147     /usr/lib/libstdc++.so.6.0.21
b654d000-b6552000 r--p 0016d000 08:05 420147     /usr/lib/libstdc++.so.6.0.21
b6552000-b6553000 rw-p 00172000 08:05 420147     /usr/lib/libstdc++.so.6.0.21
b6553000-b6556000 rw-p 00000000 00:00 0 
b6556000-b70bb000 r-xp 00000000 08:05 145403     /usr/lib/jvm/java-7-openjdk/jre/lib/i386/server/libjvm.so
b70bb000-b711a000 rw-p 00b65000 08:05 145403     /usr/lib/jvm/java-7-openjdk/jre/lib/i386/server/libjvm.so
b711a000-b7538000 rw-p 00000000 00:00 0 
b7538000-b754e000 r-xp 00000000 08:05 396574     /usr/lib/libz.so.1.2.8
b754e000-b754f000 r--p 00015000 08:05 396574     /usr/lib/libz.so.1.2.8
b754f000-b7550000 rw-p 00016000 08:05 396574     /usr/lib/libz.so.1.2.8
b7550000-b76fe000 r-xp 00000000 08:05 393366     /usr/lib/libc-2.23.so
b76fe000-b76ff000 ---p 001ae000 08:05 393366     /usr/lib/libc-2.23.so
b76ff000-b7701000 r--p 001ae000 08:05 393366     /usr/lib/libc-2.23.so
b7701000-b7702000 rw-p 001b0000 08:05 393366     /usr/lib/libc-2.23.so
b7702000-b7705000 rw-p 00000000 00:00 0 
b7705000-b7708000 r-xp 00000000 08:05 393434     /usr/lib/libdl-2.23.so
b7708000-b7709000 r--p 00002000 08:05 393434     /usr/lib/libdl-2.23.so
b7709000-b770a000 rw-p 00003000 08:05 393434     /usr/lib/libdl-2.23.so
b770a000-b770b000 rw-p 00000000 00:00 0 
b770b000-b7717000 r-xp 00000000 08:05 130545     /usr/lib/jvm/java-7-openjdk/jre/lib/i386/jli/libjli.so
b7717000-b7718000 rw-p 0000b000 08:05 130545     /usr/lib/jvm/java-7-openjdk/jre/lib/i386/jli/libjli.so
b7718000-b7731000 r-xp 00000000 08:05 393342     /usr/lib/libpthread-2.23.so
b7731000-b7732000 r--p 00018000 08:05 393342     /usr/lib/libpthread-2.23.so
b7732000-b7733000 rw-p 00019000 08:05 393342     /usr/lib/libpthread-2.23.so
b7733000-b7735000 rw-p 00000000 00:00 0 
b7735000-b7736000 rw-s 285cf000 00:06 12698      /dev/nvidiactl
b7736000-b7737000 rw-s fd060000 00:06 12699      /dev/nvidia0
b7737000-b7738000 rwxp 00000000 00:00 0 
b7738000-b7743000 r-xp 00000000 08:05 393430     /usr/lib/libnss_files-2.23.so
b7743000-b7744000 r--p 0000a000 08:05 393430     /usr/lib/libnss_files-2.23.so
b7744000-b7745000 rw-p 0000b000 08:05 393430     /usr/lib/libnss_files-2.23.so
b7745000-b774c000 rw-p 00000000 00:00 0 
b774c000-b774d000 r--p 00000000 00:00 0 
b774d000-b7758000 r-xp 00000000 08:05 130515     /usr/lib/jvm/java-7-openjdk/jre/lib/i386/libverify.so
b7758000-b7759000 rw-p 0000a000 08:05 130515     /usr/lib/jvm/java-7-openjdk/jre/lib/i386/libverify.so
b7759000-b775a000 rw-p 00000000 00:00 0 
b775a000-b775c000 r--p 00000000 00:00 0          [vvar]
b775c000-b775d000 r-xp 00000000 00:00 0          [vdso]
b775d000-b777f000 r-xp 00000000 08:05 393363     /usr/lib/ld-2.23.so
b777f000-b7780000 r--p 00021000 08:05 393363     /usr/lib/ld-2.23.so
b7780000-b7781000 rw-p 00022000 08:05 393363     /usr/lib/ld-2.23.so
bf9c2000-bf9c3000 rwxp 00000000 00:00 0 
bf9f5000-bfa16000 rw-p 00000000 00:00 0          [stack]

VM Arguments:
jvm_args: -Dfile.encoding=UTF-8 -Djava.library.path=/home/castiel/Downloads/LWJGL -- Java Open GL/native/ 
java_command: opengl.test.Demo
Launcher Type: SUN_STANDARD

Environment Variables:
PATH=/usr/local/sbin:/usr/local/bin:/usr/bin:/usr/lib/jvm/default/bin:/usr/bin/site_perl:/usr/bin/vendor_perl:/usr/bin/core_perl
LD_LIBRARY_PATH=/usr/lib/jvm/default/bin/../jre/lib/amd64:/usr/lib/jvm/default/bin/../jre/lib/i386:
SHELL=/bin/bash
DISPLAY=:0.0

Signal Handlers:
SIGSEGV: [libjvm.so+0x8114e0], sa_mask[0]=0x7ffbfeff, sa_flags=0x10000004
SIGBUS: [libjvm.so+0x8114e0], sa_mask[0]=0x7ffbfeff, sa_flags=0x10000004
SIGFPE: [libjvm.so+0x68a640], sa_mask[0]=0x7ffbfeff, sa_flags=0x10000004
SIGPIPE: [libjvm.so+0x68a640], sa_mask[0]=0x7ffbfeff, sa_flags=0x10000004
SIGXFSZ: [libjvm.so+0x68a640], sa_mask[0]=0x7ffbfeff, sa_flags=0x10000004
SIGILL: [libjvm.so+0x68a640], sa_mask[0]=0x7ffbfeff, sa_flags=0x10000004
SIGUSR1: SIG_DFL, sa_mask[0]=0x00000000, sa_flags=0x00000000
SIGUSR2: [libjvm.so+0x68a490], sa_mask[0]=0x00000004, sa_flags=0x10000004
SIGHUP: [libjvm.so+0x68a670], sa_mask[0]=0x7ffbfeff, sa_flags=0x10000004
SIGINT: SIG_IGN, sa_mask[0]=0x00000000, sa_flags=0x00000000
SIGTERM: [libjvm.so+0x68a670], sa_mask[0]=0x7ffbfeff, sa_flags=0x10000004
SIGQUIT: [libjvm.so+0x68a670], sa_mask[0]=0x7ffbfeff, sa_flags=0x10000004
SIGTRAP: SIG_DFL, sa_mask[0]=0x00000000, sa_flags=0x00000000


---------------  S Y S T E M  ---------------

OS:Linux
uname:Linux 4.1.20-1-lts #1 SMP Fri Mar 18 17:47:36 CET 2016 i686
libc:glibc 2.23 NPTL 2.23 
rlimit: STACK 8192k, CORE infinity, NPROC 27270, NOFILE 4096, AS infinity
load average:0.60 0.47 0.42

/proc/meminfo:
MemTotal:        3494900 kB
MemFree:           32564 kB
MemAvailable:    2104312 kB
Buffers:          584724 kB
Cached:          1497996 kB
SwapCached:            0 kB
Active:          2150060 kB
Inactive:        1170824 kB
Active(anon):    1243076 kB
Inactive(anon):    29032 kB
Active(file):     906984 kB
Inactive(file):  1141792 kB
Unevictable:          32 kB
Mlocked:              32 kB
HighTotal:       2629320 kB
HighFree:           9884 kB
LowTotal:         865580 kB
LowFree:           22680 kB
SwapTotal:             0 kB
SwapFree:              0 kB
Dirty:             11388 kB
Writeback:             0 kB
AnonPages:       1238408 kB
Mapped:           307512 kB
Shmem:             33780 kB
Slab:              64052 kB
SReclaimable:      46432 kB
SUnreclaim:        17620 kB
KernelStack:        3128 kB
PageTables:         5372 kB
NFS_Unstable:          0 kB
Bounce:                0 kB
WritebackTmp:          0 kB
CommitLimit:     1747448 kB
Committed_AS:    3834656 kB
VmallocTotal:     122880 kB
VmallocUsed:       76240 kB
VmallocChunk:      40660 kB
HardwareCorrupted:     0 kB
AnonHugePages:    483328 kB
HugePages_Total:       0
HugePages_Free:        0
HugePages_Rsvd:        0
HugePages_Surp:        0
Hugepagesize:       4096 kB
DirectMap4k:      696312 kB
DirectMap4M:      212992 kB


CPU:total 2 (2 cores per cpu, 1 threads per core) family 6 model 23 stepping 10, cmov, cx8, fxsr, mmx, sse, sse2, sse3, ssse3, sse4.1, tsc

/proc/cpuinfo:
processor	: 0
vendor_id	: GenuineIntel
cpu family	: 6
model		: 23
model name	: Intel(R) Core(TM)2 Duo CPU     E8400  @ 3.00GHz
stepping	: 10
microcode	: 0xa07
cpu MHz		: 3003.000
cache size	: 6144 KB
physical id	: 0
siblings	: 2
core id		: 0
cpu cores	: 2
apicid		: 0
initial apicid	: 0
fdiv_bug	: no
f00f_bug	: no
coma_bug	: no
fpu		: yes
fpu_exception	: yes
cpuid level	: 13
wp		: yes
flags		: fpu vme de pse tsc msr pae mce cx8 apic sep mtrr pge mca cmov pat pse36 clflush dts acpi mmx fxsr sse sse2 ss ht tm pbe lm constant_tsc arch_perfmon pebs bts aperfmperf pni dtes64 monitor ds_cpl vmx smx est tm2 ssse3 cx16 xtpr pdcm sse4_1 xsave lahf_lm dtherm tpr_shadow vnmi flexpriority
bugs		:
bogomips	: 5986.39
clflush size	: 64
cache_alignment	: 64
address sizes	: 36 bits physical, 48 bits virtual
power management:

processor	: 1
vendor_id	: GenuineIntel
cpu family	: 6
model		: 23
model name	: Intel(R) Core(TM)2 Duo CPU     E8400  @ 3.00GHz
stepping	: 10
microcode	: 0xa07
cpu MHz		: 2336.000
cache size	: 6144 KB
physical id	: 0
siblings	: 2
core id		: 1
cpu cores	: 2
apicid		: 1
initial apicid	: 1
fdiv_bug	: no
f00f_bug	: no
coma_bug	: no
fpu		: yes
fpu_exception	: yes
cpuid level	: 13
wp		: yes
flags		: fpu vme de pse tsc msr pae mce cx8 apic sep mtrr pge mca cmov pat pse36 clflush dts acpi mmx fxsr sse sse2 ss ht tm pbe lm constant_tsc arch_perfmon pebs bts aperfmperf pni dtes64 monitor ds_cpl vmx smx est tm2 ssse3 cx16 xtpr pdcm sse4_1 xsave lahf_lm dtherm tpr_shadow vnmi flexpriority
bugs		:
bogomips	: 5986.39
clflush size	: 64
cache_alignment	: 64
address sizes	: 36 bits physical, 48 bits virtual
power management:



Memory: 4k page, physical 3494900k(32564k free), swap 0k(0k free)

vm_info: OpenJDK Server VM (24.95-b01) for linux-x86 JRE (1.7.0_95-b00), built on Jan 21 2016 12:43:41 by "builduser" with gcc 5.3.0

time: Sun Apr 24 12:52:25 2016
elapsed time: 0 seconds

