#
# A fatal error has been detected by the Java Runtime Environment:
#
#  SIGSEGV (0xb) at pc=0x75401e47, pid=3889, tid=3056544576
#
# JRE version: OpenJDK Runtime Environment (7.0_95) (build 1.7.0_95-b00)
# Java VM: OpenJDK Server VM (24.95-b01 mixed mode linux-x86 )
# Derivative: IcedTea 2.6.4
# Distribution: Custom build (Thu Jan 21 12:40:31 UTC 2016)
# Problematic frame:
# C  0x75401e47
#
# Core dump written. Default location: /home/castiel/Dev/Java/Project/OpenGl Test/core or core.3889
#
# If you would like to submit a bug report, please include
# instructions on how to reproduce the bug and visit:
#   http://icedtea.classpath.org/bugzilla
# The crash happened outside the Java Virtual Machine in native code.
# See problematic frame for where to report the bug.
#

---------------  T H R E A D  ---------------

Current thread (0xb6106400):  JavaThread "main" [_thread_in_native, id=3891, stack(0xb62a2000,0xb62f3000)]

siginfo:si_signo=SIGSEGV: si_errno=0, si_code=1 (SEGV_MAPERR), si_addr=0x00000000

Registers:
EAX=0x6f7935b8, EBX=0x6fd07000, ECX=0x00000000, EDX=0x6f3dcb04
ESP=0xb62f19b8, EBP=0x6f3dcb18, ESI=0x00000000, EDI=0x00000000
EIP=0x75401e47, EFLAGS=0x00010246, CR2=0x00000000

Top of Stack: (sp=0xb62f19b8)
0xb62f19b8:   6f3dcb18 000000c0 00000000 6fd07000
0xb62f19c8:   00000000 7171e8bc 6fd07000 6f7935b8
0xb62f19d8:   6f3dcb00 00000006 00000000 00000000
0xb62f19e8:   00000000 00000000 00000020 00000000
0xb62f19f8:   6fa15ab0 6f3b3bb0 6f980008 75401e00
0xb62f1a08:   00000000 00000000 00000006 00000000
0xb62f1a18:   00000000 00000000 00000000 00000006
0xb62f1a28:   6f3dcb00 6f3dcb00 00000029 6f3b3bb0 

Instructions: (pc=0x75401e47)
0x75401e27:   2c 24 8b 0a 03 0d a8 41 d5 6f 83 c2 04 8b 35 54
0x75401e37:   59 d3 6f 8b b6 84 02 00 00 8b f9 c1 e7 05 03 f7
0x75401e47:   8b 3e 8b 6e 04 89 38 89 68 04 8b 7e 08 89 78 08
0x75401e57:   8b 35 54 59 d3 6f 8b b6 ac 02 00 00 8b f9 c1 e7 

Register to memory mapping:

EAX=0x6f7935b8 is an unknown value
EBX=0x6fd07000 is an unknown value
ECX=0x00000000 is an unknown value
EDX=0x6f3dcb04 is an unknown value
ESP=0xb62f19b8 is pointing into the stack for thread: 0xb6106400
EBP=0x6f3dcb18 is an unknown value
ESI=0x00000000 is an unknown value
EDI=0x00000000 is an unknown value


Stack: [0xb62a2000,0xb62f3000],  sp=0xb62f19b8,  free space=318k
Native frames: (J=compiled Java code, j=interpreted, Vv=VM code, C=native code)
C  0x75401e47

Java frames: (J=compiled Java code, j=interpreted, Vv=VM code)
j  org.lwjgl.system.JNI.callIIIPV(JIIIJ)V+0
j  org.lwjgl.opengl.GL11.nglDrawElements(IIIJ)V+14
j  org.lwjgl.opengl.GL11.glDrawElements(IIIJ)V+17
j  opengl.test.object.tugiac.render()V+32
j  opengl.test.Demo.render()V+127
j  opengl.test.OpenGL.loop()V+29
j  opengl.test.OpenGL.<init>()V+200
j  opengl.test.Demo.<init>()V+1
j  opengl.test.Demo.main([Ljava/lang/String;)V+4
v  ~StubRoutines::call_stub

---------------  P R O C E S S  ---------------

Java Threads: ( => current thread )
  0x72d2d400 JavaThread "Service Thread" daemon [_thread_blocked, id=3902, stack(0x72973000,0x729c4000)]
  0x72d2b400 JavaThread "C2 CompilerThread1" daemon [_thread_blocked, id=3901, stack(0x729c4000,0x72a45000)]
  0x72d29400 JavaThread "C2 CompilerThread0" daemon [_thread_blocked, id=3900, stack(0x72a45000,0x72ac6000)]
  0x72d27c00 JavaThread "Signal Dispatcher" daemon [_thread_blocked, id=3899, stack(0x72ac6000,0x72b17000)]
  0x72d15000 JavaThread "Finalizer" daemon [_thread_blocked, id=3898, stack(0x72caf000,0x72d00000)]
  0x72d13800 JavaThread "Reference Handler" daemon [_thread_blocked, id=3897, stack(0x7540b000,0x7545c000)]
=>0xb6106400 JavaThread "main" [_thread_in_native, id=3891, stack(0xb62a2000,0xb62f3000)]

Other Threads:
  0x72d11000 VMThread [stack: 0x72e47000,0x72ec8000] [id=3896]
  0x72d2f400 WatcherThread [stack: 0x728f2000,0x72973000] [id=3903]

VM state:not at safepoint (normal execution)

VM Mutex/Monitor currently owned by a thread: None

Heap
 PSYoungGen      total 16128K, used 11022K [0xa1380000, 0xa2540000, 0xb3040000)
  eden space 14080K, 78% used [0xa1380000,0xa1e43a88,0xa2140000)
  from space 2048K, 0% used [0xa2340000,0xa2340000,0xa2540000)
  to   space 2048K, 0% used [0xa2140000,0xa2140000,0xa2340000)
 ParOldGen       total 36352K, used 0K [0x7da40000, 0x7fdc0000, 0xa1380000)
  object space 36352K, 0% used [0x7da40000,0x7da40000,0x7fdc0000)
 PSPermGen       total 16384K, used 5668K [0x75a40000, 0x76a40000, 0x7da40000)
  object space 16384K, 34% used [0x75a40000,0x75fc93b8,0x76a40000)

Card table byte_map: [0x75854000,0x75a40000] byte_map_base: 0x754a6e00

Polling page: 0xb76d2000

Code Cache  [0xb3100000, 0xb3340000, 0xb6100000)
 total_blobs=416 nmethods=21 adapters=350 free_code_cache=48727Kb largest_free_block=49885504

Compilation events (10 events):
Event: 0.589 Thread 0x72d29400   16             java.lang.String::equals (81 bytes)
Event: 0.592 Thread 0x72d29400 nmethod 16 0xb3164048 code [0xb3164140, 0xb31643d0]
Event: 0.643 Thread 0x72d2b400   17             sun.net.www.ParseUtil::encodePath (336 bytes)
Event: 0.649 Thread 0x72d2b400 nmethod 17 0xb3165508 code [0xb3165660, 0xb3165c04]
Event: 0.662 Thread 0x72d2b400   18             java.lang.String::length (6 bytes)
Event: 0.662 Thread 0x72d2b400 nmethod 18 0xb3168608 code [0xb3168700, 0xb3168750]
Event: 0.710 Thread 0x72d2b400   20             java.lang.String::startsWith (72 bytes)
Event: 0.712 Thread 0x72d2b400 nmethod 20 0xb316cb48 code [0xb316cc40, 0xb316cd70]
Event: 0.728 Thread 0x72d29400   21             java.lang.Math::min (11 bytes)
Event: 0.728 Thread 0x72d29400 nmethod 21 0xb3169e48 code [0xb3169f20, 0xb3169f50]

GC Heap History (0 events):
No events

Deoptimization events (4 events):
Event: 0.714 Thread 0xb6106400 Uncommon trap: reason=unstable_if action=reinterpret pc=0xb3162864 method=java.lang.String.replace(CC)Ljava/lang/String; @ 2
Event: 0.720 Thread 0xb6106400 Uncommon trap: reason=unstable_if action=reinterpret pc=0xb31630a8 method=java.lang.String.indexOf([CII[CIII)I @ 123
Event: 0.721 Thread 0xb6106400 Uncommon trap: reason=predicate action=maybe_recompile pc=0xb3165b5c method=sun.net.www.ParseUtil.encodePath(Ljava/lang/String;Z)Ljava/lang/String; @ 36
Event: 0.728 Thread 0xb6106400 Uncommon trap: reason=unstable_if action=reinterpret pc=0xb3164320 method=java.lang.String.equals(Ljava/lang/Object;)Z @ 66

Internal exceptions (10 events):
Event: 0.722 Thread 0xb6106400 Threw 0xa1dccdb0 at /build/java7-openjdk/src/icedtea-2.6.4/openjdk/hotspot/src/share/vm/prims/jvm.cpp:1322
Event: 0.722 Thread 0xb6106400 Threw 0xa1dccec8 at /build/java7-openjdk/src/icedtea-2.6.4/openjdk/hotspot/src/share/vm/prims/jvm.cpp:1322
Event: 0.722 Thread 0xb6106400 Threw 0xa1dcd6e0 at /build/java7-openjdk/src/icedtea-2.6.4/openjdk/hotspot/src/share/vm/prims/jvm.cpp:1322
Event: 0.722 Thread 0xb6106400 Threw 0xa1dcd7f8 at /build/java7-openjdk/src/icedtea-2.6.4/openjdk/hotspot/src/share/vm/prims/jvm.cpp:1322
Event: 0.734 Thread 0xb6106400 Threw 0xa1dec1c0 at /build/java7-openjdk/src/icedtea-2.6.4/openjdk/hotspot/src/share/vm/prims/jvm.cpp:1322
Event: 0.734 Thread 0xb6106400 Threw 0xa1deec50 at /build/java7-openjdk/src/icedtea-2.6.4/openjdk/hotspot/src/share/vm/prims/jvm.cpp:1322
Event: 0.735 Thread 0xb6106400 Threw 0xa1df0cb8 at /build/java7-openjdk/src/icedtea-2.6.4/openjdk/hotspot/src/share/vm/prims/jvm.cpp:1322
Event: 0.736 Thread 0xb6106400 Threw 0xa1dfff88 at /build/java7-openjdk/src/icedtea-2.6.4/openjdk/hotspot/src/share/vm/prims/jvm.cpp:1322
Event: 0.737 Thread 0xb6106400 Threw 0xa1e03598 at /build/java7-openjdk/src/icedtea-2.6.4/openjdk/hotspot/src/share/vm/prims/jvm.cpp:1322
Event: 0.741 Thread 0xb6106400 Threw 0xa1e0e2d0 at /build/java7-openjdk/src/icedtea-2.6.4/openjdk/hotspot/src/share/vm/prims/jvm.cpp:1322

Events (10 events):
Event: 0.734 loading class 0x6f3b67b0
Event: 0.734 loading class 0x6f3b67b0 done
Event: 0.735 loading class 0x6f3b67f0
Event: 0.735 loading class 0x6f3b67f0 done
Event: 0.736 loading class 0x6f573d58
Event: 0.736 loading class 0x6f573d58 done
Event: 0.737 loading class 0x6f3b6c88
Event: 0.737 loading class 0x6f3b6c88 done
Event: 0.741 loading class 0x72d64360
Event: 0.741 loading class 0x72d64360 done


Dynamic libraries:
08048000-08049000 r-xp 00000000 08:05 662509     /usr/lib/jvm/java-7-openjdk/jre/bin/java
08049000-0804a000 rw-p 00000000 08:05 662509     /usr/lib/jvm/java-7-openjdk/jre/bin/java
09d43000-09dd7000 rw-p 00000000 00:00 0          [heap]
6f100000-6f195000 rw-p 00000000 00:00 0 
6f195000-6f200000 ---p 00000000 00:00 0 
6f300000-6f3e2000 rw-p 00000000 00:00 0 
6f3e2000-6f400000 ---p 00000000 00:00 0 
6f480000-6f500000 rw-s 03fc9000 00:06 12735      /dev/nvidiactl
6f500000-6f600000 rw-p 00000000 00:00 0 
6f62d000-6f6ad000 rw-s 1f2ae000 00:06 12735      /dev/nvidiactl
6f6ad000-6f72d000 rw-s 28a76000 00:06 12735      /dev/nvidiactl
6f72d000-6f82d000 rw-s 0e6ee000 00:06 12735      /dev/nvidiactl
6f82d000-6f840000 rw-s 046bf000 00:06 12735      /dev/nvidiactl
6f840000-6f860000 rw-s f0100000 00:06 12736      /dev/nvidia0
6f860000-6f8a0000 rw-s 0bee6000 00:06 12735      /dev/nvidiactl
6f8a0000-6f8c0000 rw-s 03e63000 00:06 12735      /dev/nvidiactl
6f8c0000-6f900000 rw-s 17b0f000 00:06 12735      /dev/nvidiactl
6f900000-6f920000 rw-s 03fad000 00:06 12735      /dev/nvidiactl
6f920000-6f960000 rw-s 03cdd000 00:06 12735      /dev/nvidiactl
6f960000-6f980000 rw-s 10f48000 00:06 12735      /dev/nvidiactl
6f980000-6fafc000 rw-p 00000000 00:00 0 
6fafc000-6fc00000 rw-s 30d93000 00:06 12735      /dev/nvidiactl
6fc00000-6fced000 rw-p 00000000 00:00 0 
6fced000-6fd00000 ---p 00000000 00:00 0 
6fd03000-6fd07000 rw-s 04b00000 00:06 12735      /dev/nvidiactl
6fd07000-6fdbb000 rw-p 00000000 00:00 0 
6fdbb000-718f8000 r-xp 00000000 08:05 426727     /usr/lib/libnvidia-glcore.so.361.28
718f8000-71918000 rwxp 01b3d000 08:05 426727     /usr/lib/libnvidia-glcore.so.361.28
71918000-71f94000 r-xp 01b5d000 08:05 426727     /usr/lib/libnvidia-glcore.so.361.28
71f94000-72031000 rw-p 021d8000 08:05 426727     /usr/lib/libnvidia-glcore.so.361.28
72031000-72040000 rw-p 00000000 00:00 0 
72040000-720fe000 r-xp 00000000 08:05 393610     /usr/lib/libGLX_nvidia.so.361.28
720fe000-7211e000 rwxp 000be000 08:05 393610     /usr/lib/libGLX_nvidia.so.361.28
7211e000-72146000 r-xp 000de000 08:05 393610     /usr/lib/libGLX_nvidia.so.361.28
72146000-7214c000 rw-p 00105000 08:05 393610     /usr/lib/libGLX_nvidia.so.361.28
7214c000-7214f000 rw-p 00000000 00:00 0 
7214f000-721e3000 r-xp 00000000 08:05 443850     /usr/lib/libGLdispatch.so.0.0.0
721e3000-721eb000 r--p 00093000 08:05 443850     /usr/lib/libGLdispatch.so.0.0.0
721eb000-721ec000 rw-p 0009b000 08:05 443850     /usr/lib/libGLdispatch.so.0.0.0
721ec000-721fc000 rw-p 00000000 00:00 0 
721fc000-7220d000 r-xp 00000000 08:05 443851     /usr/lib/libGLX.so.0.0.0
7220d000-7220e000 r--p 00010000 08:05 443851     /usr/lib/libGLX.so.0.0.0
7220e000-7220f000 rw-p 00011000 08:05 443851     /usr/lib/libGLX.so.0.0.0
7220f000-7221f000 rw-p 00000000 00:00 0 
7221f000-7228d000 r-xp 00000000 08:05 443890     /usr/lib/nvidia/libGL.so.1.0.0
7228d000-7228e000 r--p 0006d000 08:05 443890     /usr/lib/nvidia/libGL.so.1.0.0
7228e000-7228f000 rw-p 0006e000 08:05 443890     /usr/lib/nvidia/libGL.so.1.0.0
7228f000-72299000 r-xp 00000000 08:05 419232     /usr/lib/libXrender.so.1.3.0
72299000-7229a000 r--p 00009000 08:05 419232     /usr/lib/libXrender.so.1.3.0
7229a000-7229b000 rw-p 0000a000 08:05 419232     /usr/lib/libXrender.so.1.3.0
7229b000-722ae000 r-xp 00000000 08:05 418425     /usr/lib/libXext.so.6.4.0
722ae000-722af000 r--p 00012000 08:05 418425     /usr/lib/libXext.so.6.4.0
722af000-722b0000 rw-p 00013000 08:05 418425     /usr/lib/libXext.so.6.4.0
722b0000-723fb000 r-xp 00000000 08:05 417030     /usr/lib/libX11.so.6.3.0
723fb000-723fd000 r--p 0014b000 08:05 417030     /usr/lib/libX11.so.6.3.0
723fd000-72400000 rw-p 0014d000 08:05 417030     /usr/lib/libX11.so.6.3.0
72400000-72800000 rw-p 00000000 00:00 0 
72800000-72802000 rw-s 00000000 00:20 52546      /tmp/.glv3HwrV (deleted)
72802000-72826000 r-xp 00000000 08:05 416949     /usr/lib/libxcb.so.1.1.0
72826000-72827000 ---p 00024000 08:05 416949     /usr/lib/libxcb.so.1.1.0
72827000-72828000 r--p 00024000 08:05 416949     /usr/lib/libxcb.so.1.1.0
72828000-72829000 rw-p 00025000 08:05 416949     /usr/lib/libxcb.so.1.1.0
72829000-72833000 r-xp 00000000 08:05 419326     /usr/lib/libXcursor.so.1.0.2
72833000-72834000 r--p 00009000 08:05 419326     /usr/lib/libXcursor.so.1.0.2
72834000-72835000 rw-p 0000a000 08:05 419326     /usr/lib/libXcursor.so.1.0.2
72835000-72846000 r-xp 00000000 08:05 419224     /usr/lib/libXi.so.6.1.0
72846000-72847000 r--p 00010000 08:05 419224     /usr/lib/libXi.so.6.1.0
72847000-72848000 rw-p 00011000 08:05 419224     /usr/lib/libXi.so.6.1.0
72849000-7286c000 rw-p 00000000 00:00 0 
7286c000-7286e000 r-xp 00000000 08:06 169978     /home/castiel/Downloads/LWJGL -- Java Open GL/native/libglfw32.so
7286e000-72885000 r-xp 00000000 00:00 0 
72885000-72886000 r--p 0000b000 08:06 169978     /home/castiel/Downloads/LWJGL -- Java Open GL/native/libglfw32.so
72886000-72887000 rw-p 0000c000 08:06 169978     /home/castiel/Downloads/LWJGL -- Java Open GL/native/libglfw32.so
72887000-72892000 r-xp 00000000 08:06 169984     /home/castiel/Downloads/LWJGL -- Java Open GL/native/liblwjgl32.so
72892000-728ef000 r-xp 00000000 00:00 0 
728ef000-728f0000 r--p 00031000 08:06 169984     /home/castiel/Downloads/LWJGL -- Java Open GL/native/liblwjgl32.so
728f0000-728f1000 rw-p 00032000 08:06 169984     /home/castiel/Downloads/LWJGL -- Java Open GL/native/liblwjgl32.so
728f1000-728f2000 rw-p 00000000 00:00 0 
728f2000-728f3000 ---p 00000000 00:00 0 
728f3000-72973000 rw-p 00000000 00:00 0          [stack:3903]
72973000-72976000 ---p 00000000 00:00 0 
72976000-729c4000 rw-p 00000000 00:00 0          [stack:3902]
729c4000-729c7000 ---p 00000000 00:00 0 
729c7000-72a45000 rw-p 00000000 00:00 0          [stack:3901]
72a45000-72a48000 ---p 00000000 00:00 0 
72a48000-72ac6000 rw-p 00000000 00:00 0          [stack:3900]
72ac6000-72ac9000 ---p 00000000 00:00 0 
72ac9000-72b17000 rw-p 00000000 00:00 0          [stack:3899]
72b17000-72caf000 r--p 00000000 08:05 453414     /usr/lib/locale/locale-archive
72caf000-72cb2000 ---p 00000000 00:00 0 
72cb2000-72d00000 rw-p 00000000 00:00 0          [stack:3898]
72d00000-72dfe000 rw-p 00000000 00:00 0 
72dfe000-72e00000 ---p 00000000 00:00 0 
72e01000-72e05000 r-xp 00000000 08:05 443891     /usr/lib/tls/libnvidia-tls.so.361.28
72e05000-72e06000 rw-p 00003000 08:05 443891     /usr/lib/tls/libnvidia-tls.so.361.28
72e06000-72e07000 r-xp 00000000 08:06 169981     /home/castiel/Downloads/LWJGL -- Java Open GL/native/libjemalloc32.so
72e07000-72e44000 r-xp 00000000 00:00 0 
72e44000-72e45000 ---p 0003e000 08:06 169981     /home/castiel/Downloads/LWJGL -- Java Open GL/native/libjemalloc32.so
72e45000-72e46000 r--p 00019000 08:06 169981     /home/castiel/Downloads/LWJGL -- Java Open GL/native/libjemalloc32.so
72e46000-72e47000 rw-p 0001a000 08:06 169981     /home/castiel/Downloads/LWJGL -- Java Open GL/native/libjemalloc32.so
72e47000-72e48000 ---p 00000000 00:00 0 
72e48000-72ec8000 rw-p 00000000 00:00 0          [stack:3896]
72ec8000-7307a000 r--s 01d2f000 08:05 662492     /usr/lib/jvm/java-7-openjdk/jre/lib/rt.jar
7307a000-75300000 rw-p 00000000 00:00 0 
75300000-75321000 rw-p 00000000 00:00 0 
75321000-75400000 ---p 00000000 00:00 0 
75400000-75402000 r-xs 00000000 00:20 52546      /tmp/.glv3HwrV (deleted)
75402000-75403000 rw-s 046be000 00:06 12735      /dev/nvidiactl
75403000-75404000 rw-s f7f65000 00:06 12736      /dev/nvidia0
75404000-75409000 r-xp 00000000 08:05 414447     /usr/lib/libXdmcp.so.6.0.0
75409000-7540a000 r--p 00004000 08:05 414447     /usr/lib/libXdmcp.so.6.0.0
7540a000-7540b000 rw-p 00005000 08:05 414447     /usr/lib/libXdmcp.so.6.0.0
7540b000-7540e000 ---p 00000000 00:00 0 
7540e000-75500000 rw-p 00000000 00:00 0          [stack:3897]
75500000-75521000 rw-p 00000000 00:00 0 
75521000-75600000 ---p 00000000 00:00 0 
75600000-75601000 rw-s f7f64000 00:06 12736      /dev/nvidia0
75601000-75602000 rw-s f7f63000 00:06 12736      /dev/nvidia0
75602000-75604000 r-xp 00000000 08:05 414580     /usr/lib/libXau.so.6.0.0
75604000-75605000 r--p 00001000 08:05 414580     /usr/lib/libXau.so.6.0.0
75605000-75606000 rw-p 00002000 08:05 414580     /usr/lib/libXau.so.6.0.0
75606000-7560b000 r-xp 00000000 08:05 418458     /usr/lib/libXxf86vm.so.1.0.0
7560b000-7560c000 r--p 00004000 08:05 418458     /usr/lib/libXxf86vm.so.1.0.0
7560c000-7560d000 rw-p 00005000 08:05 418458     /usr/lib/libXxf86vm.so.1.0.0
7560d000-75618000 r-xp 00000000 08:05 419256     /usr/lib/libXrandr.so.2.2.0
75618000-75619000 r--p 0000a000 08:05 419256     /usr/lib/libXrandr.so.2.2.0
75619000-7561a000 rw-p 0000b000 08:05 419256     /usr/lib/libXrandr.so.2.2.0
7561a000-75635000 r--s 001e6000 08:06 170001     /home/castiel/Downloads/LWJGL -- Java Open GL/jar/lwjgl.jar
75635000-75636000 ---p 00000000 00:00 0 
75636000-756b6000 rw-p 00000000 00:00 0          [stack:3894]
756b6000-756b7000 ---p 00000000 00:00 0 
756b7000-75749000 rw-p 00000000 00:00 0          [stack:3893]
75749000-75854000 rw-p 00000000 00:00 0 
75854000-7585c000 rw-p 00000000 00:00 0 
7585c000-75894000 rw-p 00000000 00:00 0 
75894000-758a6000 rw-p 00000000 00:00 0 
758a6000-759b0000 rw-p 00000000 00:00 0 
759b0000-759ba000 rw-p 00000000 00:00 0 
759ba000-75a3f000 rw-p 00000000 00:00 0 
75a3f000-76a40000 rw-p 00000000 00:00 0 
76a40000-7da40000 rw-p 00000000 00:00 0 
7da40000-7fdc0000 rw-p 00000000 00:00 0 
7fdc0000-a1380000 rw-p 00000000 00:00 0 
a1380000-a2540000 rw-p 00000000 00:00 0 
a2540000-b3040000 rw-p 00000000 00:00 0 
b3040000-b3049000 rw-p 00000000 00:00 0 
b3049000-b3100000 rw-p 00000000 00:00 0 
b3100000-b3340000 rwxp 00000000 00:00 0 
b3340000-b61fb000 rw-p 00000000 00:00 0 
b61fb000-b6200000 ---p 00000000 00:00 0 
b6200000-b6204000 r-xp 00000000 08:05 418466     /usr/lib/libXfixes.so.3.1.0
b6204000-b6205000 r--p 00003000 08:05 418466     /usr/lib/libXfixes.so.3.1.0
b6205000-b6206000 rw-p 00004000 08:05 418466     /usr/lib/libXfixes.so.3.1.0
b6206000-b6208000 r-xp 00000000 08:05 419264     /usr/lib/libXinerama.so.1.0.0
b6208000-b6209000 r--p 00001000 08:05 419264     /usr/lib/libXinerama.so.1.0.0
b6209000-b620a000 rw-p 00002000 08:05 419264     /usr/lib/libXinerama.so.1.0.0
b620a000-b622a000 rw-p 00000000 00:00 0 
b622a000-b6262000 rw-p 00000000 00:00 0 
b6262000-b626a000 r-xp 00000000 08:05 130517     /usr/lib/jvm/java-7-openjdk/jre/lib/i386/libzip.so
b626a000-b626b000 rw-p 00007000 08:05 130517     /usr/lib/jvm/java-7-openjdk/jre/lib/i386/libzip.so
b626b000-b6273000 rw-s 00000000 00:20 51937      /tmp/hsperfdata_castiel/3889
b6273000-b6298000 r-xp 00000000 08:05 130516     /usr/lib/jvm/java-7-openjdk/jre/lib/i386/libjava.so
b6298000-b6299000 rw-p 00025000 08:05 130516     /usr/lib/jvm/java-7-openjdk/jre/lib/i386/libjava.so
b6299000-b62a0000 r-xp 00000000 08:05 393438     /usr/lib/librt-2.23.so
b62a0000-b62a1000 r--p 00006000 08:05 393438     /usr/lib/librt-2.23.so
b62a1000-b62a2000 rw-p 00007000 08:05 393438     /usr/lib/librt-2.23.so
b62a2000-b62a5000 ---p 00000000 00:00 0 
b62a5000-b62f3000 rw-p 00000000 00:00 0          [stack:3891]
b62f3000-b630f000 r-xp 00000000 08:05 393667     /usr/lib/libgcc_s.so.1
b630f000-b6310000 rw-p 0001b000 08:05 393667     /usr/lib/libgcc_s.so.1
b6310000-b6363000 r-xp 00000000 08:05 393435     /usr/lib/libm-2.23.so
b6363000-b6364000 r--p 00052000 08:05 393435     /usr/lib/libm-2.23.so
b6364000-b6365000 rw-p 00053000 08:05 393435     /usr/lib/libm-2.23.so
b6365000-b64d2000 r-xp 00000000 08:05 420147     /usr/lib/libstdc++.so.6.0.21
b64d2000-b64d3000 ---p 0016d000 08:05 420147     /usr/lib/libstdc++.so.6.0.21
b64d3000-b64d8000 r--p 0016d000 08:05 420147     /usr/lib/libstdc++.so.6.0.21
b64d8000-b64d9000 rw-p 00172000 08:05 420147     /usr/lib/libstdc++.so.6.0.21
b64d9000-b64dc000 rw-p 00000000 00:00 0 
b64dc000-b7041000 r-xp 00000000 08:05 145403     /usr/lib/jvm/java-7-openjdk/jre/lib/i386/server/libjvm.so
b7041000-b70a0000 rw-p 00b65000 08:05 145403     /usr/lib/jvm/java-7-openjdk/jre/lib/i386/server/libjvm.so
b70a0000-b74be000 rw-p 00000000 00:00 0 
b74be000-b74d4000 r-xp 00000000 08:05 396574     /usr/lib/libz.so.1.2.8
b74d4000-b74d5000 r--p 00015000 08:05 396574     /usr/lib/libz.so.1.2.8
b74d5000-b74d6000 rw-p 00016000 08:05 396574     /usr/lib/libz.so.1.2.8
b74d6000-b7684000 r-xp 00000000 08:05 393366     /usr/lib/libc-2.23.so
b7684000-b7685000 ---p 001ae000 08:05 393366     /usr/lib/libc-2.23.so
b7685000-b7687000 r--p 001ae000 08:05 393366     /usr/lib/libc-2.23.so
b7687000-b7688000 rw-p 001b0000 08:05 393366     /usr/lib/libc-2.23.so
b7688000-b768b000 rw-p 00000000 00:00 0 
b768b000-b768e000 r-xp 00000000 08:05 393434     /usr/lib/libdl-2.23.so
b768e000-b768f000 r--p 00002000 08:05 393434     /usr/lib/libdl-2.23.so
b768f000-b7690000 rw-p 00003000 08:05 393434     /usr/lib/libdl-2.23.so
b7690000-b7691000 rw-p 00000000 00:00 0 
b7691000-b769d000 r-xp 00000000 08:05 130545     /usr/lib/jvm/java-7-openjdk/jre/lib/i386/jli/libjli.so
b769d000-b769e000 rw-p 0000b000 08:05 130545     /usr/lib/jvm/java-7-openjdk/jre/lib/i386/jli/libjli.so
b769e000-b76b7000 r-xp 00000000 08:05 393342     /usr/lib/libpthread-2.23.so
b76b7000-b76b8000 r--p 00018000 08:05 393342     /usr/lib/libpthread-2.23.so
b76b8000-b76b9000 rw-p 00019000 08:05 393342     /usr/lib/libpthread-2.23.so
b76b9000-b76bb000 rw-p 00000000 00:00 0 
b76bb000-b76bc000 rw-s 3443b000 00:06 12735      /dev/nvidiactl
b76bc000-b76bd000 rw-s fd060000 00:06 12736      /dev/nvidia0
b76bd000-b76be000 rwxp 00000000 00:00 0 
b76be000-b76c9000 r-xp 00000000 08:05 393430     /usr/lib/libnss_files-2.23.so
b76c9000-b76ca000 r--p 0000a000 08:05 393430     /usr/lib/libnss_files-2.23.so
b76ca000-b76cb000 rw-p 0000b000 08:05 393430     /usr/lib/libnss_files-2.23.so
b76cb000-b76d2000 rw-p 00000000 00:00 0 
b76d2000-b76d3000 r--p 00000000 00:00 0 
b76d3000-b76de000 r-xp 00000000 08:05 130515     /usr/lib/jvm/java-7-openjdk/jre/lib/i386/libverify.so
b76de000-b76df000 rw-p 0000a000 08:05 130515     /usr/lib/jvm/java-7-openjdk/jre/lib/i386/libverify.so
b76df000-b76e0000 rw-p 00000000 00:00 0 
b76e0000-b76e2000 r--p 00000000 00:00 0          [vvar]
b76e2000-b76e3000 r-xp 00000000 00:00 0          [vdso]
b76e3000-b7705000 r-xp 00000000 08:05 393363     /usr/lib/ld-2.23.so
b7705000-b7706000 r--p 00021000 08:05 393363     /usr/lib/ld-2.23.so
b7706000-b7707000 rw-p 00022000 08:05 393363     /usr/lib/ld-2.23.so
bfb2f000-bfb30000 rwxp 00000000 00:00 0 
bfb62000-bfb83000 rw-p 00000000 00:00 0          [stack]

VM Arguments:
jvm_args: -Dfile.encoding=UTF-8 -Djava.library.path=/home/castiel/Downloads/LWJGL -- Java Open GL/native/ 
java_command: opengl.test.Demo
Launcher Type: SUN_STANDARD

Environment Variables:
PATH=/usr/local/sbin:/usr/local/bin:/usr/bin:/usr/lib/jvm/default/bin:/usr/bin/site_perl:/usr/bin/vendor_perl:/usr/bin/core_perl
LD_LIBRARY_PATH=/usr/lib/jvm/default/bin/../jre/lib/amd64:/usr/lib/jvm/default/bin/../jre/lib/i386:
SHELL=/bin/bash
DISPLAY=:0.0

Signal Handlers:
SIGSEGV: [libjvm.so+0x8114e0], sa_mask[0]=0x7ffbfeff, sa_flags=0x10000004
SIGBUS: [libjvm.so+0x8114e0], sa_mask[0]=0x7ffbfeff, sa_flags=0x10000004
SIGFPE: [libjvm.so+0x68a640], sa_mask[0]=0x7ffbfeff, sa_flags=0x10000004
SIGPIPE: [libjvm.so+0x68a640], sa_mask[0]=0x7ffbfeff, sa_flags=0x10000004
SIGXFSZ: [libjvm.so+0x68a640], sa_mask[0]=0x7ffbfeff, sa_flags=0x10000004
SIGILL: [libjvm.so+0x68a640], sa_mask[0]=0x7ffbfeff, sa_flags=0x10000004
SIGUSR1: SIG_DFL, sa_mask[0]=0x00000000, sa_flags=0x00000000
SIGUSR2: [libjvm.so+0x68a490], sa_mask[0]=0x00000004, sa_flags=0x10000004
SIGHUP: [libjvm.so+0x68a670], sa_mask[0]=0x7ffbfeff, sa_flags=0x10000004
SIGINT: SIG_IGN, sa_mask[0]=0x00000000, sa_flags=0x00000000
SIGTERM: [libjvm.so+0x68a670], sa_mask[0]=0x7ffbfeff, sa_flags=0x10000004
SIGQUIT: [libjvm.so+0x68a670], sa_mask[0]=0x7ffbfeff, sa_flags=0x10000004
SIGTRAP: SIG_DFL, sa_mask[0]=0x00000000, sa_flags=0x00000000


---------------  S Y S T E M  ---------------

OS:Linux
uname:Linux 4.1.20-1-lts #1 SMP Fri Mar 18 17:47:36 CET 2016 i686
libc:glibc 2.23 NPTL 2.23 
rlimit: STACK 8192k, CORE infinity, NPROC 27270, NOFILE 4096, AS infinity
load average:2.21 1.26 0.99

/proc/meminfo:
MemTotal:        3494900 kB
MemFree:          665992 kB
MemAvailable:    2265948 kB
Buffers:          117820 kB
Cached:          1485816 kB
SwapCached:            0 kB
Active:          1822024 kB
Inactive:         862204 kB
Active(anon):    1084208 kB
Inactive(anon):    25556 kB
Active(file):     737816 kB
Inactive(file):   836648 kB
Unevictable:          32 kB
Mlocked:              32 kB
HighTotal:       2629320 kB
HighFree:         436044 kB
LowTotal:         865580 kB
LowFree:          229948 kB
SwapTotal:             0 kB
SwapFree:              0 kB
Dirty:               420 kB
Writeback:             0 kB
AnonPages:       1080668 kB
Mapped:           277564 kB
Shmem:             29172 kB
Slab:              67612 kB
SReclaimable:      48952 kB
SUnreclaim:        18660 kB
KernelStack:        3072 kB
PageTables:         4888 kB
NFS_Unstable:          0 kB
Bounce:                0 kB
WritebackTmp:          0 kB
CommitLimit:     1747448 kB
Committed_AS:    3473100 kB
VmallocTotal:     122880 kB
VmallocUsed:       76144 kB
VmallocChunk:      40660 kB
HardwareCorrupted:     0 kB
AnonHugePages:    667648 kB
HugePages_Total:       0
HugePages_Free:        0
HugePages_Rsvd:        0
HugePages_Surp:        0
Hugepagesize:       4096 kB
DirectMap4k:      315384 kB
DirectMap4M:      593920 kB


CPU:total 2 (2 cores per cpu, 1 threads per core) family 6 model 23 stepping 10, cmov, cx8, fxsr, mmx, sse, sse2, sse3, ssse3, sse4.1, tsc

/proc/cpuinfo:
processor	: 0
vendor_id	: GenuineIntel
cpu family	: 6
model		: 23
model name	: Intel(R) Core(TM)2 Duo CPU     E8400  @ 3.00GHz
stepping	: 10
microcode	: 0xa07
cpu MHz		: 3003.000
cache size	: 6144 KB
physical id	: 0
siblings	: 2
core id		: 0
cpu cores	: 2
apicid		: 0
initial apicid	: 0
fdiv_bug	: no
f00f_bug	: no
coma_bug	: no
fpu		: yes
fpu_exception	: yes
cpuid level	: 13
wp		: yes
flags		: fpu vme de pse tsc msr pae mce cx8 apic sep mtrr pge mca cmov pat pse36 clflush dts acpi mmx fxsr sse sse2 ss ht tm pbe lm constant_tsc arch_perfmon pebs bts aperfmperf pni dtes64 monitor ds_cpl vmx smx est tm2 ssse3 cx16 xtpr pdcm sse4_1 xsave lahf_lm dtherm tpr_shadow vnmi flexpriority
bugs		:
bogomips	: 5987.33
clflush size	: 64
cache_alignment	: 64
address sizes	: 36 bits physical, 48 bits virtual
power management:

processor	: 1
vendor_id	: GenuineIntel
cpu family	: 6
model		: 23
model name	: Intel(R) Core(TM)2 Duo CPU     E8400  @ 3.00GHz
stepping	: 10
microcode	: 0xa07
cpu MHz		: 3003.000
cache size	: 6144 KB
physical id	: 0
siblings	: 2
core id		: 1
cpu cores	: 2
apicid		: 1
initial apicid	: 1
fdiv_bug	: no
f00f_bug	: no
coma_bug	: no
fpu		: yes
fpu_exception	: yes
cpuid level	: 13
wp		: yes
flags		: fpu vme de pse tsc msr pae mce cx8 apic sep mtrr pge mca cmov pat pse36 clflush dts acpi mmx fxsr sse sse2 ss ht tm pbe lm constant_tsc arch_perfmon pebs bts aperfmperf pni dtes64 monitor ds_cpl vmx smx est tm2 ssse3 cx16 xtpr pdcm sse4_1 xsave lahf_lm dtherm tpr_shadow vnmi flexpriority
bugs		:
bogomips	: 5987.33
clflush size	: 64
cache_alignment	: 64
address sizes	: 36 bits physical, 48 bits virtual
power management:



Memory: 4k page, physical 3494900k(665992k free), swap 0k(0k free)

vm_info: OpenJDK Server VM (24.95-b01) for linux-x86 JRE (1.7.0_95-b00), built on Jan 21 2016 12:43:41 by "builduser" with gcc 5.3.0

time: Sun Apr 24 21:36:03 2016
elapsed time: 0 seconds

