#
# A fatal error has been detected by the Java Runtime Environment:
#
#  SIGSEGV (0xb) at pc=0x75401e47, pid=3758, tid=3056888640
#
# JRE version: OpenJDK Runtime Environment (7.0_95) (build 1.7.0_95-b00)
# Java VM: OpenJDK Server VM (24.95-b01 mixed mode linux-x86 )
# Derivative: IcedTea 2.6.4
# Distribution: Custom build (Thu Jan 21 12:40:31 UTC 2016)
# Problematic frame:
# C  0x75401e47
#
# Core dump written. Default location: /home/castiel/Dev/Java/Project/OpenGl Test/core or core.3758
#
# If you would like to submit a bug report, please include
# instructions on how to reproduce the bug and visit:
#   http://icedtea.classpath.org/bugzilla
# The crash happened outside the Java Virtual Machine in native code.
# See problematic frame for where to report the bug.
#

---------------  T H R E A D  ---------------

Current thread (0xb6106400):  JavaThread "main" [_thread_in_native, id=3760, stack(0xb62f6000,0xb6347000)]

siginfo:si_signo=SIGSEGV: si_errno=0, si_code=1 (SEGV_MAPERR), si_addr=0x00000000

Registers:
EAX=0x6f6d35b8, EBX=0x6fd4b000, ECX=0x00000000, EDX=0x6f3caa04
ESP=0xb63459b8, EBP=0x6f3caa18, ESI=0x00000000, EDI=0x00000000
EIP=0x75401e47, EFLAGS=0x00010246, CR2=0x00000000

Top of Stack: (sp=0xb63459b8)
0xb63459b8:   6f3caa18 000000c0 00000000 6fd4b000
0xb63459c8:   00000000 717628bc 6fd4b000 6f6d35b8
0xb63459d8:   6f3caa00 00000006 00000000 00000000
0xb63459e8:   00000000 00000000 00000020 00000000
0xb63459f8:   6fa15ab0 6f3a2258 6f980008 75401e00
0xb6345a08:   00000000 00000000 00000006 00000000
0xb6345a18:   00000000 00000000 00000000 00000006
0xb6345a28:   6f3caa00 6f3caa00 00000029 6f3a2258 

Instructions: (pc=0x75401e47)
0x75401e27:   2c 24 8b 0a 03 0d a8 81 d9 6f 83 c2 04 8b 35 54
0x75401e37:   99 d7 6f 8b b6 84 02 00 00 8b f9 c1 e7 05 03 f7
0x75401e47:   8b 3e 8b 6e 04 89 38 89 68 04 8b 7e 08 89 78 08
0x75401e57:   8b 35 54 99 d7 6f 8b b6 ac 02 00 00 8b f9 c1 e7 

Register to memory mapping:

EAX=0x6f6d35b8 is an unknown value
EBX=0x6fd4b000 is an unknown value
ECX=0x00000000 is an unknown value
EDX=0x6f3caa04 is an unknown value
ESP=0xb63459b8 is pointing into the stack for thread: 0xb6106400
EBP=0x6f3caa18 is an unknown value
ESI=0x00000000 is an unknown value
EDI=0x00000000 is an unknown value


Stack: [0xb62f6000,0xb6347000],  sp=0xb63459b8,  free space=318k
Native frames: (J=compiled Java code, j=interpreted, Vv=VM code, C=native code)
C  0x75401e47

Java frames: (J=compiled Java code, j=interpreted, Vv=VM code)
j  org.lwjgl.system.JNI.callIIIPV(JIIIJ)V+0
j  org.lwjgl.opengl.GL11.nglDrawElements(IIIJ)V+14
j  org.lwjgl.opengl.GL11.glDrawElements(IIIJ)V+17
j  opengl.test.object.tugiac.render()V+32
j  opengl.test.Demo.render()V+111
j  opengl.test.OpenGL.loop()V+29
j  opengl.test.OpenGL.<init>()V+200
j  opengl.test.Demo.<init>()V+1
j  opengl.test.Demo.main([Ljava/lang/String;)V+4
v  ~StubRoutines::call_stub

---------------  P R O C E S S  ---------------

Java Threads: ( => current thread )
  0x72d2e400 JavaThread "Service Thread" daemon [_thread_blocked, id=3771, stack(0x729c4000,0x72a15000)]
  0x72d2c400 JavaThread "C2 CompilerThread1" daemon [_thread_blocked, id=3770, stack(0x72a15000,0x72a96000)]
  0x72d2a400 JavaThread "C2 CompilerThread0" daemon [_thread_blocked, id=3769, stack(0x72a96000,0x72b17000)]
  0x72d28c00 JavaThread "Signal Dispatcher" daemon [_thread_blocked, id=3768, stack(0x72b17000,0x72b68000)]
  0x72d15000 JavaThread "Finalizer" daemon [_thread_blocked, id=3767, stack(0x72e26000,0x72e77000)]
  0x72d13800 JavaThread "Reference Handler" daemon [_thread_blocked, id=3766, stack(0x72e77000,0x72ec8000)]
=>0xb6106400 JavaThread "main" [_thread_in_native, id=3760, stack(0xb62f6000,0xb6347000)]

Other Threads:
  0x72d11000 VMThread [stack: 0x75436000,0x754b7000] [id=3765]
  0x72d30400 WatcherThread [stack: 0x72943000,0x729c4000] [id=3772]

VM state:not at safepoint (normal execution)

VM Mutex/Monitor currently owned by a thread: None

Heap
 PSYoungGen      total 16128K, used 10740K [0xa1380000, 0xa2540000, 0xb3040000)
  eden space 14080K, 76% used [0xa1380000,0xa1dfd3a0,0xa2140000)
  from space 2048K, 0% used [0xa2340000,0xa2340000,0xa2540000)
  to   space 2048K, 0% used [0xa2140000,0xa2140000,0xa2340000)
 ParOldGen       total 36352K, used 0K [0x7da40000, 0x7fdc0000, 0xa1380000)
  object space 36352K, 0% used [0x7da40000,0x7da40000,0x7fdc0000)
 PSPermGen       total 16384K, used 5668K [0x75a40000, 0x76a40000, 0x7da40000)
  object space 16384K, 34% used [0x75a40000,0x75fc9318,0x76a40000)

Card table byte_map: [0x75854000,0x75a40000] byte_map_base: 0x754a6e00

Polling page: 0xb7726000

Code Cache  [0xb3100000, 0xb3340000, 0xb6100000)
 total_blobs=416 nmethods=21 adapters=350 free_code_cache=48727Kb largest_free_block=49882112

Compilation events (10 events):
Event: 0.616 Thread 0x72d2c400   16             java.lang.String::equals (81 bytes)
Event: 0.619 Thread 0x72d2c400 nmethod 16 0xb3165f08 code [0xb3166000, 0xb3166290]
Event: 0.678 Thread 0x72d2c400   17             sun.net.www.ParseUtil::encodePath (336 bytes)
Event: 0.684 Thread 0x72d2c400 nmethod 17 0xb3167108 code [0xb3167260, 0xb3167804]
Event: 0.708 Thread 0x72d2a400   18             java.lang.String::length (6 bytes)
Event: 0.708 Thread 0x72d2a400 nmethod 18 0xb3168148 code [0xb3168240, 0xb3168290]
Event: 0.751 Thread 0x72d2c400   20             java.lang.String::startsWith (72 bytes)
Event: 0.752 Thread 0x72d2c400 nmethod 20 0xb31690c8 code [0xb31691c0, 0xb31692f0]
Event: 0.773 Thread 0x72d2a400   21             java.lang.Math::min (11 bytes)
Event: 0.774 Thread 0x72d2a400 nmethod 21 0xb316af08 code [0xb316afe0, 0xb316b010]

GC Heap History (0 events):
No events

Deoptimization events (4 events):
Event: 0.755 Thread 0xb6106400 Uncommon trap: reason=unstable_if action=reinterpret pc=0xb3163aa4 method=java.lang.String.replace(CC)Ljava/lang/String; @ 2
Event: 0.764 Thread 0xb6106400 Uncommon trap: reason=unstable_if action=reinterpret pc=0xb3164168 method=java.lang.String.indexOf([CII[CIII)I @ 123
Event: 0.764 Thread 0xb6106400 Uncommon trap: reason=predicate action=maybe_recompile pc=0xb316775c method=sun.net.www.ParseUtil.encodePath(Ljava/lang/String;Z)Ljava/lang/String; @ 36
Event: 0.771 Thread 0xb6106400 Uncommon trap: reason=unstable_if action=reinterpret pc=0xb31661e0 method=java.lang.String.equals(Ljava/lang/Object;)Z @ 66

Internal exceptions (10 events):
Event: 0.765 Thread 0xb6106400 Threw 0xa1d866c8 at /build/java7-openjdk/src/icedtea-2.6.4/openjdk/hotspot/src/share/vm/prims/jvm.cpp:1322
Event: 0.765 Thread 0xb6106400 Threw 0xa1d867e0 at /build/java7-openjdk/src/icedtea-2.6.4/openjdk/hotspot/src/share/vm/prims/jvm.cpp:1322
Event: 0.765 Thread 0xb6106400 Threw 0xa1d86ff8 at /build/java7-openjdk/src/icedtea-2.6.4/openjdk/hotspot/src/share/vm/prims/jvm.cpp:1322
Event: 0.765 Thread 0xb6106400 Threw 0xa1d87110 at /build/java7-openjdk/src/icedtea-2.6.4/openjdk/hotspot/src/share/vm/prims/jvm.cpp:1322
Event: 0.778 Thread 0xb6106400 Threw 0xa1da5aa8 at /build/java7-openjdk/src/icedtea-2.6.4/openjdk/hotspot/src/share/vm/prims/jvm.cpp:1322
Event: 0.778 Thread 0xb6106400 Threw 0xa1da8538 at /build/java7-openjdk/src/icedtea-2.6.4/openjdk/hotspot/src/share/vm/prims/jvm.cpp:1322
Event: 0.778 Thread 0xb6106400 Threw 0xa1daa5a0 at /build/java7-openjdk/src/icedtea-2.6.4/openjdk/hotspot/src/share/vm/prims/jvm.cpp:1322
Event: 0.780 Thread 0xb6106400 Threw 0xa1db98a0 at /build/java7-openjdk/src/icedtea-2.6.4/openjdk/hotspot/src/share/vm/prims/jvm.cpp:1322
Event: 0.781 Thread 0xb6106400 Threw 0xa1dbceb0 at /build/java7-openjdk/src/icedtea-2.6.4/openjdk/hotspot/src/share/vm/prims/jvm.cpp:1322
Event: 0.786 Thread 0xb6106400 Threw 0xa1dc7be8 at /build/java7-openjdk/src/icedtea-2.6.4/openjdk/hotspot/src/share/vm/prims/jvm.cpp:1322

Events (10 events):
Event: 0.778 loading class 0x6f3a0560
Event: 0.778 loading class 0x6f3a0560 done
Event: 0.778 loading class 0x6f3a05a0
Event: 0.778 loading class 0x6f3a05a0 done
Event: 0.780 loading class 0x6f87fd88
Event: 0.780 loading class 0x6f87fd88 done
Event: 0.781 loading class 0x6f3a4b30
Event: 0.781 loading class 0x6f3a4b30 done
Event: 0.786 loading class 0x72d65258
Event: 0.786 loading class 0x72d65258 done


Dynamic libraries:
08048000-08049000 r-xp 00000000 08:05 662509     /usr/lib/jvm/java-7-openjdk/jre/bin/java
08049000-0804a000 rw-p 00000000 08:05 662509     /usr/lib/jvm/java-7-openjdk/jre/bin/java
09eb9000-09f25000 rw-p 00000000 00:00 0          [heap]
6f100000-6f195000 rw-p 00000000 00:00 0 
6f195000-6f200000 ---p 00000000 00:00 0 
6f300000-6f3d0000 rw-p 00000000 00:00 0 
6f3d0000-6f400000 ---p 00000000 00:00 0 
6f4ed000-6f56d000 rw-s 04221000 00:06 12735      /dev/nvidiactl
6f56d000-6f5ed000 rw-s 048a6000 00:06 12735      /dev/nvidiactl
6f5ed000-6f66d000 rw-s 22a9e000 00:06 12735      /dev/nvidiactl
6f66d000-6f76d000 rw-s 04bc7000 00:06 12735      /dev/nvidiactl
6f76d000-6f780000 rw-s 0481c000 00:06 12735      /dev/nvidiactl
6f780000-6f7a0000 rw-s f0100000 00:06 12736      /dev/nvidia0
6f7a0000-6f7e0000 rw-s 21910000 00:06 12735      /dev/nvidiactl
6f7e0000-6f800000 rw-s 1c8b5000 00:06 12735      /dev/nvidiactl
6f800000-6f8fe000 rw-p 00000000 00:00 0 
6f8fe000-6f900000 ---p 00000000 00:00 0 
6f900000-6f940000 rw-s 04f74000 00:06 12735      /dev/nvidiactl
6f940000-6f980000 rw-s 03fe2000 00:06 12735      /dev/nvidiactl
6f980000-6fafc000 rw-p 00000000 00:00 0 
6fafc000-6fc00000 rw-s 30d93000 00:06 12735      /dev/nvidiactl
6fc00000-6fcee000 rw-p 00000000 00:00 0 
6fcee000-6fd00000 ---p 00000000 00:00 0 
6fd0b000-6fd2b000 rw-s 175c1000 00:06 12735      /dev/nvidiactl
6fd2b000-6fd4b000 rw-s 213d5000 00:06 12735      /dev/nvidiactl
6fd4b000-6fdff000 rw-p 00000000 00:00 0 
6fdff000-7193c000 r-xp 00000000 08:05 426727     /usr/lib/libnvidia-glcore.so.361.28
7193c000-7195c000 rwxp 01b3d000 08:05 426727     /usr/lib/libnvidia-glcore.so.361.28
7195c000-71fd8000 r-xp 01b5d000 08:05 426727     /usr/lib/libnvidia-glcore.so.361.28
71fd8000-72075000 rw-p 021d8000 08:05 426727     /usr/lib/libnvidia-glcore.so.361.28
72075000-72084000 rw-p 00000000 00:00 0 
72084000-72142000 r-xp 00000000 08:05 393610     /usr/lib/libGLX_nvidia.so.361.28
72142000-72162000 rwxp 000be000 08:05 393610     /usr/lib/libGLX_nvidia.so.361.28
72162000-7218a000 r-xp 000de000 08:05 393610     /usr/lib/libGLX_nvidia.so.361.28
7218a000-72190000 rw-p 00105000 08:05 393610     /usr/lib/libGLX_nvidia.so.361.28
72190000-72193000 rw-p 00000000 00:00 0 
72193000-72227000 r-xp 00000000 08:05 443850     /usr/lib/libGLdispatch.so.0.0.0
72227000-7222f000 r--p 00093000 08:05 443850     /usr/lib/libGLdispatch.so.0.0.0
7222f000-72230000 rw-p 0009b000 08:05 443850     /usr/lib/libGLdispatch.so.0.0.0
72230000-72240000 rw-p 00000000 00:00 0 
72240000-722ae000 r-xp 00000000 08:05 443890     /usr/lib/nvidia/libGL.so.1.0.0
722ae000-722af000 r--p 0006d000 08:05 443890     /usr/lib/nvidia/libGL.so.1.0.0
722af000-722b0000 rw-p 0006e000 08:05 443890     /usr/lib/nvidia/libGL.so.1.0.0
722b0000-723fb000 r-xp 00000000 08:05 417030     /usr/lib/libX11.so.6.3.0
723fb000-723fd000 r--p 0014b000 08:05 417030     /usr/lib/libX11.so.6.3.0
723fd000-72400000 rw-p 0014d000 08:05 417030     /usr/lib/libX11.so.6.3.0
72400000-72800000 rw-p 00000000 00:00 0 
7280c000-72810000 rw-s 046c2000 00:06 12735      /dev/nvidiactl
72810000-72814000 r-xp 00000000 08:05 443891     /usr/lib/tls/libnvidia-tls.so.361.28
72814000-72815000 rw-p 00003000 08:05 443891     /usr/lib/tls/libnvidia-tls.so.361.28
72815000-72826000 r-xp 00000000 08:05 443851     /usr/lib/libGLX.so.0.0.0
72826000-72827000 r--p 00010000 08:05 443851     /usr/lib/libGLX.so.0.0.0
72827000-72828000 rw-p 00011000 08:05 443851     /usr/lib/libGLX.so.0.0.0
72828000-72838000 rw-p 00000000 00:00 0 
72838000-7283d000 r-xp 00000000 08:05 414447     /usr/lib/libXdmcp.so.6.0.0
7283d000-7283e000 r--p 00004000 08:05 414447     /usr/lib/libXdmcp.so.6.0.0
7283e000-7283f000 rw-p 00005000 08:05 414447     /usr/lib/libXdmcp.so.6.0.0
7283f000-72841000 r-xp 00000000 08:05 414580     /usr/lib/libXau.so.6.0.0
72841000-72842000 r--p 00001000 08:05 414580     /usr/lib/libXau.so.6.0.0
72842000-72843000 rw-p 00002000 08:05 414580     /usr/lib/libXau.so.6.0.0
72843000-7284d000 r-xp 00000000 08:05 419232     /usr/lib/libXrender.so.1.3.0
7284d000-7284e000 r--p 00009000 08:05 419232     /usr/lib/libXrender.so.1.3.0
7284e000-7284f000 rw-p 0000a000 08:05 419232     /usr/lib/libXrender.so.1.3.0
7284f000-72862000 r-xp 00000000 08:05 418425     /usr/lib/libXext.so.6.4.0
72862000-72863000 r--p 00012000 08:05 418425     /usr/lib/libXext.so.6.4.0
72863000-72864000 rw-p 00013000 08:05 418425     /usr/lib/libXext.so.6.4.0
72864000-72888000 r-xp 00000000 08:05 416949     /usr/lib/libxcb.so.1.1.0
72888000-72889000 ---p 00024000 08:05 416949     /usr/lib/libxcb.so.1.1.0
72889000-7288a000 r--p 00024000 08:05 416949     /usr/lib/libxcb.so.1.1.0
7288a000-7288b000 rw-p 00025000 08:05 416949     /usr/lib/libxcb.so.1.1.0
7288b000-72895000 r-xp 00000000 08:05 419326     /usr/lib/libXcursor.so.1.0.2
72895000-72896000 r--p 00009000 08:05 419326     /usr/lib/libXcursor.so.1.0.2
72896000-72897000 rw-p 0000a000 08:05 419326     /usr/lib/libXcursor.so.1.0.2
72897000-72898000 r-xp 00000000 08:06 169981     /home/castiel/Downloads/LWJGL -- Java Open GL/native/libjemalloc32.so
72898000-728d5000 r-xp 00000000 00:00 0 
728d5000-728d6000 ---p 0003e000 08:06 169981     /home/castiel/Downloads/LWJGL -- Java Open GL/native/libjemalloc32.so
728d6000-728d7000 r--p 00019000 08:06 169981     /home/castiel/Downloads/LWJGL -- Java Open GL/native/libjemalloc32.so
728d7000-728d8000 rw-p 0001a000 08:06 169981     /home/castiel/Downloads/LWJGL -- Java Open GL/native/libjemalloc32.so
728d8000-728e3000 r-xp 00000000 08:06 169984     /home/castiel/Downloads/LWJGL -- Java Open GL/native/liblwjgl32.so
728e3000-72940000 r-xp 00000000 00:00 0 
72940000-72941000 r--p 00031000 08:06 169984     /home/castiel/Downloads/LWJGL -- Java Open GL/native/liblwjgl32.so
72941000-72942000 rw-p 00032000 08:06 169984     /home/castiel/Downloads/LWJGL -- Java Open GL/native/liblwjgl32.so
72942000-72943000 rw-p 00000000 00:00 0 
72943000-72944000 ---p 00000000 00:00 0 
72944000-729c4000 rw-p 00000000 00:00 0          [stack:3772]
729c4000-729c7000 ---p 00000000 00:00 0 
729c7000-72a15000 rw-p 00000000 00:00 0          [stack:3771]
72a15000-72a18000 ---p 00000000 00:00 0 
72a18000-72a96000 rw-p 00000000 00:00 0          [stack:3770]
72a96000-72a99000 ---p 00000000 00:00 0 
72a99000-72b17000 rw-p 00000000 00:00 0          [stack:3769]
72b17000-72b1a000 ---p 00000000 00:00 0 
72b1a000-72b68000 rw-p 00000000 00:00 0          [stack:3768]
72b68000-72d00000 r--p 00000000 08:05 453414     /usr/lib/locale/locale-archive
72d00000-72df6000 rw-p 00000000 00:00 0 
72df6000-72e00000 ---p 00000000 00:00 0 
72e01000-72e03000 rw-s 00000000 00:20 48584      /tmp/.glZPhik0 (deleted)
72e03000-72e26000 rw-p 00000000 00:00 0 
72e26000-72e29000 ---p 00000000 00:00 0 
72e29000-72e77000 rw-p 00000000 00:00 0          [stack:3767]
72e77000-72e7a000 ---p 00000000 00:00 0 
72e7a000-72ec8000 rw-p 00000000 00:00 0          [stack:3766]
72ec8000-7307a000 r--s 01d2f000 08:05 662492     /usr/lib/jvm/java-7-openjdk/jre/lib/rt.jar
7307a000-75300000 rw-p 00000000 00:00 0 
75300000-75361000 rw-p 00000000 00:00 0 
75361000-75400000 ---p 00000000 00:00 0 
75400000-75402000 r-xs 00000000 00:20 48584      /tmp/.glZPhik0 (deleted)
75402000-75406000 r-xp 00000000 08:05 418466     /usr/lib/libXfixes.so.3.1.0
75406000-75407000 r--p 00003000 08:05 418466     /usr/lib/libXfixes.so.3.1.0
75407000-75408000 rw-p 00004000 08:05 418466     /usr/lib/libXfixes.so.3.1.0
75408000-75419000 r-xp 00000000 08:05 419224     /usr/lib/libXi.so.6.1.0
75419000-7541a000 r--p 00010000 08:05 419224     /usr/lib/libXi.so.6.1.0
7541a000-7541b000 rw-p 00011000 08:05 419224     /usr/lib/libXi.so.6.1.0
7541b000-7541d000 r-xp 00000000 08:06 169978     /home/castiel/Downloads/LWJGL -- Java Open GL/native/libglfw32.so
7541d000-75434000 r-xp 00000000 00:00 0 
75434000-75435000 r--p 0000b000 08:06 169978     /home/castiel/Downloads/LWJGL -- Java Open GL/native/libglfw32.so
75435000-75436000 rw-p 0000c000 08:06 169978     /home/castiel/Downloads/LWJGL -- Java Open GL/native/libglfw32.so
75436000-75437000 ---p 00000000 00:00 0 
75437000-75500000 rw-p 00000000 00:00 0          [stack:3765]
75500000-75521000 rw-p 00000000 00:00 0 
75521000-75600000 ---p 00000000 00:00 0 
75601000-75602000 rw-s 0485f000 00:06 12735      /dev/nvidiactl
75602000-75607000 r-xp 00000000 08:05 418458     /usr/lib/libXxf86vm.so.1.0.0
75607000-75608000 r--p 00004000 08:05 418458     /usr/lib/libXxf86vm.so.1.0.0
75608000-75609000 rw-p 00005000 08:05 418458     /usr/lib/libXxf86vm.so.1.0.0
75609000-7560b000 r-xp 00000000 08:05 419264     /usr/lib/libXinerama.so.1.0.0
7560b000-7560c000 r--p 00001000 08:05 419264     /usr/lib/libXinerama.so.1.0.0
7560c000-7560d000 rw-p 00002000 08:05 419264     /usr/lib/libXinerama.so.1.0.0
7560d000-75618000 r-xp 00000000 08:05 419256     /usr/lib/libXrandr.so.2.2.0
75618000-75619000 r--p 0000a000 08:05 419256     /usr/lib/libXrandr.so.2.2.0
75619000-7561a000 rw-p 0000b000 08:05 419256     /usr/lib/libXrandr.so.2.2.0
7561a000-75635000 r--s 001e6000 08:06 170001     /home/castiel/Downloads/LWJGL -- Java Open GL/jar/lwjgl.jar
75635000-75636000 ---p 00000000 00:00 0 
75636000-756b6000 rw-p 00000000 00:00 0          [stack:3764]
756b6000-756b7000 ---p 00000000 00:00 0 
756b7000-75749000 rw-p 00000000 00:00 0          [stack:3763]
75749000-75854000 rw-p 00000000 00:00 0 
75854000-7585c000 rw-p 00000000 00:00 0 
7585c000-75894000 rw-p 00000000 00:00 0 
75894000-758a6000 rw-p 00000000 00:00 0 
758a6000-759b0000 rw-p 00000000 00:00 0 
759b0000-759ba000 rw-p 00000000 00:00 0 
759ba000-75a3f000 rw-p 00000000 00:00 0 
75a3f000-76a40000 rw-p 00000000 00:00 0 
76a40000-7da40000 rw-p 00000000 00:00 0 
7da40000-7fdc0000 rw-p 00000000 00:00 0 
7fdc0000-a1380000 rw-p 00000000 00:00 0 
a1380000-a2540000 rw-p 00000000 00:00 0 
a2540000-b3040000 rw-p 00000000 00:00 0 
b3040000-b3049000 rw-p 00000000 00:00 0 
b3049000-b3100000 rw-p 00000000 00:00 0 
b3100000-b3340000 rwxp 00000000 00:00 0 
b3340000-b61fb000 rw-p 00000000 00:00 0 
b61fb000-b6200000 ---p 00000000 00:00 0 
b6200000-b6201000 rw-s f7f65000 00:06 12736      /dev/nvidia0
b6201000-b6202000 rw-s f7f64000 00:06 12736      /dev/nvidia0
b6202000-b6203000 rw-s f7f63000 00:06 12736      /dev/nvidia0
b6203000-b627e000 rw-p 00000000 00:00 0 
b627e000-b62b6000 rw-p 00000000 00:00 0 
b62b6000-b62be000 r-xp 00000000 08:05 130517     /usr/lib/jvm/java-7-openjdk/jre/lib/i386/libzip.so
b62be000-b62bf000 rw-p 00007000 08:05 130517     /usr/lib/jvm/java-7-openjdk/jre/lib/i386/libzip.so
b62bf000-b62c7000 rw-s 00000000 00:20 48578      /tmp/hsperfdata_castiel/3758
b62c7000-b62ec000 r-xp 00000000 08:05 130516     /usr/lib/jvm/java-7-openjdk/jre/lib/i386/libjava.so
b62ec000-b62ed000 rw-p 00025000 08:05 130516     /usr/lib/jvm/java-7-openjdk/jre/lib/i386/libjava.so
b62ed000-b62f4000 r-xp 00000000 08:05 393438     /usr/lib/librt-2.23.so
b62f4000-b62f5000 r--p 00006000 08:05 393438     /usr/lib/librt-2.23.so
b62f5000-b62f6000 rw-p 00007000 08:05 393438     /usr/lib/librt-2.23.so
b62f6000-b62f9000 ---p 00000000 00:00 0 
b62f9000-b6347000 rw-p 00000000 00:00 0          [stack:3760]
b6347000-b6363000 r-xp 00000000 08:05 393667     /usr/lib/libgcc_s.so.1
b6363000-b6364000 rw-p 0001b000 08:05 393667     /usr/lib/libgcc_s.so.1
b6364000-b63b7000 r-xp 00000000 08:05 393435     /usr/lib/libm-2.23.so
b63b7000-b63b8000 r--p 00052000 08:05 393435     /usr/lib/libm-2.23.so
b63b8000-b63b9000 rw-p 00053000 08:05 393435     /usr/lib/libm-2.23.so
b63b9000-b6526000 r-xp 00000000 08:05 420147     /usr/lib/libstdc++.so.6.0.21
b6526000-b6527000 ---p 0016d000 08:05 420147     /usr/lib/libstdc++.so.6.0.21
b6527000-b652c000 r--p 0016d000 08:05 420147     /usr/lib/libstdc++.so.6.0.21
b652c000-b652d000 rw-p 00172000 08:05 420147     /usr/lib/libstdc++.so.6.0.21
b652d000-b6530000 rw-p 00000000 00:00 0 
b6530000-b7095000 r-xp 00000000 08:05 145403     /usr/lib/jvm/java-7-openjdk/jre/lib/i386/server/libjvm.so
b7095000-b70f4000 rw-p 00b65000 08:05 145403     /usr/lib/jvm/java-7-openjdk/jre/lib/i386/server/libjvm.so
b70f4000-b7512000 rw-p 00000000 00:00 0 
b7512000-b7528000 r-xp 00000000 08:05 396574     /usr/lib/libz.so.1.2.8
b7528000-b7529000 r--p 00015000 08:05 396574     /usr/lib/libz.so.1.2.8
b7529000-b752a000 rw-p 00016000 08:05 396574     /usr/lib/libz.so.1.2.8
b752a000-b76d8000 r-xp 00000000 08:05 393366     /usr/lib/libc-2.23.so
b76d8000-b76d9000 ---p 001ae000 08:05 393366     /usr/lib/libc-2.23.so
b76d9000-b76db000 r--p 001ae000 08:05 393366     /usr/lib/libc-2.23.so
b76db000-b76dc000 rw-p 001b0000 08:05 393366     /usr/lib/libc-2.23.so
b76dc000-b76df000 rw-p 00000000 00:00 0 
b76df000-b76e2000 r-xp 00000000 08:05 393434     /usr/lib/libdl-2.23.so
b76e2000-b76e3000 r--p 00002000 08:05 393434     /usr/lib/libdl-2.23.so
b76e3000-b76e4000 rw-p 00003000 08:05 393434     /usr/lib/libdl-2.23.so
b76e4000-b76e5000 rw-p 00000000 00:00 0 
b76e5000-b76f1000 r-xp 00000000 08:05 130545     /usr/lib/jvm/java-7-openjdk/jre/lib/i386/jli/libjli.so
b76f1000-b76f2000 rw-p 0000b000 08:05 130545     /usr/lib/jvm/java-7-openjdk/jre/lib/i386/jli/libjli.so
b76f2000-b770b000 r-xp 00000000 08:05 393342     /usr/lib/libpthread-2.23.so
b770b000-b770c000 r--p 00018000 08:05 393342     /usr/lib/libpthread-2.23.so
b770c000-b770d000 rw-p 00019000 08:05 393342     /usr/lib/libpthread-2.23.so
b770d000-b770f000 rw-p 00000000 00:00 0 
b770f000-b7710000 rw-s 21b1a000 00:06 12735      /dev/nvidiactl
b7710000-b7711000 rw-s fd060000 00:06 12736      /dev/nvidia0
b7711000-b7712000 rwxp 00000000 00:00 0 
b7712000-b771d000 r-xp 00000000 08:05 393430     /usr/lib/libnss_files-2.23.so
b771d000-b771e000 r--p 0000a000 08:05 393430     /usr/lib/libnss_files-2.23.so
b771e000-b771f000 rw-p 0000b000 08:05 393430     /usr/lib/libnss_files-2.23.so
b771f000-b7726000 rw-p 00000000 00:00 0 
b7726000-b7727000 r--p 00000000 00:00 0 
b7727000-b7732000 r-xp 00000000 08:05 130515     /usr/lib/jvm/java-7-openjdk/jre/lib/i386/libverify.so
b7732000-b7733000 rw-p 0000a000 08:05 130515     /usr/lib/jvm/java-7-openjdk/jre/lib/i386/libverify.so
b7733000-b7734000 rw-p 00000000 00:00 0 
b7734000-b7736000 r--p 00000000 00:00 0          [vvar]
b7736000-b7737000 r-xp 00000000 00:00 0          [vdso]
b7737000-b7759000 r-xp 00000000 08:05 393363     /usr/lib/ld-2.23.so
b7759000-b775a000 r--p 00021000 08:05 393363     /usr/lib/ld-2.23.so
b775a000-b775b000 rw-p 00022000 08:05 393363     /usr/lib/ld-2.23.so
bf9a7000-bf9a8000 rwxp 00000000 00:00 0 
bf9da000-bf9fb000 rw-p 00000000 00:00 0          [stack]

VM Arguments:
jvm_args: -Dfile.encoding=UTF-8 -Djava.library.path=/home/castiel/Downloads/LWJGL -- Java Open GL/native/ 
java_command: opengl.test.Demo
Launcher Type: SUN_STANDARD

Environment Variables:
PATH=/usr/local/sbin:/usr/local/bin:/usr/bin:/usr/lib/jvm/default/bin:/usr/bin/site_perl:/usr/bin/vendor_perl:/usr/bin/core_perl
LD_LIBRARY_PATH=/usr/lib/jvm/default/bin/../jre/lib/amd64:/usr/lib/jvm/default/bin/../jre/lib/i386:
SHELL=/bin/bash
DISPLAY=:0.0

Signal Handlers:
SIGSEGV: [libjvm.so+0x8114e0], sa_mask[0]=0x7ffbfeff, sa_flags=0x10000004
SIGBUS: [libjvm.so+0x8114e0], sa_mask[0]=0x7ffbfeff, sa_flags=0x10000004
SIGFPE: [libjvm.so+0x68a640], sa_mask[0]=0x7ffbfeff, sa_flags=0x10000004
SIGPIPE: [libjvm.so+0x68a640], sa_mask[0]=0x7ffbfeff, sa_flags=0x10000004
SIGXFSZ: [libjvm.so+0x68a640], sa_mask[0]=0x7ffbfeff, sa_flags=0x10000004
SIGILL: [libjvm.so+0x68a640], sa_mask[0]=0x7ffbfeff, sa_flags=0x10000004
SIGUSR1: SIG_DFL, sa_mask[0]=0x00000000, sa_flags=0x00000000
SIGUSR2: [libjvm.so+0x68a490], sa_mask[0]=0x00000004, sa_flags=0x10000004
SIGHUP: [libjvm.so+0x68a670], sa_mask[0]=0x7ffbfeff, sa_flags=0x10000004
SIGINT: SIG_IGN, sa_mask[0]=0x00000000, sa_flags=0x00000000
SIGTERM: [libjvm.so+0x68a670], sa_mask[0]=0x7ffbfeff, sa_flags=0x10000004
SIGQUIT: [libjvm.so+0x68a670], sa_mask[0]=0x7ffbfeff, sa_flags=0x10000004
SIGTRAP: SIG_DFL, sa_mask[0]=0x00000000, sa_flags=0x00000000


---------------  S Y S T E M  ---------------

OS:Linux
uname:Linux 4.1.20-1-lts #1 SMP Fri Mar 18 17:47:36 CET 2016 i686
libc:glibc 2.23 NPTL 2.23 
rlimit: STACK 8192k, CORE infinity, NPROC 27270, NOFILE 4096, AS infinity
load average:1.65 1.02 0.91

/proc/meminfo:
MemTotal:        3494900 kB
MemFree:          785076 kB
MemAvailable:    2273624 kB
Buffers:          114732 kB
Cached:          1379172 kB
SwapCached:            0 kB
Active:          1806880 kB
Inactive:         760756 kB
Active(anon):    1077276 kB
Inactive(anon):    25628 kB
Active(file):     729604 kB
Inactive(file):   735128 kB
Unevictable:          32 kB
Mlocked:              32 kB
HighTotal:       2629320 kB
HighFree:         531180 kB
LowTotal:         865580 kB
LowFree:          253896 kB
SwapTotal:             0 kB
SwapFree:              0 kB
Dirty:               492 kB
Writeback:             0 kB
AnonPages:       1073824 kB
Mapped:           277492 kB
Shmem:             29172 kB
Slab:              65960 kB
SReclaimable:      47276 kB
SUnreclaim:        18684 kB
KernelStack:        3072 kB
PageTables:         4880 kB
NFS_Unstable:          0 kB
Bounce:                0 kB
WritebackTmp:          0 kB
CommitLimit:     1747448 kB
Committed_AS:    3467784 kB
VmallocTotal:     122880 kB
VmallocUsed:       76144 kB
VmallocChunk:      40660 kB
HardwareCorrupted:     0 kB
AnonHugePages:    610304 kB
HugePages_Total:       0
HugePages_Free:        0
HugePages_Rsvd:        0
HugePages_Surp:        0
Hugepagesize:       4096 kB
DirectMap4k:      315384 kB
DirectMap4M:      593920 kB


CPU:total 2 (2 cores per cpu, 1 threads per core) family 6 model 23 stepping 10, cmov, cx8, fxsr, mmx, sse, sse2, sse3, ssse3, sse4.1, tsc

/proc/cpuinfo:
processor	: 0
vendor_id	: GenuineIntel
cpu family	: 6
model		: 23
model name	: Intel(R) Core(TM)2 Duo CPU     E8400  @ 3.00GHz
stepping	: 10
microcode	: 0xa07
cpu MHz		: 3003.000
cache size	: 6144 KB
physical id	: 0
siblings	: 2
core id		: 0
cpu cores	: 2
apicid		: 0
initial apicid	: 0
fdiv_bug	: no
f00f_bug	: no
coma_bug	: no
fpu		: yes
fpu_exception	: yes
cpuid level	: 13
wp		: yes
flags		: fpu vme de pse tsc msr pae mce cx8 apic sep mtrr pge mca cmov pat pse36 clflush dts acpi mmx fxsr sse sse2 ss ht tm pbe lm constant_tsc arch_perfmon pebs bts aperfmperf pni dtes64 monitor ds_cpl vmx smx est tm2 ssse3 cx16 xtpr pdcm sse4_1 xsave lahf_lm dtherm tpr_shadow vnmi flexpriority
bugs		:
bogomips	: 5987.33
clflush size	: 64
cache_alignment	: 64
address sizes	: 36 bits physical, 48 bits virtual
power management:

processor	: 1
vendor_id	: GenuineIntel
cpu family	: 6
model		: 23
model name	: Intel(R) Core(TM)2 Duo CPU     E8400  @ 3.00GHz
stepping	: 10
microcode	: 0xa07
cpu MHz		: 3003.000
cache size	: 6144 KB
physical id	: 0
siblings	: 2
core id		: 1
cpu cores	: 2
apicid		: 1
initial apicid	: 1
fdiv_bug	: no
f00f_bug	: no
coma_bug	: no
fpu		: yes
fpu_exception	: yes
cpuid level	: 13
wp		: yes
flags		: fpu vme de pse tsc msr pae mce cx8 apic sep mtrr pge mca cmov pat pse36 clflush dts acpi mmx fxsr sse sse2 ss ht tm pbe lm constant_tsc arch_perfmon pebs bts aperfmperf pni dtes64 monitor ds_cpl vmx smx est tm2 ssse3 cx16 xtpr pdcm sse4_1 xsave lahf_lm dtherm tpr_shadow vnmi flexpriority
bugs		:
bogomips	: 5987.33
clflush size	: 64
cache_alignment	: 64
address sizes	: 36 bits physical, 48 bits virtual
power management:



Memory: 4k page, physical 3494900k(785076k free), swap 0k(0k free)

vm_info: OpenJDK Server VM (24.95-b01) for linux-x86 JRE (1.7.0_95-b00), built on Jan 21 2016 12:43:41 by "builduser" with gcc 5.3.0

time: Sun Apr 24 21:33:15 2016
elapsed time: 0 seconds

