#
# A fatal error has been detected by the Java Runtime Environment:
#
#  SIGSEGV (0xb) at pc=0x7280ce47, pid=4422, tid=3057457984
#
# JRE version: OpenJDK Runtime Environment (7.0_95) (build 1.7.0_95-b00)
# Java VM: OpenJDK Server VM (24.95-b01 mixed mode linux-x86 )
# Derivative: IcedTea 2.6.4
# Distribution: Custom build (Thu Jan 21 12:40:31 UTC 2016)
# Problematic frame:
# C  0x7280ce47
#
# Core dump written. Default location: /home/castiel/Dev/Java/Project/OpenGl Test/core or core.4422
#
# If you would like to submit a bug report, please include
# instructions on how to reproduce the bug and visit:
#   http://icedtea.classpath.org/bugzilla
# The crash happened outside the Java Virtual Machine in native code.
# See problematic frame for where to report the bug.
#

---------------  T H R E A D  ---------------

Current thread (0xb6206400):  JavaThread "main" [_thread_in_native, id=4426, stack(0xb6381000,0xb63d2000)]

siginfo:si_signo=SIGSEGV: si_errno=0, si_code=1 (SEGV_MAPERR), si_addr=0x00000000

Registers:
EAX=0x6f82d608, EBX=0x6fb89000, ECX=0x00000000, EDX=0x6f379c04
ESP=0xb63d09b8, EBP=0x6f379c18, ESI=0x00000000, EDI=0x00000000
EIP=0x7280ce47, EFLAGS=0x00010246, CR2=0x00000000

Top of Stack: (sp=0xb63d09b8)
0xb63d09b8:   6f379c18 000000c0 00000000 6fb89000
0xb63d09c8:   00000000 717d28bc 6fb89000 6f82d608
0xb63d09d8:   6f379c00 00000006 00000000 00000000
0xb63d09e8:   00000000 00000000 00000020 00000000
0xb63d09f8:   6faa2ab0 6f369c40 6fa0d008 7280ce00
0xb63d0a08:   00000000 00000000 00000006 00000000
0xb63d0a18:   00000000 00000000 00000000 00000006
0xb63d0a28:   6f379c00 6f379c00 00000029 6f369c40 

Instructions: (pc=0x7280ce47)
0x7280ce27:   2c 24 8b 0a 03 0d a8 61 bd 6f 83 c2 04 8b 35 54
0x7280ce37:   79 bb 6f 8b b6 84 02 00 00 8b f9 c1 e7 05 03 f7
0x7280ce47:   8b 3e 8b 6e 04 89 38 89 68 04 8b 7e 08 89 78 08
0x7280ce57:   8b 35 54 79 bb 6f 8b b6 ac 02 00 00 8b f9 c1 e7 

Register to memory mapping:

EAX=0x6f82d608 is an unknown value
EBX=0x6fb89000 is an unknown value
ECX=0x00000000 is an unknown value
EDX=0x6f379c04 is an unknown value
ESP=0xb63d09b8 is pointing into the stack for thread: 0xb6206400
EBP=0x6f379c18 is an unknown value
ESI=0x00000000 is an unknown value
EDI=0x00000000 is an unknown value


Stack: [0xb6381000,0xb63d2000],  sp=0xb63d09b8,  free space=318k
Native frames: (J=compiled Java code, j=interpreted, Vv=VM code, C=native code)
C  0x7280ce47

Java frames: (J=compiled Java code, j=interpreted, Vv=VM code)
j  org.lwjgl.system.JNI.callIIIPV(JIIIJ)V+0
j  org.lwjgl.opengl.GL11.nglDrawElements(IIIJ)V+14
j  org.lwjgl.opengl.GL11.glDrawElements(IIIJ)V+17
j  opengl.test.object.tugiac.render()V+50
j  opengl.test.Demo.render()V+111
j  opengl.test.OpenGL.loop()V+29
j  opengl.test.OpenGL.<init>()V+200
j  opengl.test.Demo.<init>()V+1
j  opengl.test.Demo.main([Ljava/lang/String;)V+4
v  ~StubRoutines::call_stub

---------------  P R O C E S S  ---------------

Java Threads: ( => current thread )
  0x72e2d400 JavaThread "Service Thread" daemon [_thread_blocked, id=4435, stack(0x72a73000,0x72ac4000)]
  0x72e2b400 JavaThread "C2 CompilerThread1" daemon [_thread_blocked, id=4434, stack(0x72ac4000,0x72b45000)]
  0x72e29400 JavaThread "C2 CompilerThread0" daemon [_thread_blocked, id=4433, stack(0x72b45000,0x72bc6000)]
  0x72e27c00 JavaThread "Signal Dispatcher" daemon [_thread_blocked, id=4432, stack(0x72bc6000,0x72c17000)]
  0x72e15000 JavaThread "Finalizer" daemon [_thread_blocked, id=4431, stack(0x72daf000,0x72e00000)]
  0x72e13800 JavaThread "Reference Handler" daemon [_thread_blocked, id=4430, stack(0x7550b000,0x7555c000)]
=>0xb6206400 JavaThread "main" [_thread_in_native, id=4426, stack(0xb6381000,0xb63d2000)]

Other Threads:
  0x72e11000 VMThread [stack: 0x72f47000,0x72fc8000] [id=4429]
  0x72e2f400 WatcherThread [stack: 0x729f2000,0x72a73000] [id=4436]

VM state:not at safepoint (normal execution)

VM Mutex/Monitor currently owned by a thread: None

Heap
 PSYoungGen      total 16128K, used 10860K [0xa1480000, 0xa2640000, 0xb3140000)
  eden space 14080K, 77% used [0xa1480000,0xa1f1b3e8,0xa2240000)
  from space 2048K, 0% used [0xa2440000,0xa2440000,0xa2640000)
  to   space 2048K, 0% used [0xa2240000,0xa2240000,0xa2440000)
 ParOldGen       total 36352K, used 0K [0x7db40000, 0x7fec0000, 0xa1480000)
  object space 36352K, 0% used [0x7db40000,0x7db40000,0x7fec0000)
 PSPermGen       total 16384K, used 5665K [0x75b40000, 0x76b40000, 0x7db40000)
  object space 16384K, 34% used [0x75b40000,0x760c8580,0x76b40000)

Card table byte_map: [0x75954000,0x75b40000] byte_map_base: 0x755a6600

Polling page: 0xb77b1000

Code Cache  [0xb3200000, 0xb3440000, 0xb6200000)
 total_blobs=416 nmethods=21 adapters=350 free_code_cache=48727Kb largest_free_block=49886016

Compilation events (10 events):
Event: 0.670 Thread 0x72e29400   16             java.lang.String::equals (81 bytes)
Event: 0.674 Thread 0x72e29400 nmethod 16 0xb3267e08 code [0xb3267f00, 0xb3268190]
Event: 0.727 Thread 0x72e2b400   17             sun.net.www.ParseUtil::encodePath (336 bytes)
Event: 0.733 Thread 0x72e2b400 nmethod 17 0xb3264fc8 code [0xb3265120, 0xb32656c4]
Event: 0.752 Thread 0x72e29400   18             java.lang.String::length (6 bytes)
Event: 0.753 Thread 0x72e29400 nmethod 18 0xb3264988 code [0xb3264a80, 0xb3264ad0]
Event: 0.794 Thread 0x72e29400   20             java.lang.String::startsWith (72 bytes)
Event: 0.796 Thread 0x72e29400 nmethod 20 0xb3268308 code [0xb3268400, 0xb3268530]
Event: 0.813 Thread 0x72e2b400   21             java.lang.Math::min (11 bytes)
Event: 0.813 Thread 0x72e2b400 nmethod 21 0xb3269fc8 code [0xb326a0a0, 0xb326a0d0]

GC Heap History (0 events):
No events

Deoptimization events (4 events):
Event: 0.798 Thread 0xb6206400 Uncommon trap: reason=unstable_if action=reinterpret pc=0xb3263324 method=java.lang.String.replace(CC)Ljava/lang/String; @ 2
Event: 0.803 Thread 0xb6206400 Uncommon trap: reason=unstable_if action=reinterpret pc=0xb3264128 method=java.lang.String.indexOf([CII[CIII)I @ 123
Event: 0.803 Thread 0xb6206400 Uncommon trap: reason=predicate action=maybe_recompile pc=0xb326561c method=sun.net.www.ParseUtil.encodePath(Ljava/lang/String;Z)Ljava/lang/String; @ 36
Event: 0.810 Thread 0xb6206400 Uncommon trap: reason=unstable_if action=reinterpret pc=0xb32680e0 method=java.lang.String.equals(Ljava/lang/Object;)Z @ 66

Internal exceptions (10 events):
Event: 0.804 Thread 0xb6206400 Threw 0xa1ec9540 at /build/java7-openjdk/src/icedtea-2.6.4/openjdk/hotspot/src/share/vm/prims/jvm.cpp:1322
Event: 0.804 Thread 0xb6206400 Threw 0xa1ec9658 at /build/java7-openjdk/src/icedtea-2.6.4/openjdk/hotspot/src/share/vm/prims/jvm.cpp:1322
Event: 0.804 Thread 0xb6206400 Threw 0xa1ec9e70 at /build/java7-openjdk/src/icedtea-2.6.4/openjdk/hotspot/src/share/vm/prims/jvm.cpp:1322
Event: 0.804 Thread 0xb6206400 Threw 0xa1ec9f88 at /build/java7-openjdk/src/icedtea-2.6.4/openjdk/hotspot/src/share/vm/prims/jvm.cpp:1322
Event: 0.816 Thread 0xb6206400 Threw 0xa1ee8eb8 at /build/java7-openjdk/src/icedtea-2.6.4/openjdk/hotspot/src/share/vm/prims/jvm.cpp:1322
Event: 0.817 Thread 0xb6206400 Threw 0xa1eeb948 at /build/java7-openjdk/src/icedtea-2.6.4/openjdk/hotspot/src/share/vm/prims/jvm.cpp:1322
Event: 0.817 Thread 0xb6206400 Threw 0xa1eed9b0 at /build/java7-openjdk/src/icedtea-2.6.4/openjdk/hotspot/src/share/vm/prims/jvm.cpp:1322
Event: 0.818 Thread 0xb6206400 Threw 0xa1efca88 at /build/java7-openjdk/src/icedtea-2.6.4/openjdk/hotspot/src/share/vm/prims/jvm.cpp:1322
Event: 0.819 Thread 0xb6206400 Threw 0xa1f00778 at /build/java7-openjdk/src/icedtea-2.6.4/openjdk/hotspot/src/share/vm/prims/jvm.cpp:1322
Event: 0.820 Thread 0xb6206400 Threw 0xa1f03df8 at /build/java7-openjdk/src/icedtea-2.6.4/openjdk/hotspot/src/share/vm/prims/jvm.cpp:1322

Events (10 events):
Event: 0.817 loading class 0x6f36c098
Event: 0.817 loading class 0x6f36c098 done
Event: 0.818 loading class 0x72e63f98
Event: 0.818 loading class 0x72e63f98 done
Event: 0.819 loading class 0x72e3bf10
Event: 0.819 loading class 0x72e3bf10 done
Event: 0.819 loading class 0x6f559480
Event: 0.819 loading class 0x6f559480 done
Event: 0.820 loading class 0x6f36c278
Event: 0.820 loading class 0x6f36c278 done


Dynamic libraries:
08048000-08049000 r-xp 00000000 08:05 662509     /usr/lib/jvm/java-7-openjdk/jre/bin/java
08049000-0804a000 rw-p 00000000 08:05 662509     /usr/lib/jvm/java-7-openjdk/jre/bin/java
0935d000-0939f000 rw-p 00000000 00:00 0          [heap]
6f300000-6f3f1000 rw-p 00000000 00:00 0 
6f3f1000-6f400000 ---p 00000000 00:00 0 
6f500000-6f5fe000 rw-p 00000000 00:00 0 
6f5fe000-6f600000 ---p 00000000 00:00 0 
6f67a000-6f6fa000 rw-s 20d1e000 00:06 10035      /dev/nvidiactl
6f6fa000-6f77a000 rw-s 2869e000 00:06 10035      /dev/nvidiactl
6f77a000-6f7fa000 rw-s 2afa3000 00:06 10035      /dev/nvidiactl
6f7fa000-6f8fa000 rw-s 21b9f000 00:06 10035      /dev/nvidiactl
6f8fa000-6f90d000 rw-s 21b8c000 00:06 10035      /dev/nvidiactl
6f90d000-6f92d000 rw-s f0100000 00:06 10036      /dev/nvidia0
6f92d000-6f96d000 rw-s 2044c000 00:06 10035      /dev/nvidiactl
6f96d000-6f98d000 rw-s 2a74c000 00:06 10035      /dev/nvidiactl
6f98d000-6f9cd000 rw-s 2a76c000 00:06 10035      /dev/nvidiactl
6f9cd000-6fa0d000 rw-s 2b4ac000 00:06 10035      /dev/nvidiactl
6fa0d000-6fbfc000 rw-p 00000000 00:00 0 
6fbfc000-6fd00000 rw-s 291ad000 00:06 10035      /dev/nvidiactl
6fd00000-6fe00000 rw-p 00000000 00:00 0 
6fe0e000-6fe2e000 rw-s 21bf5000 00:06 10035      /dev/nvidiactl
6fe2e000-6fe6f000 rw-p 00000000 00:00 0 
6fe6f000-719ac000 r-xp 00000000 08:05 426727     /usr/lib/libnvidia-glcore.so.361.28
719ac000-719cc000 rwxp 01b3d000 08:05 426727     /usr/lib/libnvidia-glcore.so.361.28
719cc000-72048000 r-xp 01b5d000 08:05 426727     /usr/lib/libnvidia-glcore.so.361.28
72048000-720e5000 rw-p 021d8000 08:05 426727     /usr/lib/libnvidia-glcore.so.361.28
720e5000-720f4000 rw-p 00000000 00:00 0 
720f4000-721b2000 r-xp 00000000 08:05 393610     /usr/lib/libGLX_nvidia.so.361.28
721b2000-721d2000 rwxp 000be000 08:05 393610     /usr/lib/libGLX_nvidia.so.361.28
721d2000-721fa000 r-xp 000de000 08:05 393610     /usr/lib/libGLX_nvidia.so.361.28
721fa000-72200000 rw-p 00105000 08:05 393610     /usr/lib/libGLX_nvidia.so.361.28
72200000-72203000 rw-p 00000000 00:00 0 
72203000-72297000 r-xp 00000000 08:05 443850     /usr/lib/libGLdispatch.so.0.0.0
72297000-7229f000 r--p 00093000 08:05 443850     /usr/lib/libGLdispatch.so.0.0.0
7229f000-722a0000 rw-p 0009b000 08:05 443850     /usr/lib/libGLdispatch.so.0.0.0
722a0000-722b0000 rw-p 00000000 00:00 0 
722b0000-723fb000 r-xp 00000000 08:05 417030     /usr/lib/libX11.so.6.3.0
723fb000-723fd000 r--p 0014b000 08:05 417030     /usr/lib/libX11.so.6.3.0
723fd000-72400000 rw-p 0014d000 08:05 417030     /usr/lib/libX11.so.6.3.0
72400000-72800000 rw-p 00000000 00:00 0 
72809000-7280b000 rw-s 00000000 00:1f 84780      /tmp/.glsns7fz (deleted)
7280b000-7280d000 r-xs 00000000 00:1f 84780      /tmp/.glsns7fz (deleted)
7280d000-72811000 rw-s 2b4ec000 00:06 10035      /dev/nvidiactl
72811000-72831000 rw-s 21bdc000 00:06 10035      /dev/nvidiactl
72831000-72835000 r-xp 00000000 08:05 443891     /usr/lib/tls/libnvidia-tls.so.361.28
72835000-72836000 rw-p 00003000 08:05 443891     /usr/lib/tls/libnvidia-tls.so.361.28
72836000-72847000 r-xp 00000000 08:05 443851     /usr/lib/libGLX.so.0.0.0
72847000-72848000 r--p 00010000 08:05 443851     /usr/lib/libGLX.so.0.0.0
72848000-72849000 rw-p 00011000 08:05 443851     /usr/lib/libGLX.so.0.0.0
72849000-72859000 rw-p 00000000 00:00 0 
72859000-728c7000 r-xp 00000000 08:05 443890     /usr/lib/nvidia/libGL.so.1.0.0
728c7000-728c8000 r--p 0006d000 08:05 443890     /usr/lib/nvidia/libGL.so.1.0.0
728c8000-728c9000 rw-p 0006e000 08:05 443890     /usr/lib/nvidia/libGL.so.1.0.0
728c9000-728ce000 r-xp 00000000 08:05 414447     /usr/lib/libXdmcp.so.6.0.0
728ce000-728cf000 r--p 00004000 08:05 414447     /usr/lib/libXdmcp.so.6.0.0
728cf000-728d0000 rw-p 00005000 08:05 414447     /usr/lib/libXdmcp.so.6.0.0
728d0000-728d2000 r-xp 00000000 08:05 414580     /usr/lib/libXau.so.6.0.0
728d2000-728d3000 r--p 00001000 08:05 414580     /usr/lib/libXau.so.6.0.0
728d3000-728d4000 rw-p 00002000 08:05 414580     /usr/lib/libXau.so.6.0.0
728d4000-728de000 r-xp 00000000 08:05 419232     /usr/lib/libXrender.so.1.3.0
728de000-728df000 r--p 00009000 08:05 419232     /usr/lib/libXrender.so.1.3.0
728df000-728e0000 rw-p 0000a000 08:05 419232     /usr/lib/libXrender.so.1.3.0
728e0000-728f3000 r-xp 00000000 08:05 418425     /usr/lib/libXext.so.6.4.0
728f3000-728f4000 r--p 00012000 08:05 418425     /usr/lib/libXext.so.6.4.0
728f4000-728f5000 rw-p 00013000 08:05 418425     /usr/lib/libXext.so.6.4.0
728f5000-72919000 r-xp 00000000 08:05 416949     /usr/lib/libxcb.so.1.1.0
72919000-7291a000 ---p 00024000 08:05 416949     /usr/lib/libxcb.so.1.1.0
7291a000-7291b000 r--p 00024000 08:05 416949     /usr/lib/libxcb.so.1.1.0
7291b000-7291c000 rw-p 00025000 08:05 416949     /usr/lib/libxcb.so.1.1.0
7291c000-72926000 r-xp 00000000 08:05 419326     /usr/lib/libXcursor.so.1.0.2
72926000-72927000 r--p 00009000 08:05 419326     /usr/lib/libXcursor.so.1.0.2
72927000-72928000 rw-p 0000a000 08:05 419326     /usr/lib/libXcursor.so.1.0.2
72928000-72939000 r-xp 00000000 08:05 419224     /usr/lib/libXi.so.6.1.0
72939000-7293a000 r--p 00010000 08:05 419224     /usr/lib/libXi.so.6.1.0
7293a000-7293b000 rw-p 00011000 08:05 419224     /usr/lib/libXi.so.6.1.0
7293b000-72946000 r-xp 00000000 08:05 419256     /usr/lib/libXrandr.so.2.2.0
72946000-72947000 r--p 0000a000 08:05 419256     /usr/lib/libXrandr.so.2.2.0
72947000-72948000 rw-p 0000b000 08:05 419256     /usr/lib/libXrandr.so.2.2.0
72948000-72949000 rw-s 21b8b000 00:06 10035      /dev/nvidiactl
72949000-7296c000 rw-p 00000000 00:00 0 
7296c000-7296e000 r-xp 00000000 08:06 169978     /home/castiel/Downloads/LWJGL -- Java Open GL/native/libglfw32.so
7296e000-72985000 r-xp 00000000 00:00 0 
72985000-72986000 r--p 0000b000 08:06 169978     /home/castiel/Downloads/LWJGL -- Java Open GL/native/libglfw32.so
72986000-72987000 rw-p 0000c000 08:06 169978     /home/castiel/Downloads/LWJGL -- Java Open GL/native/libglfw32.so
72987000-72992000 r-xp 00000000 08:06 169984     /home/castiel/Downloads/LWJGL -- Java Open GL/native/liblwjgl32.so
72992000-729ef000 r-xp 00000000 00:00 0 
729ef000-729f0000 r--p 00031000 08:06 169984     /home/castiel/Downloads/LWJGL -- Java Open GL/native/liblwjgl32.so
729f0000-729f1000 rw-p 00032000 08:06 169984     /home/castiel/Downloads/LWJGL -- Java Open GL/native/liblwjgl32.so
729f1000-729f2000 rw-p 00000000 00:00 0 
729f2000-729f3000 ---p 00000000 00:00 0 
729f3000-72a73000 rw-p 00000000 00:00 0          [stack:4436]
72a73000-72a76000 ---p 00000000 00:00 0 
72a76000-72ac4000 rw-p 00000000 00:00 0          [stack:4435]
72ac4000-72ac7000 ---p 00000000 00:00 0 
72ac7000-72b45000 rw-p 00000000 00:00 0          [stack:4434]
72b45000-72b48000 ---p 00000000 00:00 0 
72b48000-72bc6000 rw-p 00000000 00:00 0          [stack:4433]
72bc6000-72bc9000 ---p 00000000 00:00 0 
72bc9000-72c17000 rw-p 00000000 00:00 0          [stack:4432]
72c17000-72daf000 r--p 00000000 08:05 453414     /usr/lib/locale/locale-archive
72daf000-72db2000 ---p 00000000 00:00 0 
72db2000-72e00000 rw-p 00000000 00:00 0          [stack:4431]
72e00000-72eff000 rw-p 00000000 00:00 0 
72eff000-72f00000 ---p 00000000 00:00 0 
72f00000-72f04000 r-xp 00000000 08:05 418466     /usr/lib/libXfixes.so.3.1.0
72f04000-72f05000 r--p 00003000 08:05 418466     /usr/lib/libXfixes.so.3.1.0
72f05000-72f06000 rw-p 00004000 08:05 418466     /usr/lib/libXfixes.so.3.1.0
72f06000-72f07000 r-xp 00000000 08:06 169981     /home/castiel/Downloads/LWJGL -- Java Open GL/native/libjemalloc32.so
72f07000-72f44000 r-xp 00000000 00:00 0 
72f44000-72f45000 ---p 0003e000 08:06 169981     /home/castiel/Downloads/LWJGL -- Java Open GL/native/libjemalloc32.so
72f45000-72f46000 r--p 00019000 08:06 169981     /home/castiel/Downloads/LWJGL -- Java Open GL/native/libjemalloc32.so
72f46000-72f47000 rw-p 0001a000 08:06 169981     /home/castiel/Downloads/LWJGL -- Java Open GL/native/libjemalloc32.so
72f47000-72f48000 ---p 00000000 00:00 0 
72f48000-72fc8000 rw-p 00000000 00:00 0          [stack:4429]
72fc8000-7317a000 r--s 01d2f000 08:05 662492     /usr/lib/jvm/java-7-openjdk/jre/lib/rt.jar
7317a000-75400000 rw-p 00000000 00:00 0 
75400000-75453000 rw-p 00000000 00:00 0 
75453000-75500000 ---p 00000000 00:00 0 
75500000-75505000 r-xp 00000000 08:05 418458     /usr/lib/libXxf86vm.so.1.0.0
75505000-75506000 r--p 00004000 08:05 418458     /usr/lib/libXxf86vm.so.1.0.0
75506000-75507000 rw-p 00005000 08:05 418458     /usr/lib/libXxf86vm.so.1.0.0
75507000-75509000 r-xp 00000000 08:05 419264     /usr/lib/libXinerama.so.1.0.0
75509000-7550a000 r--p 00001000 08:05 419264     /usr/lib/libXinerama.so.1.0.0
7550a000-7550b000 rw-p 00002000 08:05 419264     /usr/lib/libXinerama.so.1.0.0
7550b000-7550e000 ---p 00000000 00:00 0 
7550e000-75600000 rw-p 00000000 00:00 0          [stack:4430]
75600000-75621000 rw-p 00000000 00:00 0 
75621000-75700000 ---p 00000000 00:00 0 
75700000-75701000 rw-s f7f65000 00:06 10036      /dev/nvidia0
75701000-75702000 rw-s f7f64000 00:06 10036      /dev/nvidia0
75702000-7571d000 r--s 001e6000 08:06 170001     /home/castiel/Downloads/LWJGL -- Java Open GL/jar/lwjgl.jar
7571d000-75735000 rw-p 00000000 00:00 0 
75735000-75736000 ---p 00000000 00:00 0 
75736000-757b6000 rw-p 00000000 00:00 0          [stack:4428]
757b6000-757b7000 ---p 00000000 00:00 0 
757b7000-75849000 rw-p 00000000 00:00 0          [stack:4427]
75849000-75954000 rw-p 00000000 00:00 0 
75954000-7595c000 rw-p 00000000 00:00 0 
7595c000-75994000 rw-p 00000000 00:00 0 
75994000-759a6000 rw-p 00000000 00:00 0 
759a6000-75ab0000 rw-p 00000000 00:00 0 
75ab0000-75aba000 rw-p 00000000 00:00 0 
75aba000-75b3f000 rw-p 00000000 00:00 0 
75b3f000-76b40000 rw-p 00000000 00:00 0 
76b40000-7db40000 rw-p 00000000 00:00 0 
7db40000-7fec0000 rw-p 00000000 00:00 0 
7fec0000-a1480000 rw-p 00000000 00:00 0 
a1480000-a2640000 rw-p 00000000 00:00 0 
a2640000-b3140000 rw-p 00000000 00:00 0 
b3140000-b3149000 rw-p 00000000 00:00 0 
b3149000-b3200000 rw-p 00000000 00:00 0 
b3200000-b3440000 rwxp 00000000 00:00 0 
b3440000-b62fb000 rw-p 00000000 00:00 0 
b62fb000-b6300000 ---p 00000000 00:00 0 
b6300000-b6301000 rw-s f7f63000 00:06 10036      /dev/nvidia0
b6301000-b6309000 rw-p 00000000 00:00 0 
b6309000-b6341000 rw-p 00000000 00:00 0 
b6341000-b6349000 r-xp 00000000 08:05 130517     /usr/lib/jvm/java-7-openjdk/jre/lib/i386/libzip.so
b6349000-b634a000 rw-p 00007000 08:05 130517     /usr/lib/jvm/java-7-openjdk/jre/lib/i386/libzip.so
b634a000-b6352000 rw-s 00000000 00:1f 83212      /tmp/hsperfdata_castiel/4422
b6352000-b6377000 r-xp 00000000 08:05 130516     /usr/lib/jvm/java-7-openjdk/jre/lib/i386/libjava.so
b6377000-b6378000 rw-p 00025000 08:05 130516     /usr/lib/jvm/java-7-openjdk/jre/lib/i386/libjava.so
b6378000-b637f000 r-xp 00000000 08:05 393438     /usr/lib/librt-2.23.so
b637f000-b6380000 r--p 00006000 08:05 393438     /usr/lib/librt-2.23.so
b6380000-b6381000 rw-p 00007000 08:05 393438     /usr/lib/librt-2.23.so
b6381000-b6384000 ---p 00000000 00:00 0 
b6384000-b63d2000 rw-p 00000000 00:00 0          [stack:4426]
b63d2000-b63ee000 r-xp 00000000 08:05 393667     /usr/lib/libgcc_s.so.1
b63ee000-b63ef000 rw-p 0001b000 08:05 393667     /usr/lib/libgcc_s.so.1
b63ef000-b6442000 r-xp 00000000 08:05 393435     /usr/lib/libm-2.23.so
b6442000-b6443000 r--p 00052000 08:05 393435     /usr/lib/libm-2.23.so
b6443000-b6444000 rw-p 00053000 08:05 393435     /usr/lib/libm-2.23.so
b6444000-b65b1000 r-xp 00000000 08:05 420147     /usr/lib/libstdc++.so.6.0.21
b65b1000-b65b2000 ---p 0016d000 08:05 420147     /usr/lib/libstdc++.so.6.0.21
b65b2000-b65b7000 r--p 0016d000 08:05 420147     /usr/lib/libstdc++.so.6.0.21
b65b7000-b65b8000 rw-p 00172000 08:05 420147     /usr/lib/libstdc++.so.6.0.21
b65b8000-b65bb000 rw-p 00000000 00:00 0 
b65bb000-b7120000 r-xp 00000000 08:05 145403     /usr/lib/jvm/java-7-openjdk/jre/lib/i386/server/libjvm.so
b7120000-b717f000 rw-p 00b65000 08:05 145403     /usr/lib/jvm/java-7-openjdk/jre/lib/i386/server/libjvm.so
b717f000-b759d000 rw-p 00000000 00:00 0 
b759d000-b75b3000 r-xp 00000000 08:05 396574     /usr/lib/libz.so.1.2.8
b75b3000-b75b4000 r--p 00015000 08:05 396574     /usr/lib/libz.so.1.2.8
b75b4000-b75b5000 rw-p 00016000 08:05 396574     /usr/lib/libz.so.1.2.8
b75b5000-b7763000 r-xp 00000000 08:05 393366     /usr/lib/libc-2.23.so
b7763000-b7764000 ---p 001ae000 08:05 393366     /usr/lib/libc-2.23.so
b7764000-b7766000 r--p 001ae000 08:05 393366     /usr/lib/libc-2.23.so
b7766000-b7767000 rw-p 001b0000 08:05 393366     /usr/lib/libc-2.23.so
b7767000-b776a000 rw-p 00000000 00:00 0 
b776a000-b776d000 r-xp 00000000 08:05 393434     /usr/lib/libdl-2.23.so
b776d000-b776e000 r--p 00002000 08:05 393434     /usr/lib/libdl-2.23.so
b776e000-b776f000 rw-p 00003000 08:05 393434     /usr/lib/libdl-2.23.so
b776f000-b7770000 rw-p 00000000 00:00 0 
b7770000-b777c000 r-xp 00000000 08:05 130545     /usr/lib/jvm/java-7-openjdk/jre/lib/i386/jli/libjli.so
b777c000-b777d000 rw-p 0000b000 08:05 130545     /usr/lib/jvm/java-7-openjdk/jre/lib/i386/jli/libjli.so
b777d000-b7796000 r-xp 00000000 08:05 393342     /usr/lib/libpthread-2.23.so
b7796000-b7797000 r--p 00018000 08:05 393342     /usr/lib/libpthread-2.23.so
b7797000-b7798000 rw-p 00019000 08:05 393342     /usr/lib/libpthread-2.23.so
b7798000-b779a000 rw-p 00000000 00:00 0 
b779a000-b779b000 rw-s 21bf6000 00:06 10035      /dev/nvidiactl
b779b000-b779c000 rw-s fd060000 00:06 10036      /dev/nvidia0
b779c000-b779d000 rwxp 00000000 00:00 0 
b779d000-b77a8000 r-xp 00000000 08:05 393430     /usr/lib/libnss_files-2.23.so
b77a8000-b77a9000 r--p 0000a000 08:05 393430     /usr/lib/libnss_files-2.23.so
b77a9000-b77aa000 rw-p 0000b000 08:05 393430     /usr/lib/libnss_files-2.23.so
b77aa000-b77b1000 rw-p 00000000 00:00 0 
b77b1000-b77b2000 r--p 00000000 00:00 0 
b77b2000-b77bd000 r-xp 00000000 08:05 130515     /usr/lib/jvm/java-7-openjdk/jre/lib/i386/libverify.so
b77bd000-b77be000 rw-p 0000a000 08:05 130515     /usr/lib/jvm/java-7-openjdk/jre/lib/i386/libverify.so
b77be000-b77bf000 rw-p 00000000 00:00 0 
b77bf000-b77c1000 r--p 00000000 00:00 0          [vvar]
b77c1000-b77c2000 r-xp 00000000 00:00 0          [vdso]
b77c2000-b77e4000 r-xp 00000000 08:05 393363     /usr/lib/ld-2.23.so
b77e4000-b77e5000 r--p 00021000 08:05 393363     /usr/lib/ld-2.23.so
b77e5000-b77e6000 rw-p 00022000 08:05 393363     /usr/lib/ld-2.23.so
bfeb5000-bfeb6000 rwxp 00000000 00:00 0 
bfee8000-bff09000 rw-p 00000000 00:00 0          [stack]

VM Arguments:
jvm_args: -Dfile.encoding=UTF-8 -Djava.library.path=/home/castiel/Downloads/LWJGL -- Java Open GL/native/ 
java_command: opengl.test.Demo
Launcher Type: SUN_STANDARD

Environment Variables:
PATH=/usr/local/sbin:/usr/local/bin:/usr/bin:/usr/lib/jvm/default/bin:/usr/bin/site_perl:/usr/bin/vendor_perl:/usr/bin/core_perl
LD_LIBRARY_PATH=/usr/lib/jvm/default/bin/../jre/lib/amd64:/usr/lib/jvm/default/bin/../jre/lib/i386:
SHELL=/bin/bash
DISPLAY=:0.0

Signal Handlers:
SIGSEGV: [libjvm.so+0x8114e0], sa_mask[0]=0x7ffbfeff, sa_flags=0x10000004
SIGBUS: [libjvm.so+0x8114e0], sa_mask[0]=0x7ffbfeff, sa_flags=0x10000004
SIGFPE: [libjvm.so+0x68a640], sa_mask[0]=0x7ffbfeff, sa_flags=0x10000004
SIGPIPE: [libjvm.so+0x68a640], sa_mask[0]=0x7ffbfeff, sa_flags=0x10000004
SIGXFSZ: [libjvm.so+0x68a640], sa_mask[0]=0x7ffbfeff, sa_flags=0x10000004
SIGILL: [libjvm.so+0x68a640], sa_mask[0]=0x7ffbfeff, sa_flags=0x10000004
SIGUSR1: SIG_DFL, sa_mask[0]=0x00000000, sa_flags=0x00000000
SIGUSR2: [libjvm.so+0x68a490], sa_mask[0]=0x00000004, sa_flags=0x10000004
SIGHUP: [libjvm.so+0x68a670], sa_mask[0]=0x7ffbfeff, sa_flags=0x10000004
SIGINT: SIG_IGN, sa_mask[0]=0x00000000, sa_flags=0x00000000
SIGTERM: [libjvm.so+0x68a670], sa_mask[0]=0x7ffbfeff, sa_flags=0x10000004
SIGQUIT: [libjvm.so+0x68a670], sa_mask[0]=0x7ffbfeff, sa_flags=0x10000004
SIGTRAP: SIG_DFL, sa_mask[0]=0x00000000, sa_flags=0x00000000


---------------  S Y S T E M  ---------------

OS:Linux
uname:Linux 4.1.20-1-lts #1 SMP Fri Mar 18 17:47:36 CET 2016 i686
libc:glibc 2.23 NPTL 2.23 
rlimit: STACK 8192k, CORE infinity, NPROC 27270, NOFILE 4096, AS infinity
load average:0.31 0.45 0.56

/proc/meminfo:
MemTotal:        3494900 kB
MemFree:          532428 kB
MemAvailable:    2085680 kB
Buffers:          267588 kB
Cached:          1296576 kB
SwapCached:            0 kB
Active:          1889400 kB
Inactive:         938520 kB
Active(anon):    1265544 kB
Inactive(anon):    28856 kB
Active(file):     623856 kB
Inactive(file):   909664 kB
Unevictable:          32 kB
Mlocked:              32 kB
HighTotal:       2629320 kB
HighFree:         449296 kB
LowTotal:         865580 kB
LowFree:           83132 kB
SwapTotal:             0 kB
SwapFree:              0 kB
Dirty:               352 kB
Writeback:             0 kB
AnonPages:       1263764 kB
Mapped:           275484 kB
Shmem:             30644 kB
Slab:              61528 kB
SReclaimable:      43192 kB
SUnreclaim:        18336 kB
KernelStack:        3120 kB
PageTables:         5364 kB
NFS_Unstable:          0 kB
Bounce:                0 kB
WritebackTmp:          0 kB
CommitLimit:     1747448 kB
Committed_AS:    3631160 kB
VmallocTotal:     122880 kB
VmallocUsed:       76176 kB
VmallocChunk:      40660 kB
HardwareCorrupted:     0 kB
AnonHugePages:    638976 kB
HugePages_Total:       0
HugePages_Free:        0
HugePages_Rsvd:        0
HugePages_Surp:        0
Hugepagesize:       4096 kB
DirectMap4k:      352248 kB
DirectMap4M:      557056 kB


CPU:total 2 (2 cores per cpu, 1 threads per core) family 6 model 23 stepping 10, cmov, cx8, fxsr, mmx, sse, sse2, sse3, ssse3, sse4.1, tsc

/proc/cpuinfo:
processor	: 0
vendor_id	: GenuineIntel
cpu family	: 6
model		: 23
model name	: Intel(R) Core(TM)2 Duo CPU     E8400  @ 3.00GHz
stepping	: 10
microcode	: 0xa07
cpu MHz		: 3003.000
cache size	: 6144 KB
physical id	: 0
siblings	: 2
core id		: 0
cpu cores	: 2
apicid		: 0
initial apicid	: 0
fdiv_bug	: no
f00f_bug	: no
coma_bug	: no
fpu		: yes
fpu_exception	: yes
cpuid level	: 13
wp		: yes
flags		: fpu vme de pse tsc msr pae mce cx8 apic sep mtrr pge mca cmov pat pse36 clflush dts acpi mmx fxsr sse sse2 ss ht tm pbe lm constant_tsc arch_perfmon pebs bts aperfmperf pni dtes64 monitor ds_cpl vmx smx est tm2 ssse3 cx16 xtpr pdcm sse4_1 xsave lahf_lm dtherm tpr_shadow vnmi flexpriority
bugs		:
bogomips	: 5986.18
clflush size	: 64
cache_alignment	: 64
address sizes	: 36 bits physical, 48 bits virtual
power management:

processor	: 1
vendor_id	: GenuineIntel
cpu family	: 6
model		: 23
model name	: Intel(R) Core(TM)2 Duo CPU     E8400  @ 3.00GHz
stepping	: 10
microcode	: 0xa07
cpu MHz		: 2336.000
cache size	: 6144 KB
physical id	: 0
siblings	: 2
core id		: 1
cpu cores	: 2
apicid		: 1
initial apicid	: 1
fdiv_bug	: no
f00f_bug	: no
coma_bug	: no
fpu		: yes
fpu_exception	: yes
cpuid level	: 13
wp		: yes
flags		: fpu vme de pse tsc msr pae mce cx8 apic sep mtrr pge mca cmov pat pse36 clflush dts acpi mmx fxsr sse sse2 ss ht tm pbe lm constant_tsc arch_perfmon pebs bts aperfmperf pni dtes64 monitor ds_cpl vmx smx est tm2 ssse3 cx16 xtpr pdcm sse4_1 xsave lahf_lm dtherm tpr_shadow vnmi flexpriority
bugs		:
bogomips	: 5986.18
clflush size	: 64
cache_alignment	: 64
address sizes	: 36 bits physical, 48 bits virtual
power management:



Memory: 4k page, physical 3494900k(532428k free), swap 0k(0k free)

vm_info: OpenJDK Server VM (24.95-b01) for linux-x86 JRE (1.7.0_95-b00), built on Jan 21 2016 12:43:41 by "builduser" with gcc 5.3.0

time: Mon Apr 25 21:11:06 2016
elapsed time: 0 seconds

