#
# A fatal error has been detected by the Java Runtime Environment:
#
#  SIGSEGV (0xb) at pc=0xb772e00d, pid=3084, tid=3056954176
#
# JRE version: OpenJDK Runtime Environment (7.0_101) (build 1.7.0_101-b00)
# Java VM: OpenJDK Server VM (24.95-b01 mixed mode linux-x86 )
# Derivative: IcedTea 2.6.6
# Distribution: Custom build (Mon May  2 15:54:55 UTC 2016)
# Problematic frame:
# C  0xb772e00d
#
# Core dump written. Default location: /home/castiel/Dev/Java/Project/OpenGl Test/core or core.3084
#
# If you would like to submit a bug report, please include
# instructions on how to reproduce the bug and visit:
#   http://icedtea.classpath.org/bugzilla
# The crash happened outside the Java Virtual Machine in native code.
# See problematic frame for where to report the bug.
#

---------------  T H R E A D  ---------------

Current thread (0xb6206400):  JavaThread "main" [_thread_in_native, id=3087, stack(0xb6306000,0xb6357000)]

siginfo:si_signo=SIGSEGV: si_errno=0, si_code=128 (), si_addr=0x00000000

Registers:
EAX=0x7551c9ac, EBX=0x75522ff4, ECX=0x7550d8d8, EDX=0x00000000
ESP=0xb6353ecc, EBP=0xb6355fc4, ESI=0x00010001, EDI=0xb772e00f
EIP=0xb772e00d, EFLAGS=0x00010206, CR2=0xb76e2100

Top of Stack: (sp=0xb6353ecc)
0xb6353ecc:   7550d7cb 00010001 7551c9ac 760224f4
0xb6353edc:   00000000 00000000 00000000 00000000
0xb6353eec:   00000000 00000000 00000000 00000000
0xb6353efc:   00000000 00000000 75d9b80c 00000000
0xb6353f0c:   b71181d4 b6d88c7c 00000000 00000000
0xb6353f1c:   00000000 00000000 00000000 00000000
0xb6353f2c:   00000000 b69bb929 b70faf90 76064f48
0xb6353f3c:   b6bca116 b70faf90 00000000 00000000 

Instructions: (pc=0xb772e00d)
0xb772dfed:   00 00 00 00 00 00 00 00 00 00 00 00 00 00 00 00
0xb772dffd:   00 00 00 00 00 00 00 21 00 00 00 04 07 97 72 04
0xb772e00d:   07 97 72 23 bb 00 00 00 50 41 72 60 a3 95 72 08
0xb772e01d:   60 41 72 20 00 00 00 22 00 00 00 b8 28 e0 72 b7 

Register to memory mapping:

EAX=0x7551c9ac: <offset 0x139ac> in /home/castiel/Downloads/LWJGL -- Java Open GL/native/libglfw32.so at 0x75509000
EBX=0x75522ff4: <offset 0x19ff4> in /home/castiel/Downloads/LWJGL -- Java Open GL/native/libglfw32.so at 0x75509000
ECX=0x7550d8d8: <offset 0x48d8> in /home/castiel/Downloads/LWJGL -- Java Open GL/native/libglfw32.so at 0x75509000
EDX=0x00000000 is an unknown value
ESP=0xb6353ecc is pointing into the stack for thread: 0xb6206400
EBP=0xb6355fc4 is pointing into the stack for thread: 0xb6206400
ESI=0x00010001 is an unknown value
EDI=0xb772e00f is an unknown value


Stack: [0xb6306000,0xb6357000],  sp=0xb6353ecc,  free space=311k
Native frames: (J=compiled Java code, j=interpreted, Vv=VM code, C=native code)
C  0xb772e00d
j  org.lwjgl.glfw.GLFW.glfwSetInputMode(JII)V+24
j  opengl.test.Demo.init()V+8
j  opengl.test.Demo.main([Ljava/lang/String;)V+7
v  ~StubRoutines::call_stub
V  [libjvm.so+0x4abf87]

Java frames: (J=compiled Java code, j=interpreted, Vv=VM code)
j  org.lwjgl.system.JNI.invokePIIV(JJII)V+0
j  org.lwjgl.glfw.GLFW.glfwSetInputMode(JII)V+24
j  opengl.test.Demo.init()V+8
j  opengl.test.Demo.main([Ljava/lang/String;)V+7
v  ~StubRoutines::call_stub

---------------  P R O C E S S  ---------------

Java Threads: ( => current thread )
  0x72e2d400 JavaThread "Service Thread" daemon [_thread_blocked, id=3097, stack(0x729f2000,0x72a43000)]
  0x72e2b400 JavaThread "C2 CompilerThread1" daemon [_thread_blocked, id=3096, stack(0x72a43000,0x72ac4000)]
  0x72e29400 JavaThread "C2 CompilerThread0" daemon [_thread_blocked, id=3095, stack(0x72ac4000,0x72b45000)]
  0x72e27c00 JavaThread "Signal Dispatcher" daemon [_thread_blocked, id=3094, stack(0x72b45000,0x72b96000)]
  0x72e15000 JavaThread "Finalizer" daemon [_thread_blocked, id=3093, stack(0x72d2e000,0x72d7f000)]
  0x72e13800 JavaThread "Reference Handler" daemon [_thread_blocked, id=3092, stack(0x72f2e000,0x72f7f000)]
=>0xb6206400 JavaThread "main" [_thread_in_native, id=3087, stack(0xb6306000,0xb6357000)]

Other Threads:
  0x72e11000 VMThread [stack: 0x72d7f000,0x72e00000] [id=3091]
  0x72e2f000 WatcherThread [stack: 0x72971000,0x729f2000] [id=3098]

VM state:not at safepoint (normal execution)

VM Mutex/Monitor currently owned by a thread: None

Heap
 PSYoungGen      total 16128K, used 10779K [0xa1440000, 0xa2600000, 0xb3100000)
  eden space 14080K, 76% used [0xa1440000,0xa1ec6f90,0xa2200000)
  from space 2048K, 0% used [0xa2400000,0xa2400000,0xa2600000)
  to   space 2048K, 0% used [0xa2200000,0xa2200000,0xa2400000)
 ParOldGen       total 36352K, used 0K [0x7db00000, 0x7fe80000, 0xa1440000)
  object space 36352K, 0% used [0x7db00000,0x7db00000,0x7fe80000)
 PSPermGen       total 16384K, used 5527K [0x75b00000, 0x76b00000, 0x7db00000)
  object space 16384K, 33% used [0x75b00000,0x76065c08,0x76b00000)

Card table byte_map: [0x75914000,0x75b00000] byte_map_base: 0x75566800

Polling page: 0xb7743000

Code Cache  [0xb31c0000, 0xb3400000, 0xb61c0000)
 total_blobs=415 nmethods=21 adapters=349 free_code_cache=48724Kb largest_free_block=49875584

Compilation events (10 events):
Event: 0.649 Thread 0x72e2b400   16             java.lang.String::equals (81 bytes)
Event: 0.653 Thread 0x72e2b400 nmethod 16 0xb3226548 code [0xb3226640, 0xb32268d0]
Event: 0.714 Thread 0x72e29400   17             sun.net.www.ParseUtil::encodePath (336 bytes)
Event: 0.720 Thread 0x72e29400 nmethod 17 0xb3227fc8 code [0xb3228120, 0xb32286c4]
Event: 0.734 Thread 0x72e29400   18             java.lang.String::length (6 bytes)
Event: 0.734 Thread 0x72e29400 nmethod 18 0xb3229008 code [0xb3229100, 0xb3229150]
Event: 0.786 Thread 0x72e29400   20             java.lang.String::startsWith (72 bytes)
Event: 0.788 Thread 0x72e29400 nmethod 20 0xb3229ac8 code [0xb3229bc0, 0xb3229cf0]
Event: 2.568 Thread 0x72e29400   21             Utils.Matrix4F::nhanMaTran (109 bytes)
Event: 2.584 Thread 0x72e29400 nmethod 21 0xb322b2c8 code [0xb322b400, 0xb322bc70]

GC Heap History (0 events):
No events

Deoptimization events (2 events):
Event: 0.794 Thread 0xb6206400 Uncommon trap: reason=unstable_if action=reinterpret pc=0xb3223be4 method=java.lang.String.replace(CC)Ljava/lang/String; @ 2
Event: 3.278 Thread 0xb6206400 Uncommon trap: reason=unstable_if action=reinterpret pc=0xb321cdd0 method=java.lang.String.indexOf([CII[CIII)I @ 3

Internal exceptions (10 events):
Event: 0.790 Thread 0xb6206400 Threw 0xa1e53b50 at /build/java7-openjdk/src/icedtea-2.6.6/openjdk/hotspot/src/share/vm/prims/jvm.cpp:1322
Event: 0.790 Thread 0xb6206400 Threw 0xa1e56ae8 at /build/java7-openjdk/src/icedtea-2.6.6/openjdk/hotspot/src/share/vm/prims/jvm.cpp:1322
Event: 0.791 Thread 0xb6206400 Threw 0xa1e5c9e8 at /build/java7-openjdk/src/icedtea-2.6.6/openjdk/hotspot/src/share/vm/prims/jvm.cpp:1322
Event: 0.791 Thread 0xb6206400 Threw 0xa1e61860 at /build/java7-openjdk/src/icedtea-2.6.6/openjdk/hotspot/src/share/vm/prims/jvm.cpp:1322
Event: 0.792 Thread 0xb6206400 Threw 0xa1e665d0 at /build/java7-openjdk/src/icedtea-2.6.6/openjdk/hotspot/src/share/vm/prims/jvm.cpp:1322
Event: 0.792 Thread 0xb6206400 Threw 0xa1e69b30 at /build/java7-openjdk/src/icedtea-2.6.6/openjdk/hotspot/src/share/vm/prims/jvm.cpp:1322
Event: 0.792 Thread 0xb6206400 Threw 0xa1e6bb88 at /build/java7-openjdk/src/icedtea-2.6.6/openjdk/hotspot/src/share/vm/prims/jvm.cpp:1322
Event: 0.793 Thread 0xb6206400 Threw 0xa1e6dcd0 at /build/java7-openjdk/src/icedtea-2.6.6/openjdk/hotspot/src/share/vm/prims/jvm.cpp:1322
Event: 0.794 Thread 0xb6206400 Threw 0xa1e6feb8 at /build/java7-openjdk/src/icedtea-2.6.6/openjdk/hotspot/src/share/vm/prims/jvm.cpp:1322
Event: 0.794 Thread 0xb6206400 Threw 0xa1e74498 at /build/java7-openjdk/src/icedtea-2.6.6/openjdk/hotspot/src/share/vm/prims/jvm.cpp:1322

Events (10 events):
Event: 3.279 loading class 0x755394f0
Event: 3.279 loading class 0x755394f0 done
Event: 3.279 loading class 0x72e8c340
Event: 3.279 loading class 0x72e8c340 done
Event: 3.279 loading class 0x72e8ca10
Event: 3.280 loading class 0x72e8bc28
Event: 3.280 loading class 0x72e8d2b0
Event: 3.280 loading class 0x72e8d2b0 done
Event: 3.280 loading class 0x72e8bc28 done
Event: 3.280 loading class 0x72e8ca10 done


Dynamic libraries:
08048000-08049000 r-xp 00000000 08:05 662509     /usr/lib/jvm/java-7-openjdk/jre/bin/java
08049000-0804a000 rw-p 00000000 08:05 662509     /usr/lib/jvm/java-7-openjdk/jre/bin/java
081ef000-082e0000 rw-p 00000000 00:00 0          [heap]
6f280000-6f300000 rw-s 12000000 00:06 13400      /dev/nvidiactl
6f300000-6f384000 rw-p 00000000 00:00 0 
6f384000-6f400000 ---p 00000000 00:00 0 
6f420000-6f4a0000 rw-s 1c352000 00:06 13400      /dev/nvidiactl
6f4a0000-6f520000 rw-s 1bfd2000 00:06 13400      /dev/nvidiactl
6f520000-6f5a0000 rw-s 1bf52000 00:06 13400      /dev/nvidiactl
6f5a0000-6f6a0000 rw-s 1bd52000 00:06 13400      /dev/nvidiactl
6f6a0000-6f6c0000 rw-s f00e0000 00:06 13401      /dev/nvidia0
6f6c0000-6f700000 rw-s 120fb000 00:06 13400      /dev/nvidiactl
6f700000-6f800000 rw-p 00000000 00:00 0 
6f80c000-6f82c000 rw-s 134fa000 00:06 13400      /dev/nvidiactl
6f82c000-6f86c000 rw-s 1209c000 00:06 13400      /dev/nvidiactl
6f86c000-6f88c000 rw-s 134f9000 00:06 13400      /dev/nvidiactl
6f88c000-6f8cc000 rw-s 1203d000 00:06 13400      /dev/nvidiactl
6f8cc000-6f97f000 rw-p 00000000 00:00 0 
6fabb000-6fbbf000 rw-s 2e6c8000 00:06 13400      /dev/nvidiactl
6fbbf000-6fc00000 rw-p 00000000 00:00 0 
6fc00000-6fcee000 rw-p 00000000 00:00 0 
6fcee000-6fd00000 ---p 00000000 00:00 0 
6fd25000-71916000 r-xp 00000000 08:05 418757     /usr/lib/libnvidia-glcore.so.364.19
71916000-71936000 rwxp 01bf1000 08:05 418757     /usr/lib/libnvidia-glcore.so.364.19
71936000-71fcf000 r-xp 01c11000 08:05 418757     /usr/lib/libnvidia-glcore.so.364.19
71fcf000-7206d000 rw-p 022a9000 08:05 418757     /usr/lib/libnvidia-glcore.so.364.19
7206d000-72080000 rw-p 00000000 00:00 0 
72080000-72140000 r-xp 00000000 08:05 426723     /usr/lib/libGLX_nvidia.so.364.19
72140000-72160000 rwxp 000c0000 08:05 426723     /usr/lib/libGLX_nvidia.so.364.19
72160000-72189000 r-xp 000e0000 08:05 426723     /usr/lib/libGLX_nvidia.so.364.19
72189000-7218e000 rw-p 00108000 08:05 426723     /usr/lib/libGLX_nvidia.so.364.19
7218e000-72192000 rw-p 00000000 00:00 0 
72192000-72226000 r-xp 00000000 08:05 443425     /usr/lib/libGLdispatch.so.0.0.0
72226000-72227000 ---p 00094000 08:05 443425     /usr/lib/libGLdispatch.so.0.0.0
72227000-7222f000 r--p 00094000 08:05 443425     /usr/lib/libGLdispatch.so.0.0.0
7222f000-72230000 rw-p 0009c000 08:05 443425     /usr/lib/libGLdispatch.so.0.0.0
72230000-72240000 rw-p 00000000 00:00 0 
72240000-722ae000 r-xp 00000000 08:05 443440     /usr/lib/nvidia/libGL.so.1.0.0
722ae000-722af000 r--p 0006d000 08:05 443440     /usr/lib/nvidia/libGL.so.1.0.0
722af000-722b0000 rw-p 0006e000 08:05 443440     /usr/lib/nvidia/libGL.so.1.0.0
722b0000-723fb000 r-xp 00000000 08:05 417030     /usr/lib/libX11.so.6.3.0
723fb000-723fd000 r--p 0014b000 08:05 417030     /usr/lib/libX11.so.6.3.0
723fd000-72400000 rw-p 0014d000 08:05 417030     /usr/lib/libX11.so.6.3.0
72400000-72800000 rw-p 00000000 00:00 0 
72807000-7281a000 rw-s 1bd3f000 00:06 13400      /dev/nvidiactl
7281a000-7281e000 rw-s 134fb000 00:06 13400      /dev/nvidiactl
7281e000-72822000 r-xp 00000000 08:05 443826     /usr/lib/tls/libnvidia-tls.so.364.19
72822000-72823000 rw-p 00003000 08:05 443826     /usr/lib/tls/libnvidia-tls.so.364.19
72823000-72834000 r-xp 00000000 08:05 443376     /usr/lib/libGLX.so.0.0.0
72834000-72835000 r--p 00010000 08:05 443376     /usr/lib/libGLX.so.0.0.0
72835000-72836000 rw-p 00011000 08:05 443376     /usr/lib/libGLX.so.0.0.0
72836000-72846000 rw-p 00000000 00:00 0 
72846000-7284b000 r-xp 00000000 08:05 414447     /usr/lib/libXdmcp.so.6.0.0
7284b000-7284c000 r--p 00004000 08:05 414447     /usr/lib/libXdmcp.so.6.0.0
7284c000-7284d000 rw-p 00005000 08:05 414447     /usr/lib/libXdmcp.so.6.0.0
7284d000-7284f000 r-xp 00000000 08:05 414580     /usr/lib/libXau.so.6.0.0
7284f000-72850000 r--p 00001000 08:05 414580     /usr/lib/libXau.so.6.0.0
72850000-72851000 rw-p 00002000 08:05 414580     /usr/lib/libXau.so.6.0.0
72851000-7285b000 r-xp 00000000 08:05 419232     /usr/lib/libXrender.so.1.3.0
7285b000-7285c000 r--p 00009000 08:05 419232     /usr/lib/libXrender.so.1.3.0
7285c000-7285d000 rw-p 0000a000 08:05 419232     /usr/lib/libXrender.so.1.3.0
7285d000-72870000 r-xp 00000000 08:05 418425     /usr/lib/libXext.so.6.4.0
72870000-72871000 r--p 00012000 08:05 418425     /usr/lib/libXext.so.6.4.0
72871000-72872000 rw-p 00013000 08:05 418425     /usr/lib/libXext.so.6.4.0
72872000-72896000 r-xp 00000000 08:05 416949     /usr/lib/libxcb.so.1.1.0
72896000-72897000 ---p 00024000 08:05 416949     /usr/lib/libxcb.so.1.1.0
72897000-72898000 r--p 00024000 08:05 416949     /usr/lib/libxcb.so.1.1.0
72898000-72899000 rw-p 00025000 08:05 416949     /usr/lib/libxcb.so.1.1.0
72899000-728a3000 r-xp 00000000 08:05 419326     /usr/lib/libXcursor.so.1.0.2
728a3000-728a4000 r--p 00009000 08:05 419326     /usr/lib/libXcursor.so.1.0.2
728a4000-728a5000 rw-p 0000a000 08:05 419326     /usr/lib/libXcursor.so.1.0.2
728a5000-728b6000 r-xp 00000000 08:05 419224     /usr/lib/libXi.so.6.1.0
728b6000-728b7000 r--p 00010000 08:05 419224     /usr/lib/libXi.so.6.1.0
728b7000-728b8000 rw-p 00011000 08:05 419224     /usr/lib/libXi.so.6.1.0
728b8000-728c3000 r-xp 00000000 08:05 419256     /usr/lib/libXrandr.so.2.2.0
728c3000-728c4000 r--p 0000a000 08:05 419256     /usr/lib/libXrandr.so.2.2.0
728c4000-728c5000 rw-p 0000b000 08:05 419256     /usr/lib/libXrandr.so.2.2.0
728c5000-728c6000 r-xp 00000000 08:06 169981     /home/castiel/Downloads/LWJGL -- Java Open GL/native/libjemalloc32.so
728c6000-72903000 r-xp 00000000 00:00 0 
72903000-72904000 ---p 0003e000 08:06 169981     /home/castiel/Downloads/LWJGL -- Java Open GL/native/libjemalloc32.so
72904000-72905000 r--p 00019000 08:06 169981     /home/castiel/Downloads/LWJGL -- Java Open GL/native/libjemalloc32.so
72905000-72906000 rw-p 0001a000 08:06 169981     /home/castiel/Downloads/LWJGL -- Java Open GL/native/libjemalloc32.so
72906000-72911000 r-xp 00000000 08:06 169984     /home/castiel/Downloads/LWJGL -- Java Open GL/native/liblwjgl32.so
72911000-7296e000 r-xp 00000000 00:00 0 
7296e000-7296f000 r--p 00031000 08:06 169984     /home/castiel/Downloads/LWJGL -- Java Open GL/native/liblwjgl32.so
7296f000-72970000 rw-p 00032000 08:06 169984     /home/castiel/Downloads/LWJGL -- Java Open GL/native/liblwjgl32.so
72970000-72971000 rw-p 00000000 00:00 0 
72971000-72972000 ---p 00000000 00:00 0 
72972000-729f2000 rw-p 00000000 00:00 0          [stack:3098]
729f2000-729f5000 ---p 00000000 00:00 0 
729f5000-72a43000 rw-p 00000000 00:00 0          [stack:3097]
72a43000-72a46000 ---p 00000000 00:00 0 
72a46000-72ac4000 rw-p 00000000 00:00 0          [stack:3096]
72ac4000-72ac7000 ---p 00000000 00:00 0 
72ac7000-72b45000 rw-p 00000000 00:00 0          [stack:3095]
72b45000-72b48000 ---p 00000000 00:00 0 
72b48000-72b96000 rw-p 00000000 00:00 0          [stack:3094]
72b96000-72d2e000 r--p 00000000 08:05 436420     /usr/lib/locale/locale-archive
72d2e000-72d31000 ---p 00000000 00:00 0 
72d31000-72d7f000 rw-p 00000000 00:00 0          [stack:3093]
72d7f000-72d80000 ---p 00000000 00:00 0 
72d80000-72e00000 rw-p 00000000 00:00 0          [stack:3091]
72e00000-72ef5000 rw-p 00000000 00:00 0 
72ef5000-72f00000 ---p 00000000 00:00 0 
72f03000-72f07000 r-xp 00000000 08:05 418466     /usr/lib/libXfixes.so.3.1.0
72f07000-72f08000 r--p 00003000 08:05 418466     /usr/lib/libXfixes.so.3.1.0
72f08000-72f09000 rw-p 00004000 08:05 418466     /usr/lib/libXfixes.so.3.1.0
72f0b000-72f2e000 rw-p 00000000 00:00 0 
72f2e000-72f31000 ---p 00000000 00:00 0 
72f31000-72fc8000 rw-p 00000000 00:00 0          [stack:3092]
72fc8000-7317a000 r--s 01d32000 08:05 662492     /usr/lib/jvm/java-7-openjdk/jre/lib/rt.jar
7317a000-75400000 rw-p 00000000 00:00 0 
75400000-75421000 rw-p 00000000 00:00 0 
75421000-75500000 ---p 00000000 00:00 0 
75502000-75507000 r-xp 00000000 08:05 418458     /usr/lib/libXxf86vm.so.1.0.0
75507000-75508000 r--p 00004000 08:05 418458     /usr/lib/libXxf86vm.so.1.0.0
75508000-75509000 rw-p 00005000 08:05 418458     /usr/lib/libXxf86vm.so.1.0.0
75509000-7550b000 r-xp 00000000 08:06 169978     /home/castiel/Downloads/LWJGL -- Java Open GL/native/libglfw32.so
7550b000-75522000 r-xp 00000000 00:00 0 
75522000-75523000 r--p 0000b000 08:06 169978     /home/castiel/Downloads/LWJGL -- Java Open GL/native/libglfw32.so
75523000-75524000 rw-p 0000c000 08:06 169978     /home/castiel/Downloads/LWJGL -- Java Open GL/native/libglfw32.so
75524000-7557f000 rw-p 00000000 00:00 0 
7557f000-75580000 ---p 00000000 00:00 0 
75580000-75600000 rw-p 00000000 00:00 0          [stack:3090]
75600000-75621000 rw-p 00000000 00:00 0 
75621000-75700000 ---p 00000000 00:00 0 
75702000-75703000 rw-s 1bd3e000 00:06 13400      /dev/nvidiactl
75703000-7571e000 r--s 001e6000 08:06 170001     /home/castiel/Downloads/LWJGL -- Java Open GL/jar/lwjgl.jar
7571e000-75736000 rw-p 00000000 00:00 0 
75736000-75737000 ---p 00000000 00:00 0 
75737000-757bf000 rw-p 00000000 00:00 0          [stack:3089]
757bf000-757f7000 rw-p 00000000 00:00 0 
757f7000-75809000 rw-p 00000000 00:00 0 
75809000-75914000 rw-p 00000000 00:00 0 
75914000-7591c000 rw-p 00000000 00:00 0 
7591c000-75954000 rw-p 00000000 00:00 0 
75954000-75966000 rw-p 00000000 00:00 0 
75966000-75a70000 rw-p 00000000 00:00 0 
75a70000-75a7a000 rw-p 00000000 00:00 0 
75a7a000-75aff000 rw-p 00000000 00:00 0 
75aff000-76b00000 rw-p 00000000 00:00 0 
76b00000-7db00000 rw-p 00000000 00:00 0 
7db00000-7fe80000 rw-p 00000000 00:00 0 
7fe80000-a1440000 rw-p 00000000 00:00 0 
a1440000-a2600000 rw-p 00000000 00:00 0 
a2600000-b3100000 rw-p 00000000 00:00 0 
b3100000-b3109000 rw-p 00000000 00:00 0 
b3109000-b31c0000 rw-p 00000000 00:00 0 
b31c0000-b3400000 rwxp 00000000 00:00 0 
b3400000-b61c0000 rw-p 00000000 00:00 0 
b61c0000-b61c8000 r-xp 00000000 08:05 130515     /usr/lib/jvm/java-7-openjdk/jre/lib/i386/libzip.so
b61c8000-b61c9000 rw-p 00007000 08:05 130515     /usr/lib/jvm/java-7-openjdk/jre/lib/i386/libzip.so
b61c9000-b61d1000 rw-s 00000000 00:22 44563      /tmp/hsperfdata_castiel/3084
b61d1000-b61f6000 r-xp 00000000 08:05 130514     /usr/lib/jvm/java-7-openjdk/jre/lib/i386/libjava.so
b61f6000-b61f7000 rw-p 00025000 08:05 130514     /usr/lib/jvm/java-7-openjdk/jre/lib/i386/libjava.so
b61f7000-b61fe000 r-xp 00000000 08:05 393451     /usr/lib/librt-2.23.so
b61fe000-b61ff000 r--p 00006000 08:05 393451     /usr/lib/librt-2.23.so
b61ff000-b6200000 rw-p 00007000 08:05 393451     /usr/lib/librt-2.23.so
b6200000-b62fb000 rw-p 00000000 00:00 0 
b62fb000-b6300000 ---p 00000000 00:00 0 
b6300000-b6301000 rw-s f7f65000 00:06 13401      /dev/nvidia0
b6301000-b6302000 rw-s f7f64000 00:06 13401      /dev/nvidia0
b6302000-b6304000 r-xp 00000000 08:05 419264     /usr/lib/libXinerama.so.1.0.0
b6304000-b6305000 r--p 00001000 08:05 419264     /usr/lib/libXinerama.so.1.0.0
b6305000-b6306000 rw-p 00002000 08:05 419264     /usr/lib/libXinerama.so.1.0.0
b6306000-b6309000 ---p 00000000 00:00 0 
b6309000-b6357000 rw-p 00000000 00:00 0          [stack:3087]
b6357000-b6373000 r-xp 00000000 08:05 393668     /usr/lib/libgcc_s.so.1
b6373000-b6374000 rw-p 0001b000 08:05 393668     /usr/lib/libgcc_s.so.1
b6374000-b63c7000 r-xp 00000000 08:05 393448     /usr/lib/libm-2.23.so
b63c7000-b63c8000 r--p 00052000 08:05 393448     /usr/lib/libm-2.23.so
b63c8000-b63c9000 rw-p 00053000 08:05 393448     /usr/lib/libm-2.23.so
b63c9000-b653e000 r-xp 00000000 08:05 393707     /usr/lib/libstdc++.so.6.0.22
b653e000-b6544000 r--p 00174000 08:05 393707     /usr/lib/libstdc++.so.6.0.22
b6544000-b6545000 rw-p 0017a000 08:05 393707     /usr/lib/libstdc++.so.6.0.22
b6545000-b6548000 rw-p 00000000 00:00 0 
b6548000-b70b0000 r-xp 00000000 08:05 130550     /usr/lib/jvm/java-7-openjdk/jre/lib/i386/server/libjvm.so
b70b0000-b710f000 rw-p 00b67000 08:05 130550     /usr/lib/jvm/java-7-openjdk/jre/lib/i386/server/libjvm.so
b710f000-b752e000 rw-p 00000000 00:00 0 
b752e000-b7544000 r-xp 00000000 08:05 396574     /usr/lib/libz.so.1.2.8
b7544000-b7545000 r--p 00015000 08:05 396574     /usr/lib/libz.so.1.2.8
b7545000-b7546000 rw-p 00016000 08:05 396574     /usr/lib/libz.so.1.2.8
b7546000-b76f4000 r-xp 00000000 08:05 393369     /usr/lib/libc-2.23.so
b76f4000-b76f5000 ---p 001ae000 08:05 393369     /usr/lib/libc-2.23.so
b76f5000-b76f7000 r--p 001ae000 08:05 393369     /usr/lib/libc-2.23.so
b76f7000-b76f8000 rw-p 001b0000 08:05 393369     /usr/lib/libc-2.23.so
b76f8000-b76fb000 rw-p 00000000 00:00 0 
b76fb000-b76fe000 r-xp 00000000 08:05 393447     /usr/lib/libdl-2.23.so
b76fe000-b76ff000 r--p 00002000 08:05 393447     /usr/lib/libdl-2.23.so
b76ff000-b7700000 rw-p 00003000 08:05 393447     /usr/lib/libdl-2.23.so
b7700000-b7701000 rw-p 00000000 00:00 0 
b7701000-b770d000 r-xp 00000000 08:05 130543     /usr/lib/jvm/java-7-openjdk/jre/lib/i386/jli/libjli.so
b770d000-b770e000 rw-p 0000b000 08:05 130543     /usr/lib/jvm/java-7-openjdk/jre/lib/i386/jli/libjli.so
b770e000-b7727000 r-xp 00000000 08:05 393343     /usr/lib/libpthread-2.23.so
b7727000-b7728000 r--p 00018000 08:05 393343     /usr/lib/libpthread-2.23.so
b7728000-b7729000 rw-p 00019000 08:05 393343     /usr/lib/libpthread-2.23.so
b7729000-b772b000 rw-p 00000000 00:00 0 
b772b000-b772c000 rw-s f7f63000 00:06 13401      /dev/nvidia0
b772c000-b772d000 rw-s 134f8000 00:06 13400      /dev/nvidiactl
b772d000-b772e000 rw-s fd060000 00:06 13401      /dev/nvidia0
b772e000-b772f000 rwxp 00000000 00:00 0 
b772f000-b773a000 r-xp 00000000 08:05 393443     /usr/lib/libnss_files-2.23.so
b773a000-b773b000 r--p 0000a000 08:05 393443     /usr/lib/libnss_files-2.23.so
b773b000-b773c000 rw-p 0000b000 08:05 393443     /usr/lib/libnss_files-2.23.so
b773c000-b7743000 rw-p 00000000 00:00 0 
b7743000-b7744000 r--p 00000000 00:00 0 
b7744000-b774f000 r-xp 00000000 08:05 130513     /usr/lib/jvm/java-7-openjdk/jre/lib/i386/libverify.so
b774f000-b7750000 rw-p 0000a000 08:05 130513     /usr/lib/jvm/java-7-openjdk/jre/lib/i386/libverify.so
b7750000-b7751000 rw-p 00000000 00:00 0 
b7751000-b7753000 r--p 00000000 00:00 0          [vvar]
b7753000-b7754000 r-xp 00000000 00:00 0          [vdso]
b7754000-b7776000 r-xp 00000000 08:05 393368     /usr/lib/ld-2.23.so
b7776000-b7777000 r--p 00021000 08:05 393368     /usr/lib/ld-2.23.so
b7777000-b7778000 rw-p 00022000 08:05 393368     /usr/lib/ld-2.23.so
bf93f000-bf940000 rwxp 00000000 00:00 0 
bf972000-bf993000 rw-p 00000000 00:00 0          [stack]

VM Arguments:
jvm_args: -Dfile.encoding=UTF-8 -Djava.library.path=/home/castiel/Downloads/LWJGL -- Java Open GL/native/ 
java_command: opengl.test.Demo
Launcher Type: SUN_STANDARD

Environment Variables:
PATH=/usr/local/sbin:/usr/local/bin:/usr/bin:/usr/lib/jvm/default/bin:/usr/bin/site_perl:/usr/bin/vendor_perl:/usr/bin/core_perl
LD_LIBRARY_PATH=/usr/lib/jvm/default/bin/../jre/lib/amd64:/usr/lib/jvm/default/bin/../jre/lib/i386:
SHELL=/bin/bash
DISPLAY=:0.0

Signal Handlers:
SIGSEGV: [libjvm.so+0x812cd0], sa_mask[0]=0x7ffbfeff, sa_flags=0x10000004
SIGBUS: [libjvm.so+0x812cd0], sa_mask[0]=0x7ffbfeff, sa_flags=0x10000004
SIGFPE: [libjvm.so+0x68b580], sa_mask[0]=0x7ffbfeff, sa_flags=0x10000004
SIGPIPE: [libjvm.so+0x68b580], sa_mask[0]=0x7ffbfeff, sa_flags=0x10000004
SIGXFSZ: [libjvm.so+0x68b580], sa_mask[0]=0x7ffbfeff, sa_flags=0x10000004
SIGILL: [libjvm.so+0x68b580], sa_mask[0]=0x7ffbfeff, sa_flags=0x10000004
SIGUSR1: SIG_DFL, sa_mask[0]=0x00000000, sa_flags=0x00000000
SIGUSR2: [libjvm.so+0x68b3d0], sa_mask[0]=0x00000004, sa_flags=0x10000004
SIGHUP: [libjvm.so+0x68b5b0], sa_mask[0]=0x7ffbfeff, sa_flags=0x10000004
SIGINT: SIG_IGN, sa_mask[0]=0x00000000, sa_flags=0x00000000
SIGTERM: [libjvm.so+0x68b5b0], sa_mask[0]=0x7ffbfeff, sa_flags=0x10000004
SIGQUIT: [libjvm.so+0x68b5b0], sa_mask[0]=0x7ffbfeff, sa_flags=0x10000004
SIGTRAP: SIG_DFL, sa_mask[0]=0x00000000, sa_flags=0x00000000


---------------  S Y S T E M  ---------------

OS:Linux
uname:Linux 4.4.10-1-lts #1 SMP Wed May 11 21:32:48 CEST 2016 i686
libc:glibc 2.23 NPTL 2.23 
rlimit: STACK 8192k, CORE infinity, NPROC 27267, NOFILE 4096, AS infinity
load average:2.79 1.38 1.00

/proc/meminfo:
MemTotal:        3494600 kB
MemFree:          607096 kB
MemAvailable:    1872104 kB
Buffers:          208296 kB
Cached:          1284324 kB
SwapCached:            0 kB
Active:          1833328 kB
Inactive:         905140 kB
Active(anon):    1295640 kB
Inactive(anon):    31792 kB
Active(file):     537688 kB
Inactive(file):   873348 kB
Unevictable:          32 kB
Mlocked:              32 kB
HighTotal:       2629320 kB
HighFree:         430516 kB
LowTotal:         865280 kB
LowFree:          176580 kB
SwapTotal:             0 kB
SwapFree:              0 kB
Dirty:               776 kB
Writeback:             0 kB
AnonPages:       1245908 kB
Mapped:           313484 kB
Shmem:             81556 kB
Slab:              70568 kB
SReclaimable:      54920 kB
SUnreclaim:        15648 kB
KernelStack:        3248 kB
PageTables:         5356 kB
NFS_Unstable:          0 kB
Bounce:                0 kB
WritebackTmp:          0 kB
CommitLimit:     1747300 kB
Committed_AS:    3899580 kB
VmallocTotal:     122880 kB
VmallocUsed:           0 kB
VmallocChunk:          0 kB
HardwareCorrupted:     0 kB
AnonHugePages:    565248 kB
HugePages_Total:       0
HugePages_Free:        0
HugePages_Rsvd:        0
HugePages_Surp:        0
Hugepagesize:       4096 kB
DirectMap4k:      274424 kB
DirectMap4M:      634880 kB


CPU:total 2 (2 cores per cpu, 1 threads per core) family 6 model 23 stepping 10, cmov, cx8, fxsr, mmx, sse, sse2, sse3, ssse3, sse4.1, tsc

/proc/cpuinfo:
processor	: 0
vendor_id	: GenuineIntel
cpu family	: 6
model		: 23
model name	: Intel(R) Core(TM)2 Duo CPU     E8400  @ 3.00GHz
stepping	: 10
microcode	: 0xa07
cpu MHz		: 3003.000
cache size	: 6144 KB
physical id	: 0
siblings	: 2
core id		: 0
cpu cores	: 2
apicid		: 0
initial apicid	: 0
fdiv_bug	: no
f00f_bug	: no
coma_bug	: no
fpu		: yes
fpu_exception	: yes
cpuid level	: 13
wp		: yes
flags		: fpu vme de pse tsc msr pae mce cx8 apic sep mtrr pge mca cmov pat pse36 clflush dts acpi mmx fxsr sse sse2 ss ht tm pbe lm constant_tsc arch_perfmon pebs bts aperfmperf pni dtes64 monitor ds_cpl vmx smx est tm2 ssse3 cx16 xtpr pdcm sse4_1 xsave lahf_lm dtherm tpr_shadow vnmi flexpriority
bugs		:
bogomips	: 5986.73
clflush size	: 64
cache_alignment	: 64
address sizes	: 36 bits physical, 48 bits virtual
power management:

processor	: 1
vendor_id	: GenuineIntel
cpu family	: 6
model		: 23
model name	: Intel(R) Core(TM)2 Duo CPU     E8400  @ 3.00GHz
stepping	: 10
microcode	: 0xa07
cpu MHz		: 3003.000
cache size	: 6144 KB
physical id	: 0
siblings	: 2
core id		: 1
cpu cores	: 2
apicid		: 1
initial apicid	: 1
fdiv_bug	: no
f00f_bug	: no
coma_bug	: no
fpu		: yes
fpu_exception	: yes
cpuid level	: 13
wp		: yes
flags		: fpu vme de pse tsc msr pae mce cx8 apic sep mtrr pge mca cmov pat pse36 clflush dts acpi mmx fxsr sse sse2 ss ht tm pbe lm constant_tsc arch_perfmon pebs bts aperfmperf pni dtes64 monitor ds_cpl vmx smx est tm2 ssse3 cx16 xtpr pdcm sse4_1 xsave lahf_lm dtherm tpr_shadow vnmi flexpriority
bugs		:
bogomips	: 5986.73
clflush size	: 64
cache_alignment	: 64
address sizes	: 36 bits physical, 48 bits virtual
power management:



Memory: 4k page, physical 3494600k(607096k free), swap 0k(0k free)

vm_info: OpenJDK Server VM (24.95-b01) for linux-x86 JRE (1.7.0_101-b00), built on May  2 2016 15:59:33 by "builduser" with gcc 5.3.0

time: Mon May 16 17:33:06 2016
elapsed time: 3 seconds

