#
# A fatal error has been detected by the Java Runtime Environment:
#
#  SIGSEGV (0xb) at pc=0x72802e07, pid=2366, tid=3056634688
#
# JRE version: OpenJDK Runtime Environment (7.0_95) (build 1.7.0_95-b00)
# Java VM: OpenJDK Server VM (24.95-b01 mixed mode linux-x86 )
# Derivative: IcedTea 2.6.4
# Distribution: Custom build (Thu Jan 21 12:40:31 UTC 2016)
# Problematic frame:
# C  0x72802e07
#
# Core dump written. Default location: /home/castiel/Dev/Java/Project/OpenGl Test/core or core.2366
#
# If you would like to submit a bug report, please include
# instructions on how to reproduce the bug and visit:
#   http://icedtea.classpath.org/bugzilla
# The crash happened outside the Java Virtual Machine in native code.
# See problematic frame for where to report the bug.
#

---------------  T H R E A D  ---------------

Current thread (0xb6106400):  JavaThread "main" [_thread_in_native, id=2371, stack(0xb62b8000,0xb6309000)]

siginfo:si_signo=SIGSEGV: si_errno=0, si_code=1 (SEGV_MAPERR), si_addr=0x00000000

Registers:
EAX=0x6f673608, EBX=0x6fd1c000, ECX=0x00000000, EDX=0x6f3b2ec4
ESP=0xb6307b18, EBP=0x6f3b2ed8, ESI=0x00000000, EDI=0x00000000
EIP=0x72802e07, EFLAGS=0x00010246, CR2=0x00000000

Top of Stack: (sp=0xb6307b18)
0xb6307b18:   6f3b2ed8 00000120 00000000 6fd1c000
0xb6307b28:   00000000 717338bc 6fd1c000 6f673608
0xb6307b38:   6f3b2ec0 00000006 00000000 6fca1c50
0xb6307b48:   6fca1c48 715bb1e6 00000030 00000000
0xb6307b58:   6fa15ab0 6f3a15d0 6f980008 72802dc0
0xb6307b68:   00000000 00000000 00000006 00000000
0xb6307b78:   00000000 00000000 00000000 00000006
0xb6307b88:   6f3b2ec0 6f3b2ec0 00000029 00000000 

Instructions: (pc=0x72802e07)
0x72802de7:   2c 24 8b 0a 03 0d a8 91 d6 6f 83 c2 04 8b 35 54
0x72802df7:   a9 d4 6f 8b b6 84 02 00 00 8b f9 c1 e7 04 03 f7
0x72802e07:   8b 3e 8b 6e 04 89 38 89 68 04 8b 7e 08 8b 6e 0c
0x72802e17:   89 78 08 89 68 0c 8b 35 54 a9 d4 6f 8b b6 ac 02 

Register to memory mapping:

EAX=0x6f673608 is an unknown value
EBX=0x6fd1c000 is an unknown value
ECX=0x00000000 is an unknown value
EDX=0x6f3b2ec4 is an unknown value
ESP=0xb6307b18 is pointing into the stack for thread: 0xb6106400
EBP=0x6f3b2ed8 is an unknown value
ESI=0x00000000 is an unknown value
EDI=0x00000000 is an unknown value


Stack: [0xb62b8000,0xb6309000],  sp=0xb6307b18,  free space=318k
Native frames: (J=compiled Java code, j=interpreted, Vv=VM code, C=native code)
C  0x72802e07

Java frames: (J=compiled Java code, j=interpreted, Vv=VM code)
j  org.lwjgl.system.JNI.callIIIPV(JIIIJ)V+0
j  org.lwjgl.opengl.GL11.nglDrawElements(IIIJ)V+14
j  org.lwjgl.opengl.GL11.glDrawElements(IIIJ)V+17
j  opengl.test.object.tugiac.render()V+32
j  opengl.test.Demo.render()V+109
j  opengl.test.OpenGL.loop()V+29
j  opengl.test.OpenGL.<init>()V+200
j  opengl.test.Demo.<init>()V+1
j  opengl.test.Demo.main([Ljava/lang/String;)V+4
v  ~StubRoutines::call_stub

---------------  P R O C E S S  ---------------

Java Threads: ( => current thread )
  0x72d2d400 JavaThread "Service Thread" daemon [_thread_blocked, id=2380, stack(0x72973000,0x729c4000)]
  0x72d2b400 JavaThread "C2 CompilerThread1" daemon [_thread_blocked, id=2379, stack(0x729c4000,0x72a45000)]
  0x72d29400 JavaThread "C2 CompilerThread0" daemon [_thread_blocked, id=2378, stack(0x72a45000,0x72ac6000)]
  0x72d27c00 JavaThread "Signal Dispatcher" daemon [_thread_blocked, id=2377, stack(0x72ac6000,0x72b17000)]
  0x72d15000 JavaThread "Finalizer" daemon [_thread_blocked, id=2376, stack(0x72caf000,0x72d00000)]
  0x72d13800 JavaThread "Reference Handler" daemon [_thread_blocked, id=2375, stack(0x7540b000,0x7545c000)]
=>0xb6106400 JavaThread "main" [_thread_in_native, id=2371, stack(0xb62b8000,0xb6309000)]

Other Threads:
  0x72d11000 VMThread [stack: 0x72e47000,0x72ec8000] [id=2374]
  0x72d2f000 WatcherThread [stack: 0x728f2000,0x72973000] [id=2381]

VM state:not at safepoint (normal execution)

VM Mutex/Monitor currently owned by a thread: None

Heap
 PSYoungGen      total 16128K, used 11033K [0xa1380000, 0xa2540000, 0xb3040000)
  eden space 14080K, 78% used [0xa1380000,0xa1e46698,0xa2140000)
  from space 2048K, 0% used [0xa2340000,0xa2340000,0xa2540000)
  to   space 2048K, 0% used [0xa2140000,0xa2140000,0xa2340000)
 ParOldGen       total 36352K, used 0K [0x7da40000, 0x7fdc0000, 0xa1380000)
  object space 36352K, 0% used [0x7da40000,0x7da40000,0x7fdc0000)
 PSPermGen       total 16384K, used 5595K [0x75a40000, 0x76a40000, 0x7da40000)
  object space 16384K, 34% used [0x75a40000,0x75fb6d88,0x76a40000)

Card table byte_map: [0x75854000,0x75a40000] byte_map_base: 0x754a6e00

Polling page: 0xb76e8000

Code Cache  [0xb3100000, 0xb3340000, 0xb6100000)
 total_blobs=416 nmethods=21 adapters=350 free_code_cache=48727Kb largest_free_block=49882432

Compilation events (10 events):
Event: 0.668 Thread 0x72d29400   16             java.lang.String::equals (81 bytes)
Event: 0.671 Thread 0x72d29400 nmethod 16 0xb3167288 code [0xb3167380, 0xb3167610]
Event: 0.733 Thread 0x72d29400   17             sun.net.www.ParseUtil::encodePath (336 bytes)
Event: 0.739 Thread 0x72d29400 nmethod 17 0xb3168488 code [0xb31685e0, 0xb3168b84]
Event: 0.740 Thread 0x72d2b400   18             java.lang.String::length (6 bytes)
Event: 0.740 Thread 0x72d2b400 nmethod 18 0xb31694c8 code [0xb31695c0, 0xb3169610]
Event: 0.794 Thread 0x72d2b400   20             java.lang.String::startsWith (72 bytes)
Event: 0.795 Thread 0x72d2b400 nmethod 20 0xb316a388 code [0xb316a480, 0xb316a5b0]
Event: 0.814 Thread 0x72d29400   21             java.lang.Math::min (11 bytes)
Event: 0.814 Thread 0x72d29400 nmethod 21 0xb316adc8 code [0xb316aea0, 0xb316aed0]

GC Heap History (0 events):
No events

Deoptimization events (4 events):
Event: 0.796 Thread 0xb6106400 Uncommon trap: reason=unstable_if action=reinterpret pc=0xb3163a64 method=java.lang.String.replace(CC)Ljava/lang/String; @ 2
Event: 0.800 Thread 0xb6106400 Uncommon trap: reason=unstable_if action=reinterpret pc=0xb3165768 method=java.lang.String.indexOf([CII[CIII)I @ 123
Event: 0.800 Thread 0xb6106400 Uncommon trap: reason=predicate action=maybe_recompile pc=0xb3168adc method=sun.net.www.ParseUtil.encodePath(Ljava/lang/String;Z)Ljava/lang/String; @ 36
Event: 0.807 Thread 0xb6106400 Uncommon trap: reason=unstable_if action=reinterpret pc=0xb3167560 method=java.lang.String.equals(Ljava/lang/Object;)Z @ 66

Internal exceptions (10 events):
Event: 0.801 Thread 0xb6106400 Threw 0xa1dc3ba8 at /build/java7-openjdk/src/icedtea-2.6.4/openjdk/hotspot/src/share/vm/prims/jvm.cpp:1322
Event: 0.801 Thread 0xb6106400 Threw 0xa1dc3cc0 at /build/java7-openjdk/src/icedtea-2.6.4/openjdk/hotspot/src/share/vm/prims/jvm.cpp:1322
Event: 0.801 Thread 0xb6106400 Threw 0xa1dc44d8 at /build/java7-openjdk/src/icedtea-2.6.4/openjdk/hotspot/src/share/vm/prims/jvm.cpp:1322
Event: 0.801 Thread 0xb6106400 Threw 0xa1dc45f0 at /build/java7-openjdk/src/icedtea-2.6.4/openjdk/hotspot/src/share/vm/prims/jvm.cpp:1322
Event: 0.814 Thread 0xb6106400 Threw 0xa1de2fc0 at /build/java7-openjdk/src/icedtea-2.6.4/openjdk/hotspot/src/share/vm/prims/jvm.cpp:1322
Event: 0.814 Thread 0xb6106400 Threw 0xa1de5a50 at /build/java7-openjdk/src/icedtea-2.6.4/openjdk/hotspot/src/share/vm/prims/jvm.cpp:1322
Event: 0.815 Thread 0xb6106400 Threw 0xa1de7ab8 at /build/java7-openjdk/src/icedtea-2.6.4/openjdk/hotspot/src/share/vm/prims/jvm.cpp:1322
Event: 0.817 Thread 0xb6106400 Threw 0xa1df6cc0 at /build/java7-openjdk/src/icedtea-2.6.4/openjdk/hotspot/src/share/vm/prims/jvm.cpp:1322
Event: 0.817 Thread 0xb6106400 Threw 0xa1dfa340 at /build/java7-openjdk/src/icedtea-2.6.4/openjdk/hotspot/src/share/vm/prims/jvm.cpp:1322
Event: 0.821 Thread 0xb6106400 Threw 0xa1e058c0 at /build/java7-openjdk/src/icedtea-2.6.4/openjdk/hotspot/src/share/vm/prims/jvm.cpp:1322

Events (10 events):
Event: 0.814 loading class 0x6f398390
Event: 0.814 loading class 0x6f398390 done
Event: 0.815 loading class 0x6f3983d0
Event: 0.815 loading class 0x6f3983d0 done
Event: 0.817 loading class 0x6f883688
Event: 0.817 loading class 0x6f883688 done
Event: 0.817 loading class 0x6f39a6c0
Event: 0.817 loading class 0x6f39a6c0 done
Event: 0.821 loading class 0x72d63bd8
Event: 0.821 loading class 0x72d63bd8 done


Dynamic libraries:
08048000-08049000 r-xp 00000000 08:05 662509     /usr/lib/jvm/java-7-openjdk/jre/bin/java
08049000-0804a000 rw-p 00000000 08:05 662509     /usr/lib/jvm/java-7-openjdk/jre/bin/java
0908b000-090ef000 rw-p 00000000 00:00 0          [heap]
6f100000-6f152000 rw-p 00000000 00:00 0 
6f152000-6f200000 ---p 00000000 00:00 0 
6f300000-6f3f6000 rw-p 00000000 00:00 0 
6f3f6000-6f400000 ---p 00000000 00:00 0 
6f4c0000-6f540000 rw-s 02b30000 00:06 12698      /dev/nvidiactl
6f540000-6f5c0000 rw-s 051fa000 00:06 12698      /dev/nvidiactl
6f5c0000-6f640000 rw-s 05331000 00:06 12698      /dev/nvidiactl
6f640000-6f740000 rw-s 0258d000 00:06 12698      /dev/nvidiactl
6f740000-6f760000 rw-s f0140000 00:06 12699      /dev/nvidia0
6f760000-6f7a0000 rw-s 0263d000 00:06 12698      /dev/nvidiactl
6f7a0000-6f7c0000 rw-s 051f9000 00:06 12698      /dev/nvidiactl
6f7c0000-6f800000 rw-s 099c0000 00:06 12698      /dev/nvidiactl
6f800000-6f8fb000 rw-p 00000000 00:00 0 
6f8fb000-6f900000 ---p 00000000 00:00 0 
6f900000-6f920000 rw-s 051f8000 00:06 12698      /dev/nvidiactl
6f920000-6f960000 rw-s 09bef000 00:06 12698      /dev/nvidiactl
6f960000-6f980000 rw-s 0301e000 00:06 12698      /dev/nvidiactl
6f980000-6fafc000 rw-p 00000000 00:00 0 
6fafc000-6fc00000 rw-s 3119a000 00:06 12698      /dev/nvidiactl
6fc00000-6fcea000 rw-p 00000000 00:00 0 
6fcea000-6fd00000 ---p 00000000 00:00 0 
6fd07000-6fd09000 rw-s 00000000 00:21 140140     /tmp/.glKfKiFc (deleted)
6fd09000-6fd1c000 rw-s 0259a000 00:06 12698      /dev/nvidiactl
6fd1c000-6fdd0000 rw-p 00000000 00:00 0 
6fdd0000-7190d000 r-xp 00000000 08:05 426727     /usr/lib/libnvidia-glcore.so.361.28
7190d000-7192d000 rwxp 01b3d000 08:05 426727     /usr/lib/libnvidia-glcore.so.361.28
7192d000-71fa9000 r-xp 01b5d000 08:05 426727     /usr/lib/libnvidia-glcore.so.361.28
71fa9000-72046000 rw-p 021d8000 08:05 426727     /usr/lib/libnvidia-glcore.so.361.28
72046000-72055000 rw-p 00000000 00:00 0 
72055000-72113000 r-xp 00000000 08:05 393610     /usr/lib/libGLX_nvidia.so.361.28
72113000-72133000 rwxp 000be000 08:05 393610     /usr/lib/libGLX_nvidia.so.361.28
72133000-7215b000 r-xp 000de000 08:05 393610     /usr/lib/libGLX_nvidia.so.361.28
7215b000-72161000 rw-p 00105000 08:05 393610     /usr/lib/libGLX_nvidia.so.361.28
72161000-72164000 rw-p 00000000 00:00 0 
72164000-721f8000 r-xp 00000000 08:05 443850     /usr/lib/libGLdispatch.so.0.0.0
721f8000-72200000 r--p 00093000 08:05 443850     /usr/lib/libGLdispatch.so.0.0.0
72200000-72201000 rw-p 0009b000 08:05 443850     /usr/lib/libGLdispatch.so.0.0.0
72201000-72211000 rw-p 00000000 00:00 0 
72211000-72222000 r-xp 00000000 08:05 443851     /usr/lib/libGLX.so.0.0.0
72222000-72223000 r--p 00010000 08:05 443851     /usr/lib/libGLX.so.0.0.0
72223000-72224000 rw-p 00011000 08:05 443851     /usr/lib/libGLX.so.0.0.0
72224000-72234000 rw-p 00000000 00:00 0 
72234000-722a2000 r-xp 00000000 08:05 443890     /usr/lib/nvidia/libGL.so.1.0.0
722a2000-722a3000 r--p 0006d000 08:05 443890     /usr/lib/nvidia/libGL.so.1.0.0
722a3000-722a4000 rw-p 0006e000 08:05 443890     /usr/lib/nvidia/libGL.so.1.0.0
722a4000-722ae000 r-xp 00000000 08:05 419232     /usr/lib/libXrender.so.1.3.0
722ae000-722af000 r--p 00009000 08:05 419232     /usr/lib/libXrender.so.1.3.0
722af000-722b0000 rw-p 0000a000 08:05 419232     /usr/lib/libXrender.so.1.3.0
722b0000-723fb000 r-xp 00000000 08:05 417030     /usr/lib/libX11.so.6.3.0
723fb000-723fd000 r--p 0014b000 08:05 417030     /usr/lib/libX11.so.6.3.0
723fd000-72400000 rw-p 0014d000 08:05 417030     /usr/lib/libX11.so.6.3.0
72400000-72800000 rw-p 00000000 00:00 0 
72801000-72803000 r-xs 00000000 00:21 140140     /tmp/.glKfKiFc (deleted)
72803000-72804000 rw-s 02599000 00:06 12698      /dev/nvidiactl
72804000-72808000 rw-s 0274d000 00:06 12698      /dev/nvidiactl
72808000-7281b000 r-xp 00000000 08:05 418425     /usr/lib/libXext.so.6.4.0
7281b000-7281c000 r--p 00012000 08:05 418425     /usr/lib/libXext.so.6.4.0
7281c000-7281d000 rw-p 00013000 08:05 418425     /usr/lib/libXext.so.6.4.0
7281d000-72841000 r-xp 00000000 08:05 416949     /usr/lib/libxcb.so.1.1.0
72841000-72842000 ---p 00024000 08:05 416949     /usr/lib/libxcb.so.1.1.0
72842000-72843000 r--p 00024000 08:05 416949     /usr/lib/libxcb.so.1.1.0
72843000-72844000 rw-p 00025000 08:05 416949     /usr/lib/libxcb.so.1.1.0
72844000-7284e000 r-xp 00000000 08:05 419326     /usr/lib/libXcursor.so.1.0.2
7284e000-7284f000 r--p 00009000 08:05 419326     /usr/lib/libXcursor.so.1.0.2
7284f000-72850000 rw-p 0000a000 08:05 419326     /usr/lib/libXcursor.so.1.0.2
72850000-72861000 r-xp 00000000 08:05 419224     /usr/lib/libXi.so.6.1.0
72861000-72862000 r--p 00010000 08:05 419224     /usr/lib/libXi.so.6.1.0
72862000-72863000 rw-p 00011000 08:05 419224     /usr/lib/libXi.so.6.1.0
72863000-72864000 rw-s f7f68000 00:06 12699      /dev/nvidia0
72864000-72887000 rw-p 00000000 00:00 0 
72887000-72892000 r-xp 00000000 08:06 169984     /home/castiel/Downloads/LWJGL -- Java Open GL/native/liblwjgl32.so
72892000-728ef000 r-xp 00000000 00:00 0 
728ef000-728f0000 r--p 00031000 08:06 169984     /home/castiel/Downloads/LWJGL -- Java Open GL/native/liblwjgl32.so
728f0000-728f1000 rw-p 00032000 08:06 169984     /home/castiel/Downloads/LWJGL -- Java Open GL/native/liblwjgl32.so
728f1000-728f2000 rw-p 00000000 00:00 0 
728f2000-728f3000 ---p 00000000 00:00 0 
728f3000-72973000 rw-p 00000000 00:00 0          [stack:2381]
72973000-72976000 ---p 00000000 00:00 0 
72976000-729c4000 rw-p 00000000 00:00 0          [stack:2380]
729c4000-729c7000 ---p 00000000 00:00 0 
729c7000-72a45000 rw-p 00000000 00:00 0          [stack:2379]
72a45000-72a48000 ---p 00000000 00:00 0 
72a48000-72ac6000 rw-p 00000000 00:00 0          [stack:2378]
72ac6000-72ac9000 ---p 00000000 00:00 0 
72ac9000-72b17000 rw-p 00000000 00:00 0          [stack:2377]
72b17000-72caf000 r--p 00000000 08:05 453414     /usr/lib/locale/locale-archive
72caf000-72cb2000 ---p 00000000 00:00 0 
72cb2000-72d00000 rw-p 00000000 00:00 0          [stack:2376]
72d00000-72df5000 rw-p 00000000 00:00 0 
72df5000-72e00000 ---p 00000000 00:00 0 
72e00000-72e01000 rw-s f7f67000 00:06 12699      /dev/nvidia0
72e01000-72e05000 r-xp 00000000 08:05 443891     /usr/lib/tls/libnvidia-tls.so.361.28
72e05000-72e06000 rw-p 00003000 08:05 443891     /usr/lib/tls/libnvidia-tls.so.361.28
72e06000-72e07000 r-xp 00000000 08:06 169981     /home/castiel/Downloads/LWJGL -- Java Open GL/native/libjemalloc32.so
72e07000-72e44000 r-xp 00000000 00:00 0 
72e44000-72e45000 ---p 0003e000 08:06 169981     /home/castiel/Downloads/LWJGL -- Java Open GL/native/libjemalloc32.so
72e45000-72e46000 r--p 00019000 08:06 169981     /home/castiel/Downloads/LWJGL -- Java Open GL/native/libjemalloc32.so
72e46000-72e47000 rw-p 0001a000 08:06 169981     /home/castiel/Downloads/LWJGL -- Java Open GL/native/libjemalloc32.so
72e47000-72e48000 ---p 00000000 00:00 0 
72e48000-72ec8000 rw-p 00000000 00:00 0          [stack:2374]
72ec8000-7307a000 r--s 01d2f000 08:05 662492     /usr/lib/jvm/java-7-openjdk/jre/lib/rt.jar
7307a000-75300000 rw-p 00000000 00:00 0 
75300000-75370000 rw-p 00000000 00:00 0 
75370000-75400000 ---p 00000000 00:00 0 
75400000-75405000 r-xp 00000000 08:05 414447     /usr/lib/libXdmcp.so.6.0.0
75405000-75406000 r--p 00004000 08:05 414447     /usr/lib/libXdmcp.so.6.0.0
75406000-75407000 rw-p 00005000 08:05 414447     /usr/lib/libXdmcp.so.6.0.0
75407000-75409000 r-xp 00000000 08:05 414580     /usr/lib/libXau.so.6.0.0
75409000-7540a000 r--p 00001000 08:05 414580     /usr/lib/libXau.so.6.0.0
7540a000-7540b000 rw-p 00002000 08:05 414580     /usr/lib/libXau.so.6.0.0
7540b000-7540e000 ---p 00000000 00:00 0 
7540e000-75500000 rw-p 00000000 00:00 0          [stack:2375]
75500000-75521000 rw-p 00000000 00:00 0 
75521000-75600000 ---p 00000000 00:00 0 
75600000-75604000 r-xp 00000000 08:05 418466     /usr/lib/libXfixes.so.3.1.0
75604000-75605000 r--p 00003000 08:05 418466     /usr/lib/libXfixes.so.3.1.0
75605000-75606000 rw-p 00004000 08:05 418466     /usr/lib/libXfixes.so.3.1.0
75606000-7560b000 r-xp 00000000 08:05 418458     /usr/lib/libXxf86vm.so.1.0.0
7560b000-7560c000 r--p 00004000 08:05 418458     /usr/lib/libXxf86vm.so.1.0.0
7560c000-7560d000 rw-p 00005000 08:05 418458     /usr/lib/libXxf86vm.so.1.0.0
7560d000-75618000 r-xp 00000000 08:05 419256     /usr/lib/libXrandr.so.2.2.0
75618000-75619000 r--p 0000a000 08:05 419256     /usr/lib/libXrandr.so.2.2.0
75619000-7561a000 rw-p 0000b000 08:05 419256     /usr/lib/libXrandr.so.2.2.0
7561a000-7561c000 r-xp 00000000 08:06 169978     /home/castiel/Downloads/LWJGL -- Java Open GL/native/libglfw32.so
7561c000-75633000 r-xp 00000000 00:00 0 
75633000-75634000 r--p 0000b000 08:06 169978     /home/castiel/Downloads/LWJGL -- Java Open GL/native/libglfw32.so
75634000-75635000 rw-p 0000c000 08:06 169978     /home/castiel/Downloads/LWJGL -- Java Open GL/native/libglfw32.so
75635000-75636000 ---p 00000000 00:00 0 
75636000-756b6000 rw-p 00000000 00:00 0          [stack:2373]
756b6000-756b7000 ---p 00000000 00:00 0 
756b7000-75749000 rw-p 00000000 00:00 0          [stack:2372]
75749000-75854000 rw-p 00000000 00:00 0 
75854000-7585c000 rw-p 00000000 00:00 0 
7585c000-75894000 rw-p 00000000 00:00 0 
75894000-758a6000 rw-p 00000000 00:00 0 
758a6000-759b0000 rw-p 00000000 00:00 0 
759b0000-759ba000 rw-p 00000000 00:00 0 
759ba000-75a3f000 rw-p 00000000 00:00 0 
75a3f000-76a40000 rw-p 00000000 00:00 0 
76a40000-7da40000 rw-p 00000000 00:00 0 
7da40000-7fdc0000 rw-p 00000000 00:00 0 
7fdc0000-a1380000 rw-p 00000000 00:00 0 
a1380000-a2540000 rw-p 00000000 00:00 0 
a2540000-b3040000 rw-p 00000000 00:00 0 
b3040000-b3049000 rw-p 00000000 00:00 0 
b3049000-b3100000 rw-p 00000000 00:00 0 
b3100000-b3340000 rwxp 00000000 00:00 0 
b3340000-b61fb000 rw-p 00000000 00:00 0 
b61fb000-b6200000 ---p 00000000 00:00 0 
b6200000-b6201000 rw-s f7f66000 00:06 12699      /dev/nvidia0
b6201000-b6203000 r-xp 00000000 08:05 419264     /usr/lib/libXinerama.so.1.0.0
b6203000-b6204000 r--p 00001000 08:05 419264     /usr/lib/libXinerama.so.1.0.0
b6204000-b6205000 rw-p 00002000 08:05 419264     /usr/lib/libXinerama.so.1.0.0
b6205000-b6220000 r--s 001e6000 08:06 170001     /home/castiel/Downloads/LWJGL -- Java Open GL/jar/lwjgl.jar
b6220000-b6240000 rw-p 00000000 00:00 0 
b6240000-b6278000 rw-p 00000000 00:00 0 
b6278000-b6280000 r-xp 00000000 08:05 130517     /usr/lib/jvm/java-7-openjdk/jre/lib/i386/libzip.so
b6280000-b6281000 rw-p 00007000 08:05 130517     /usr/lib/jvm/java-7-openjdk/jre/lib/i386/libzip.so
b6281000-b6289000 rw-s 00000000 00:21 140137     /tmp/hsperfdata_castiel/2366
b6289000-b62ae000 r-xp 00000000 08:05 130516     /usr/lib/jvm/java-7-openjdk/jre/lib/i386/libjava.so
b62ae000-b62af000 rw-p 00025000 08:05 130516     /usr/lib/jvm/java-7-openjdk/jre/lib/i386/libjava.so
b62af000-b62b6000 r-xp 00000000 08:05 393438     /usr/lib/librt-2.23.so
b62b6000-b62b7000 r--p 00006000 08:05 393438     /usr/lib/librt-2.23.so
b62b7000-b62b8000 rw-p 00007000 08:05 393438     /usr/lib/librt-2.23.so
b62b8000-b62bb000 ---p 00000000 00:00 0 
b62bb000-b6309000 rw-p 00000000 00:00 0          [stack:2371]
b6309000-b6325000 r-xp 00000000 08:05 393667     /usr/lib/libgcc_s.so.1
b6325000-b6326000 rw-p 0001b000 08:05 393667     /usr/lib/libgcc_s.so.1
b6326000-b6379000 r-xp 00000000 08:05 393435     /usr/lib/libm-2.23.so
b6379000-b637a000 r--p 00052000 08:05 393435     /usr/lib/libm-2.23.so
b637a000-b637b000 rw-p 00053000 08:05 393435     /usr/lib/libm-2.23.so
b637b000-b64e8000 r-xp 00000000 08:05 420147     /usr/lib/libstdc++.so.6.0.21
b64e8000-b64e9000 ---p 0016d000 08:05 420147     /usr/lib/libstdc++.so.6.0.21
b64e9000-b64ee000 r--p 0016d000 08:05 420147     /usr/lib/libstdc++.so.6.0.21
b64ee000-b64ef000 rw-p 00172000 08:05 420147     /usr/lib/libstdc++.so.6.0.21
b64ef000-b64f2000 rw-p 00000000 00:00 0 
b64f2000-b7057000 r-xp 00000000 08:05 145403     /usr/lib/jvm/java-7-openjdk/jre/lib/i386/server/libjvm.so
b7057000-b70b6000 rw-p 00b65000 08:05 145403     /usr/lib/jvm/java-7-openjdk/jre/lib/i386/server/libjvm.so
b70b6000-b74d4000 rw-p 00000000 00:00 0 
b74d4000-b74ea000 r-xp 00000000 08:05 396574     /usr/lib/libz.so.1.2.8
b74ea000-b74eb000 r--p 00015000 08:05 396574     /usr/lib/libz.so.1.2.8
b74eb000-b74ec000 rw-p 00016000 08:05 396574     /usr/lib/libz.so.1.2.8
b74ec000-b769a000 r-xp 00000000 08:05 393366     /usr/lib/libc-2.23.so
b769a000-b769b000 ---p 001ae000 08:05 393366     /usr/lib/libc-2.23.so
b769b000-b769d000 r--p 001ae000 08:05 393366     /usr/lib/libc-2.23.so
b769d000-b769e000 rw-p 001b0000 08:05 393366     /usr/lib/libc-2.23.so
b769e000-b76a1000 rw-p 00000000 00:00 0 
b76a1000-b76a4000 r-xp 00000000 08:05 393434     /usr/lib/libdl-2.23.so
b76a4000-b76a5000 r--p 00002000 08:05 393434     /usr/lib/libdl-2.23.so
b76a5000-b76a6000 rw-p 00003000 08:05 393434     /usr/lib/libdl-2.23.so
b76a6000-b76a7000 rw-p 00000000 00:00 0 
b76a7000-b76b3000 r-xp 00000000 08:05 130545     /usr/lib/jvm/java-7-openjdk/jre/lib/i386/jli/libjli.so
b76b3000-b76b4000 rw-p 0000b000 08:05 130545     /usr/lib/jvm/java-7-openjdk/jre/lib/i386/jli/libjli.so
b76b4000-b76cd000 r-xp 00000000 08:05 393342     /usr/lib/libpthread-2.23.so
b76cd000-b76ce000 r--p 00018000 08:05 393342     /usr/lib/libpthread-2.23.so
b76ce000-b76cf000 rw-p 00019000 08:05 393342     /usr/lib/libpthread-2.23.so
b76cf000-b76d1000 rw-p 00000000 00:00 0 
b76d1000-b76d2000 rw-s 0301f000 00:06 12698      /dev/nvidiactl
b76d2000-b76d3000 rw-s fd060000 00:06 12699      /dev/nvidia0
b76d3000-b76d4000 rwxp 00000000 00:00 0 
b76d4000-b76df000 r-xp 00000000 08:05 393430     /usr/lib/libnss_files-2.23.so
b76df000-b76e0000 r--p 0000a000 08:05 393430     /usr/lib/libnss_files-2.23.so
b76e0000-b76e1000 rw-p 0000b000 08:05 393430     /usr/lib/libnss_files-2.23.so
b76e1000-b76e8000 rw-p 00000000 00:00 0 
b76e8000-b76e9000 r--p 00000000 00:00 0 
b76e9000-b76f4000 r-xp 00000000 08:05 130515     /usr/lib/jvm/java-7-openjdk/jre/lib/i386/libverify.so
b76f4000-b76f5000 rw-p 0000a000 08:05 130515     /usr/lib/jvm/java-7-openjdk/jre/lib/i386/libverify.so
b76f5000-b76f6000 rw-p 00000000 00:00 0 
b76f6000-b76f8000 r--p 00000000 00:00 0          [vvar]
b76f8000-b76f9000 r-xp 00000000 00:00 0          [vdso]
b76f9000-b771b000 r-xp 00000000 08:05 393363     /usr/lib/ld-2.23.so
b771b000-b771c000 r--p 00021000 08:05 393363     /usr/lib/ld-2.23.so
b771c000-b771d000 rw-p 00022000 08:05 393363     /usr/lib/ld-2.23.so
bfe57000-bfe58000 rwxp 00000000 00:00 0 
bfe8a000-bfeab000 rw-p 00000000 00:00 0          [stack]

VM Arguments:
jvm_args: -Dfile.encoding=UTF-8 -Djava.library.path=/home/castiel/Downloads/LWJGL -- Java Open GL/native/ 
java_command: opengl.test.Demo
Launcher Type: SUN_STANDARD

Environment Variables:
PATH=/usr/local/sbin:/usr/local/bin:/usr/bin:/usr/lib/jvm/default/bin:/usr/bin/site_perl:/usr/bin/vendor_perl:/usr/bin/core_perl
LD_LIBRARY_PATH=/usr/lib/jvm/default/bin/../jre/lib/amd64:/usr/lib/jvm/default/bin/../jre/lib/i386:
SHELL=/bin/bash
DISPLAY=:0.0

Signal Handlers:
SIGSEGV: [libjvm.so+0x8114e0], sa_mask[0]=0x7ffbfeff, sa_flags=0x10000004
SIGBUS: [libjvm.so+0x8114e0], sa_mask[0]=0x7ffbfeff, sa_flags=0x10000004
SIGFPE: [libjvm.so+0x68a640], sa_mask[0]=0x7ffbfeff, sa_flags=0x10000004
SIGPIPE: [libjvm.so+0x68a640], sa_mask[0]=0x7ffbfeff, sa_flags=0x10000004
SIGXFSZ: [libjvm.so+0x68a640], sa_mask[0]=0x7ffbfeff, sa_flags=0x10000004
SIGILL: [libjvm.so+0x68a640], sa_mask[0]=0x7ffbfeff, sa_flags=0x10000004
SIGUSR1: SIG_DFL, sa_mask[0]=0x00000000, sa_flags=0x00000000
SIGUSR2: [libjvm.so+0x68a490], sa_mask[0]=0x00000004, sa_flags=0x10000004
SIGHUP: [libjvm.so+0x68a670], sa_mask[0]=0x7ffbfeff, sa_flags=0x10000004
SIGINT: SIG_IGN, sa_mask[0]=0x00000000, sa_flags=0x00000000
SIGTERM: [libjvm.so+0x68a670], sa_mask[0]=0x7ffbfeff, sa_flags=0x10000004
SIGQUIT: [libjvm.so+0x68a670], sa_mask[0]=0x7ffbfeff, sa_flags=0x10000004
SIGTRAP: SIG_DFL, sa_mask[0]=0x00000000, sa_flags=0x00000000


---------------  S Y S T E M  ---------------

OS:Linux
uname:Linux 4.1.20-1-lts #1 SMP Fri Mar 18 17:47:36 CET 2016 i686
libc:glibc 2.23 NPTL 2.23 
rlimit: STACK 8192k, CORE infinity, NPROC 27270, NOFILE 4096, AS infinity
load average:0.47 0.52 0.55

/proc/meminfo:
MemTotal:        3494900 kB
MemFree:           30296 kB
MemAvailable:    2144324 kB
Buffers:          580144 kB
Cached:          1545108 kB
SwapCached:            0 kB
Active:          2102148 kB
Inactive:        1221264 kB
Active(anon):    1203340 kB
Inactive(anon):    28956 kB
Active(file):     898808 kB
Inactive(file):  1192308 kB
Unevictable:          32 kB
Mlocked:              32 kB
HighTotal:       2629320 kB
HighFree:           5516 kB
LowTotal:         865580 kB
LowFree:           24780 kB
SwapTotal:             0 kB
SwapFree:              0 kB
Dirty:              9292 kB
Writeback:             0 kB
AnonPages:       1198636 kB
Mapped:           306988 kB
Shmem:             33744 kB
Slab:              64156 kB
SReclaimable:      46372 kB
SUnreclaim:        17784 kB
KernelStack:        3008 kB
PageTables:         5312 kB
NFS_Unstable:          0 kB
Bounce:                0 kB
WritebackTmp:          0 kB
CommitLimit:     1747448 kB
Committed_AS:    3794228 kB
VmallocTotal:     122880 kB
VmallocUsed:       76240 kB
VmallocChunk:      40660 kB
HardwareCorrupted:     0 kB
AnonHugePages:    536576 kB
HugePages_Total:       0
HugePages_Free:        0
HugePages_Rsvd:        0
HugePages_Surp:        0
Hugepagesize:       4096 kB
DirectMap4k:      434168 kB
DirectMap4M:      475136 kB


CPU:total 2 (2 cores per cpu, 1 threads per core) family 6 model 23 stepping 10, cmov, cx8, fxsr, mmx, sse, sse2, sse3, ssse3, sse4.1, tsc

/proc/cpuinfo:
processor	: 0
vendor_id	: GenuineIntel
cpu family	: 6
model		: 23
model name	: Intel(R) Core(TM)2 Duo CPU     E8400  @ 3.00GHz
stepping	: 10
microcode	: 0xa07
cpu MHz		: 3003.000
cache size	: 6144 KB
physical id	: 0
siblings	: 2
core id		: 0
cpu cores	: 2
apicid		: 0
initial apicid	: 0
fdiv_bug	: no
f00f_bug	: no
coma_bug	: no
fpu		: yes
fpu_exception	: yes
cpuid level	: 13
wp		: yes
flags		: fpu vme de pse tsc msr pae mce cx8 apic sep mtrr pge mca cmov pat pse36 clflush dts acpi mmx fxsr sse sse2 ss ht tm pbe lm constant_tsc arch_perfmon pebs bts aperfmperf pni dtes64 monitor ds_cpl vmx smx est tm2 ssse3 cx16 xtpr pdcm sse4_1 xsave lahf_lm dtherm tpr_shadow vnmi flexpriority
bugs		:
bogomips	: 5986.39
clflush size	: 64
cache_alignment	: 64
address sizes	: 36 bits physical, 48 bits virtual
power management:

processor	: 1
vendor_id	: GenuineIntel
cpu family	: 6
model		: 23
model name	: Intel(R) Core(TM)2 Duo CPU     E8400  @ 3.00GHz
stepping	: 10
microcode	: 0xa07
cpu MHz		: 3003.000
cache size	: 6144 KB
physical id	: 0
siblings	: 2
core id		: 1
cpu cores	: 2
apicid		: 1
initial apicid	: 1
fdiv_bug	: no
f00f_bug	: no
coma_bug	: no
fpu		: yes
fpu_exception	: yes
cpuid level	: 13
wp		: yes
flags		: fpu vme de pse tsc msr pae mce cx8 apic sep mtrr pge mca cmov pat pse36 clflush dts acpi mmx fxsr sse sse2 ss ht tm pbe lm constant_tsc arch_perfmon pebs bts aperfmperf pni dtes64 monitor ds_cpl vmx smx est tm2 ssse3 cx16 xtpr pdcm sse4_1 xsave lahf_lm dtherm tpr_shadow vnmi flexpriority
bugs		:
bogomips	: 5986.39
clflush size	: 64
cache_alignment	: 64
address sizes	: 36 bits physical, 48 bits virtual
power management:



Memory: 4k page, physical 3494900k(30296k free), swap 0k(0k free)

vm_info: OpenJDK Server VM (24.95-b01) for linux-x86 JRE (1.7.0_95-b00), built on Jan 21 2016 12:43:41 by "builduser" with gcc 5.3.0

time: Sun Apr 24 12:16:07 2016
elapsed time: 0 seconds

