#
# A fatal error has been detected by the Java Runtime Environment:
#
#  SIGSEGV (0xb) at pc=0x72803e47, pid=3787, tid=3056913216
#
# JRE version: OpenJDK Runtime Environment (7.0_95) (build 1.7.0_95-b00)
# Java VM: OpenJDK Server VM (24.95-b01 mixed mode linux-x86 )
# Derivative: IcedTea 2.6.4
# Distribution: Custom build (Thu Jan 21 12:40:31 UTC 2016)
# Problematic frame:
# C  0x72803e47
#
# Core dump written. Default location: /home/castiel/Dev/Java/Project/OpenGl Test/core or core.3787
#
# If you would like to submit a bug report, please include
# instructions on how to reproduce the bug and visit:
#   http://icedtea.classpath.org/bugzilla
# The crash happened outside the Java Virtual Machine in native code.
# See problematic frame for where to report the bug.
#

---------------  T H R E A D  ---------------

Current thread (0xb6106400):  JavaThread "main" [_thread_in_native, id=3789, stack(0xb62fc000,0xb634d000)]

siginfo:si_signo=SIGSEGV: si_errno=0, si_code=1 (SEGV_MAPERR), si_addr=0x00000000

Registers:
EAX=0x6f7e65b8, EBX=0x6fd4b000, ECX=0x00000000, EDX=0x6f395684
ESP=0xb634b9b8, EBP=0x6f395698, ESI=0x00000000, EDI=0x00000000
EIP=0x72803e47, EFLAGS=0x00010246, CR2=0x00000000

Top of Stack: (sp=0xb634b9b8)
0xb634b9b8:   6f395698 000000c0 00000000 6fd4b000
0xb634b9c8:   00000000 717628bc 6fd4b000 6f7e65b8
0xb634b9d8:   6f395680 00000006 00000000 00000000
0xb634b9e8:   00000000 00000000 00000020 00000000
0xb634b9f8:   6fa15ab0 6f381a50 6f980008 72803e00
0xb634ba08:   00000000 00000000 00000006 00000000
0xb634ba18:   00000000 00000000 00000000 00000006
0xb634ba28:   6f395680 6f395680 00000029 6f381a50 

Instructions: (pc=0x72803e47)
0x72803e27:   2c 24 8b 0a 03 0d a8 81 d9 6f 83 c2 04 8b 35 54
0x72803e37:   99 d7 6f 8b b6 84 02 00 00 8b f9 c1 e7 05 03 f7
0x72803e47:   8b 3e 8b 6e 04 89 38 89 68 04 8b 7e 08 89 78 08
0x72803e57:   8b 35 54 99 d7 6f 8b b6 ac 02 00 00 8b f9 c1 e7 

Register to memory mapping:

EAX=0x6f7e65b8 is an unknown value
EBX=0x6fd4b000 is an unknown value
ECX=0x00000000 is an unknown value
EDX=0x6f395684 is an unknown value
ESP=0xb634b9b8 is pointing into the stack for thread: 0xb6106400
EBP=0x6f395698 is an unknown value
ESI=0x00000000 is an unknown value
EDI=0x00000000 is an unknown value


Stack: [0xb62fc000,0xb634d000],  sp=0xb634b9b8,  free space=318k
Native frames: (J=compiled Java code, j=interpreted, Vv=VM code, C=native code)
C  0x72803e47

Java frames: (J=compiled Java code, j=interpreted, Vv=VM code)
j  org.lwjgl.system.JNI.callIIIPV(JIIIJ)V+0
j  org.lwjgl.opengl.GL11.nglDrawElements(IIIJ)V+14
j  org.lwjgl.opengl.GL11.glDrawElements(IIIJ)V+17
j  opengl.test.object.tugiac.render()V+32
j  opengl.test.Demo.render()V+111
j  opengl.test.OpenGL.loop()V+29
j  opengl.test.OpenGL.<init>()V+200
j  opengl.test.Demo.<init>()V+1
j  opengl.test.Demo.main([Ljava/lang/String;)V+4
v  ~StubRoutines::call_stub

---------------  P R O C E S S  ---------------

Java Threads: ( => current thread )
  0x72d2e400 JavaThread "Service Thread" daemon [_thread_blocked, id=3800, stack(0x729c4000,0x72a15000)]
  0x72d2c400 JavaThread "C2 CompilerThread1" daemon [_thread_blocked, id=3799, stack(0x72a15000,0x72a96000)]
  0x72d2a400 JavaThread "C2 CompilerThread0" daemon [_thread_blocked, id=3798, stack(0x72a96000,0x72b17000)]
  0x72d28c00 JavaThread "Signal Dispatcher" daemon [_thread_blocked, id=3797, stack(0x72b17000,0x72b68000)]
  0x72d15000 JavaThread "Finalizer" daemon [_thread_blocked, id=3796, stack(0x72e26000,0x72e77000)]
  0x72d13800 JavaThread "Reference Handler" daemon [_thread_blocked, id=3795, stack(0x72e77000,0x72ec8000)]
=>0xb6106400 JavaThread "main" [_thread_in_native, id=3789, stack(0xb62fc000,0xb634d000)]

Other Threads:
  0x72d11000 VMThread [stack: 0x75436000,0x754b7000] [id=3794]
  0x72d30000 WatcherThread [stack: 0x72943000,0x729c4000] [id=3801]

VM state:not at safepoint (normal execution)

VM Mutex/Monitor currently owned by a thread: None

Heap
 PSYoungGen      total 16128K, used 10740K [0xa1380000, 0xa2540000, 0xb3040000)
  eden space 14080K, 76% used [0xa1380000,0xa1dfd3a0,0xa2140000)
  from space 2048K, 0% used [0xa2340000,0xa2340000,0xa2540000)
  to   space 2048K, 0% used [0xa2140000,0xa2140000,0xa2340000)
 ParOldGen       total 36352K, used 0K [0x7da40000, 0x7fdc0000, 0xa1380000)
  object space 36352K, 0% used [0x7da40000,0x7da40000,0x7fdc0000)
 PSPermGen       total 16384K, used 5668K [0x75a40000, 0x76a40000, 0x7da40000)
  object space 16384K, 34% used [0x75a40000,0x75fc92f8,0x76a40000)

Card table byte_map: [0x75854000,0x75a40000] byte_map_base: 0x754a6e00

Polling page: 0xb772c000

Code Cache  [0xb3100000, 0xb3340000, 0xb6100000)
 total_blobs=416 nmethods=21 adapters=350 free_code_cache=48727Kb largest_free_block=49885568

Compilation events (10 events):
Event: 0.721 Thread 0x72d2c400   16             java.lang.String::equals (81 bytes)
Event: 0.724 Thread 0x72d2c400 nmethod 16 0xb3163c48 code [0xb3163d40, 0xb3163fd0]
Event: 0.790 Thread 0x72d2a400   17             sun.net.www.ParseUtil::encodePath (336 bytes)
Event: 0.798 Thread 0x72d2a400 nmethod 17 0xb3165cc8 code [0xb3165e20, 0xb31663c4]
Event: 0.810 Thread 0x72d2c400   18             java.lang.String::length (6 bytes)
Event: 0.810 Thread 0x72d2c400 nmethod 18 0xb3165b08 code [0xb3165c00, 0xb3165c50]
Event: 0.854 Thread 0x72d2c400   20             java.lang.String::startsWith (72 bytes)
Event: 0.856 Thread 0x72d2c400 nmethod 20 0xb316cb08 code [0xb316cc00, 0xb316cd30]
Event: 0.872 Thread 0x72d2c400   21             java.lang.Math::min (11 bytes)
Event: 0.873 Thread 0x72d2c400 nmethod 21 0xb3169e08 code [0xb3169ee0, 0xb3169f10]

GC Heap History (0 events):
No events

Deoptimization events (4 events):
Event: 0.858 Thread 0xb6106400 Uncommon trap: reason=unstable_if action=reinterpret pc=0xb3162f24 method=java.lang.String.replace(CC)Ljava/lang/String; @ 2
Event: 0.865 Thread 0xb6106400 Uncommon trap: reason=unstable_if action=reinterpret pc=0xb31605a8 method=java.lang.String.indexOf([CII[CIII)I @ 123
Event: 0.865 Thread 0xb6106400 Uncommon trap: reason=predicate action=maybe_recompile pc=0xb316631c method=sun.net.www.ParseUtil.encodePath(Ljava/lang/String;Z)Ljava/lang/String; @ 36
Event: 0.872 Thread 0xb6106400 Uncommon trap: reason=unstable_if action=reinterpret pc=0xb3163f20 method=java.lang.String.equals(Ljava/lang/Object;)Z @ 66

Internal exceptions (10 events):
Event: 0.866 Thread 0xb6106400 Threw 0xa1d866c8 at /build/java7-openjdk/src/icedtea-2.6.4/openjdk/hotspot/src/share/vm/prims/jvm.cpp:1322
Event: 0.866 Thread 0xb6106400 Threw 0xa1d867e0 at /build/java7-openjdk/src/icedtea-2.6.4/openjdk/hotspot/src/share/vm/prims/jvm.cpp:1322
Event: 0.866 Thread 0xb6106400 Threw 0xa1d86ff8 at /build/java7-openjdk/src/icedtea-2.6.4/openjdk/hotspot/src/share/vm/prims/jvm.cpp:1322
Event: 0.866 Thread 0xb6106400 Threw 0xa1d87110 at /build/java7-openjdk/src/icedtea-2.6.4/openjdk/hotspot/src/share/vm/prims/jvm.cpp:1322
Event: 0.878 Thread 0xb6106400 Threw 0xa1da5aa8 at /build/java7-openjdk/src/icedtea-2.6.4/openjdk/hotspot/src/share/vm/prims/jvm.cpp:1322
Event: 0.878 Thread 0xb6106400 Threw 0xa1da8538 at /build/java7-openjdk/src/icedtea-2.6.4/openjdk/hotspot/src/share/vm/prims/jvm.cpp:1322
Event: 0.878 Thread 0xb6106400 Threw 0xa1daa5a0 at /build/java7-openjdk/src/icedtea-2.6.4/openjdk/hotspot/src/share/vm/prims/jvm.cpp:1322
Event: 0.880 Thread 0xb6106400 Threw 0xa1db98a0 at /build/java7-openjdk/src/icedtea-2.6.4/openjdk/hotspot/src/share/vm/prims/jvm.cpp:1322
Event: 0.881 Thread 0xb6106400 Threw 0xa1dbceb0 at /build/java7-openjdk/src/icedtea-2.6.4/openjdk/hotspot/src/share/vm/prims/jvm.cpp:1322
Event: 0.884 Thread 0xb6106400 Threw 0xa1dc7be8 at /build/java7-openjdk/src/icedtea-2.6.4/openjdk/hotspot/src/share/vm/prims/jvm.cpp:1322

Events (10 events):
Event: 0.878 loading class 0x6f384678
Event: 0.878 loading class 0x6f384678 done
Event: 0.878 loading class 0x6f3846b8
Event: 0.878 loading class 0x6f3846b8 done
Event: 0.880 loading class 0x6f557cb0
Event: 0.880 loading class 0x6f557cb0 done
Event: 0.881 loading class 0x6f384b28
Event: 0.881 loading class 0x6f384b28 done
Event: 0.884 loading class 0x72d65238
Event: 0.884 loading class 0x72d65238 done


Dynamic libraries:
08048000-08049000 r-xp 00000000 08:05 662509     /usr/lib/jvm/java-7-openjdk/jre/bin/java
08049000-0804a000 rw-p 00000000 08:05 662509     /usr/lib/jvm/java-7-openjdk/jre/bin/java
09194000-09200000 rw-p 00000000 00:00 0          [heap]
6f300000-6f3e1000 rw-p 00000000 00:00 0 
6f3e1000-6f400000 ---p 00000000 00:00 0 
6f400000-6f463000 rw-p 00000000 00:00 0 
6f463000-6f500000 ---p 00000000 00:00 0 
6f500000-6f5fe000 rw-p 00000000 00:00 0 
6f5fe000-6f600000 ---p 00000000 00:00 0 
6f600000-6f680000 rw-s 22b47000 00:06 12735      /dev/nvidiactl
6f680000-6f700000 rw-s 00d63000 00:06 12735      /dev/nvidiactl
6f700000-6f780000 rw-s 28a84000 00:06 12735      /dev/nvidiactl
6f780000-6f880000 rw-s 04ae8000 00:06 12735      /dev/nvidiactl
6f880000-6f8a0000 rw-s f0100000 00:06 12736      /dev/nvidia0
6f8a0000-6f8e0000 rw-s 04afc000 00:06 12735      /dev/nvidiactl
6f8e0000-6f900000 rw-s 2e9b3000 00:06 12735      /dev/nvidiactl
6f900000-6f940000 rw-s 10cde000 00:06 12735      /dev/nvidiactl
6f940000-6f980000 rw-s 0bee3000 00:06 12735      /dev/nvidiactl
6f980000-6fafc000 rw-p 00000000 00:00 0 
6fafc000-6fc00000 rw-s 30d93000 00:06 12735      /dev/nvidiactl
6fc00000-6fd00000 rw-p 00000000 00:00 0 
6fd0b000-6fd2b000 rw-s 0fddd000 00:06 12735      /dev/nvidiactl
6fd2b000-6fd4b000 rw-s 0c931000 00:06 12735      /dev/nvidiactl
6fd4b000-6fdff000 rw-p 00000000 00:00 0 
6fdff000-7193c000 r-xp 00000000 08:05 426727     /usr/lib/libnvidia-glcore.so.361.28
7193c000-7195c000 rwxp 01b3d000 08:05 426727     /usr/lib/libnvidia-glcore.so.361.28
7195c000-71fd8000 r-xp 01b5d000 08:05 426727     /usr/lib/libnvidia-glcore.so.361.28
71fd8000-72075000 rw-p 021d8000 08:05 426727     /usr/lib/libnvidia-glcore.so.361.28
72075000-72084000 rw-p 00000000 00:00 0 
72084000-72142000 r-xp 00000000 08:05 393610     /usr/lib/libGLX_nvidia.so.361.28
72142000-72162000 rwxp 000be000 08:05 393610     /usr/lib/libGLX_nvidia.so.361.28
72162000-7218a000 r-xp 000de000 08:05 393610     /usr/lib/libGLX_nvidia.so.361.28
7218a000-72190000 rw-p 00105000 08:05 393610     /usr/lib/libGLX_nvidia.so.361.28
72190000-72193000 rw-p 00000000 00:00 0 
72193000-72227000 r-xp 00000000 08:05 443850     /usr/lib/libGLdispatch.so.0.0.0
72227000-7222f000 r--p 00093000 08:05 443850     /usr/lib/libGLdispatch.so.0.0.0
7222f000-72230000 rw-p 0009b000 08:05 443850     /usr/lib/libGLdispatch.so.0.0.0
72230000-72240000 rw-p 00000000 00:00 0 
72240000-722ae000 r-xp 00000000 08:05 443890     /usr/lib/nvidia/libGL.so.1.0.0
722ae000-722af000 r--p 0006d000 08:05 443890     /usr/lib/nvidia/libGL.so.1.0.0
722af000-722b0000 rw-p 0006e000 08:05 443890     /usr/lib/nvidia/libGL.so.1.0.0
722b0000-723fb000 r-xp 00000000 08:05 417030     /usr/lib/libX11.so.6.3.0
723fb000-723fd000 r--p 0014b000 08:05 417030     /usr/lib/libX11.so.6.3.0
723fd000-72400000 rw-p 0014d000 08:05 417030     /usr/lib/libX11.so.6.3.0
72400000-72800000 rw-p 00000000 00:00 0 
72800000-72802000 rw-s 00000000 00:20 48887      /tmp/.gl9qcPrT (deleted)
72802000-72804000 r-xs 00000000 00:20 48887      /tmp/.gl9qcPrT (deleted)
72804000-72817000 rw-s 04b01000 00:06 12735      /dev/nvidiactl
72817000-7281b000 rw-s 28a20000 00:06 12735      /dev/nvidiactl
7281b000-7281f000 r-xp 00000000 08:05 443891     /usr/lib/tls/libnvidia-tls.so.361.28
7281f000-72820000 rw-p 00003000 08:05 443891     /usr/lib/tls/libnvidia-tls.so.361.28
72820000-72831000 r-xp 00000000 08:05 443851     /usr/lib/libGLX.so.0.0.0
72831000-72832000 r--p 00010000 08:05 443851     /usr/lib/libGLX.so.0.0.0
72832000-72833000 rw-p 00011000 08:05 443851     /usr/lib/libGLX.so.0.0.0
72833000-72843000 rw-p 00000000 00:00 0 
72843000-7284d000 r-xp 00000000 08:05 419232     /usr/lib/libXrender.so.1.3.0
7284d000-7284e000 r--p 00009000 08:05 419232     /usr/lib/libXrender.so.1.3.0
7284e000-7284f000 rw-p 0000a000 08:05 419232     /usr/lib/libXrender.so.1.3.0
7284f000-72862000 r-xp 00000000 08:05 418425     /usr/lib/libXext.so.6.4.0
72862000-72863000 r--p 00012000 08:05 418425     /usr/lib/libXext.so.6.4.0
72863000-72864000 rw-p 00013000 08:05 418425     /usr/lib/libXext.so.6.4.0
72864000-72888000 r-xp 00000000 08:05 416949     /usr/lib/libxcb.so.1.1.0
72888000-72889000 ---p 00024000 08:05 416949     /usr/lib/libxcb.so.1.1.0
72889000-7288a000 r--p 00024000 08:05 416949     /usr/lib/libxcb.so.1.1.0
7288a000-7288b000 rw-p 00025000 08:05 416949     /usr/lib/libxcb.so.1.1.0
7288b000-72895000 r-xp 00000000 08:05 419326     /usr/lib/libXcursor.so.1.0.2
72895000-72896000 r--p 00009000 08:05 419326     /usr/lib/libXcursor.so.1.0.2
72896000-72897000 rw-p 0000a000 08:05 419326     /usr/lib/libXcursor.so.1.0.2
72897000-72898000 r-xp 00000000 08:06 169981     /home/castiel/Downloads/LWJGL -- Java Open GL/native/libjemalloc32.so
72898000-728d5000 r-xp 00000000 00:00 0 
728d5000-728d6000 ---p 0003e000 08:06 169981     /home/castiel/Downloads/LWJGL -- Java Open GL/native/libjemalloc32.so
728d6000-728d7000 r--p 00019000 08:06 169981     /home/castiel/Downloads/LWJGL -- Java Open GL/native/libjemalloc32.so
728d7000-728d8000 rw-p 0001a000 08:06 169981     /home/castiel/Downloads/LWJGL -- Java Open GL/native/libjemalloc32.so
728d8000-728e3000 r-xp 00000000 08:06 169984     /home/castiel/Downloads/LWJGL -- Java Open GL/native/liblwjgl32.so
728e3000-72940000 r-xp 00000000 00:00 0 
72940000-72941000 r--p 00031000 08:06 169984     /home/castiel/Downloads/LWJGL -- Java Open GL/native/liblwjgl32.so
72941000-72942000 rw-p 00032000 08:06 169984     /home/castiel/Downloads/LWJGL -- Java Open GL/native/liblwjgl32.so
72942000-72943000 rw-p 00000000 00:00 0 
72943000-72944000 ---p 00000000 00:00 0 
72944000-729c4000 rw-p 00000000 00:00 0          [stack:3801]
729c4000-729c7000 ---p 00000000 00:00 0 
729c7000-72a15000 rw-p 00000000 00:00 0          [stack:3800]
72a15000-72a18000 ---p 00000000 00:00 0 
72a18000-72a96000 rw-p 00000000 00:00 0          [stack:3799]
72a96000-72a99000 ---p 00000000 00:00 0 
72a99000-72b17000 rw-p 00000000 00:00 0          [stack:3798]
72b17000-72b1a000 ---p 00000000 00:00 0 
72b1a000-72b68000 rw-p 00000000 00:00 0          [stack:3797]
72b68000-72d00000 r--p 00000000 08:05 453414     /usr/lib/locale/locale-archive
72d00000-72df8000 rw-p 00000000 00:00 0 
72df8000-72e00000 ---p 00000000 00:00 0 
72e01000-72e02000 rw-s 04b00000 00:06 12735      /dev/nvidiactl
72e02000-72e03000 rw-s f7f65000 00:06 12736      /dev/nvidia0
72e03000-72e26000 rw-p 00000000 00:00 0 
72e26000-72e29000 ---p 00000000 00:00 0 
72e29000-72e77000 rw-p 00000000 00:00 0          [stack:3796]
72e77000-72e7a000 ---p 00000000 00:00 0 
72e7a000-72ec8000 rw-p 00000000 00:00 0          [stack:3795]
72ec8000-7307a000 r--s 01d2f000 08:05 662492     /usr/lib/jvm/java-7-openjdk/jre/lib/rt.jar
7307a000-75300000 rw-p 00000000 00:00 0 
75300000-75374000 rw-p 00000000 00:00 0 
75374000-75400000 ---p 00000000 00:00 0 
75400000-75401000 rw-s f7f64000 00:06 12736      /dev/nvidia0
75401000-75406000 r-xp 00000000 08:05 414447     /usr/lib/libXdmcp.so.6.0.0
75406000-75407000 r--p 00004000 08:05 414447     /usr/lib/libXdmcp.so.6.0.0
75407000-75408000 rw-p 00005000 08:05 414447     /usr/lib/libXdmcp.so.6.0.0
75408000-75419000 r-xp 00000000 08:05 419224     /usr/lib/libXi.so.6.1.0
75419000-7541a000 r--p 00010000 08:05 419224     /usr/lib/libXi.so.6.1.0
7541a000-7541b000 rw-p 00011000 08:05 419224     /usr/lib/libXi.so.6.1.0
7541b000-7541d000 r-xp 00000000 08:06 169978     /home/castiel/Downloads/LWJGL -- Java Open GL/native/libglfw32.so
7541d000-75434000 r-xp 00000000 00:00 0 
75434000-75435000 r--p 0000b000 08:06 169978     /home/castiel/Downloads/LWJGL -- Java Open GL/native/libglfw32.so
75435000-75436000 rw-p 0000c000 08:06 169978     /home/castiel/Downloads/LWJGL -- Java Open GL/native/libglfw32.so
75436000-75437000 ---p 00000000 00:00 0 
75437000-75500000 rw-p 00000000 00:00 0          [stack:3794]
75500000-75521000 rw-p 00000000 00:00 0 
75521000-75600000 ---p 00000000 00:00 0 
75600000-75604000 r-xp 00000000 08:05 418466     /usr/lib/libXfixes.so.3.1.0
75604000-75605000 r--p 00003000 08:05 418466     /usr/lib/libXfixes.so.3.1.0
75605000-75606000 rw-p 00004000 08:05 418466     /usr/lib/libXfixes.so.3.1.0
75606000-7560b000 r-xp 00000000 08:05 418458     /usr/lib/libXxf86vm.so.1.0.0
7560b000-7560c000 r--p 00004000 08:05 418458     /usr/lib/libXxf86vm.so.1.0.0
7560c000-7560d000 rw-p 00005000 08:05 418458     /usr/lib/libXxf86vm.so.1.0.0
7560d000-75618000 r-xp 00000000 08:05 419256     /usr/lib/libXrandr.so.2.2.0
75618000-75619000 r--p 0000a000 08:05 419256     /usr/lib/libXrandr.so.2.2.0
75619000-7561a000 rw-p 0000b000 08:05 419256     /usr/lib/libXrandr.so.2.2.0
7561a000-75635000 r--s 001e6000 08:06 170001     /home/castiel/Downloads/LWJGL -- Java Open GL/jar/lwjgl.jar
75635000-75636000 ---p 00000000 00:00 0 
75636000-756b6000 rw-p 00000000 00:00 0          [stack:3793]
756b6000-756b7000 ---p 00000000 00:00 0 
756b7000-75749000 rw-p 00000000 00:00 0          [stack:3792]
75749000-75854000 rw-p 00000000 00:00 0 
75854000-7585c000 rw-p 00000000 00:00 0 
7585c000-75894000 rw-p 00000000 00:00 0 
75894000-758a6000 rw-p 00000000 00:00 0 
758a6000-759b0000 rw-p 00000000 00:00 0 
759b0000-759ba000 rw-p 00000000 00:00 0 
759ba000-75a3f000 rw-p 00000000 00:00 0 
75a3f000-76a40000 rw-p 00000000 00:00 0 
76a40000-7da40000 rw-p 00000000 00:00 0 
7da40000-7fdc0000 rw-p 00000000 00:00 0 
7fdc0000-a1380000 rw-p 00000000 00:00 0 
a1380000-a2540000 rw-p 00000000 00:00 0 
a2540000-b3040000 rw-p 00000000 00:00 0 
b3040000-b3049000 rw-p 00000000 00:00 0 
b3049000-b3100000 rw-p 00000000 00:00 0 
b3100000-b3340000 rwxp 00000000 00:00 0 
b3340000-b61fb000 rw-p 00000000 00:00 0 
b61fb000-b6200000 ---p 00000000 00:00 0 
b6200000-b6201000 rw-s f7f63000 00:06 12736      /dev/nvidia0
b6201000-b6203000 r-xp 00000000 08:05 414580     /usr/lib/libXau.so.6.0.0
b6203000-b6204000 r--p 00001000 08:05 414580     /usr/lib/libXau.so.6.0.0
b6204000-b6205000 rw-p 00002000 08:05 414580     /usr/lib/libXau.so.6.0.0
b6205000-b6207000 r-xp 00000000 08:05 419264     /usr/lib/libXinerama.so.1.0.0
b6207000-b6208000 r--p 00001000 08:05 419264     /usr/lib/libXinerama.so.1.0.0
b6208000-b6209000 rw-p 00002000 08:05 419264     /usr/lib/libXinerama.so.1.0.0
b6209000-b6284000 rw-p 00000000 00:00 0 
b6284000-b62bc000 rw-p 00000000 00:00 0 
b62bc000-b62c4000 r-xp 00000000 08:05 130517     /usr/lib/jvm/java-7-openjdk/jre/lib/i386/libzip.so
b62c4000-b62c5000 rw-p 00007000 08:05 130517     /usr/lib/jvm/java-7-openjdk/jre/lib/i386/libzip.so
b62c5000-b62cd000 rw-s 00000000 00:20 48872      /tmp/hsperfdata_castiel/3787
b62cd000-b62f2000 r-xp 00000000 08:05 130516     /usr/lib/jvm/java-7-openjdk/jre/lib/i386/libjava.so
b62f2000-b62f3000 rw-p 00025000 08:05 130516     /usr/lib/jvm/java-7-openjdk/jre/lib/i386/libjava.so
b62f3000-b62fa000 r-xp 00000000 08:05 393438     /usr/lib/librt-2.23.so
b62fa000-b62fb000 r--p 00006000 08:05 393438     /usr/lib/librt-2.23.so
b62fb000-b62fc000 rw-p 00007000 08:05 393438     /usr/lib/librt-2.23.so
b62fc000-b62ff000 ---p 00000000 00:00 0 
b62ff000-b634d000 rw-p 00000000 00:00 0          [stack:3789]
b634d000-b6369000 r-xp 00000000 08:05 393667     /usr/lib/libgcc_s.so.1
b6369000-b636a000 rw-p 0001b000 08:05 393667     /usr/lib/libgcc_s.so.1
b636a000-b63bd000 r-xp 00000000 08:05 393435     /usr/lib/libm-2.23.so
b63bd000-b63be000 r--p 00052000 08:05 393435     /usr/lib/libm-2.23.so
b63be000-b63bf000 rw-p 00053000 08:05 393435     /usr/lib/libm-2.23.so
b63bf000-b652c000 r-xp 00000000 08:05 420147     /usr/lib/libstdc++.so.6.0.21
b652c000-b652d000 ---p 0016d000 08:05 420147     /usr/lib/libstdc++.so.6.0.21
b652d000-b6532000 r--p 0016d000 08:05 420147     /usr/lib/libstdc++.so.6.0.21
b6532000-b6533000 rw-p 00172000 08:05 420147     /usr/lib/libstdc++.so.6.0.21
b6533000-b6536000 rw-p 00000000 00:00 0 
b6536000-b709b000 r-xp 00000000 08:05 145403     /usr/lib/jvm/java-7-openjdk/jre/lib/i386/server/libjvm.so
b709b000-b70fa000 rw-p 00b65000 08:05 145403     /usr/lib/jvm/java-7-openjdk/jre/lib/i386/server/libjvm.so
b70fa000-b7518000 rw-p 00000000 00:00 0 
b7518000-b752e000 r-xp 00000000 08:05 396574     /usr/lib/libz.so.1.2.8
b752e000-b752f000 r--p 00015000 08:05 396574     /usr/lib/libz.so.1.2.8
b752f000-b7530000 rw-p 00016000 08:05 396574     /usr/lib/libz.so.1.2.8
b7530000-b76de000 r-xp 00000000 08:05 393366     /usr/lib/libc-2.23.so
b76de000-b76df000 ---p 001ae000 08:05 393366     /usr/lib/libc-2.23.so
b76df000-b76e1000 r--p 001ae000 08:05 393366     /usr/lib/libc-2.23.so
b76e1000-b76e2000 rw-p 001b0000 08:05 393366     /usr/lib/libc-2.23.so
b76e2000-b76e5000 rw-p 00000000 00:00 0 
b76e5000-b76e8000 r-xp 00000000 08:05 393434     /usr/lib/libdl-2.23.so
b76e8000-b76e9000 r--p 00002000 08:05 393434     /usr/lib/libdl-2.23.so
b76e9000-b76ea000 rw-p 00003000 08:05 393434     /usr/lib/libdl-2.23.so
b76ea000-b76eb000 rw-p 00000000 00:00 0 
b76eb000-b76f7000 r-xp 00000000 08:05 130545     /usr/lib/jvm/java-7-openjdk/jre/lib/i386/jli/libjli.so
b76f7000-b76f8000 rw-p 0000b000 08:05 130545     /usr/lib/jvm/java-7-openjdk/jre/lib/i386/jli/libjli.so
b76f8000-b7711000 r-xp 00000000 08:05 393342     /usr/lib/libpthread-2.23.so
b7711000-b7712000 r--p 00018000 08:05 393342     /usr/lib/libpthread-2.23.so
b7712000-b7713000 rw-p 00019000 08:05 393342     /usr/lib/libpthread-2.23.so
b7713000-b7715000 rw-p 00000000 00:00 0 
b7715000-b7716000 rw-s 10f48000 00:06 12735      /dev/nvidiactl
b7716000-b7717000 rw-s fd060000 00:06 12736      /dev/nvidia0
b7717000-b7718000 rwxp 00000000 00:00 0 
b7718000-b7723000 r-xp 00000000 08:05 393430     /usr/lib/libnss_files-2.23.so
b7723000-b7724000 r--p 0000a000 08:05 393430     /usr/lib/libnss_files-2.23.so
b7724000-b7725000 rw-p 0000b000 08:05 393430     /usr/lib/libnss_files-2.23.so
b7725000-b772c000 rw-p 00000000 00:00 0 
b772c000-b772d000 r--p 00000000 00:00 0 
b772d000-b7738000 r-xp 00000000 08:05 130515     /usr/lib/jvm/java-7-openjdk/jre/lib/i386/libverify.so
b7738000-b7739000 rw-p 0000a000 08:05 130515     /usr/lib/jvm/java-7-openjdk/jre/lib/i386/libverify.so
b7739000-b773a000 rw-p 00000000 00:00 0 
b773a000-b773c000 r--p 00000000 00:00 0          [vvar]
b773c000-b773d000 r-xp 00000000 00:00 0          [vdso]
b773d000-b775f000 r-xp 00000000 08:05 393363     /usr/lib/ld-2.23.so
b775f000-b7760000 r--p 00021000 08:05 393363     /usr/lib/ld-2.23.so
b7760000-b7761000 rw-p 00022000 08:05 393363     /usr/lib/ld-2.23.so
bfc25000-bfc26000 rwxp 00000000 00:00 0 
bfc58000-bfc79000 rw-p 00000000 00:00 0          [stack]

VM Arguments:
jvm_args: -Dfile.encoding=UTF-8 -Djava.library.path=/home/castiel/Downloads/LWJGL -- Java Open GL/native/ 
java_command: opengl.test.Demo
Launcher Type: SUN_STANDARD

Environment Variables:
PATH=/usr/local/sbin:/usr/local/bin:/usr/bin:/usr/lib/jvm/default/bin:/usr/bin/site_perl:/usr/bin/vendor_perl:/usr/bin/core_perl
LD_LIBRARY_PATH=/usr/lib/jvm/default/bin/../jre/lib/amd64:/usr/lib/jvm/default/bin/../jre/lib/i386:
SHELL=/bin/bash
DISPLAY=:0.0

Signal Handlers:
SIGSEGV: [libjvm.so+0x8114e0], sa_mask[0]=0x7ffbfeff, sa_flags=0x10000004
SIGBUS: [libjvm.so+0x8114e0], sa_mask[0]=0x7ffbfeff, sa_flags=0x10000004
SIGFPE: [libjvm.so+0x68a640], sa_mask[0]=0x7ffbfeff, sa_flags=0x10000004
SIGPIPE: [libjvm.so+0x68a640], sa_mask[0]=0x7ffbfeff, sa_flags=0x10000004
SIGXFSZ: [libjvm.so+0x68a640], sa_mask[0]=0x7ffbfeff, sa_flags=0x10000004
SIGILL: [libjvm.so+0x68a640], sa_mask[0]=0x7ffbfeff, sa_flags=0x10000004
SIGUSR1: SIG_DFL, sa_mask[0]=0x00000000, sa_flags=0x00000000
SIGUSR2: [libjvm.so+0x68a490], sa_mask[0]=0x00000004, sa_flags=0x10000004
SIGHUP: [libjvm.so+0x68a670], sa_mask[0]=0x7ffbfeff, sa_flags=0x10000004
SIGINT: SIG_IGN, sa_mask[0]=0x00000000, sa_flags=0x00000000
SIGTERM: [libjvm.so+0x68a670], sa_mask[0]=0x7ffbfeff, sa_flags=0x10000004
SIGQUIT: [libjvm.so+0x68a670], sa_mask[0]=0x7ffbfeff, sa_flags=0x10000004
SIGTRAP: SIG_DFL, sa_mask[0]=0x00000000, sa_flags=0x00000000


---------------  S Y S T E M  ---------------

OS:Linux
uname:Linux 4.1.20-1-lts #1 SMP Fri Mar 18 17:47:36 CET 2016 i686
libc:glibc 2.23 NPTL 2.23 
rlimit: STACK 8192k, CORE infinity, NPROC 27270, NOFILE 4096, AS infinity
load average:0.86 0.90 0.87

/proc/meminfo:
MemTotal:        3494900 kB
MemFree:          760244 kB
MemAvailable:    2276100 kB
Buffers:          115612 kB
Cached:          1405296 kB
SwapCached:            0 kB
Active:          1805772 kB
Inactive:         785960 kB
Active(anon):    1074532 kB
Inactive(anon):    25548 kB
Active(file):     731240 kB
Inactive(file):   760412 kB
Unevictable:          32 kB
Mlocked:              32 kB
HighTotal:       2629320 kB
HighFree:         515380 kB
LowTotal:         865580 kB
LowFree:          244864 kB
SwapTotal:             0 kB
SwapFree:              0 kB
Dirty:               244 kB
Writeback:             0 kB
AnonPages:       1070996 kB
Mapped:           277712 kB
Shmem:             29164 kB
Slab:              66400 kB
SReclaimable:      47664 kB
SUnreclaim:        18736 kB
KernelStack:        3064 kB
PageTables:         4832 kB
NFS_Unstable:          0 kB
Bounce:                0 kB
WritebackTmp:          0 kB
CommitLimit:     1747448 kB
Committed_AS:    3476188 kB
VmallocTotal:     122880 kB
VmallocUsed:       76144 kB
VmallocChunk:      40660 kB
HardwareCorrupted:     0 kB
AnonHugePages:    626688 kB
HugePages_Total:       0
HugePages_Free:        0
HugePages_Rsvd:        0
HugePages_Surp:        0
Hugepagesize:       4096 kB
DirectMap4k:      315384 kB
DirectMap4M:      593920 kB


CPU:total 2 (2 cores per cpu, 1 threads per core) family 6 model 23 stepping 10, cmov, cx8, fxsr, mmx, sse, sse2, sse3, ssse3, sse4.1, tsc

/proc/cpuinfo:
processor	: 0
vendor_id	: GenuineIntel
cpu family	: 6
model		: 23
model name	: Intel(R) Core(TM)2 Duo CPU     E8400  @ 3.00GHz
stepping	: 10
microcode	: 0xa07
cpu MHz		: 3003.000
cache size	: 6144 KB
physical id	: 0
siblings	: 2
core id		: 0
cpu cores	: 2
apicid		: 0
initial apicid	: 0
fdiv_bug	: no
f00f_bug	: no
coma_bug	: no
fpu		: yes
fpu_exception	: yes
cpuid level	: 13
wp		: yes
flags		: fpu vme de pse tsc msr pae mce cx8 apic sep mtrr pge mca cmov pat pse36 clflush dts acpi mmx fxsr sse sse2 ss ht tm pbe lm constant_tsc arch_perfmon pebs bts aperfmperf pni dtes64 monitor ds_cpl vmx smx est tm2 ssse3 cx16 xtpr pdcm sse4_1 xsave lahf_lm dtherm tpr_shadow vnmi flexpriority
bugs		:
bogomips	: 5987.33
clflush size	: 64
cache_alignment	: 64
address sizes	: 36 bits physical, 48 bits virtual
power management:

processor	: 1
vendor_id	: GenuineIntel
cpu family	: 6
model		: 23
model name	: Intel(R) Core(TM)2 Duo CPU     E8400  @ 3.00GHz
stepping	: 10
microcode	: 0xa07
cpu MHz		: 2336.000
cache size	: 6144 KB
physical id	: 0
siblings	: 2
core id		: 1
cpu cores	: 2
apicid		: 1
initial apicid	: 1
fdiv_bug	: no
f00f_bug	: no
coma_bug	: no
fpu		: yes
fpu_exception	: yes
cpuid level	: 13
wp		: yes
flags		: fpu vme de pse tsc msr pae mce cx8 apic sep mtrr pge mca cmov pat pse36 clflush dts acpi mmx fxsr sse sse2 ss ht tm pbe lm constant_tsc arch_perfmon pebs bts aperfmperf pni dtes64 monitor ds_cpl vmx smx est tm2 ssse3 cx16 xtpr pdcm sse4_1 xsave lahf_lm dtherm tpr_shadow vnmi flexpriority
bugs		:
bogomips	: 5987.33
clflush size	: 64
cache_alignment	: 64
address sizes	: 36 bits physical, 48 bits virtual
power management:



Memory: 4k page, physical 3494900k(760244k free), swap 0k(0k free)

vm_info: OpenJDK Server VM (24.95-b01) for linux-x86 JRE (1.7.0_95-b00), built on Jan 21 2016 12:43:41 by "builduser" with gcc 5.3.0

time: Sun Apr 24 21:34:17 2016
elapsed time: 0 seconds

