#
# A fatal error has been detected by the Java Runtime Environment:
#
#  SIGSEGV (0xb) at pc=0x6fd0ae47, pid=5135, tid=3056819008
#
# JRE version: OpenJDK Runtime Environment (7.0_95) (build 1.7.0_95-b00)
# Java VM: OpenJDK Server VM (24.95-b01 mixed mode linux-x86 )
# Derivative: IcedTea 2.6.4
# Distribution: Custom build (Thu Jan 21 12:40:31 UTC 2016)
# Problematic frame:
# C  0x6fd0ae47
#
# Core dump written. Default location: /home/castiel/Dev/Java/Project/OpenGl Test/core or core.5135
#
# If you would like to submit a bug report, please include
# instructions on how to reproduce the bug and visit:
#   http://icedtea.classpath.org/bugzilla
# The crash happened outside the Java Virtual Machine in native code.
# See problematic frame for where to report the bug.
#

---------------  T H R E A D  ---------------

Current thread (0xb6106400):  JavaThread "main" [_thread_in_native, id=5136, stack(0xb62e5000,0xb6336000)]

siginfo:si_signo=SIGSEGV: si_errno=0, si_code=1 (SEGV_MAPERR), si_addr=0x00000000

Registers:
EAX=0x6f7d35b8, EBX=0x6fd4b000, ECX=0x00000000, EDX=0x6f3b1f04
ESP=0xb63349b8, EBP=0x6f3b1f18, ESI=0x00000000, EDI=0x00000000
EIP=0x6fd0ae47, EFLAGS=0x00010246, CR2=0x00000000

Top of Stack: (sp=0xb63349b8)
0xb63349b8:   6f3b1f18 000000c0 00000000 6fd4b000
0xb63349c8:   00000000 717628bc 6fd4b000 6f7d35b8
0xb63349d8:   6f3b1f00 00000006 00000000 00000000
0xb63349e8:   00000000 00000000 00000020 00000000
0xb63349f8:   6fa15ab0 6f38e210 6f980008 6fd0ae00
0xb6334a08:   00000000 00000000 00000006 00000000
0xb6334a18:   00000000 00000000 00000000 00000006
0xb6334a28:   6f3b1f00 6f3b1f00 00000029 6f38e210 

Instructions: (pc=0x6fd0ae47)
0x6fd0ae27:   2c 24 8b 0a 03 0d a8 81 d9 6f 83 c2 04 8b 35 54
0x6fd0ae37:   99 d7 6f 8b b6 84 02 00 00 8b f9 c1 e7 05 03 f7
0x6fd0ae47:   8b 3e 8b 6e 04 89 38 89 68 04 8b 7e 08 89 78 08
0x6fd0ae57:   8b 35 54 99 d7 6f 8b b6 ac 02 00 00 8b f9 c1 e7 

Register to memory mapping:

EAX=0x6f7d35b8 is an unknown value
EBX=0x6fd4b000 is an unknown value
ECX=0x00000000 is an unknown value
EDX=0x6f3b1f04 is an unknown value
ESP=0xb63349b8 is pointing into the stack for thread: 0xb6106400
EBP=0x6f3b1f18 is an unknown value
ESI=0x00000000 is an unknown value
EDI=0x00000000 is an unknown value


Stack: [0xb62e5000,0xb6336000],  sp=0xb63349b8,  free space=318k
Native frames: (J=compiled Java code, j=interpreted, Vv=VM code, C=native code)
C  0x6fd0ae47

Java frames: (J=compiled Java code, j=interpreted, Vv=VM code)
j  org.lwjgl.system.JNI.callIIIPV(JIIIJ)V+0
j  org.lwjgl.opengl.GL11.nglDrawElements(IIIJ)V+14
j  org.lwjgl.opengl.GL11.glDrawElements(IIIJ)V+17
j  opengl.test.object.tugiac.render()V+32
j  opengl.test.Demo.render()V+107
j  opengl.test.OpenGL.loop()V+29
j  opengl.test.OpenGL.<init>()V+200
j  opengl.test.Demo.<init>()V+1
j  opengl.test.Demo.main([Ljava/lang/String;)V+4
v  ~StubRoutines::call_stub

---------------  P R O C E S S  ---------------

Java Threads: ( => current thread )
  0x72d2e400 JavaThread "Service Thread" daemon [_thread_blocked, id=5149, stack(0x729c4000,0x72a15000)]
  0x72d2c400 JavaThread "C2 CompilerThread1" daemon [_thread_blocked, id=5148, stack(0x72a15000,0x72a96000)]
  0x72d2a400 JavaThread "C2 CompilerThread0" daemon [_thread_blocked, id=5147, stack(0x72a96000,0x72b17000)]
  0x72d28c00 JavaThread "Signal Dispatcher" daemon [_thread_blocked, id=5146, stack(0x72b17000,0x72b68000)]
  0x72d15000 JavaThread "Finalizer" daemon [_thread_blocked, id=5145, stack(0x72e26000,0x72e77000)]
  0x72d13800 JavaThread "Reference Handler" daemon [_thread_blocked, id=5144, stack(0x72e77000,0x72ec8000)]
=>0xb6106400 JavaThread "main" [_thread_in_native, id=5136, stack(0xb62e5000,0xb6336000)]

Other Threads:
  0x72d11000 VMThread [stack: 0x75424000,0x754a5000] [id=5143]
  0x72d30000 WatcherThread [stack: 0x72943000,0x729c4000] [id=5150]

VM state:not at safepoint (normal execution)

VM Mutex/Monitor currently owned by a thread: None

Heap
 PSYoungGen      total 16128K, used 10740K [0xa1380000, 0xa2540000, 0xb3040000)
  eden space 14080K, 76% used [0xa1380000,0xa1dfd240,0xa2140000)
  from space 2048K, 0% used [0xa2340000,0xa2340000,0xa2540000)
  to   space 2048K, 0% used [0xa2140000,0xa2140000,0xa2340000)
 ParOldGen       total 36352K, used 0K [0x7da40000, 0x7fdc0000, 0xa1380000)
  object space 36352K, 0% used [0x7da40000,0x7da40000,0x7fdc0000)
 PSPermGen       total 16384K, used 5668K [0x75a40000, 0x76a40000, 0x7da40000)
  object space 16384K, 34% used [0x75a40000,0x75fc92d0,0x76a40000)

Card table byte_map: [0x75854000,0x75a40000] byte_map_base: 0x754a6e00

Polling page: 0xb7715000

Code Cache  [0xb3100000, 0xb3340000, 0xb6100000)
 total_blobs=416 nmethods=21 adapters=350 free_code_cache=48727Kb largest_free_block=49881728

Compilation events (10 events):
Event: 0.584 Thread 0x72d2c400   16             java.lang.String::equals (81 bytes)
Event: 0.587 Thread 0x72d2c400 nmethod 16 0xb3167548 code [0xb3167640, 0xb31678d0]
Event: 0.635 Thread 0x72d2a400   17             sun.net.www.ParseUtil::encodePath (336 bytes)
Event: 0.642 Thread 0x72d2a400 nmethod 17 0xb3168748 code [0xb31688a0, 0xb3168e44]
Event: 0.654 Thread 0x72d2c400   18             java.lang.String::length (6 bytes)
Event: 0.654 Thread 0x72d2c400 nmethod 18 0xb3169788 code [0xb3169880, 0xb31698d0]
Event: 0.694 Thread 0x72d2c400   20             java.lang.String::startsWith (72 bytes)
Event: 0.696 Thread 0x72d2c400 nmethod 20 0xb316a7c8 code [0xb316a8c0, 0xb316a9f0]
Event: 0.714 Thread 0x72d2c400   21             java.lang.Math::min (11 bytes)
Event: 0.714 Thread 0x72d2c400 nmethod 21 0xb316b088 code [0xb316b160, 0xb316b190]

GC Heap History (0 events):
No events

Deoptimization events (4 events):
Event: 0.698 Thread 0xb6106400 Uncommon trap: reason=unstable_if action=reinterpret pc=0xb31657a4 method=java.lang.String.replace(CC)Ljava/lang/String; @ 2
Event: 0.704 Thread 0xb6106400 Uncommon trap: reason=unstable_if action=reinterpret pc=0xb3165e68 method=java.lang.String.indexOf([CII[CIII)I @ 123
Event: 0.705 Thread 0xb6106400 Uncommon trap: reason=predicate action=maybe_recompile pc=0xb3168d9c method=sun.net.www.ParseUtil.encodePath(Ljava/lang/String;Z)Ljava/lang/String; @ 36
Event: 0.711 Thread 0xb6106400 Uncommon trap: reason=unstable_if action=reinterpret pc=0xb3167820 method=java.lang.String.equals(Ljava/lang/Object;)Z @ 66

Internal exceptions (10 events):
Event: 0.706 Thread 0xb6106400 Threw 0xa1d86378 at /build/java7-openjdk/src/icedtea-2.6.4/openjdk/hotspot/src/share/vm/prims/jvm.cpp:1322
Event: 0.706 Thread 0xb6106400 Threw 0xa1d86490 at /build/java7-openjdk/src/icedtea-2.6.4/openjdk/hotspot/src/share/vm/prims/jvm.cpp:1322
Event: 0.706 Thread 0xb6106400 Threw 0xa1d86ca8 at /build/java7-openjdk/src/icedtea-2.6.4/openjdk/hotspot/src/share/vm/prims/jvm.cpp:1322
Event: 0.706 Thread 0xb6106400 Threw 0xa1d86dc0 at /build/java7-openjdk/src/icedtea-2.6.4/openjdk/hotspot/src/share/vm/prims/jvm.cpp:1322
Event: 0.718 Thread 0xb6106400 Threw 0xa1da5788 at /build/java7-openjdk/src/icedtea-2.6.4/openjdk/hotspot/src/share/vm/prims/jvm.cpp:1322
Event: 0.718 Thread 0xb6106400 Threw 0xa1da8218 at /build/java7-openjdk/src/icedtea-2.6.4/openjdk/hotspot/src/share/vm/prims/jvm.cpp:1322
Event: 0.718 Thread 0xb6106400 Threw 0xa1daa280 at /build/java7-openjdk/src/icedtea-2.6.4/openjdk/hotspot/src/share/vm/prims/jvm.cpp:1322
Event: 0.720 Thread 0xb6106400 Threw 0xa1db9320 at /build/java7-openjdk/src/icedtea-2.6.4/openjdk/hotspot/src/share/vm/prims/jvm.cpp:1322
Event: 0.721 Thread 0xb6106400 Threw 0xa1dbcf48 at /build/java7-openjdk/src/icedtea-2.6.4/openjdk/hotspot/src/share/vm/prims/jvm.cpp:1322
Event: 0.721 Thread 0xb6106400 Threw 0xa1dc0668 at /build/java7-openjdk/src/icedtea-2.6.4/openjdk/hotspot/src/share/vm/prims/jvm.cpp:1322

Events (10 events):
Event: 0.718 loading class 0x6f38faf8
Event: 0.718 loading class 0x6f38faf8 done
Event: 0.720 loading class 0x72d65208
Event: 0.720 loading class 0x72d65208 done
Event: 0.720 loading class 0x72d3cf88
Event: 0.720 loading class 0x72d3cf88 done
Event: 0.720 loading class 0x6f557cf8
Event: 0.720 loading class 0x6f557cf8 done
Event: 0.721 loading class 0x6f392c20
Event: 0.721 loading class 0x6f392c20 done


Dynamic libraries:
08048000-08049000 r-xp 00000000 08:05 662509     /usr/lib/jvm/java-7-openjdk/jre/bin/java
08049000-0804a000 rw-p 00000000 08:05 662509     /usr/lib/jvm/java-7-openjdk/jre/bin/java
080ab000-08117000 rw-p 00000000 00:00 0          [heap]
6f100000-6f195000 rw-p 00000000 00:00 0 
6f195000-6f200000 ---p 00000000 00:00 0 
6f300000-6f3e5000 rw-p 00000000 00:00 0 
6f3e5000-6f400000 ---p 00000000 00:00 0 
6f480000-6f500000 rw-s 1cbc1000 00:06 12735      /dev/nvidiactl
6f500000-6f5f8000 rw-p 00000000 00:00 0 
6f5f8000-6f600000 ---p 00000000 00:00 0 
6f66d000-6f6ed000 rw-s 1d4ec000 00:06 12735      /dev/nvidiactl
6f6ed000-6f76d000 rw-s 01f50000 00:06 12735      /dev/nvidiactl
6f76d000-6f86d000 rw-s 0d6db000 00:06 12735      /dev/nvidiactl
6f86d000-6f880000 rw-s 22c82000 00:06 12735      /dev/nvidiactl
6f880000-6f8a0000 rw-s f0100000 00:06 12736      /dev/nvidia0
6f8a0000-6f8e0000 rw-s 1be41000 00:06 12735      /dev/nvidiactl
6f8e0000-6f900000 rw-s 0d468000 00:06 12735      /dev/nvidiactl
6f900000-6f940000 rw-s 1be71000 00:06 12735      /dev/nvidiactl
6f940000-6f980000 rw-s 147eb000 00:06 12735      /dev/nvidiactl
6f980000-6fafc000 rw-p 00000000 00:00 0 
6fafc000-6fc00000 rw-s 30d93000 00:06 12735      /dev/nvidiactl
6fc00000-6fd00000 rw-p 00000000 00:00 0 
6fd07000-6fd09000 rw-s 00000000 00:20 77293      /tmp/.gl3VXwtD (deleted)
6fd09000-6fd0b000 r-xs 00000000 00:20 77293      /tmp/.gl3VXwtD (deleted)
6fd0b000-6fd2b000 rw-s 01d29000 00:06 12735      /dev/nvidiactl
6fd2b000-6fd4b000 rw-s 30dc4000 00:06 12735      /dev/nvidiactl
6fd4b000-6fdff000 rw-p 00000000 00:00 0 
6fdff000-7193c000 r-xp 00000000 08:05 426727     /usr/lib/libnvidia-glcore.so.361.28
7193c000-7195c000 rwxp 01b3d000 08:05 426727     /usr/lib/libnvidia-glcore.so.361.28
7195c000-71fd8000 r-xp 01b5d000 08:05 426727     /usr/lib/libnvidia-glcore.so.361.28
71fd8000-72075000 rw-p 021d8000 08:05 426727     /usr/lib/libnvidia-glcore.so.361.28
72075000-72084000 rw-p 00000000 00:00 0 
72084000-72142000 r-xp 00000000 08:05 393610     /usr/lib/libGLX_nvidia.so.361.28
72142000-72162000 rwxp 000be000 08:05 393610     /usr/lib/libGLX_nvidia.so.361.28
72162000-7218a000 r-xp 000de000 08:05 393610     /usr/lib/libGLX_nvidia.so.361.28
7218a000-72190000 rw-p 00105000 08:05 393610     /usr/lib/libGLX_nvidia.so.361.28
72190000-72193000 rw-p 00000000 00:00 0 
72193000-72227000 r-xp 00000000 08:05 443850     /usr/lib/libGLdispatch.so.0.0.0
72227000-7222f000 r--p 00093000 08:05 443850     /usr/lib/libGLdispatch.so.0.0.0
7222f000-72230000 rw-p 0009b000 08:05 443850     /usr/lib/libGLdispatch.so.0.0.0
72230000-72240000 rw-p 00000000 00:00 0 
72240000-722ae000 r-xp 00000000 08:05 443890     /usr/lib/nvidia/libGL.so.1.0.0
722ae000-722af000 r--p 0006d000 08:05 443890     /usr/lib/nvidia/libGL.so.1.0.0
722af000-722b0000 rw-p 0006e000 08:05 443890     /usr/lib/nvidia/libGL.so.1.0.0
722b0000-723fb000 r-xp 00000000 08:05 417030     /usr/lib/libX11.so.6.3.0
723fb000-723fd000 r--p 0014b000 08:05 417030     /usr/lib/libX11.so.6.3.0
723fd000-72400000 rw-p 0014d000 08:05 417030     /usr/lib/libX11.so.6.3.0
72400000-72800000 rw-p 00000000 00:00 0 
72801000-72802000 rw-s 2e9e7000 00:06 12735      /dev/nvidiactl
72802000-72806000 rw-s 34500000 00:06 12735      /dev/nvidiactl
72806000-72817000 r-xp 00000000 08:05 443851     /usr/lib/libGLX.so.0.0.0
72817000-72818000 r--p 00010000 08:05 443851     /usr/lib/libGLX.so.0.0.0
72818000-72819000 rw-p 00011000 08:05 443851     /usr/lib/libGLX.so.0.0.0
72819000-72829000 rw-p 00000000 00:00 0 
72829000-7282e000 r-xp 00000000 08:05 414447     /usr/lib/libXdmcp.so.6.0.0
7282e000-7282f000 r--p 00004000 08:05 414447     /usr/lib/libXdmcp.so.6.0.0
7282f000-72830000 rw-p 00005000 08:05 414447     /usr/lib/libXdmcp.so.6.0.0
72830000-7283a000 r-xp 00000000 08:05 419232     /usr/lib/libXrender.so.1.3.0
7283a000-7283b000 r--p 00009000 08:05 419232     /usr/lib/libXrender.so.1.3.0
7283b000-7283c000 rw-p 0000a000 08:05 419232     /usr/lib/libXrender.so.1.3.0
7283c000-7284f000 r-xp 00000000 08:05 418425     /usr/lib/libXext.so.6.4.0
7284f000-72850000 r--p 00012000 08:05 418425     /usr/lib/libXext.so.6.4.0
72850000-72851000 rw-p 00013000 08:05 418425     /usr/lib/libXext.so.6.4.0
72851000-72875000 r-xp 00000000 08:05 416949     /usr/lib/libxcb.so.1.1.0
72875000-72876000 ---p 00024000 08:05 416949     /usr/lib/libxcb.so.1.1.0
72876000-72877000 r--p 00024000 08:05 416949     /usr/lib/libxcb.so.1.1.0
72877000-72878000 rw-p 00025000 08:05 416949     /usr/lib/libxcb.so.1.1.0
72878000-72882000 r-xp 00000000 08:05 419326     /usr/lib/libXcursor.so.1.0.2
72882000-72883000 r--p 00009000 08:05 419326     /usr/lib/libXcursor.so.1.0.2
72883000-72884000 rw-p 0000a000 08:05 419326     /usr/lib/libXcursor.so.1.0.2
72884000-72895000 r-xp 00000000 08:05 419224     /usr/lib/libXi.so.6.1.0
72895000-72896000 r--p 00010000 08:05 419224     /usr/lib/libXi.so.6.1.0
72896000-72897000 rw-p 00011000 08:05 419224     /usr/lib/libXi.so.6.1.0
72897000-72898000 r-xp 00000000 08:06 169981     /home/castiel/Downloads/LWJGL -- Java Open GL/native/libjemalloc32.so
72898000-728d5000 r-xp 00000000 00:00 0 
728d5000-728d6000 ---p 0003e000 08:06 169981     /home/castiel/Downloads/LWJGL -- Java Open GL/native/libjemalloc32.so
728d6000-728d7000 r--p 00019000 08:06 169981     /home/castiel/Downloads/LWJGL -- Java Open GL/native/libjemalloc32.so
728d7000-728d8000 rw-p 0001a000 08:06 169981     /home/castiel/Downloads/LWJGL -- Java Open GL/native/libjemalloc32.so
728d8000-728e3000 r-xp 00000000 08:06 169984     /home/castiel/Downloads/LWJGL -- Java Open GL/native/liblwjgl32.so
728e3000-72940000 r-xp 00000000 00:00 0 
72940000-72941000 r--p 00031000 08:06 169984     /home/castiel/Downloads/LWJGL -- Java Open GL/native/liblwjgl32.so
72941000-72942000 rw-p 00032000 08:06 169984     /home/castiel/Downloads/LWJGL -- Java Open GL/native/liblwjgl32.so
72942000-72943000 rw-p 00000000 00:00 0 
72943000-72944000 ---p 00000000 00:00 0 
72944000-729c4000 rw-p 00000000 00:00 0          [stack:5150]
729c4000-729c7000 ---p 00000000 00:00 0 
729c7000-72a15000 rw-p 00000000 00:00 0          [stack:5149]
72a15000-72a18000 ---p 00000000 00:00 0 
72a18000-72a96000 rw-p 00000000 00:00 0          [stack:5148]
72a96000-72a99000 ---p 00000000 00:00 0 
72a99000-72b17000 rw-p 00000000 00:00 0          [stack:5147]
72b17000-72b1a000 ---p 00000000 00:00 0 
72b1a000-72b68000 rw-p 00000000 00:00 0          [stack:5146]
72b68000-72d00000 r--p 00000000 08:05 453414     /usr/lib/locale/locale-archive
72d00000-72df8000 rw-p 00000000 00:00 0 
72df8000-72e00000 ---p 00000000 00:00 0 
72e00000-72e01000 rw-s f7f65000 00:06 12736      /dev/nvidia0
72e01000-72e02000 rw-s f7f64000 00:06 12736      /dev/nvidia0
72e02000-72e03000 rw-s f7f63000 00:06 12736      /dev/nvidia0
72e03000-72e26000 rw-p 00000000 00:00 0 
72e26000-72e29000 ---p 00000000 00:00 0 
72e29000-72e77000 rw-p 00000000 00:00 0          [stack:5145]
72e77000-72e7a000 ---p 00000000 00:00 0 
72e7a000-72ec8000 rw-p 00000000 00:00 0          [stack:5144]
72ec8000-7307a000 r--s 01d2f000 08:05 662492     /usr/lib/jvm/java-7-openjdk/jre/lib/rt.jar
7307a000-75300000 rw-p 00000000 00:00 0 
75300000-75382000 rw-p 00000000 00:00 0 
75382000-75400000 ---p 00000000 00:00 0 
75400000-75404000 r-xp 00000000 08:05 443891     /usr/lib/tls/libnvidia-tls.so.361.28
75404000-75405000 rw-p 00003000 08:05 443891     /usr/lib/tls/libnvidia-tls.so.361.28
75405000-75407000 r-xp 00000000 08:05 414580     /usr/lib/libXau.so.6.0.0
75407000-75408000 r--p 00001000 08:05 414580     /usr/lib/libXau.so.6.0.0
75408000-75409000 rw-p 00002000 08:05 414580     /usr/lib/libXau.so.6.0.0
75409000-7540b000 r-xp 00000000 08:06 169978     /home/castiel/Downloads/LWJGL -- Java Open GL/native/libglfw32.so
7540b000-75422000 r-xp 00000000 00:00 0 
75422000-75423000 r--p 0000b000 08:06 169978     /home/castiel/Downloads/LWJGL -- Java Open GL/native/libglfw32.so
75423000-75424000 rw-p 0000c000 08:06 169978     /home/castiel/Downloads/LWJGL -- Java Open GL/native/libglfw32.so
75424000-75425000 ---p 00000000 00:00 0 
75425000-75500000 rw-p 00000000 00:00 0          [stack:5143]
75500000-75521000 rw-p 00000000 00:00 0 
75521000-75600000 ---p 00000000 00:00 0 
75600000-75604000 r-xp 00000000 08:05 418466     /usr/lib/libXfixes.so.3.1.0
75604000-75605000 r--p 00003000 08:05 418466     /usr/lib/libXfixes.so.3.1.0
75605000-75606000 rw-p 00004000 08:05 418466     /usr/lib/libXfixes.so.3.1.0
75606000-7560b000 r-xp 00000000 08:05 418458     /usr/lib/libXxf86vm.so.1.0.0
7560b000-7560c000 r--p 00004000 08:05 418458     /usr/lib/libXxf86vm.so.1.0.0
7560c000-7560d000 rw-p 00005000 08:05 418458     /usr/lib/libXxf86vm.so.1.0.0
7560d000-75618000 r-xp 00000000 08:05 419256     /usr/lib/libXrandr.so.2.2.0
75618000-75619000 r--p 0000a000 08:05 419256     /usr/lib/libXrandr.so.2.2.0
75619000-7561a000 rw-p 0000b000 08:05 419256     /usr/lib/libXrandr.so.2.2.0
7561a000-75635000 r--s 001e6000 08:06 170001     /home/castiel/Downloads/LWJGL -- Java Open GL/jar/lwjgl.jar
75635000-75636000 ---p 00000000 00:00 0 
75636000-756b6000 rw-p 00000000 00:00 0          [stack:5142]
756b6000-756b7000 ---p 00000000 00:00 0 
756b7000-75749000 rw-p 00000000 00:00 0          [stack:5141]
75749000-75854000 rw-p 00000000 00:00 0 
75854000-7585c000 rw-p 00000000 00:00 0 
7585c000-75894000 rw-p 00000000 00:00 0 
75894000-758a6000 rw-p 00000000 00:00 0 
758a6000-759b0000 rw-p 00000000 00:00 0 
759b0000-759ba000 rw-p 00000000 00:00 0 
759ba000-75a3f000 rw-p 00000000 00:00 0 
75a3f000-76a40000 rw-p 00000000 00:00 0 
76a40000-7da40000 rw-p 00000000 00:00 0 
7da40000-7fdc0000 rw-p 00000000 00:00 0 
7fdc0000-a1380000 rw-p 00000000 00:00 0 
a1380000-a2540000 rw-p 00000000 00:00 0 
a2540000-b3040000 rw-p 00000000 00:00 0 
b3040000-b3049000 rw-p 00000000 00:00 0 
b3049000-b3100000 rw-p 00000000 00:00 0 
b3100000-b3340000 rwxp 00000000 00:00 0 
b3340000-b61fb000 rw-p 00000000 00:00 0 
b61fb000-b6200000 ---p 00000000 00:00 0 
b6200000-b6202000 r-xp 00000000 08:05 419264     /usr/lib/libXinerama.so.1.0.0
b6202000-b6203000 r--p 00001000 08:05 419264     /usr/lib/libXinerama.so.1.0.0
b6203000-b6204000 rw-p 00002000 08:05 419264     /usr/lib/libXinerama.so.1.0.0
b6204000-b626d000 rw-p 00000000 00:00 0 
b626d000-b62a5000 rw-p 00000000 00:00 0 
b62a5000-b62ad000 r-xp 00000000 08:05 130517     /usr/lib/jvm/java-7-openjdk/jre/lib/i386/libzip.so
b62ad000-b62ae000 rw-p 00007000 08:05 130517     /usr/lib/jvm/java-7-openjdk/jre/lib/i386/libzip.so
b62ae000-b62b6000 rw-s 00000000 00:20 77278      /tmp/hsperfdata_castiel/5135
b62b6000-b62db000 r-xp 00000000 08:05 130516     /usr/lib/jvm/java-7-openjdk/jre/lib/i386/libjava.so
b62db000-b62dc000 rw-p 00025000 08:05 130516     /usr/lib/jvm/java-7-openjdk/jre/lib/i386/libjava.so
b62dc000-b62e3000 r-xp 00000000 08:05 393438     /usr/lib/librt-2.23.so
b62e3000-b62e4000 r--p 00006000 08:05 393438     /usr/lib/librt-2.23.so
b62e4000-b62e5000 rw-p 00007000 08:05 393438     /usr/lib/librt-2.23.so
b62e5000-b62e8000 ---p 00000000 00:00 0 
b62e8000-b6336000 rw-p 00000000 00:00 0          [stack:5136]
b6336000-b6352000 r-xp 00000000 08:05 393667     /usr/lib/libgcc_s.so.1
b6352000-b6353000 rw-p 0001b000 08:05 393667     /usr/lib/libgcc_s.so.1
b6353000-b63a6000 r-xp 00000000 08:05 393435     /usr/lib/libm-2.23.so
b63a6000-b63a7000 r--p 00052000 08:05 393435     /usr/lib/libm-2.23.so
b63a7000-b63a8000 rw-p 00053000 08:05 393435     /usr/lib/libm-2.23.so
b63a8000-b6515000 r-xp 00000000 08:05 420147     /usr/lib/libstdc++.so.6.0.21
b6515000-b6516000 ---p 0016d000 08:05 420147     /usr/lib/libstdc++.so.6.0.21
b6516000-b651b000 r--p 0016d000 08:05 420147     /usr/lib/libstdc++.so.6.0.21
b651b000-b651c000 rw-p 00172000 08:05 420147     /usr/lib/libstdc++.so.6.0.21
b651c000-b651f000 rw-p 00000000 00:00 0 
b651f000-b7084000 r-xp 00000000 08:05 145403     /usr/lib/jvm/java-7-openjdk/jre/lib/i386/server/libjvm.so
b7084000-b70e3000 rw-p 00b65000 08:05 145403     /usr/lib/jvm/java-7-openjdk/jre/lib/i386/server/libjvm.so
b70e3000-b7501000 rw-p 00000000 00:00 0 
b7501000-b7517000 r-xp 00000000 08:05 396574     /usr/lib/libz.so.1.2.8
b7517000-b7518000 r--p 00015000 08:05 396574     /usr/lib/libz.so.1.2.8
b7518000-b7519000 rw-p 00016000 08:05 396574     /usr/lib/libz.so.1.2.8
b7519000-b76c7000 r-xp 00000000 08:05 393366     /usr/lib/libc-2.23.so
b76c7000-b76c8000 ---p 001ae000 08:05 393366     /usr/lib/libc-2.23.so
b76c8000-b76ca000 r--p 001ae000 08:05 393366     /usr/lib/libc-2.23.so
b76ca000-b76cb000 rw-p 001b0000 08:05 393366     /usr/lib/libc-2.23.so
b76cb000-b76ce000 rw-p 00000000 00:00 0 
b76ce000-b76d1000 r-xp 00000000 08:05 393434     /usr/lib/libdl-2.23.so
b76d1000-b76d2000 r--p 00002000 08:05 393434     /usr/lib/libdl-2.23.so
b76d2000-b76d3000 rw-p 00003000 08:05 393434     /usr/lib/libdl-2.23.so
b76d3000-b76d4000 rw-p 00000000 00:00 0 
b76d4000-b76e0000 r-xp 00000000 08:05 130545     /usr/lib/jvm/java-7-openjdk/jre/lib/i386/jli/libjli.so
b76e0000-b76e1000 rw-p 0000b000 08:05 130545     /usr/lib/jvm/java-7-openjdk/jre/lib/i386/jli/libjli.so
b76e1000-b76fa000 r-xp 00000000 08:05 393342     /usr/lib/libpthread-2.23.so
b76fa000-b76fb000 r--p 00018000 08:05 393342     /usr/lib/libpthread-2.23.so
b76fb000-b76fc000 rw-p 00019000 08:05 393342     /usr/lib/libpthread-2.23.so
b76fc000-b76fe000 rw-p 00000000 00:00 0 
b76fe000-b76ff000 rw-s 01f72000 00:06 12735      /dev/nvidiactl
b76ff000-b7700000 rw-s fd060000 00:06 12736      /dev/nvidia0
b7700000-b7701000 rwxp 00000000 00:00 0 
b7701000-b770c000 r-xp 00000000 08:05 393430     /usr/lib/libnss_files-2.23.so
b770c000-b770d000 r--p 0000a000 08:05 393430     /usr/lib/libnss_files-2.23.so
b770d000-b770e000 rw-p 0000b000 08:05 393430     /usr/lib/libnss_files-2.23.so
b770e000-b7715000 rw-p 00000000 00:00 0 
b7715000-b7716000 r--p 00000000 00:00 0 
b7716000-b7721000 r-xp 00000000 08:05 130515     /usr/lib/jvm/java-7-openjdk/jre/lib/i386/libverify.so
b7721000-b7722000 rw-p 0000a000 08:05 130515     /usr/lib/jvm/java-7-openjdk/jre/lib/i386/libverify.so
b7722000-b7723000 rw-p 00000000 00:00 0 
b7723000-b7725000 r--p 00000000 00:00 0          [vvar]
b7725000-b7726000 r-xp 00000000 00:00 0          [vdso]
b7726000-b7748000 r-xp 00000000 08:05 393363     /usr/lib/ld-2.23.so
b7748000-b7749000 r--p 00021000 08:05 393363     /usr/lib/ld-2.23.so
b7749000-b774a000 rw-p 00022000 08:05 393363     /usr/lib/ld-2.23.so
bfd85000-bfd86000 rwxp 00000000 00:00 0 
bfdb8000-bfdd9000 rw-p 00000000 00:00 0          [stack]

VM Arguments:
jvm_args: -Dfile.encoding=UTF-8 -Djava.library.path=/home/castiel/Downloads/LWJGL -- Java Open GL/native/ 
java_command: opengl.test.Demo
Launcher Type: SUN_STANDARD

Environment Variables:
PATH=/usr/local/sbin:/usr/local/bin:/usr/bin:/usr/lib/jvm/default/bin:/usr/bin/site_perl:/usr/bin/vendor_perl:/usr/bin/core_perl
LD_LIBRARY_PATH=/usr/lib/jvm/default/bin/../jre/lib/amd64:/usr/lib/jvm/default/bin/../jre/lib/i386:
SHELL=/bin/bash
DISPLAY=:0.0

Signal Handlers:
SIGSEGV: [libjvm.so+0x8114e0], sa_mask[0]=0x7ffbfeff, sa_flags=0x10000004
SIGBUS: [libjvm.so+0x8114e0], sa_mask[0]=0x7ffbfeff, sa_flags=0x10000004
SIGFPE: [libjvm.so+0x68a640], sa_mask[0]=0x7ffbfeff, sa_flags=0x10000004
SIGPIPE: [libjvm.so+0x68a640], sa_mask[0]=0x7ffbfeff, sa_flags=0x10000004
SIGXFSZ: [libjvm.so+0x68a640], sa_mask[0]=0x7ffbfeff, sa_flags=0x10000004
SIGILL: [libjvm.so+0x68a640], sa_mask[0]=0x7ffbfeff, sa_flags=0x10000004
SIGUSR1: SIG_DFL, sa_mask[0]=0x00000000, sa_flags=0x00000000
SIGUSR2: [libjvm.so+0x68a490], sa_mask[0]=0x00000004, sa_flags=0x10000004
SIGHUP: [libjvm.so+0x68a670], sa_mask[0]=0x7ffbfeff, sa_flags=0x10000004
SIGINT: SIG_IGN, sa_mask[0]=0x00000000, sa_flags=0x00000000
SIGTERM: [libjvm.so+0x68a670], sa_mask[0]=0x7ffbfeff, sa_flags=0x10000004
SIGQUIT: [libjvm.so+0x68a670], sa_mask[0]=0x7ffbfeff, sa_flags=0x10000004
SIGTRAP: SIG_DFL, sa_mask[0]=0x00000000, sa_flags=0x00000000


---------------  S Y S T E M  ---------------

OS:Linux
uname:Linux 4.1.20-1-lts #1 SMP Fri Mar 18 17:47:36 CET 2016 i686
libc:glibc 2.23 NPTL 2.23 
rlimit: STACK 8192k, CORE infinity, NPROC 27270, NOFILE 4096, AS infinity
load average:0.19 0.30 0.49

/proc/meminfo:
MemTotal:        3494900 kB
MemFree:         1028500 kB
MemAvailable:    2268728 kB
Buffers:          123988 kB
Cached:          1119400 kB
SwapCached:            0 kB
Active:          1681188 kB
Inactive:         644844 kB
Active(anon):    1086108 kB
Inactive(anon):    25612 kB
Active(file):     595080 kB
Inactive(file):   619232 kB
Unevictable:          32 kB
Mlocked:              32 kB
HighTotal:       2629320 kB
HighFree:         744872 kB
LowTotal:         865580 kB
LowFree:          283628 kB
SwapTotal:             0 kB
SwapFree:              0 kB
Dirty:               308 kB
Writeback:             0 kB
AnonPages:       1082584 kB
Mapped:           276156 kB
Shmem:             29080 kB
Slab:              67564 kB
SReclaimable:      49376 kB
SUnreclaim:        18188 kB
KernelStack:        3024 kB
PageTables:         4988 kB
NFS_Unstable:          0 kB
Bounce:                0 kB
WritebackTmp:          0 kB
CommitLimit:     1747448 kB
Committed_AS:    3519880 kB
VmallocTotal:     122880 kB
VmallocUsed:       76144 kB
VmallocChunk:      40660 kB
HardwareCorrupted:     0 kB
AnonHugePages:    512000 kB
HugePages_Total:       0
HugePages_Free:        0
HugePages_Rsvd:        0
HugePages_Surp:        0
Hugepagesize:       4096 kB
DirectMap4k:      376824 kB
DirectMap4M:      532480 kB


CPU:total 2 (2 cores per cpu, 1 threads per core) family 6 model 23 stepping 10, cmov, cx8, fxsr, mmx, sse, sse2, sse3, ssse3, sse4.1, tsc

/proc/cpuinfo:
processor	: 0
vendor_id	: GenuineIntel
cpu family	: 6
model		: 23
model name	: Intel(R) Core(TM)2 Duo CPU     E8400  @ 3.00GHz
stepping	: 10
microcode	: 0xa07
cpu MHz		: 3003.000
cache size	: 6144 KB
physical id	: 0
siblings	: 2
core id		: 0
cpu cores	: 2
apicid		: 0
initial apicid	: 0
fdiv_bug	: no
f00f_bug	: no
coma_bug	: no
fpu		: yes
fpu_exception	: yes
cpuid level	: 13
wp		: yes
flags		: fpu vme de pse tsc msr pae mce cx8 apic sep mtrr pge mca cmov pat pse36 clflush dts acpi mmx fxsr sse sse2 ss ht tm pbe lm constant_tsc arch_perfmon pebs bts aperfmperf pni dtes64 monitor ds_cpl vmx smx est tm2 ssse3 cx16 xtpr pdcm sse4_1 xsave lahf_lm dtherm tpr_shadow vnmi flexpriority
bugs		:
bogomips	: 5987.33
clflush size	: 64
cache_alignment	: 64
address sizes	: 36 bits physical, 48 bits virtual
power management:

processor	: 1
vendor_id	: GenuineIntel
cpu family	: 6
model		: 23
model name	: Intel(R) Core(TM)2 Duo CPU     E8400  @ 3.00GHz
stepping	: 10
microcode	: 0xa07
cpu MHz		: 2670.000
cache size	: 6144 KB
physical id	: 0
siblings	: 2
core id		: 1
cpu cores	: 2
apicid		: 1
initial apicid	: 1
fdiv_bug	: no
f00f_bug	: no
coma_bug	: no
fpu		: yes
fpu_exception	: yes
cpuid level	: 13
wp		: yes
flags		: fpu vme de pse tsc msr pae mce cx8 apic sep mtrr pge mca cmov pat pse36 clflush dts acpi mmx fxsr sse sse2 ss ht tm pbe lm constant_tsc arch_perfmon pebs bts aperfmperf pni dtes64 monitor ds_cpl vmx smx est tm2 ssse3 cx16 xtpr pdcm sse4_1 xsave lahf_lm dtherm tpr_shadow vnmi flexpriority
bugs		:
bogomips	: 5987.33
clflush size	: 64
cache_alignment	: 64
address sizes	: 36 bits physical, 48 bits virtual
power management:



Memory: 4k page, physical 3494900k(1028500k free), swap 0k(0k free)

vm_info: OpenJDK Server VM (24.95-b01) for linux-x86 JRE (1.7.0_95-b00), built on Jan 21 2016 12:43:41 by "builduser" with gcc 5.3.0

time: Sun Apr 24 22:06:11 2016
elapsed time: 0 seconds

